[2025-08-08T19:35:49.552+0530] {processor.py:161} INFO - Started process (PID=76924) to work on /Users/piyush.dixit/Desktop/airflow-env/lib/python3.9/site-packages/airflow/example_dags/example_kubernetes_executor.py
[2025-08-08T19:35:49.555+0530] {processor.py:830} INFO - Processing file /Users/piyush.dixit/Desktop/airflow-env/lib/python3.9/site-packages/airflow/example_dags/example_kubernetes_executor.py for tasks to queue
[2025-08-08T19:35:49.555+0530] {logging_mixin.py:188} INFO - [2025-08-08T19:35:49.555+0530] {dagbag.py:545} INFO - Filling up the DagBag from /Users/piyush.dixit/Desktop/airflow-env/lib/python3.9/site-packages/airflow/example_dags/example_kubernetes_executor.py
[2025-08-08T19:35:49.599+0530] {logging_mixin.py:188} INFO - [2025-08-08T19:35:49.598+0530] {example_kubernetes_executor.py:39} WARNING - The example_kubernetes_executor example DAG requires the kubernetes provider. Please install it with: pip install apache-airflow[cncf.kubernetes]
[2025-08-08T19:35:49.599+0530] {processor.py:842} WARNING - No viable dags retrieved from /Users/piyush.dixit/Desktop/airflow-env/lib/python3.9/site-packages/airflow/example_dags/example_kubernetes_executor.py
[2025-08-08T19:35:49.673+0530] {processor.py:183} INFO - Processing /Users/piyush.dixit/Desktop/airflow-env/lib/python3.9/site-packages/airflow/example_dags/example_kubernetes_executor.py took 0.125 seconds
[2025-08-08T19:38:07.607+0530] {processor.py:161} INFO - Started process (PID=77014) to work on /Users/piyush.dixit/Desktop/airflow-env/lib/python3.9/site-packages/airflow/example_dags/example_kubernetes_executor.py
[2025-08-08T19:38:07.610+0530] {processor.py:830} INFO - Processing file /Users/piyush.dixit/Desktop/airflow-env/lib/python3.9/site-packages/airflow/example_dags/example_kubernetes_executor.py for tasks to queue
[2025-08-08T19:38:07.610+0530] {logging_mixin.py:188} INFO - [2025-08-08T19:38:07.610+0530] {dagbag.py:545} INFO - Filling up the DagBag from /Users/piyush.dixit/Desktop/airflow-env/lib/python3.9/site-packages/airflow/example_dags/example_kubernetes_executor.py
[2025-08-08T19:38:07.651+0530] {logging_mixin.py:188} INFO - [2025-08-08T19:38:07.651+0530] {example_kubernetes_executor.py:39} WARNING - The example_kubernetes_executor example DAG requires the kubernetes provider. Please install it with: pip install apache-airflow[cncf.kubernetes]
[2025-08-08T19:38:07.652+0530] {processor.py:842} WARNING - No viable dags retrieved from /Users/piyush.dixit/Desktop/airflow-env/lib/python3.9/site-packages/airflow/example_dags/example_kubernetes_executor.py
[2025-08-08T19:38:07.726+0530] {processor.py:183} INFO - Processing /Users/piyush.dixit/Desktop/airflow-env/lib/python3.9/site-packages/airflow/example_dags/example_kubernetes_executor.py took 0.123 seconds
[2025-08-08T19:41:35.141+0530] {processor.py:161} INFO - Started process (PID=77138) to work on /Users/piyush.dixit/Desktop/airflow-env/lib/python3.9/site-packages/airflow/example_dags/example_kubernetes_executor.py
[2025-08-08T19:41:35.144+0530] {processor.py:830} INFO - Processing file /Users/piyush.dixit/Desktop/airflow-env/lib/python3.9/site-packages/airflow/example_dags/example_kubernetes_executor.py for tasks to queue
[2025-08-08T19:41:35.145+0530] {logging_mixin.py:188} INFO - [2025-08-08T19:41:35.145+0530] {dagbag.py:545} INFO - Filling up the DagBag from /Users/piyush.dixit/Desktop/airflow-env/lib/python3.9/site-packages/airflow/example_dags/example_kubernetes_executor.py
[2025-08-08T19:41:35.187+0530] {logging_mixin.py:188} INFO - [2025-08-08T19:41:35.187+0530] {example_kubernetes_executor.py:39} WARNING - The example_kubernetes_executor example DAG requires the kubernetes provider. Please install it with: pip install apache-airflow[cncf.kubernetes]
[2025-08-08T19:41:35.187+0530] {processor.py:842} WARNING - No viable dags retrieved from /Users/piyush.dixit/Desktop/airflow-env/lib/python3.9/site-packages/airflow/example_dags/example_kubernetes_executor.py
[2025-08-08T19:41:35.266+0530] {processor.py:183} INFO - Processing /Users/piyush.dixit/Desktop/airflow-env/lib/python3.9/site-packages/airflow/example_dags/example_kubernetes_executor.py took 0.129 seconds
[2025-08-08T19:52:04.092+0530] {processor.py:161} INFO - Started process (PID=77372) to work on /Users/piyush.dixit/Desktop/airflow-env/lib/python3.9/site-packages/airflow/example_dags/example_kubernetes_executor.py
[2025-08-08T19:52:04.103+0530] {processor.py:830} INFO - Processing file /Users/piyush.dixit/Desktop/airflow-env/lib/python3.9/site-packages/airflow/example_dags/example_kubernetes_executor.py for tasks to queue
[2025-08-08T19:52:04.106+0530] {logging_mixin.py:188} INFO - [2025-08-08T19:52:04.106+0530] {dagbag.py:545} INFO - Filling up the DagBag from /Users/piyush.dixit/Desktop/airflow-env/lib/python3.9/site-packages/airflow/example_dags/example_kubernetes_executor.py
[2025-08-08T19:52:04.282+0530] {logging_mixin.py:188} INFO - [2025-08-08T19:52:04.281+0530] {example_kubernetes_executor.py:39} WARNING - The example_kubernetes_executor example DAG requires the kubernetes provider. Please install it with: pip install apache-airflow[cncf.kubernetes]
[2025-08-08T19:52:04.283+0530] {processor.py:842} WARNING - No viable dags retrieved from /Users/piyush.dixit/Desktop/airflow-env/lib/python3.9/site-packages/airflow/example_dags/example_kubernetes_executor.py
[2025-08-08T19:52:04.622+0530] {processor.py:183} INFO - Processing /Users/piyush.dixit/Desktop/airflow-env/lib/python3.9/site-packages/airflow/example_dags/example_kubernetes_executor.py took 0.546 seconds
[2025-08-08T20:15:43.714+0530] {processor.py:161} INFO - Started process (PID=77534) to work on /Users/piyush.dixit/Desktop/airflow-env/lib/python3.9/site-packages/airflow/example_dags/example_kubernetes_executor.py
[2025-08-08T20:15:43.719+0530] {processor.py:830} INFO - Processing file /Users/piyush.dixit/Desktop/airflow-env/lib/python3.9/site-packages/airflow/example_dags/example_kubernetes_executor.py for tasks to queue
[2025-08-08T20:15:43.720+0530] {logging_mixin.py:188} INFO - [2025-08-08T20:15:43.720+0530] {dagbag.py:545} INFO - Filling up the DagBag from /Users/piyush.dixit/Desktop/airflow-env/lib/python3.9/site-packages/airflow/example_dags/example_kubernetes_executor.py
[2025-08-08T20:15:43.792+0530] {logging_mixin.py:188} INFO - [2025-08-08T20:15:43.792+0530] {example_kubernetes_executor.py:39} WARNING - The example_kubernetes_executor example DAG requires the kubernetes provider. Please install it with: pip install apache-airflow[cncf.kubernetes]
[2025-08-08T20:15:43.793+0530] {processor.py:842} WARNING - No viable dags retrieved from /Users/piyush.dixit/Desktop/airflow-env/lib/python3.9/site-packages/airflow/example_dags/example_kubernetes_executor.py
[2025-08-08T20:15:43.885+0530] {processor.py:183} INFO - Processing /Users/piyush.dixit/Desktop/airflow-env/lib/python3.9/site-packages/airflow/example_dags/example_kubernetes_executor.py took 0.176 seconds
[2025-08-08T20:25:02.613+0530] {processor.py:161} INFO - Started process (PID=78198) to work on /Users/piyush.dixit/Desktop/airflow-env/lib/python3.9/site-packages/airflow/example_dags/example_kubernetes_executor.py
[2025-08-08T20:25:02.617+0530] {processor.py:830} INFO - Processing file /Users/piyush.dixit/Desktop/airflow-env/lib/python3.9/site-packages/airflow/example_dags/example_kubernetes_executor.py for tasks to queue
[2025-08-08T20:25:02.619+0530] {logging_mixin.py:188} INFO - [2025-08-08T20:25:02.618+0530] {dagbag.py:545} INFO - Filling up the DagBag from /Users/piyush.dixit/Desktop/airflow-env/lib/python3.9/site-packages/airflow/example_dags/example_kubernetes_executor.py
[2025-08-08T20:25:02.672+0530] {logging_mixin.py:188} INFO - [2025-08-08T20:25:02.672+0530] {example_kubernetes_executor.py:39} WARNING - The example_kubernetes_executor example DAG requires the kubernetes provider. Please install it with: pip install apache-airflow[cncf.kubernetes]
[2025-08-08T20:25:02.672+0530] {processor.py:842} WARNING - No viable dags retrieved from /Users/piyush.dixit/Desktop/airflow-env/lib/python3.9/site-packages/airflow/example_dags/example_kubernetes_executor.py
[2025-08-08T20:25:02.772+0530] {processor.py:183} INFO - Processing /Users/piyush.dixit/Desktop/airflow-env/lib/python3.9/site-packages/airflow/example_dags/example_kubernetes_executor.py took 0.165 seconds
