[2025-08-08T19:36:27.679+0530] {processor.py:161} INFO - Started process (PID=76951) to work on /Users/piyush.dixit/Desktop/airflow-env/lib/python3.9/site-packages/airflow/example_dags/example_bash_operator.py
[2025-08-08T19:36:27.681+0530] {processor.py:830} INFO - Processing file /Users/piyush.dixit/Desktop/airflow-env/lib/python3.9/site-packages/airflow/example_dags/example_bash_operator.py for tasks to queue
[2025-08-08T19:36:27.682+0530] {logging_mixin.py:188} INFO - [2025-08-08T19:36:27.682+0530] {dagbag.py:545} INFO - Filling up the DagBag from /Users/piyush.dixit/Desktop/airflow-env/lib/python3.9/site-packages/airflow/example_dags/example_bash_operator.py
[2025-08-08T19:36:27.697+0530] {processor.py:840} INFO - DAG(s) 'example_bash_operator' retrieved from /Users/piyush.dixit/Desktop/airflow-env/lib/python3.9/site-packages/airflow/example_dags/example_bash_operator.py
[2025-08-08T19:36:27.946+0530] {logging_mixin.py:188} INFO - [2025-08-08T19:36:27.946+0530] {dag.py:3096} INFO - Sync 1 DAGs
[2025-08-08T19:36:27.961+0530] {logging_mixin.py:188} INFO - [2025-08-08T19:36:27.961+0530] {dag.py:3954} INFO - Setting next_dagrun for example_bash_operator to 2025-08-07 00:00:00+00:00, run_after=2025-08-08 00:00:00+00:00
[2025-08-08T19:36:27.978+0530] {processor.py:183} INFO - Processing /Users/piyush.dixit/Desktop/airflow-env/lib/python3.9/site-packages/airflow/example_dags/example_bash_operator.py took 0.303 seconds
[2025-08-08T19:39:57.150+0530] {processor.py:161} INFO - Started process (PID=77084) to work on /Users/piyush.dixit/Desktop/airflow-env/lib/python3.9/site-packages/airflow/example_dags/example_bash_operator.py
[2025-08-08T19:39:57.153+0530] {processor.py:830} INFO - Processing file /Users/piyush.dixit/Desktop/airflow-env/lib/python3.9/site-packages/airflow/example_dags/example_bash_operator.py for tasks to queue
[2025-08-08T19:39:57.154+0530] {logging_mixin.py:188} INFO - [2025-08-08T19:39:57.154+0530] {dagbag.py:545} INFO - Filling up the DagBag from /Users/piyush.dixit/Desktop/airflow-env/lib/python3.9/site-packages/airflow/example_dags/example_bash_operator.py
[2025-08-08T19:39:57.170+0530] {processor.py:840} INFO - DAG(s) 'example_bash_operator' retrieved from /Users/piyush.dixit/Desktop/airflow-env/lib/python3.9/site-packages/airflow/example_dags/example_bash_operator.py
[2025-08-08T19:39:57.272+0530] {logging_mixin.py:188} INFO - [2025-08-08T19:39:57.272+0530] {dag.py:3096} INFO - Sync 1 DAGs
[2025-08-08T19:39:57.286+0530] {logging_mixin.py:188} INFO - [2025-08-08T19:39:57.286+0530] {dag.py:3954} INFO - Setting next_dagrun for example_bash_operator to 2025-08-07 00:00:00+00:00, run_after=2025-08-08 00:00:00+00:00
[2025-08-08T19:39:57.341+0530] {processor.py:183} INFO - Processing /Users/piyush.dixit/Desktop/airflow-env/lib/python3.9/site-packages/airflow/example_dags/example_bash_operator.py took 0.195 seconds
[2025-08-08T19:43:28.651+0530] {processor.py:161} INFO - Started process (PID=77277) to work on /Users/piyush.dixit/Desktop/airflow-env/lib/python3.9/site-packages/airflow/example_dags/example_bash_operator.py
[2025-08-08T19:43:28.653+0530] {processor.py:830} INFO - Processing file /Users/piyush.dixit/Desktop/airflow-env/lib/python3.9/site-packages/airflow/example_dags/example_bash_operator.py for tasks to queue
[2025-08-08T19:43:28.654+0530] {logging_mixin.py:188} INFO - [2025-08-08T19:43:28.654+0530] {dagbag.py:545} INFO - Filling up the DagBag from /Users/piyush.dixit/Desktop/airflow-env/lib/python3.9/site-packages/airflow/example_dags/example_bash_operator.py
[2025-08-08T19:43:28.668+0530] {processor.py:840} INFO - DAG(s) 'example_bash_operator' retrieved from /Users/piyush.dixit/Desktop/airflow-env/lib/python3.9/site-packages/airflow/example_dags/example_bash_operator.py
[2025-08-08T19:43:28.770+0530] {logging_mixin.py:188} INFO - [2025-08-08T19:43:28.770+0530] {dag.py:3096} INFO - Sync 1 DAGs
[2025-08-08T19:43:28.784+0530] {logging_mixin.py:188} INFO - [2025-08-08T19:43:28.783+0530] {dag.py:3954} INFO - Setting next_dagrun for example_bash_operator to 2025-08-07 00:00:00+00:00, run_after=2025-08-08 00:00:00+00:00
[2025-08-08T19:43:28.843+0530] {processor.py:183} INFO - Processing /Users/piyush.dixit/Desktop/airflow-env/lib/python3.9/site-packages/airflow/example_dags/example_bash_operator.py took 0.196 seconds
[2025-08-08T20:16:13.509+0530] {processor.py:161} INFO - Started process (PID=77560) to work on /Users/piyush.dixit/Desktop/airflow-env/lib/python3.9/site-packages/airflow/example_dags/example_bash_operator.py
[2025-08-08T20:16:13.515+0530] {processor.py:830} INFO - Processing file /Users/piyush.dixit/Desktop/airflow-env/lib/python3.9/site-packages/airflow/example_dags/example_bash_operator.py for tasks to queue
[2025-08-08T20:16:13.516+0530] {logging_mixin.py:188} INFO - [2025-08-08T20:16:13.515+0530] {dagbag.py:545} INFO - Filling up the DagBag from /Users/piyush.dixit/Desktop/airflow-env/lib/python3.9/site-packages/airflow/example_dags/example_bash_operator.py
[2025-08-08T20:16:13.537+0530] {processor.py:840} INFO - DAG(s) 'example_bash_operator' retrieved from /Users/piyush.dixit/Desktop/airflow-env/lib/python3.9/site-packages/airflow/example_dags/example_bash_operator.py
[2025-08-08T20:16:13.692+0530] {logging_mixin.py:188} INFO - [2025-08-08T20:16:13.691+0530] {dag.py:3096} INFO - Sync 1 DAGs
[2025-08-08T20:16:13.715+0530] {logging_mixin.py:188} INFO - [2025-08-08T20:16:13.714+0530] {dag.py:3954} INFO - Setting next_dagrun for example_bash_operator to 2025-08-07 00:00:00+00:00, run_after=2025-08-08 00:00:00+00:00
[2025-08-08T20:16:13.792+0530] {processor.py:183} INFO - Processing /Users/piyush.dixit/Desktop/airflow-env/lib/python3.9/site-packages/airflow/example_dags/example_bash_operator.py took 0.289 seconds
[2025-08-08T20:25:44.806+0530] {processor.py:161} INFO - Started process (PID=78227) to work on /Users/piyush.dixit/Desktop/airflow-env/lib/python3.9/site-packages/airflow/example_dags/example_bash_operator.py
[2025-08-08T20:25:44.810+0530] {processor.py:830} INFO - Processing file /Users/piyush.dixit/Desktop/airflow-env/lib/python3.9/site-packages/airflow/example_dags/example_bash_operator.py for tasks to queue
[2025-08-08T20:25:44.811+0530] {logging_mixin.py:188} INFO - [2025-08-08T20:25:44.811+0530] {dagbag.py:545} INFO - Filling up the DagBag from /Users/piyush.dixit/Desktop/airflow-env/lib/python3.9/site-packages/airflow/example_dags/example_bash_operator.py
[2025-08-08T20:25:44.829+0530] {processor.py:840} INFO - DAG(s) 'example_bash_operator' retrieved from /Users/piyush.dixit/Desktop/airflow-env/lib/python3.9/site-packages/airflow/example_dags/example_bash_operator.py
[2025-08-08T20:25:45.112+0530] {logging_mixin.py:188} INFO - [2025-08-08T20:25:45.112+0530] {dag.py:3096} INFO - Sync 1 DAGs
[2025-08-08T20:25:45.131+0530] {logging_mixin.py:188} INFO - [2025-08-08T20:25:45.130+0530] {dag.py:3954} INFO - Setting next_dagrun for example_bash_operator to 2025-08-07 00:00:00+00:00, run_after=2025-08-08 00:00:00+00:00
[2025-08-08T20:25:45.149+0530] {processor.py:183} INFO - Processing /Users/piyush.dixit/Desktop/airflow-env/lib/python3.9/site-packages/airflow/example_dags/example_bash_operator.py took 0.347 seconds
