[2025-08-08T19:34:46.585+0530] {processor.py:161} INFO - Started process (PID=76891) to work on /Users/piyush.dixit/Desktop/airflow-env/lib/python3.9/site-packages/airflow/example_dags/example_trigger_controller_dag.py
[2025-08-08T19:34:46.589+0530] {processor.py:830} INFO - Processing file /Users/piyush.dixit/Desktop/airflow-env/lib/python3.9/site-packages/airflow/example_dags/example_trigger_controller_dag.py for tasks to queue
[2025-08-08T19:34:46.589+0530] {logging_mixin.py:188} INFO - [2025-08-08T19:34:46.589+0530] {dagbag.py:545} INFO - Filling up the DagBag from /Users/piyush.dixit/Desktop/airflow-env/lib/python3.9/site-packages/airflow/example_dags/example_trigger_controller_dag.py
[2025-08-08T19:34:46.606+0530] {processor.py:840} INFO - DAG(s) 'example_trigger_controller_dag' retrieved from /Users/piyush.dixit/Desktop/airflow-env/lib/python3.9/site-packages/airflow/example_dags/example_trigger_controller_dag.py
[2025-08-08T19:34:46.890+0530] {logging_mixin.py:188} INFO - [2025-08-08T19:34:46.890+0530] {dag.py:3096} INFO - Sync 1 DAGs
[2025-08-08T19:34:46.907+0530] {logging_mixin.py:188} INFO - [2025-08-08T19:34:46.907+0530] {dag.py:3954} INFO - Setting next_dagrun for example_trigger_controller_dag to 2021-01-01 00:00:00+00:00, run_after=2021-01-01 00:00:00+00:00
[2025-08-08T19:34:46.927+0530] {processor.py:183} INFO - Processing /Users/piyush.dixit/Desktop/airflow-env/lib/python3.9/site-packages/airflow/example_dags/example_trigger_controller_dag.py took 0.346 seconds
[2025-08-08T19:37:08.531+0530] {processor.py:161} INFO - Started process (PID=76974) to work on /Users/piyush.dixit/Desktop/airflow-env/lib/python3.9/site-packages/airflow/example_dags/example_trigger_controller_dag.py
[2025-08-08T19:37:08.535+0530] {processor.py:830} INFO - Processing file /Users/piyush.dixit/Desktop/airflow-env/lib/python3.9/site-packages/airflow/example_dags/example_trigger_controller_dag.py for tasks to queue
[2025-08-08T19:37:08.536+0530] {logging_mixin.py:188} INFO - [2025-08-08T19:37:08.536+0530] {dagbag.py:545} INFO - Filling up the DagBag from /Users/piyush.dixit/Desktop/airflow-env/lib/python3.9/site-packages/airflow/example_dags/example_trigger_controller_dag.py
[2025-08-08T19:37:08.551+0530] {processor.py:840} INFO - DAG(s) 'example_trigger_controller_dag' retrieved from /Users/piyush.dixit/Desktop/airflow-env/lib/python3.9/site-packages/airflow/example_dags/example_trigger_controller_dag.py
[2025-08-08T19:37:08.638+0530] {logging_mixin.py:188} INFO - [2025-08-08T19:37:08.638+0530] {dag.py:3096} INFO - Sync 1 DAGs
[2025-08-08T19:37:08.651+0530] {logging_mixin.py:188} INFO - [2025-08-08T19:37:08.651+0530] {dag.py:3954} INFO - Setting next_dagrun for example_trigger_controller_dag to 2021-01-01 00:00:00+00:00, run_after=2021-01-01 00:00:00+00:00
[2025-08-08T19:37:08.707+0530] {processor.py:183} INFO - Processing /Users/piyush.dixit/Desktop/airflow-env/lib/python3.9/site-packages/airflow/example_dags/example_trigger_controller_dag.py took 0.179 seconds
[2025-08-08T19:38:50.311+0530] {processor.py:161} INFO - Started process (PID=77039) to work on /Users/piyush.dixit/Desktop/airflow-env/lib/python3.9/site-packages/airflow/example_dags/example_trigger_controller_dag.py
[2025-08-08T19:38:50.314+0530] {processor.py:830} INFO - Processing file /Users/piyush.dixit/Desktop/airflow-env/lib/python3.9/site-packages/airflow/example_dags/example_trigger_controller_dag.py for tasks to queue
[2025-08-08T19:38:50.315+0530] {logging_mixin.py:188} INFO - [2025-08-08T19:38:50.315+0530] {dagbag.py:545} INFO - Filling up the DagBag from /Users/piyush.dixit/Desktop/airflow-env/lib/python3.9/site-packages/airflow/example_dags/example_trigger_controller_dag.py
[2025-08-08T19:38:50.329+0530] {processor.py:840} INFO - DAG(s) 'example_trigger_controller_dag' retrieved from /Users/piyush.dixit/Desktop/airflow-env/lib/python3.9/site-packages/airflow/example_dags/example_trigger_controller_dag.py
[2025-08-08T19:38:50.416+0530] {logging_mixin.py:188} INFO - [2025-08-08T19:38:50.416+0530] {dag.py:3096} INFO - Sync 1 DAGs
[2025-08-08T19:38:50.428+0530] {logging_mixin.py:188} INFO - [2025-08-08T19:38:50.428+0530] {dag.py:3954} INFO - Setting next_dagrun for example_trigger_controller_dag to 2021-01-01 00:00:00+00:00, run_after=2021-01-01 00:00:00+00:00
[2025-08-08T19:38:50.486+0530] {processor.py:183} INFO - Processing /Users/piyush.dixit/Desktop/airflow-env/lib/python3.9/site-packages/airflow/example_dags/example_trigger_controller_dag.py took 0.179 seconds
[2025-08-08T19:40:35.941+0530] {processor.py:161} INFO - Started process (PID=77108) to work on /Users/piyush.dixit/Desktop/airflow-env/lib/python3.9/site-packages/airflow/example_dags/example_trigger_controller_dag.py
[2025-08-08T19:40:35.945+0530] {processor.py:830} INFO - Processing file /Users/piyush.dixit/Desktop/airflow-env/lib/python3.9/site-packages/airflow/example_dags/example_trigger_controller_dag.py for tasks to queue
[2025-08-08T19:40:35.945+0530] {logging_mixin.py:188} INFO - [2025-08-08T19:40:35.945+0530] {dagbag.py:545} INFO - Filling up the DagBag from /Users/piyush.dixit/Desktop/airflow-env/lib/python3.9/site-packages/airflow/example_dags/example_trigger_controller_dag.py
[2025-08-08T19:40:35.960+0530] {processor.py:840} INFO - DAG(s) 'example_trigger_controller_dag' retrieved from /Users/piyush.dixit/Desktop/airflow-env/lib/python3.9/site-packages/airflow/example_dags/example_trigger_controller_dag.py
[2025-08-08T19:40:36.047+0530] {logging_mixin.py:188} INFO - [2025-08-08T19:40:36.046+0530] {dag.py:3096} INFO - Sync 1 DAGs
[2025-08-08T19:40:36.059+0530] {logging_mixin.py:188} INFO - [2025-08-08T19:40:36.059+0530] {dag.py:3954} INFO - Setting next_dagrun for example_trigger_controller_dag to 2021-01-01 00:00:00+00:00, run_after=2021-01-01 00:00:00+00:00
[2025-08-08T19:40:36.113+0530] {processor.py:183} INFO - Processing /Users/piyush.dixit/Desktop/airflow-env/lib/python3.9/site-packages/airflow/example_dags/example_trigger_controller_dag.py took 0.175 seconds
[2025-08-08T19:42:20.503+0530] {processor.py:161} INFO - Started process (PID=77175) to work on /Users/piyush.dixit/Desktop/airflow-env/lib/python3.9/site-packages/airflow/example_dags/example_trigger_controller_dag.py
[2025-08-08T19:42:20.506+0530] {processor.py:830} INFO - Processing file /Users/piyush.dixit/Desktop/airflow-env/lib/python3.9/site-packages/airflow/example_dags/example_trigger_controller_dag.py for tasks to queue
[2025-08-08T19:42:20.507+0530] {logging_mixin.py:188} INFO - [2025-08-08T19:42:20.507+0530] {dagbag.py:545} INFO - Filling up the DagBag from /Users/piyush.dixit/Desktop/airflow-env/lib/python3.9/site-packages/airflow/example_dags/example_trigger_controller_dag.py
[2025-08-08T19:42:20.523+0530] {processor.py:840} INFO - DAG(s) 'example_trigger_controller_dag' retrieved from /Users/piyush.dixit/Desktop/airflow-env/lib/python3.9/site-packages/airflow/example_dags/example_trigger_controller_dag.py
[2025-08-08T19:42:20.613+0530] {logging_mixin.py:188} INFO - [2025-08-08T19:42:20.613+0530] {dag.py:3096} INFO - Sync 1 DAGs
[2025-08-08T19:42:20.627+0530] {logging_mixin.py:188} INFO - [2025-08-08T19:42:20.627+0530] {dag.py:3954} INFO - Setting next_dagrun for example_trigger_controller_dag to 2021-01-01 00:00:00+00:00, run_after=2021-01-01 00:00:00+00:00
[2025-08-08T19:42:20.685+0530] {processor.py:183} INFO - Processing /Users/piyush.dixit/Desktop/airflow-env/lib/python3.9/site-packages/airflow/example_dags/example_trigger_controller_dag.py took 0.185 seconds
[2025-08-08T19:44:07.949+0530] {processor.py:161} INFO - Started process (PID=77302) to work on /Users/piyush.dixit/Desktop/airflow-env/lib/python3.9/site-packages/airflow/example_dags/example_trigger_controller_dag.py
[2025-08-08T19:44:07.952+0530] {processor.py:830} INFO - Processing file /Users/piyush.dixit/Desktop/airflow-env/lib/python3.9/site-packages/airflow/example_dags/example_trigger_controller_dag.py for tasks to queue
[2025-08-08T19:44:07.953+0530] {logging_mixin.py:188} INFO - [2025-08-08T19:44:07.952+0530] {dagbag.py:545} INFO - Filling up the DagBag from /Users/piyush.dixit/Desktop/airflow-env/lib/python3.9/site-packages/airflow/example_dags/example_trigger_controller_dag.py
[2025-08-08T19:44:07.966+0530] {processor.py:840} INFO - DAG(s) 'example_trigger_controller_dag' retrieved from /Users/piyush.dixit/Desktop/airflow-env/lib/python3.9/site-packages/airflow/example_dags/example_trigger_controller_dag.py
[2025-08-08T19:44:08.053+0530] {logging_mixin.py:188} INFO - [2025-08-08T19:44:08.053+0530] {dag.py:3096} INFO - Sync 1 DAGs
[2025-08-08T19:44:08.065+0530] {logging_mixin.py:188} INFO - [2025-08-08T19:44:08.065+0530] {dag.py:3954} INFO - Setting next_dagrun for example_trigger_controller_dag to 2021-01-01 00:00:00+00:00, run_after=2021-01-01 00:00:00+00:00
[2025-08-08T19:44:08.121+0530] {processor.py:183} INFO - Processing /Users/piyush.dixit/Desktop/airflow-env/lib/python3.9/site-packages/airflow/example_dags/example_trigger_controller_dag.py took 0.176 seconds
[2025-08-08T20:14:41.654+0530] {processor.py:161} INFO - Started process (PID=77504) to work on /Users/piyush.dixit/Desktop/airflow-env/lib/python3.9/site-packages/airflow/example_dags/example_trigger_controller_dag.py
[2025-08-08T20:14:41.658+0530] {processor.py:830} INFO - Processing file /Users/piyush.dixit/Desktop/airflow-env/lib/python3.9/site-packages/airflow/example_dags/example_trigger_controller_dag.py for tasks to queue
[2025-08-08T20:14:41.658+0530] {logging_mixin.py:188} INFO - [2025-08-08T20:14:41.658+0530] {dagbag.py:545} INFO - Filling up the DagBag from /Users/piyush.dixit/Desktop/airflow-env/lib/python3.9/site-packages/airflow/example_dags/example_trigger_controller_dag.py
[2025-08-08T20:14:41.673+0530] {processor.py:840} INFO - DAG(s) 'example_trigger_controller_dag' retrieved from /Users/piyush.dixit/Desktop/airflow-env/lib/python3.9/site-packages/airflow/example_dags/example_trigger_controller_dag.py
[2025-08-08T20:14:41.764+0530] {logging_mixin.py:188} INFO - [2025-08-08T20:14:41.764+0530] {dag.py:3096} INFO - Sync 1 DAGs
[2025-08-08T20:14:41.778+0530] {logging_mixin.py:188} INFO - [2025-08-08T20:14:41.777+0530] {dag.py:3954} INFO - Setting next_dagrun for example_trigger_controller_dag to 2021-01-01 00:00:00+00:00, run_after=2021-01-01 00:00:00+00:00
[2025-08-08T20:14:41.838+0530] {processor.py:183} INFO - Processing /Users/piyush.dixit/Desktop/airflow-env/lib/python3.9/site-packages/airflow/example_dags/example_trigger_controller_dag.py took 0.188 seconds
[2025-08-08T20:16:56.502+0530] {processor.py:161} INFO - Started process (PID=77589) to work on /Users/piyush.dixit/Desktop/airflow-env/lib/python3.9/site-packages/airflow/example_dags/example_trigger_controller_dag.py
[2025-08-08T20:16:56.507+0530] {processor.py:830} INFO - Processing file /Users/piyush.dixit/Desktop/airflow-env/lib/python3.9/site-packages/airflow/example_dags/example_trigger_controller_dag.py for tasks to queue
[2025-08-08T20:16:56.508+0530] {logging_mixin.py:188} INFO - [2025-08-08T20:16:56.508+0530] {dagbag.py:545} INFO - Filling up the DagBag from /Users/piyush.dixit/Desktop/airflow-env/lib/python3.9/site-packages/airflow/example_dags/example_trigger_controller_dag.py
[2025-08-08T20:16:56.527+0530] {processor.py:840} INFO - DAG(s) 'example_trigger_controller_dag' retrieved from /Users/piyush.dixit/Desktop/airflow-env/lib/python3.9/site-packages/airflow/example_dags/example_trigger_controller_dag.py
[2025-08-08T20:16:56.638+0530] {logging_mixin.py:188} INFO - [2025-08-08T20:16:56.638+0530] {dag.py:3096} INFO - Sync 1 DAGs
[2025-08-08T20:16:56.653+0530] {logging_mixin.py:188} INFO - [2025-08-08T20:16:56.653+0530] {dag.py:3954} INFO - Setting next_dagrun for example_trigger_controller_dag to 2021-01-01 00:00:00+00:00, run_after=2021-01-01 00:00:00+00:00
[2025-08-08T20:16:56.716+0530] {processor.py:183} INFO - Processing /Users/piyush.dixit/Desktop/airflow-env/lib/python3.9/site-packages/airflow/example_dags/example_trigger_controller_dag.py took 0.219 seconds
[2025-08-08T20:23:55.335+0530] {processor.py:161} INFO - Started process (PID=77770) to work on /Users/piyush.dixit/Desktop/airflow-env/lib/python3.9/site-packages/airflow/example_dags/example_trigger_controller_dag.py
[2025-08-08T20:23:55.338+0530] {processor.py:830} INFO - Processing file /Users/piyush.dixit/Desktop/airflow-env/lib/python3.9/site-packages/airflow/example_dags/example_trigger_controller_dag.py for tasks to queue
[2025-08-08T20:23:55.339+0530] {logging_mixin.py:188} INFO - [2025-08-08T20:23:55.339+0530] {dagbag.py:545} INFO - Filling up the DagBag from /Users/piyush.dixit/Desktop/airflow-env/lib/python3.9/site-packages/airflow/example_dags/example_trigger_controller_dag.py
[2025-08-08T20:23:55.354+0530] {processor.py:840} INFO - DAG(s) 'example_trigger_controller_dag' retrieved from /Users/piyush.dixit/Desktop/airflow-env/lib/python3.9/site-packages/airflow/example_dags/example_trigger_controller_dag.py
[2025-08-08T20:23:55.623+0530] {logging_mixin.py:188} INFO - [2025-08-08T20:23:55.622+0530] {dag.py:3096} INFO - Sync 1 DAGs
[2025-08-08T20:23:55.638+0530] {logging_mixin.py:188} INFO - [2025-08-08T20:23:55.638+0530] {dag.py:3954} INFO - Setting next_dagrun for example_trigger_controller_dag to 2021-01-01 00:00:00+00:00, run_after=2021-01-01 00:00:00+00:00
[2025-08-08T20:23:55.656+0530] {processor.py:183} INFO - Processing /Users/piyush.dixit/Desktop/airflow-env/lib/python3.9/site-packages/airflow/example_dags/example_trigger_controller_dag.py took 0.324 seconds
