[2025-08-08T19:36:15.349+0530] {processor.py:161} INFO - Started process (PID=76946) to work on /Users/piyush.dixit/Desktop/airflow-env/lib/python3.9/site-packages/airflow/example_dags/example_branch_operator_decorator.py
[2025-08-08T19:36:15.351+0530] {processor.py:830} INFO - Processing file /Users/piyush.dixit/Desktop/airflow-env/lib/python3.9/site-packages/airflow/example_dags/example_branch_operator_decorator.py for tasks to queue
[2025-08-08T19:36:15.352+0530] {logging_mixin.py:188} INFO - [2025-08-08T19:36:15.352+0530] {dagbag.py:545} INFO - Filling up the DagBag from /Users/piyush.dixit/Desktop/airflow-env/lib/python3.9/site-packages/airflow/example_dags/example_branch_operator_decorator.py
[2025-08-08T19:36:15.379+0530] {processor.py:842} WARNING - No viable dags retrieved from /Users/piyush.dixit/Desktop/airflow-env/lib/python3.9/site-packages/airflow/example_dags/example_branch_operator_decorator.py
[2025-08-08T19:36:15.455+0530] {processor.py:183} INFO - Processing /Users/piyush.dixit/Desktop/airflow-env/lib/python3.9/site-packages/airflow/example_dags/example_branch_operator_decorator.py took 0.110 seconds
[2025-08-08T19:39:43.758+0530] {processor.py:161} INFO - Started process (PID=77069) to work on /Users/piyush.dixit/Desktop/airflow-env/lib/python3.9/site-packages/airflow/example_dags/example_branch_operator_decorator.py
[2025-08-08T19:39:43.761+0530] {processor.py:830} INFO - Processing file /Users/piyush.dixit/Desktop/airflow-env/lib/python3.9/site-packages/airflow/example_dags/example_branch_operator_decorator.py for tasks to queue
[2025-08-08T19:39:43.762+0530] {logging_mixin.py:188} INFO - [2025-08-08T19:39:43.762+0530] {dagbag.py:545} INFO - Filling up the DagBag from /Users/piyush.dixit/Desktop/airflow-env/lib/python3.9/site-packages/airflow/example_dags/example_branch_operator_decorator.py
[2025-08-08T19:39:43.788+0530] {processor.py:842} WARNING - No viable dags retrieved from /Users/piyush.dixit/Desktop/airflow-env/lib/python3.9/site-packages/airflow/example_dags/example_branch_operator_decorator.py
[2025-08-08T19:39:43.864+0530] {processor.py:183} INFO - Processing /Users/piyush.dixit/Desktop/airflow-env/lib/python3.9/site-packages/airflow/example_dags/example_branch_operator_decorator.py took 0.110 seconds
[2025-08-08T19:43:15.250+0530] {processor.py:161} INFO - Started process (PID=77269) to work on /Users/piyush.dixit/Desktop/airflow-env/lib/python3.9/site-packages/airflow/example_dags/example_branch_operator_decorator.py
[2025-08-08T19:43:15.253+0530] {processor.py:830} INFO - Processing file /Users/piyush.dixit/Desktop/airflow-env/lib/python3.9/site-packages/airflow/example_dags/example_branch_operator_decorator.py for tasks to queue
[2025-08-08T19:43:15.254+0530] {logging_mixin.py:188} INFO - [2025-08-08T19:43:15.254+0530] {dagbag.py:545} INFO - Filling up the DagBag from /Users/piyush.dixit/Desktop/airflow-env/lib/python3.9/site-packages/airflow/example_dags/example_branch_operator_decorator.py
[2025-08-08T19:43:15.287+0530] {processor.py:842} WARNING - No viable dags retrieved from /Users/piyush.dixit/Desktop/airflow-env/lib/python3.9/site-packages/airflow/example_dags/example_branch_operator_decorator.py
[2025-08-08T19:43:15.379+0530] {processor.py:183} INFO - Processing /Users/piyush.dixit/Desktop/airflow-env/lib/python3.9/site-packages/airflow/example_dags/example_branch_operator_decorator.py took 0.134 seconds
[2025-08-08T20:15:58.380+0530] {processor.py:161} INFO - Started process (PID=77552) to work on /Users/piyush.dixit/Desktop/airflow-env/lib/python3.9/site-packages/airflow/example_dags/example_branch_operator_decorator.py
[2025-08-08T20:15:58.384+0530] {processor.py:830} INFO - Processing file /Users/piyush.dixit/Desktop/airflow-env/lib/python3.9/site-packages/airflow/example_dags/example_branch_operator_decorator.py for tasks to queue
[2025-08-08T20:15:58.385+0530] {logging_mixin.py:188} INFO - [2025-08-08T20:15:58.385+0530] {dagbag.py:545} INFO - Filling up the DagBag from /Users/piyush.dixit/Desktop/airflow-env/lib/python3.9/site-packages/airflow/example_dags/example_branch_operator_decorator.py
[2025-08-08T20:15:58.417+0530] {processor.py:842} WARNING - No viable dags retrieved from /Users/piyush.dixit/Desktop/airflow-env/lib/python3.9/site-packages/airflow/example_dags/example_branch_operator_decorator.py
[2025-08-08T20:15:58.508+0530] {processor.py:183} INFO - Processing /Users/piyush.dixit/Desktop/airflow-env/lib/python3.9/site-packages/airflow/example_dags/example_branch_operator_decorator.py took 0.133 seconds
[2025-08-08T20:25:30.018+0530] {processor.py:161} INFO - Started process (PID=78218) to work on /Users/piyush.dixit/Desktop/airflow-env/lib/python3.9/site-packages/airflow/example_dags/example_branch_operator_decorator.py
[2025-08-08T20:25:30.022+0530] {processor.py:830} INFO - Processing file /Users/piyush.dixit/Desktop/airflow-env/lib/python3.9/site-packages/airflow/example_dags/example_branch_operator_decorator.py for tasks to queue
[2025-08-08T20:25:30.023+0530] {logging_mixin.py:188} INFO - [2025-08-08T20:25:30.023+0530] {dagbag.py:545} INFO - Filling up the DagBag from /Users/piyush.dixit/Desktop/airflow-env/lib/python3.9/site-packages/airflow/example_dags/example_branch_operator_decorator.py
[2025-08-08T20:25:30.055+0530] {processor.py:842} WARNING - No viable dags retrieved from /Users/piyush.dixit/Desktop/airflow-env/lib/python3.9/site-packages/airflow/example_dags/example_branch_operator_decorator.py
[2025-08-08T20:25:30.148+0530] {processor.py:183} INFO - Processing /Users/piyush.dixit/Desktop/airflow-env/lib/python3.9/site-packages/airflow/example_dags/example_branch_operator_decorator.py took 0.135 seconds
