[2025-08-08T19:35:58.150+0530] {processor.py:161} INFO - Started process (PID=76928) to work on /Users/piyush.dixit/Desktop/airflow-env/lib/python3.9/site-packages/airflow/example_dags/example_dynamic_task_mapping.py
[2025-08-08T19:35:58.153+0530] {processor.py:830} INFO - Processing file /Users/piyush.dixit/Desktop/airflow-env/lib/python3.9/site-packages/airflow/example_dags/example_dynamic_task_mapping.py for tasks to queue
[2025-08-08T19:35:58.153+0530] {logging_mixin.py:188} INFO - [2025-08-08T19:35:58.153+0530] {dagbag.py:545} INFO - Filling up the DagBag from /Users/piyush.dixit/Desktop/airflow-env/lib/python3.9/site-packages/airflow/example_dags/example_dynamic_task_mapping.py
[2025-08-08T19:35:58.200+0530] {processor.py:840} INFO - DAG(s) 'example_dynamic_task_mapping' retrieved from /Users/piyush.dixit/Desktop/airflow-env/lib/python3.9/site-packages/airflow/example_dags/example_dynamic_task_mapping.py
[2025-08-08T19:35:58.440+0530] {logging_mixin.py:188} INFO - [2025-08-08T19:35:58.439+0530] {dag.py:3096} INFO - Sync 1 DAGs
[2025-08-08T19:35:58.457+0530] {logging_mixin.py:188} INFO - [2025-08-08T19:35:58.457+0530] {dag.py:3954} INFO - Setting next_dagrun for example_dynamic_task_mapping to 2022-03-04 00:00:00+00:00, run_after=2022-03-05 00:00:00+00:00
[2025-08-08T19:35:58.474+0530] {processor.py:183} INFO - Processing /Users/piyush.dixit/Desktop/airflow-env/lib/python3.9/site-packages/airflow/example_dags/example_dynamic_task_mapping.py took 0.327 seconds
[2025-08-08T19:38:14.281+0530] {processor.py:161} INFO - Started process (PID=77017) to work on /Users/piyush.dixit/Desktop/airflow-env/lib/python3.9/site-packages/airflow/example_dags/example_dynamic_task_mapping.py
[2025-08-08T19:38:14.284+0530] {processor.py:830} INFO - Processing file /Users/piyush.dixit/Desktop/airflow-env/lib/python3.9/site-packages/airflow/example_dags/example_dynamic_task_mapping.py for tasks to queue
[2025-08-08T19:38:14.285+0530] {logging_mixin.py:188} INFO - [2025-08-08T19:38:14.285+0530] {dagbag.py:545} INFO - Filling up the DagBag from /Users/piyush.dixit/Desktop/airflow-env/lib/python3.9/site-packages/airflow/example_dags/example_dynamic_task_mapping.py
[2025-08-08T19:38:14.330+0530] {processor.py:840} INFO - DAG(s) 'example_dynamic_task_mapping' retrieved from /Users/piyush.dixit/Desktop/airflow-env/lib/python3.9/site-packages/airflow/example_dags/example_dynamic_task_mapping.py
[2025-08-08T19:38:14.463+0530] {logging_mixin.py:188} INFO - [2025-08-08T19:38:14.463+0530] {dag.py:3096} INFO - Sync 1 DAGs
[2025-08-08T19:38:14.485+0530] {logging_mixin.py:188} INFO - [2025-08-08T19:38:14.485+0530] {dag.py:3954} INFO - Setting next_dagrun for example_dynamic_task_mapping to 2022-03-04 00:00:00+00:00, run_after=2022-03-05 00:00:00+00:00
[2025-08-08T19:38:14.504+0530] {processor.py:183} INFO - Processing /Users/piyush.dixit/Desktop/airflow-env/lib/python3.9/site-packages/airflow/example_dags/example_dynamic_task_mapping.py took 0.226 seconds
[2025-08-08T19:41:43.168+0530] {processor.py:161} INFO - Started process (PID=77141) to work on /Users/piyush.dixit/Desktop/airflow-env/lib/python3.9/site-packages/airflow/example_dags/example_dynamic_task_mapping.py
[2025-08-08T19:41:43.172+0530] {processor.py:830} INFO - Processing file /Users/piyush.dixit/Desktop/airflow-env/lib/python3.9/site-packages/airflow/example_dags/example_dynamic_task_mapping.py for tasks to queue
[2025-08-08T19:41:43.172+0530] {logging_mixin.py:188} INFO - [2025-08-08T19:41:43.172+0530] {dagbag.py:545} INFO - Filling up the DagBag from /Users/piyush.dixit/Desktop/airflow-env/lib/python3.9/site-packages/airflow/example_dags/example_dynamic_task_mapping.py
[2025-08-08T19:41:43.219+0530] {processor.py:840} INFO - DAG(s) 'example_dynamic_task_mapping' retrieved from /Users/piyush.dixit/Desktop/airflow-env/lib/python3.9/site-packages/airflow/example_dags/example_dynamic_task_mapping.py
[2025-08-08T19:41:43.346+0530] {logging_mixin.py:188} INFO - [2025-08-08T19:41:43.345+0530] {dag.py:3096} INFO - Sync 1 DAGs
[2025-08-08T19:41:43.367+0530] {logging_mixin.py:188} INFO - [2025-08-08T19:41:43.367+0530] {dag.py:3954} INFO - Setting next_dagrun for example_dynamic_task_mapping to 2022-03-04 00:00:00+00:00, run_after=2022-03-05 00:00:00+00:00
[2025-08-08T19:41:43.385+0530] {processor.py:183} INFO - Processing /Users/piyush.dixit/Desktop/airflow-env/lib/python3.9/site-packages/airflow/example_dags/example_dynamic_task_mapping.py took 0.221 seconds
[2025-08-08T20:13:56.771+0530] {processor.py:161} INFO - Started process (PID=77401) to work on /Users/piyush.dixit/Desktop/airflow-env/lib/python3.9/site-packages/airflow/example_dags/example_dynamic_task_mapping.py
[2025-08-08T20:13:56.776+0530] {processor.py:830} INFO - Processing file /Users/piyush.dixit/Desktop/airflow-env/lib/python3.9/site-packages/airflow/example_dags/example_dynamic_task_mapping.py for tasks to queue
[2025-08-08T20:13:56.776+0530] {logging_mixin.py:188} INFO - [2025-08-08T20:13:56.776+0530] {dagbag.py:545} INFO - Filling up the DagBag from /Users/piyush.dixit/Desktop/airflow-env/lib/python3.9/site-packages/airflow/example_dags/example_dynamic_task_mapping.py
[2025-08-08T20:13:56.836+0530] {processor.py:840} INFO - DAG(s) 'example_dynamic_task_mapping' retrieved from /Users/piyush.dixit/Desktop/airflow-env/lib/python3.9/site-packages/airflow/example_dags/example_dynamic_task_mapping.py
[2025-08-08T20:13:57.016+0530] {logging_mixin.py:188} INFO - [2025-08-08T20:13:57.015+0530] {dag.py:3096} INFO - Sync 1 DAGs
[2025-08-08T20:13:57.042+0530] {logging_mixin.py:188} INFO - [2025-08-08T20:13:57.042+0530] {dag.py:3954} INFO - Setting next_dagrun for example_dynamic_task_mapping to 2022-03-04 00:00:00+00:00, run_after=2022-03-05 00:00:00+00:00
[2025-08-08T20:13:57.063+0530] {processor.py:183} INFO - Processing /Users/piyush.dixit/Desktop/airflow-env/lib/python3.9/site-packages/airflow/example_dags/example_dynamic_task_mapping.py took 0.297 seconds
[2025-08-08T20:25:12.054+0530] {processor.py:161} INFO - Started process (PID=78201) to work on /Users/piyush.dixit/Desktop/airflow-env/lib/python3.9/site-packages/airflow/example_dags/example_dynamic_task_mapping.py
[2025-08-08T20:25:12.058+0530] {processor.py:830} INFO - Processing file /Users/piyush.dixit/Desktop/airflow-env/lib/python3.9/site-packages/airflow/example_dags/example_dynamic_task_mapping.py for tasks to queue
[2025-08-08T20:25:12.059+0530] {logging_mixin.py:188} INFO - [2025-08-08T20:25:12.059+0530] {dagbag.py:545} INFO - Filling up the DagBag from /Users/piyush.dixit/Desktop/airflow-env/lib/python3.9/site-packages/airflow/example_dags/example_dynamic_task_mapping.py
[2025-08-08T20:25:12.107+0530] {processor.py:840} INFO - DAG(s) 'example_dynamic_task_mapping' retrieved from /Users/piyush.dixit/Desktop/airflow-env/lib/python3.9/site-packages/airflow/example_dags/example_dynamic_task_mapping.py
[2025-08-08T20:25:12.357+0530] {logging_mixin.py:188} INFO - [2025-08-08T20:25:12.357+0530] {dag.py:3096} INFO - Sync 1 DAGs
[2025-08-08T20:25:12.377+0530] {logging_mixin.py:188} INFO - [2025-08-08T20:25:12.376+0530] {dag.py:3954} INFO - Setting next_dagrun for example_dynamic_task_mapping to 2022-03-04 00:00:00+00:00, run_after=2022-03-05 00:00:00+00:00
[2025-08-08T20:25:12.394+0530] {processor.py:183} INFO - Processing /Users/piyush.dixit/Desktop/airflow-env/lib/python3.9/site-packages/airflow/example_dags/example_dynamic_task_mapping.py took 0.345 seconds
