[2025-08-08T19:35:21.877+0530] {processor.py:161} INFO - Started process (PID=76904) to work on /Users/piyush.dixit/Desktop/airflow-env/lib/python3.9/site-packages/airflow/example_dags/example_sensor_decorator.py
[2025-08-08T19:35:21.880+0530] {processor.py:830} INFO - Processing file /Users/piyush.dixit/Desktop/airflow-env/lib/python3.9/site-packages/airflow/example_dags/example_sensor_decorator.py for tasks to queue
[2025-08-08T19:35:21.880+0530] {logging_mixin.py:188} INFO - [2025-08-08T19:35:21.880+0530] {dagbag.py:545} INFO - Filling up the DagBag from /Users/piyush.dixit/Desktop/airflow-env/lib/python3.9/site-packages/airflow/example_dags/example_sensor_decorator.py
[2025-08-08T19:35:21.928+0530] {processor.py:840} INFO - DAG(s) 'example_sensor_decorator' retrieved from /Users/piyush.dixit/Desktop/airflow-env/lib/python3.9/site-packages/airflow/example_dags/example_sensor_decorator.py
[2025-08-08T19:35:22.182+0530] {logging_mixin.py:188} INFO - [2025-08-08T19:35:22.181+0530] {dag.py:3096} INFO - Sync 1 DAGs
[2025-08-08T19:35:22.190+0530] {logging_mixin.py:188} INFO - [2025-08-08T19:35:22.190+0530] {dag.py:3954} INFO - Setting next_dagrun for example_sensor_decorator to None, run_after=None
[2025-08-08T19:35:22.207+0530] {processor.py:183} INFO - Processing /Users/piyush.dixit/Desktop/airflow-env/lib/python3.9/site-packages/airflow/example_dags/example_sensor_decorator.py took 0.333 seconds
[2025-08-08T19:37:41.650+0530] {processor.py:161} INFO - Started process (PID=76989) to work on /Users/piyush.dixit/Desktop/airflow-env/lib/python3.9/site-packages/airflow/example_dags/example_sensor_decorator.py
[2025-08-08T19:37:41.653+0530] {processor.py:830} INFO - Processing file /Users/piyush.dixit/Desktop/airflow-env/lib/python3.9/site-packages/airflow/example_dags/example_sensor_decorator.py for tasks to queue
[2025-08-08T19:37:41.654+0530] {logging_mixin.py:188} INFO - [2025-08-08T19:37:41.653+0530] {dagbag.py:545} INFO - Filling up the DagBag from /Users/piyush.dixit/Desktop/airflow-env/lib/python3.9/site-packages/airflow/example_dags/example_sensor_decorator.py
[2025-08-08T19:37:41.700+0530] {processor.py:840} INFO - DAG(s) 'example_sensor_decorator' retrieved from /Users/piyush.dixit/Desktop/airflow-env/lib/python3.9/site-packages/airflow/example_dags/example_sensor_decorator.py
[2025-08-08T19:37:41.844+0530] {logging_mixin.py:188} INFO - [2025-08-08T19:37:41.843+0530] {dag.py:3096} INFO - Sync 1 DAGs
[2025-08-08T19:37:41.854+0530] {logging_mixin.py:188} INFO - [2025-08-08T19:37:41.854+0530] {dag.py:3954} INFO - Setting next_dagrun for example_sensor_decorator to None, run_after=None
[2025-08-08T19:37:41.873+0530] {processor.py:183} INFO - Processing /Users/piyush.dixit/Desktop/airflow-env/lib/python3.9/site-packages/airflow/example_dags/example_sensor_decorator.py took 0.227 seconds
[2025-08-08T19:39:24.403+0530] {processor.py:161} INFO - Started process (PID=77055) to work on /Users/piyush.dixit/Desktop/airflow-env/lib/python3.9/site-packages/airflow/example_dags/example_sensor_decorator.py
[2025-08-08T19:39:24.406+0530] {processor.py:830} INFO - Processing file /Users/piyush.dixit/Desktop/airflow-env/lib/python3.9/site-packages/airflow/example_dags/example_sensor_decorator.py for tasks to queue
[2025-08-08T19:39:24.407+0530] {logging_mixin.py:188} INFO - [2025-08-08T19:39:24.407+0530] {dagbag.py:545} INFO - Filling up the DagBag from /Users/piyush.dixit/Desktop/airflow-env/lib/python3.9/site-packages/airflow/example_dags/example_sensor_decorator.py
[2025-08-08T19:39:24.454+0530] {processor.py:840} INFO - DAG(s) 'example_sensor_decorator' retrieved from /Users/piyush.dixit/Desktop/airflow-env/lib/python3.9/site-packages/airflow/example_dags/example_sensor_decorator.py
[2025-08-08T19:39:24.604+0530] {logging_mixin.py:188} INFO - [2025-08-08T19:39:24.604+0530] {dag.py:3096} INFO - Sync 1 DAGs
[2025-08-08T19:39:24.615+0530] {logging_mixin.py:188} INFO - [2025-08-08T19:39:24.614+0530] {dag.py:3954} INFO - Setting next_dagrun for example_sensor_decorator to None, run_after=None
[2025-08-08T19:39:24.636+0530] {processor.py:183} INFO - Processing /Users/piyush.dixit/Desktop/airflow-env/lib/python3.9/site-packages/airflow/example_dags/example_sensor_decorator.py took 0.236 seconds
[2025-08-08T19:41:08.380+0530] {processor.py:161} INFO - Started process (PID=77128) to work on /Users/piyush.dixit/Desktop/airflow-env/lib/python3.9/site-packages/airflow/example_dags/example_sensor_decorator.py
[2025-08-08T19:41:08.383+0530] {processor.py:830} INFO - Processing file /Users/piyush.dixit/Desktop/airflow-env/lib/python3.9/site-packages/airflow/example_dags/example_sensor_decorator.py for tasks to queue
[2025-08-08T19:41:08.383+0530] {logging_mixin.py:188} INFO - [2025-08-08T19:41:08.383+0530] {dagbag.py:545} INFO - Filling up the DagBag from /Users/piyush.dixit/Desktop/airflow-env/lib/python3.9/site-packages/airflow/example_dags/example_sensor_decorator.py
[2025-08-08T19:41:08.428+0530] {processor.py:840} INFO - DAG(s) 'example_sensor_decorator' retrieved from /Users/piyush.dixit/Desktop/airflow-env/lib/python3.9/site-packages/airflow/example_dags/example_sensor_decorator.py
[2025-08-08T19:41:08.571+0530] {logging_mixin.py:188} INFO - [2025-08-08T19:41:08.571+0530] {dag.py:3096} INFO - Sync 1 DAGs
[2025-08-08T19:41:08.581+0530] {logging_mixin.py:188} INFO - [2025-08-08T19:41:08.581+0530] {dag.py:3954} INFO - Setting next_dagrun for example_sensor_decorator to None, run_after=None
[2025-08-08T19:41:08.600+0530] {processor.py:183} INFO - Processing /Users/piyush.dixit/Desktop/airflow-env/lib/python3.9/site-packages/airflow/example_dags/example_sensor_decorator.py took 0.223 seconds
[2025-08-08T19:42:53.183+0530] {processor.py:161} INFO - Started process (PID=77253) to work on /Users/piyush.dixit/Desktop/airflow-env/lib/python3.9/site-packages/airflow/example_dags/example_sensor_decorator.py
[2025-08-08T19:42:53.186+0530] {processor.py:830} INFO - Processing file /Users/piyush.dixit/Desktop/airflow-env/lib/python3.9/site-packages/airflow/example_dags/example_sensor_decorator.py for tasks to queue
[2025-08-08T19:42:53.187+0530] {logging_mixin.py:188} INFO - [2025-08-08T19:42:53.187+0530] {dagbag.py:545} INFO - Filling up the DagBag from /Users/piyush.dixit/Desktop/airflow-env/lib/python3.9/site-packages/airflow/example_dags/example_sensor_decorator.py
[2025-08-08T19:42:53.233+0530] {processor.py:840} INFO - DAG(s) 'example_sensor_decorator' retrieved from /Users/piyush.dixit/Desktop/airflow-env/lib/python3.9/site-packages/airflow/example_dags/example_sensor_decorator.py
[2025-08-08T19:42:53.378+0530] {logging_mixin.py:188} INFO - [2025-08-08T19:42:53.378+0530] {dag.py:3096} INFO - Sync 1 DAGs
[2025-08-08T19:42:53.389+0530] {logging_mixin.py:188} INFO - [2025-08-08T19:42:53.388+0530] {dag.py:3954} INFO - Setting next_dagrun for example_sensor_decorator to None, run_after=None
[2025-08-08T19:42:53.407+0530] {processor.py:183} INFO - Processing /Users/piyush.dixit/Desktop/airflow-env/lib/python3.9/site-packages/airflow/example_dags/example_sensor_decorator.py took 0.228 seconds
[2025-08-08T19:44:40.548+0530] {processor.py:161} INFO - Started process (PID=77342) to work on /Users/piyush.dixit/Desktop/airflow-env/lib/python3.9/site-packages/airflow/example_dags/example_sensor_decorator.py
[2025-08-08T19:44:40.551+0530] {processor.py:830} INFO - Processing file /Users/piyush.dixit/Desktop/airflow-env/lib/python3.9/site-packages/airflow/example_dags/example_sensor_decorator.py for tasks to queue
[2025-08-08T19:44:40.552+0530] {logging_mixin.py:188} INFO - [2025-08-08T19:44:40.551+0530] {dagbag.py:545} INFO - Filling up the DagBag from /Users/piyush.dixit/Desktop/airflow-env/lib/python3.9/site-packages/airflow/example_dags/example_sensor_decorator.py
[2025-08-08T19:44:40.597+0530] {processor.py:840} INFO - DAG(s) 'example_sensor_decorator' retrieved from /Users/piyush.dixit/Desktop/airflow-env/lib/python3.9/site-packages/airflow/example_dags/example_sensor_decorator.py
[2025-08-08T19:44:40.732+0530] {logging_mixin.py:188} INFO - [2025-08-08T19:44:40.732+0530] {dag.py:3096} INFO - Sync 1 DAGs
[2025-08-08T19:44:40.742+0530] {logging_mixin.py:188} INFO - [2025-08-08T19:44:40.742+0530] {dag.py:3954} INFO - Setting next_dagrun for example_sensor_decorator to None, run_after=None
[2025-08-08T19:44:40.760+0530] {processor.py:183} INFO - Processing /Users/piyush.dixit/Desktop/airflow-env/lib/python3.9/site-packages/airflow/example_dags/example_sensor_decorator.py took 0.216 seconds
[2025-08-08T20:15:16.785+0530] {processor.py:161} INFO - Started process (PID=77523) to work on /Users/piyush.dixit/Desktop/airflow-env/lib/python3.9/site-packages/airflow/example_dags/example_sensor_decorator.py
[2025-08-08T20:15:16.789+0530] {processor.py:830} INFO - Processing file /Users/piyush.dixit/Desktop/airflow-env/lib/python3.9/site-packages/airflow/example_dags/example_sensor_decorator.py for tasks to queue
[2025-08-08T20:15:16.790+0530] {logging_mixin.py:188} INFO - [2025-08-08T20:15:16.790+0530] {dagbag.py:545} INFO - Filling up the DagBag from /Users/piyush.dixit/Desktop/airflow-env/lib/python3.9/site-packages/airflow/example_dags/example_sensor_decorator.py
[2025-08-08T20:15:16.838+0530] {processor.py:840} INFO - DAG(s) 'example_sensor_decorator' retrieved from /Users/piyush.dixit/Desktop/airflow-env/lib/python3.9/site-packages/airflow/example_dags/example_sensor_decorator.py
[2025-08-08T20:15:16.993+0530] {logging_mixin.py:188} INFO - [2025-08-08T20:15:16.993+0530] {dag.py:3096} INFO - Sync 1 DAGs
[2025-08-08T20:15:17.004+0530] {logging_mixin.py:188} INFO - [2025-08-08T20:15:17.003+0530] {dag.py:3954} INFO - Setting next_dagrun for example_sensor_decorator to None, run_after=None
[2025-08-08T20:15:17.023+0530] {processor.py:183} INFO - Processing /Users/piyush.dixit/Desktop/airflow-env/lib/python3.9/site-packages/airflow/example_dags/example_sensor_decorator.py took 0.242 seconds
[2025-08-08T20:24:31.988+0530] {processor.py:161} INFO - Started process (PID=78184) to work on /Users/piyush.dixit/Desktop/airflow-env/lib/python3.9/site-packages/airflow/example_dags/example_sensor_decorator.py
[2025-08-08T20:24:31.992+0530] {processor.py:830} INFO - Processing file /Users/piyush.dixit/Desktop/airflow-env/lib/python3.9/site-packages/airflow/example_dags/example_sensor_decorator.py for tasks to queue
[2025-08-08T20:24:31.992+0530] {logging_mixin.py:188} INFO - [2025-08-08T20:24:31.992+0530] {dagbag.py:545} INFO - Filling up the DagBag from /Users/piyush.dixit/Desktop/airflow-env/lib/python3.9/site-packages/airflow/example_dags/example_sensor_decorator.py
[2025-08-08T20:24:32.040+0530] {processor.py:840} INFO - DAG(s) 'example_sensor_decorator' retrieved from /Users/piyush.dixit/Desktop/airflow-env/lib/python3.9/site-packages/airflow/example_dags/example_sensor_decorator.py
[2025-08-08T20:24:32.297+0530] {logging_mixin.py:188} INFO - [2025-08-08T20:24:32.297+0530] {dag.py:3096} INFO - Sync 1 DAGs
[2025-08-08T20:24:32.306+0530] {logging_mixin.py:188} INFO - [2025-08-08T20:24:32.306+0530] {dag.py:3954} INFO - Setting next_dagrun for example_sensor_decorator to None, run_after=None
[2025-08-08T20:24:32.324+0530] {processor.py:183} INFO - Processing /Users/piyush.dixit/Desktop/airflow-env/lib/python3.9/site-packages/airflow/example_dags/example_sensor_decorator.py took 0.341 seconds
