[2025-08-08T19:35:43.801+0530] {processor.py:161} INFO - Started process (PID=76919) to work on /Users/piyush.dixit/Desktop/airflow-env/lib/python3.9/site-packages/airflow/example_dags/example_latest_only_with_trigger.py
[2025-08-08T19:35:43.804+0530] {processor.py:830} INFO - Processing file /Users/piyush.dixit/Desktop/airflow-env/lib/python3.9/site-packages/airflow/example_dags/example_latest_only_with_trigger.py for tasks to queue
[2025-08-08T19:35:43.805+0530] {logging_mixin.py:188} INFO - [2025-08-08T19:35:43.805+0530] {dagbag.py:545} INFO - Filling up the DagBag from /Users/piyush.dixit/Desktop/airflow-env/lib/python3.9/site-packages/airflow/example_dags/example_latest_only_with_trigger.py
[2025-08-08T19:35:43.816+0530] {processor.py:840} INFO - DAG(s) 'latest_only_with_trigger' retrieved from /Users/piyush.dixit/Desktop/airflow-env/lib/python3.9/site-packages/airflow/example_dags/example_latest_only_with_trigger.py
[2025-08-08T19:35:44.049+0530] {logging_mixin.py:188} INFO - [2025-08-08T19:35:44.049+0530] {dag.py:3096} INFO - Sync 1 DAGs
[2025-08-08T19:35:44.068+0530] {logging_mixin.py:188} INFO - [2025-08-08T19:35:44.068+0530] {dag.py:3954} INFO - Setting next_dagrun for latest_only_with_trigger to 2025-08-08 08:00:00+00:00, run_after=2025-08-08 12:00:00+00:00
[2025-08-08T19:35:44.084+0530] {processor.py:183} INFO - Processing /Users/piyush.dixit/Desktop/airflow-env/lib/python3.9/site-packages/airflow/example_dags/example_latest_only_with_trigger.py took 0.286 seconds
[2025-08-08T19:38:03.589+0530] {processor.py:161} INFO - Started process (PID=77006) to work on /Users/piyush.dixit/Desktop/airflow-env/lib/python3.9/site-packages/airflow/example_dags/example_latest_only_with_trigger.py
[2025-08-08T19:38:03.592+0530] {processor.py:830} INFO - Processing file /Users/piyush.dixit/Desktop/airflow-env/lib/python3.9/site-packages/airflow/example_dags/example_latest_only_with_trigger.py for tasks to queue
[2025-08-08T19:38:03.593+0530] {logging_mixin.py:188} INFO - [2025-08-08T19:38:03.592+0530] {dagbag.py:545} INFO - Filling up the DagBag from /Users/piyush.dixit/Desktop/airflow-env/lib/python3.9/site-packages/airflow/example_dags/example_latest_only_with_trigger.py
[2025-08-08T19:38:03.603+0530] {processor.py:840} INFO - DAG(s) 'latest_only_with_trigger' retrieved from /Users/piyush.dixit/Desktop/airflow-env/lib/python3.9/site-packages/airflow/example_dags/example_latest_only_with_trigger.py
[2025-08-08T19:38:03.697+0530] {logging_mixin.py:188} INFO - [2025-08-08T19:38:03.697+0530] {dag.py:3096} INFO - Sync 1 DAGs
[2025-08-08T19:38:03.714+0530] {logging_mixin.py:188} INFO - [2025-08-08T19:38:03.713+0530] {dag.py:3954} INFO - Setting next_dagrun for latest_only_with_trigger to 2025-08-08 08:00:00+00:00, run_after=2025-08-08 12:00:00+00:00
[2025-08-08T19:38:03.773+0530] {processor.py:183} INFO - Processing /Users/piyush.dixit/Desktop/airflow-env/lib/python3.9/site-packages/airflow/example_dags/example_latest_only_with_trigger.py took 0.187 seconds
[2025-08-08T19:41:29.771+0530] {processor.py:161} INFO - Started process (PID=77136) to work on /Users/piyush.dixit/Desktop/airflow-env/lib/python3.9/site-packages/airflow/example_dags/example_latest_only_with_trigger.py
[2025-08-08T19:41:29.775+0530] {processor.py:830} INFO - Processing file /Users/piyush.dixit/Desktop/airflow-env/lib/python3.9/site-packages/airflow/example_dags/example_latest_only_with_trigger.py for tasks to queue
[2025-08-08T19:41:29.776+0530] {logging_mixin.py:188} INFO - [2025-08-08T19:41:29.775+0530] {dagbag.py:545} INFO - Filling up the DagBag from /Users/piyush.dixit/Desktop/airflow-env/lib/python3.9/site-packages/airflow/example_dags/example_latest_only_with_trigger.py
[2025-08-08T19:41:29.786+0530] {processor.py:840} INFO - DAG(s) 'latest_only_with_trigger' retrieved from /Users/piyush.dixit/Desktop/airflow-env/lib/python3.9/site-packages/airflow/example_dags/example_latest_only_with_trigger.py
[2025-08-08T19:41:29.879+0530] {logging_mixin.py:188} INFO - [2025-08-08T19:41:29.879+0530] {dag.py:3096} INFO - Sync 1 DAGs
[2025-08-08T19:41:29.896+0530] {logging_mixin.py:188} INFO - [2025-08-08T19:41:29.896+0530] {dag.py:3954} INFO - Setting next_dagrun for latest_only_with_trigger to 2025-08-08 08:00:00+00:00, run_after=2025-08-08 12:00:00+00:00
[2025-08-08T19:41:29.952+0530] {processor.py:183} INFO - Processing /Users/piyush.dixit/Desktop/airflow-env/lib/python3.9/site-packages/airflow/example_dags/example_latest_only_with_trigger.py took 0.185 seconds
[2025-08-08T19:51:53.378+0530] {processor.py:161} INFO - Started process (PID=77370) to work on /Users/piyush.dixit/Desktop/airflow-env/lib/python3.9/site-packages/airflow/example_dags/example_latest_only_with_trigger.py
[2025-08-08T19:51:53.381+0530] {processor.py:830} INFO - Processing file /Users/piyush.dixit/Desktop/airflow-env/lib/python3.9/site-packages/airflow/example_dags/example_latest_only_with_trigger.py for tasks to queue
[2025-08-08T19:51:53.382+0530] {logging_mixin.py:188} INFO - [2025-08-08T19:51:53.382+0530] {dagbag.py:545} INFO - Filling up the DagBag from /Users/piyush.dixit/Desktop/airflow-env/lib/python3.9/site-packages/airflow/example_dags/example_latest_only_with_trigger.py
[2025-08-08T19:51:53.392+0530] {processor.py:840} INFO - DAG(s) 'latest_only_with_trigger' retrieved from /Users/piyush.dixit/Desktop/airflow-env/lib/python3.9/site-packages/airflow/example_dags/example_latest_only_with_trigger.py
[2025-08-08T19:51:53.481+0530] {logging_mixin.py:188} INFO - [2025-08-08T19:51:53.480+0530] {dag.py:3096} INFO - Sync 1 DAGs
[2025-08-08T19:51:53.496+0530] {logging_mixin.py:188} INFO - [2025-08-08T19:51:53.496+0530] {dag.py:3954} INFO - Setting next_dagrun for latest_only_with_trigger to 2025-08-08 08:00:00+00:00, run_after=2025-08-08 12:00:00+00:00
[2025-08-08T19:51:53.547+0530] {processor.py:183} INFO - Processing /Users/piyush.dixit/Desktop/airflow-env/lib/python3.9/site-packages/airflow/example_dags/example_latest_only_with_trigger.py took 0.173 seconds
[2025-08-08T20:15:38.642+0530] {processor.py:161} INFO - Started process (PID=77532) to work on /Users/piyush.dixit/Desktop/airflow-env/lib/python3.9/site-packages/airflow/example_dags/example_latest_only_with_trigger.py
[2025-08-08T20:15:38.646+0530] {processor.py:830} INFO - Processing file /Users/piyush.dixit/Desktop/airflow-env/lib/python3.9/site-packages/airflow/example_dags/example_latest_only_with_trigger.py for tasks to queue
[2025-08-08T20:15:38.647+0530] {logging_mixin.py:188} INFO - [2025-08-08T20:15:38.647+0530] {dagbag.py:545} INFO - Filling up the DagBag from /Users/piyush.dixit/Desktop/airflow-env/lib/python3.9/site-packages/airflow/example_dags/example_latest_only_with_trigger.py
[2025-08-08T20:15:38.658+0530] {processor.py:840} INFO - DAG(s) 'latest_only_with_trigger' retrieved from /Users/piyush.dixit/Desktop/airflow-env/lib/python3.9/site-packages/airflow/example_dags/example_latest_only_with_trigger.py
[2025-08-08T20:15:38.761+0530] {logging_mixin.py:188} INFO - [2025-08-08T20:15:38.760+0530] {dag.py:3096} INFO - Sync 1 DAGs
[2025-08-08T20:15:38.780+0530] {logging_mixin.py:188} INFO - [2025-08-08T20:15:38.780+0530] {dag.py:3954} INFO - Setting next_dagrun for latest_only_with_trigger to 2025-08-08 08:00:00+00:00, run_after=2025-08-08 12:00:00+00:00
[2025-08-08T20:15:38.840+0530] {processor.py:183} INFO - Processing /Users/piyush.dixit/Desktop/airflow-env/lib/python3.9/site-packages/airflow/example_dags/example_latest_only_with_trigger.py took 0.202 seconds
[2025-08-08T20:24:57.289+0530] {processor.py:161} INFO - Started process (PID=78196) to work on /Users/piyush.dixit/Desktop/airflow-env/lib/python3.9/site-packages/airflow/example_dags/example_latest_only_with_trigger.py
[2025-08-08T20:24:57.293+0530] {processor.py:830} INFO - Processing file /Users/piyush.dixit/Desktop/airflow-env/lib/python3.9/site-packages/airflow/example_dags/example_latest_only_with_trigger.py for tasks to queue
[2025-08-08T20:24:57.294+0530] {logging_mixin.py:188} INFO - [2025-08-08T20:24:57.293+0530] {dagbag.py:545} INFO - Filling up the DagBag from /Users/piyush.dixit/Desktop/airflow-env/lib/python3.9/site-packages/airflow/example_dags/example_latest_only_with_trigger.py
[2025-08-08T20:24:57.305+0530] {processor.py:840} INFO - DAG(s) 'latest_only_with_trigger' retrieved from /Users/piyush.dixit/Desktop/airflow-env/lib/python3.9/site-packages/airflow/example_dags/example_latest_only_with_trigger.py
[2025-08-08T20:24:57.555+0530] {logging_mixin.py:188} INFO - [2025-08-08T20:24:57.555+0530] {dag.py:3096} INFO - Sync 1 DAGs
[2025-08-08T20:24:57.576+0530] {logging_mixin.py:188} INFO - [2025-08-08T20:24:57.576+0530] {dag.py:3954} INFO - Setting next_dagrun for latest_only_with_trigger to 2025-08-08 08:00:00+00:00, run_after=2025-08-08 12:00:00+00:00
[2025-08-08T20:24:57.595+0530] {processor.py:183} INFO - Processing /Users/piyush.dixit/Desktop/airflow-env/lib/python3.9/site-packages/airflow/example_dags/example_latest_only_with_trigger.py took 0.310 seconds
