[2025-08-08T19:35:04.284+0530] {processor.py:161} INFO - Started process (PID=76898) to work on /Users/piyush.dixit/Desktop/airflow-env/lib/python3.9/site-packages/airflow/example_dags/example_skip_dag.py
[2025-08-08T19:35:04.287+0530] {processor.py:830} INFO - Processing file /Users/piyush.dixit/Desktop/airflow-env/lib/python3.9/site-packages/airflow/example_dags/example_skip_dag.py for tasks to queue
[2025-08-08T19:35:04.288+0530] {logging_mixin.py:188} INFO - [2025-08-08T19:35:04.288+0530] {dagbag.py:545} INFO - Filling up the DagBag from /Users/piyush.dixit/Desktop/airflow-env/lib/python3.9/site-packages/airflow/example_dags/example_skip_dag.py
[2025-08-08T19:35:04.300+0530] {processor.py:840} INFO - DAG(s) 'example_skip_dag' retrieved from /Users/piyush.dixit/Desktop/airflow-env/lib/python3.9/site-packages/airflow/example_dags/example_skip_dag.py
[2025-08-08T19:35:04.547+0530] {logging_mixin.py:188} INFO - [2025-08-08T19:35:04.547+0530] {dag.py:3096} INFO - Sync 1 DAGs
[2025-08-08T19:35:04.567+0530] {logging_mixin.py:188} INFO - [2025-08-08T19:35:04.567+0530] {dag.py:3954} INFO - Setting next_dagrun for example_skip_dag to 2025-08-07 00:00:00+00:00, run_after=2025-08-08 00:00:00+00:00
[2025-08-08T19:35:04.590+0530] {processor.py:183} INFO - Processing /Users/piyush.dixit/Desktop/airflow-env/lib/python3.9/site-packages/airflow/example_dags/example_skip_dag.py took 0.309 seconds
[2025-08-08T19:37:24.983+0530] {processor.py:161} INFO - Started process (PID=76980) to work on /Users/piyush.dixit/Desktop/airflow-env/lib/python3.9/site-packages/airflow/example_dags/example_skip_dag.py
[2025-08-08T19:37:25.007+0530] {processor.py:830} INFO - Processing file /Users/piyush.dixit/Desktop/airflow-env/lib/python3.9/site-packages/airflow/example_dags/example_skip_dag.py for tasks to queue
[2025-08-08T19:37:25.008+0530] {logging_mixin.py:188} INFO - [2025-08-08T19:37:25.008+0530] {dagbag.py:545} INFO - Filling up the DagBag from /Users/piyush.dixit/Desktop/airflow-env/lib/python3.9/site-packages/airflow/example_dags/example_skip_dag.py
[2025-08-08T19:37:25.018+0530] {processor.py:840} INFO - DAG(s) 'example_skip_dag' retrieved from /Users/piyush.dixit/Desktop/airflow-env/lib/python3.9/site-packages/airflow/example_dags/example_skip_dag.py
[2025-08-08T19:37:25.118+0530] {logging_mixin.py:188} INFO - [2025-08-08T19:37:25.117+0530] {dag.py:3096} INFO - Sync 1 DAGs
[2025-08-08T19:37:25.135+0530] {logging_mixin.py:188} INFO - [2025-08-08T19:37:25.134+0530] {dag.py:3954} INFO - Setting next_dagrun for example_skip_dag to 2025-08-07 00:00:00+00:00, run_after=2025-08-08 00:00:00+00:00
[2025-08-08T19:37:25.193+0530] {processor.py:183} INFO - Processing /Users/piyush.dixit/Desktop/airflow-env/lib/python3.9/site-packages/airflow/example_dags/example_skip_dag.py took 0.214 seconds
[2025-08-08T19:39:06.269+0530] {processor.py:161} INFO - Started process (PID=77046) to work on /Users/piyush.dixit/Desktop/airflow-env/lib/python3.9/site-packages/airflow/example_dags/example_skip_dag.py
[2025-08-08T19:39:06.271+0530] {processor.py:830} INFO - Processing file /Users/piyush.dixit/Desktop/airflow-env/lib/python3.9/site-packages/airflow/example_dags/example_skip_dag.py for tasks to queue
[2025-08-08T19:39:06.272+0530] {logging_mixin.py:188} INFO - [2025-08-08T19:39:06.272+0530] {dagbag.py:545} INFO - Filling up the DagBag from /Users/piyush.dixit/Desktop/airflow-env/lib/python3.9/site-packages/airflow/example_dags/example_skip_dag.py
[2025-08-08T19:39:06.282+0530] {processor.py:840} INFO - DAG(s) 'example_skip_dag' retrieved from /Users/piyush.dixit/Desktop/airflow-env/lib/python3.9/site-packages/airflow/example_dags/example_skip_dag.py
[2025-08-08T19:39:06.378+0530] {logging_mixin.py:188} INFO - [2025-08-08T19:39:06.378+0530] {dag.py:3096} INFO - Sync 1 DAGs
[2025-08-08T19:39:06.394+0530] {logging_mixin.py:188} INFO - [2025-08-08T19:39:06.394+0530] {dag.py:3954} INFO - Setting next_dagrun for example_skip_dag to 2025-08-07 00:00:00+00:00, run_after=2025-08-08 00:00:00+00:00
[2025-08-08T19:39:06.454+0530] {processor.py:183} INFO - Processing /Users/piyush.dixit/Desktop/airflow-env/lib/python3.9/site-packages/airflow/example_dags/example_skip_dag.py took 0.189 seconds
[2025-08-08T19:40:52.116+0530] {processor.py:161} INFO - Started process (PID=77114) to work on /Users/piyush.dixit/Desktop/airflow-env/lib/python3.9/site-packages/airflow/example_dags/example_skip_dag.py
[2025-08-08T19:40:52.119+0530] {processor.py:830} INFO - Processing file /Users/piyush.dixit/Desktop/airflow-env/lib/python3.9/site-packages/airflow/example_dags/example_skip_dag.py for tasks to queue
[2025-08-08T19:40:52.120+0530] {logging_mixin.py:188} INFO - [2025-08-08T19:40:52.120+0530] {dagbag.py:545} INFO - Filling up the DagBag from /Users/piyush.dixit/Desktop/airflow-env/lib/python3.9/site-packages/airflow/example_dags/example_skip_dag.py
[2025-08-08T19:40:52.131+0530] {processor.py:840} INFO - DAG(s) 'example_skip_dag' retrieved from /Users/piyush.dixit/Desktop/airflow-env/lib/python3.9/site-packages/airflow/example_dags/example_skip_dag.py
[2025-08-08T19:40:52.233+0530] {logging_mixin.py:188} INFO - [2025-08-08T19:40:52.233+0530] {dag.py:3096} INFO - Sync 1 DAGs
[2025-08-08T19:40:52.251+0530] {logging_mixin.py:188} INFO - [2025-08-08T19:40:52.250+0530] {dag.py:3954} INFO - Setting next_dagrun for example_skip_dag to 2025-08-07 00:00:00+00:00, run_after=2025-08-08 00:00:00+00:00
[2025-08-08T19:40:52.308+0530] {processor.py:183} INFO - Processing /Users/piyush.dixit/Desktop/airflow-env/lib/python3.9/site-packages/airflow/example_dags/example_skip_dag.py took 0.197 seconds
[2025-08-08T19:42:36.817+0530] {processor.py:161} INFO - Started process (PID=77186) to work on /Users/piyush.dixit/Desktop/airflow-env/lib/python3.9/site-packages/airflow/example_dags/example_skip_dag.py
[2025-08-08T19:42:36.820+0530] {processor.py:830} INFO - Processing file /Users/piyush.dixit/Desktop/airflow-env/lib/python3.9/site-packages/airflow/example_dags/example_skip_dag.py for tasks to queue
[2025-08-08T19:42:36.821+0530] {logging_mixin.py:188} INFO - [2025-08-08T19:42:36.821+0530] {dagbag.py:545} INFO - Filling up the DagBag from /Users/piyush.dixit/Desktop/airflow-env/lib/python3.9/site-packages/airflow/example_dags/example_skip_dag.py
[2025-08-08T19:42:36.831+0530] {processor.py:840} INFO - DAG(s) 'example_skip_dag' retrieved from /Users/piyush.dixit/Desktop/airflow-env/lib/python3.9/site-packages/airflow/example_dags/example_skip_dag.py
[2025-08-08T19:42:36.928+0530] {logging_mixin.py:188} INFO - [2025-08-08T19:42:36.928+0530] {dag.py:3096} INFO - Sync 1 DAGs
[2025-08-08T19:42:36.944+0530] {logging_mixin.py:188} INFO - [2025-08-08T19:42:36.944+0530] {dag.py:3954} INFO - Setting next_dagrun for example_skip_dag to 2025-08-07 00:00:00+00:00, run_after=2025-08-08 00:00:00+00:00
[2025-08-08T19:42:37.001+0530] {processor.py:183} INFO - Processing /Users/piyush.dixit/Desktop/airflow-env/lib/python3.9/site-packages/airflow/example_dags/example_skip_dag.py took 0.188 seconds
[2025-08-08T19:44:22.618+0530] {processor.py:161} INFO - Started process (PID=77314) to work on /Users/piyush.dixit/Desktop/airflow-env/lib/python3.9/site-packages/airflow/example_dags/example_skip_dag.py
[2025-08-08T19:44:22.621+0530] {processor.py:830} INFO - Processing file /Users/piyush.dixit/Desktop/airflow-env/lib/python3.9/site-packages/airflow/example_dags/example_skip_dag.py for tasks to queue
[2025-08-08T19:44:22.623+0530] {logging_mixin.py:188} INFO - [2025-08-08T19:44:22.623+0530] {dagbag.py:545} INFO - Filling up the DagBag from /Users/piyush.dixit/Desktop/airflow-env/lib/python3.9/site-packages/airflow/example_dags/example_skip_dag.py
[2025-08-08T19:44:22.636+0530] {processor.py:840} INFO - DAG(s) 'example_skip_dag' retrieved from /Users/piyush.dixit/Desktop/airflow-env/lib/python3.9/site-packages/airflow/example_dags/example_skip_dag.py
[2025-08-08T19:44:22.775+0530] {logging_mixin.py:188} INFO - [2025-08-08T19:44:22.774+0530] {dag.py:3096} INFO - Sync 1 DAGs
[2025-08-08T19:44:22.799+0530] {logging_mixin.py:188} INFO - [2025-08-08T19:44:22.799+0530] {dag.py:3954} INFO - Setting next_dagrun for example_skip_dag to 2025-08-07 00:00:00+00:00, run_after=2025-08-08 00:00:00+00:00
[2025-08-08T19:44:22.905+0530] {processor.py:183} INFO - Processing /Users/piyush.dixit/Desktop/airflow-env/lib/python3.9/site-packages/airflow/example_dags/example_skip_dag.py took 0.292 seconds
[2025-08-08T20:14:59.112+0530] {processor.py:161} INFO - Started process (PID=77517) to work on /Users/piyush.dixit/Desktop/airflow-env/lib/python3.9/site-packages/airflow/example_dags/example_skip_dag.py
[2025-08-08T20:14:59.118+0530] {processor.py:830} INFO - Processing file /Users/piyush.dixit/Desktop/airflow-env/lib/python3.9/site-packages/airflow/example_dags/example_skip_dag.py for tasks to queue
[2025-08-08T20:14:59.119+0530] {logging_mixin.py:188} INFO - [2025-08-08T20:14:59.119+0530] {dagbag.py:545} INFO - Filling up the DagBag from /Users/piyush.dixit/Desktop/airflow-env/lib/python3.9/site-packages/airflow/example_dags/example_skip_dag.py
[2025-08-08T20:14:59.133+0530] {processor.py:840} INFO - DAG(s) 'example_skip_dag' retrieved from /Users/piyush.dixit/Desktop/airflow-env/lib/python3.9/site-packages/airflow/example_dags/example_skip_dag.py
[2025-08-08T20:14:59.249+0530] {logging_mixin.py:188} INFO - [2025-08-08T20:14:59.249+0530] {dag.py:3096} INFO - Sync 1 DAGs
[2025-08-08T20:14:59.267+0530] {logging_mixin.py:188} INFO - [2025-08-08T20:14:59.267+0530] {dag.py:3954} INFO - Setting next_dagrun for example_skip_dag to 2025-08-07 00:00:00+00:00, run_after=2025-08-08 00:00:00+00:00
[2025-08-08T20:14:59.328+0530] {processor.py:183} INFO - Processing /Users/piyush.dixit/Desktop/airflow-env/lib/python3.9/site-packages/airflow/example_dags/example_skip_dag.py took 0.222 seconds
[2025-08-08T20:17:13.607+0530] {processor.py:161} INFO - Started process (PID=77602) to work on /Users/piyush.dixit/Desktop/airflow-env/lib/python3.9/site-packages/airflow/example_dags/example_skip_dag.py
[2025-08-08T20:17:13.611+0530] {processor.py:830} INFO - Processing file /Users/piyush.dixit/Desktop/airflow-env/lib/python3.9/site-packages/airflow/example_dags/example_skip_dag.py for tasks to queue
[2025-08-08T20:17:13.611+0530] {logging_mixin.py:188} INFO - [2025-08-08T20:17:13.611+0530] {dagbag.py:545} INFO - Filling up the DagBag from /Users/piyush.dixit/Desktop/airflow-env/lib/python3.9/site-packages/airflow/example_dags/example_skip_dag.py
[2025-08-08T20:17:13.621+0530] {processor.py:840} INFO - DAG(s) 'example_skip_dag' retrieved from /Users/piyush.dixit/Desktop/airflow-env/lib/python3.9/site-packages/airflow/example_dags/example_skip_dag.py
[2025-08-08T20:17:13.727+0530] {logging_mixin.py:188} INFO - [2025-08-08T20:17:13.726+0530] {dag.py:3096} INFO - Sync 1 DAGs
[2025-08-08T20:17:13.747+0530] {logging_mixin.py:188} INFO - [2025-08-08T20:17:13.747+0530] {dag.py:3954} INFO - Setting next_dagrun for example_skip_dag to 2025-08-07 00:00:00+00:00, run_after=2025-08-08 00:00:00+00:00
[2025-08-08T20:17:13.809+0530] {processor.py:183} INFO - Processing /Users/piyush.dixit/Desktop/airflow-env/lib/python3.9/site-packages/airflow/example_dags/example_skip_dag.py took 0.206 seconds
[2025-08-08T20:24:13.351+0530] {processor.py:161} INFO - Started process (PID=78159) to work on /Users/piyush.dixit/Desktop/airflow-env/lib/python3.9/site-packages/airflow/example_dags/example_skip_dag.py
[2025-08-08T20:24:13.355+0530] {processor.py:830} INFO - Processing file /Users/piyush.dixit/Desktop/airflow-env/lib/python3.9/site-packages/airflow/example_dags/example_skip_dag.py for tasks to queue
[2025-08-08T20:24:13.356+0530] {logging_mixin.py:188} INFO - [2025-08-08T20:24:13.356+0530] {dagbag.py:545} INFO - Filling up the DagBag from /Users/piyush.dixit/Desktop/airflow-env/lib/python3.9/site-packages/airflow/example_dags/example_skip_dag.py
[2025-08-08T20:24:13.367+0530] {processor.py:840} INFO - DAG(s) 'example_skip_dag' retrieved from /Users/piyush.dixit/Desktop/airflow-env/lib/python3.9/site-packages/airflow/example_dags/example_skip_dag.py
[2025-08-08T20:24:13.635+0530] {logging_mixin.py:188} INFO - [2025-08-08T20:24:13.634+0530] {dag.py:3096} INFO - Sync 1 DAGs
[2025-08-08T20:24:13.660+0530] {logging_mixin.py:188} INFO - [2025-08-08T20:24:13.659+0530] {dag.py:3954} INFO - Setting next_dagrun for example_skip_dag to 2025-08-07 00:00:00+00:00, run_after=2025-08-08 00:00:00+00:00
[2025-08-08T20:24:13.684+0530] {processor.py:183} INFO - Processing /Users/piyush.dixit/Desktop/airflow-env/lib/python3.9/site-packages/airflow/example_dags/example_skip_dag.py took 0.336 seconds
