[2025-08-08T19:35:09.966+0530] {processor.py:161} INFO - Started process (PID=76900) to work on /Users/piyush.dixit/Desktop/airflow-env/lib/python3.9/site-packages/airflow/example_dags/example_short_circuit_decorator.py
[2025-08-08T19:35:09.969+0530] {processor.py:830} INFO - Processing file /Users/piyush.dixit/Desktop/airflow-env/lib/python3.9/site-packages/airflow/example_dags/example_short_circuit_decorator.py for tasks to queue
[2025-08-08T19:35:09.969+0530] {logging_mixin.py:188} INFO - [2025-08-08T19:35:09.969+0530] {dagbag.py:545} INFO - Filling up the DagBag from /Users/piyush.dixit/Desktop/airflow-env/lib/python3.9/site-packages/airflow/example_dags/example_short_circuit_decorator.py
[2025-08-08T19:35:10.019+0530] {processor.py:840} INFO - DAG(s) 'example_short_circuit_decorator' retrieved from /Users/piyush.dixit/Desktop/airflow-env/lib/python3.9/site-packages/airflow/example_dags/example_short_circuit_decorator.py
[2025-08-08T19:35:10.263+0530] {logging_mixin.py:188} INFO - [2025-08-08T19:35:10.262+0530] {dag.py:3096} INFO - Sync 1 DAGs
[2025-08-08T19:35:10.282+0530] {logging_mixin.py:188} INFO - [2025-08-08T19:35:10.282+0530] {dag.py:3954} INFO - Setting next_dagrun for example_short_circuit_decorator to 2025-08-07 00:00:00+00:00, run_after=2025-08-08 00:00:00+00:00
[2025-08-08T19:35:10.299+0530] {processor.py:183} INFO - Processing /Users/piyush.dixit/Desktop/airflow-env/lib/python3.9/site-packages/airflow/example_dags/example_short_circuit_decorator.py took 0.337 seconds
[2025-08-08T19:37:30.420+0530] {processor.py:161} INFO - Started process (PID=76982) to work on /Users/piyush.dixit/Desktop/airflow-env/lib/python3.9/site-packages/airflow/example_dags/example_short_circuit_decorator.py
[2025-08-08T19:37:30.423+0530] {processor.py:830} INFO - Processing file /Users/piyush.dixit/Desktop/airflow-env/lib/python3.9/site-packages/airflow/example_dags/example_short_circuit_decorator.py for tasks to queue
[2025-08-08T19:37:30.423+0530] {logging_mixin.py:188} INFO - [2025-08-08T19:37:30.423+0530] {dagbag.py:545} INFO - Filling up the DagBag from /Users/piyush.dixit/Desktop/airflow-env/lib/python3.9/site-packages/airflow/example_dags/example_short_circuit_decorator.py
[2025-08-08T19:37:30.472+0530] {processor.py:840} INFO - DAG(s) 'example_short_circuit_decorator' retrieved from /Users/piyush.dixit/Desktop/airflow-env/lib/python3.9/site-packages/airflow/example_dags/example_short_circuit_decorator.py
[2025-08-08T19:37:30.607+0530] {logging_mixin.py:188} INFO - [2025-08-08T19:37:30.607+0530] {dag.py:3096} INFO - Sync 1 DAGs
[2025-08-08T19:37:30.629+0530] {logging_mixin.py:188} INFO - [2025-08-08T19:37:30.629+0530] {dag.py:3954} INFO - Setting next_dagrun for example_short_circuit_decorator to 2025-08-07 00:00:00+00:00, run_after=2025-08-08 00:00:00+00:00
[2025-08-08T19:37:30.649+0530] {processor.py:183} INFO - Processing /Users/piyush.dixit/Desktop/airflow-env/lib/python3.9/site-packages/airflow/example_dags/example_short_circuit_decorator.py took 0.233 seconds
[2025-08-08T19:39:11.640+0530] {processor.py:161} INFO - Started process (PID=77049) to work on /Users/piyush.dixit/Desktop/airflow-env/lib/python3.9/site-packages/airflow/example_dags/example_short_circuit_decorator.py
[2025-08-08T19:39:11.643+0530] {processor.py:830} INFO - Processing file /Users/piyush.dixit/Desktop/airflow-env/lib/python3.9/site-packages/airflow/example_dags/example_short_circuit_decorator.py for tasks to queue
[2025-08-08T19:39:11.644+0530] {logging_mixin.py:188} INFO - [2025-08-08T19:39:11.644+0530] {dagbag.py:545} INFO - Filling up the DagBag from /Users/piyush.dixit/Desktop/airflow-env/lib/python3.9/site-packages/airflow/example_dags/example_short_circuit_decorator.py
[2025-08-08T19:39:11.692+0530] {processor.py:840} INFO - DAG(s) 'example_short_circuit_decorator' retrieved from /Users/piyush.dixit/Desktop/airflow-env/lib/python3.9/site-packages/airflow/example_dags/example_short_circuit_decorator.py
[2025-08-08T19:39:11.825+0530] {logging_mixin.py:188} INFO - [2025-08-08T19:39:11.825+0530] {dag.py:3096} INFO - Sync 1 DAGs
[2025-08-08T19:39:11.847+0530] {logging_mixin.py:188} INFO - [2025-08-08T19:39:11.847+0530] {dag.py:3954} INFO - Setting next_dagrun for example_short_circuit_decorator to 2025-08-07 00:00:00+00:00, run_after=2025-08-08 00:00:00+00:00
[2025-08-08T19:39:11.867+0530] {processor.py:183} INFO - Processing /Users/piyush.dixit/Desktop/airflow-env/lib/python3.9/site-packages/airflow/example_dags/example_short_circuit_decorator.py took 0.230 seconds
[2025-08-08T19:40:57.546+0530] {processor.py:161} INFO - Started process (PID=77123) to work on /Users/piyush.dixit/Desktop/airflow-env/lib/python3.9/site-packages/airflow/example_dags/example_short_circuit_decorator.py
[2025-08-08T19:40:57.549+0530] {processor.py:830} INFO - Processing file /Users/piyush.dixit/Desktop/airflow-env/lib/python3.9/site-packages/airflow/example_dags/example_short_circuit_decorator.py for tasks to queue
[2025-08-08T19:40:57.550+0530] {logging_mixin.py:188} INFO - [2025-08-08T19:40:57.550+0530] {dagbag.py:545} INFO - Filling up the DagBag from /Users/piyush.dixit/Desktop/airflow-env/lib/python3.9/site-packages/airflow/example_dags/example_short_circuit_decorator.py
[2025-08-08T19:40:57.598+0530] {processor.py:840} INFO - DAG(s) 'example_short_circuit_decorator' retrieved from /Users/piyush.dixit/Desktop/airflow-env/lib/python3.9/site-packages/airflow/example_dags/example_short_circuit_decorator.py
[2025-08-08T19:40:57.729+0530] {logging_mixin.py:188} INFO - [2025-08-08T19:40:57.728+0530] {dag.py:3096} INFO - Sync 1 DAGs
[2025-08-08T19:40:57.751+0530] {logging_mixin.py:188} INFO - [2025-08-08T19:40:57.751+0530] {dag.py:3954} INFO - Setting next_dagrun for example_short_circuit_decorator to 2025-08-07 00:00:00+00:00, run_after=2025-08-08 00:00:00+00:00
[2025-08-08T19:40:57.770+0530] {processor.py:183} INFO - Processing /Users/piyush.dixit/Desktop/airflow-env/lib/python3.9/site-packages/airflow/example_dags/example_short_circuit_decorator.py took 0.227 seconds
[2025-08-08T19:42:42.313+0530] {processor.py:161} INFO - Started process (PID=77242) to work on /Users/piyush.dixit/Desktop/airflow-env/lib/python3.9/site-packages/airflow/example_dags/example_short_circuit_decorator.py
[2025-08-08T19:42:42.316+0530] {processor.py:830} INFO - Processing file /Users/piyush.dixit/Desktop/airflow-env/lib/python3.9/site-packages/airflow/example_dags/example_short_circuit_decorator.py for tasks to queue
[2025-08-08T19:42:42.317+0530] {logging_mixin.py:188} INFO - [2025-08-08T19:42:42.317+0530] {dagbag.py:545} INFO - Filling up the DagBag from /Users/piyush.dixit/Desktop/airflow-env/lib/python3.9/site-packages/airflow/example_dags/example_short_circuit_decorator.py
[2025-08-08T19:42:42.364+0530] {processor.py:840} INFO - DAG(s) 'example_short_circuit_decorator' retrieved from /Users/piyush.dixit/Desktop/airflow-env/lib/python3.9/site-packages/airflow/example_dags/example_short_circuit_decorator.py
[2025-08-08T19:42:42.497+0530] {logging_mixin.py:188} INFO - [2025-08-08T19:42:42.497+0530] {dag.py:3096} INFO - Sync 1 DAGs
[2025-08-08T19:42:42.519+0530] {logging_mixin.py:188} INFO - [2025-08-08T19:42:42.519+0530] {dag.py:3954} INFO - Setting next_dagrun for example_short_circuit_decorator to 2025-08-07 00:00:00+00:00, run_after=2025-08-08 00:00:00+00:00
[2025-08-08T19:42:42.539+0530] {processor.py:183} INFO - Processing /Users/piyush.dixit/Desktop/airflow-env/lib/python3.9/site-packages/airflow/example_dags/example_short_circuit_decorator.py took 0.229 seconds
[2025-08-08T19:44:29.066+0530] {processor.py:161} INFO - Started process (PID=77325) to work on /Users/piyush.dixit/Desktop/airflow-env/lib/python3.9/site-packages/airflow/example_dags/example_short_circuit_decorator.py
[2025-08-08T19:44:29.070+0530] {processor.py:830} INFO - Processing file /Users/piyush.dixit/Desktop/airflow-env/lib/python3.9/site-packages/airflow/example_dags/example_short_circuit_decorator.py for tasks to queue
[2025-08-08T19:44:29.071+0530] {logging_mixin.py:188} INFO - [2025-08-08T19:44:29.071+0530] {dagbag.py:545} INFO - Filling up the DagBag from /Users/piyush.dixit/Desktop/airflow-env/lib/python3.9/site-packages/airflow/example_dags/example_short_circuit_decorator.py
[2025-08-08T19:44:29.135+0530] {processor.py:840} INFO - DAG(s) 'example_short_circuit_decorator' retrieved from /Users/piyush.dixit/Desktop/airflow-env/lib/python3.9/site-packages/airflow/example_dags/example_short_circuit_decorator.py
[2025-08-08T19:44:29.316+0530] {logging_mixin.py:188} INFO - [2025-08-08T19:44:29.315+0530] {dag.py:3096} INFO - Sync 1 DAGs
[2025-08-08T19:44:29.342+0530] {logging_mixin.py:188} INFO - [2025-08-08T19:44:29.342+0530] {dag.py:3954} INFO - Setting next_dagrun for example_short_circuit_decorator to 2025-08-07 00:00:00+00:00, run_after=2025-08-08 00:00:00+00:00
[2025-08-08T19:44:29.364+0530] {processor.py:183} INFO - Processing /Users/piyush.dixit/Desktop/airflow-env/lib/python3.9/site-packages/airflow/example_dags/example_short_circuit_decorator.py took 0.302 seconds
[2025-08-08T20:15:04.330+0530] {processor.py:161} INFO - Started process (PID=77519) to work on /Users/piyush.dixit/Desktop/airflow-env/lib/python3.9/site-packages/airflow/example_dags/example_short_circuit_decorator.py
[2025-08-08T20:15:04.334+0530] {processor.py:830} INFO - Processing file /Users/piyush.dixit/Desktop/airflow-env/lib/python3.9/site-packages/airflow/example_dags/example_short_circuit_decorator.py for tasks to queue
[2025-08-08T20:15:04.335+0530] {logging_mixin.py:188} INFO - [2025-08-08T20:15:04.334+0530] {dagbag.py:545} INFO - Filling up the DagBag from /Users/piyush.dixit/Desktop/airflow-env/lib/python3.9/site-packages/airflow/example_dags/example_short_circuit_decorator.py
[2025-08-08T20:15:04.386+0530] {processor.py:840} INFO - DAG(s) 'example_short_circuit_decorator' retrieved from /Users/piyush.dixit/Desktop/airflow-env/lib/python3.9/site-packages/airflow/example_dags/example_short_circuit_decorator.py
[2025-08-08T20:15:04.544+0530] {logging_mixin.py:188} INFO - [2025-08-08T20:15:04.543+0530] {dag.py:3096} INFO - Sync 1 DAGs
[2025-08-08T20:15:04.571+0530] {logging_mixin.py:188} INFO - [2025-08-08T20:15:04.571+0530] {dag.py:3954} INFO - Setting next_dagrun for example_short_circuit_decorator to 2025-08-07 00:00:00+00:00, run_after=2025-08-08 00:00:00+00:00
[2025-08-08T20:15:04.593+0530] {processor.py:183} INFO - Processing /Users/piyush.dixit/Desktop/airflow-env/lib/python3.9/site-packages/airflow/example_dags/example_short_circuit_decorator.py took 0.268 seconds
[2025-08-08T20:17:19.816+0530] {processor.py:161} INFO - Started process (PID=77604) to work on /Users/piyush.dixit/Desktop/airflow-env/lib/python3.9/site-packages/airflow/example_dags/example_short_circuit_decorator.py
[2025-08-08T20:17:19.820+0530] {processor.py:830} INFO - Processing file /Users/piyush.dixit/Desktop/airflow-env/lib/python3.9/site-packages/airflow/example_dags/example_short_circuit_decorator.py for tasks to queue
[2025-08-08T20:17:19.821+0530] {logging_mixin.py:188} INFO - [2025-08-08T20:17:19.821+0530] {dagbag.py:545} INFO - Filling up the DagBag from /Users/piyush.dixit/Desktop/airflow-env/lib/python3.9/site-packages/airflow/example_dags/example_short_circuit_decorator.py
[2025-08-08T20:17:19.876+0530] {processor.py:840} INFO - DAG(s) 'example_short_circuit_decorator' retrieved from /Users/piyush.dixit/Desktop/airflow-env/lib/python3.9/site-packages/airflow/example_dags/example_short_circuit_decorator.py
[2025-08-08T20:17:20.041+0530] {logging_mixin.py:188} INFO - [2025-08-08T20:17:20.040+0530] {dag.py:3096} INFO - Sync 1 DAGs
[2025-08-08T20:17:20.066+0530] {logging_mixin.py:188} INFO - [2025-08-08T20:17:20.066+0530] {dag.py:3954} INFO - Setting next_dagrun for example_short_circuit_decorator to 2025-08-07 00:00:00+00:00, run_after=2025-08-08 00:00:00+00:00
[2025-08-08T20:17:20.087+0530] {processor.py:183} INFO - Processing /Users/piyush.dixit/Desktop/airflow-env/lib/python3.9/site-packages/airflow/example_dags/example_short_circuit_decorator.py took 0.276 seconds
[2025-08-08T20:24:19.806+0530] {processor.py:161} INFO - Started process (PID=78161) to work on /Users/piyush.dixit/Desktop/airflow-env/lib/python3.9/site-packages/airflow/example_dags/example_short_circuit_decorator.py
[2025-08-08T20:24:19.810+0530] {processor.py:830} INFO - Processing file /Users/piyush.dixit/Desktop/airflow-env/lib/python3.9/site-packages/airflow/example_dags/example_short_circuit_decorator.py for tasks to queue
[2025-08-08T20:24:19.811+0530] {logging_mixin.py:188} INFO - [2025-08-08T20:24:19.811+0530] {dagbag.py:545} INFO - Filling up the DagBag from /Users/piyush.dixit/Desktop/airflow-env/lib/python3.9/site-packages/airflow/example_dags/example_short_circuit_decorator.py
[2025-08-08T20:24:19.864+0530] {processor.py:840} INFO - DAG(s) 'example_short_circuit_decorator' retrieved from /Users/piyush.dixit/Desktop/airflow-env/lib/python3.9/site-packages/airflow/example_dags/example_short_circuit_decorator.py
[2025-08-08T20:24:20.123+0530] {logging_mixin.py:188} INFO - [2025-08-08T20:24:20.122+0530] {dag.py:3096} INFO - Sync 1 DAGs
[2025-08-08T20:24:20.143+0530] {logging_mixin.py:188} INFO - [2025-08-08T20:24:20.143+0530] {dag.py:3954} INFO - Setting next_dagrun for example_short_circuit_decorator to 2025-08-07 00:00:00+00:00, run_after=2025-08-08 00:00:00+00:00
[2025-08-08T20:24:20.162+0530] {processor.py:183} INFO - Processing /Users/piyush.dixit/Desktop/airflow-env/lib/python3.9/site-packages/airflow/example_dags/example_short_circuit_decorator.py took 0.361 seconds
