[2025-08-08T19:35:46.673+0530] {processor.py:161} INFO - Started process (PID=76923) to work on /Users/piyush.dixit/Desktop/airflow-env/lib/python3.9/site-packages/airflow/example_dags/example_latest_only.py
[2025-08-08T19:35:46.676+0530] {processor.py:830} INFO - Processing file /Users/piyush.dixit/Desktop/airflow-env/lib/python3.9/site-packages/airflow/example_dags/example_latest_only.py for tasks to queue
[2025-08-08T19:35:46.677+0530] {logging_mixin.py:188} INFO - [2025-08-08T19:35:46.677+0530] {dagbag.py:545} INFO - Filling up the DagBag from /Users/piyush.dixit/Desktop/airflow-env/lib/python3.9/site-packages/airflow/example_dags/example_latest_only.py
[2025-08-08T19:35:46.687+0530] {processor.py:840} INFO - DAG(s) 'latest_only' retrieved from /Users/piyush.dixit/Desktop/airflow-env/lib/python3.9/site-packages/airflow/example_dags/example_latest_only.py
[2025-08-08T19:35:46.922+0530] {logging_mixin.py:188} INFO - [2025-08-08T19:35:46.922+0530] {dag.py:3096} INFO - Sync 1 DAGs
[2025-08-08T19:35:46.941+0530] {logging_mixin.py:188} INFO - [2025-08-08T19:35:46.941+0530] {dag.py:3954} INFO - Setting next_dagrun for latest_only to 2025-08-08 08:00:00+00:00, run_after=2025-08-08 12:00:00+00:00
[2025-08-08T19:35:46.959+0530] {processor.py:183} INFO - Processing /Users/piyush.dixit/Desktop/airflow-env/lib/python3.9/site-packages/airflow/example_dags/example_latest_only.py took 0.290 seconds
[2025-08-08T19:38:05.577+0530] {processor.py:161} INFO - Started process (PID=77007) to work on /Users/piyush.dixit/Desktop/airflow-env/lib/python3.9/site-packages/airflow/example_dags/example_latest_only.py
[2025-08-08T19:38:05.580+0530] {processor.py:830} INFO - Processing file /Users/piyush.dixit/Desktop/airflow-env/lib/python3.9/site-packages/airflow/example_dags/example_latest_only.py for tasks to queue
[2025-08-08T19:38:05.581+0530] {logging_mixin.py:188} INFO - [2025-08-08T19:38:05.580+0530] {dagbag.py:545} INFO - Filling up the DagBag from /Users/piyush.dixit/Desktop/airflow-env/lib/python3.9/site-packages/airflow/example_dags/example_latest_only.py
[2025-08-08T19:38:05.591+0530] {processor.py:840} INFO - DAG(s) 'latest_only' retrieved from /Users/piyush.dixit/Desktop/airflow-env/lib/python3.9/site-packages/airflow/example_dags/example_latest_only.py
[2025-08-08T19:38:05.696+0530] {logging_mixin.py:188} INFO - [2025-08-08T19:38:05.696+0530] {dag.py:3096} INFO - Sync 1 DAGs
[2025-08-08T19:38:05.714+0530] {logging_mixin.py:188} INFO - [2025-08-08T19:38:05.714+0530] {dag.py:3954} INFO - Setting next_dagrun for latest_only to 2025-08-08 08:00:00+00:00, run_after=2025-08-08 12:00:00+00:00
[2025-08-08T19:38:05.773+0530] {processor.py:183} INFO - Processing /Users/piyush.dixit/Desktop/airflow-env/lib/python3.9/site-packages/airflow/example_dags/example_latest_only.py took 0.200 seconds
[2025-08-08T19:41:32.459+0530] {processor.py:161} INFO - Started process (PID=77137) to work on /Users/piyush.dixit/Desktop/airflow-env/lib/python3.9/site-packages/airflow/example_dags/example_latest_only.py
[2025-08-08T19:41:32.463+0530] {processor.py:830} INFO - Processing file /Users/piyush.dixit/Desktop/airflow-env/lib/python3.9/site-packages/airflow/example_dags/example_latest_only.py for tasks to queue
[2025-08-08T19:41:32.464+0530] {logging_mixin.py:188} INFO - [2025-08-08T19:41:32.464+0530] {dagbag.py:545} INFO - Filling up the DagBag from /Users/piyush.dixit/Desktop/airflow-env/lib/python3.9/site-packages/airflow/example_dags/example_latest_only.py
[2025-08-08T19:41:32.473+0530] {processor.py:840} INFO - DAG(s) 'latest_only' retrieved from /Users/piyush.dixit/Desktop/airflow-env/lib/python3.9/site-packages/airflow/example_dags/example_latest_only.py
[2025-08-08T19:41:32.566+0530] {logging_mixin.py:188} INFO - [2025-08-08T19:41:32.566+0530] {dag.py:3096} INFO - Sync 1 DAGs
[2025-08-08T19:41:32.582+0530] {logging_mixin.py:188} INFO - [2025-08-08T19:41:32.581+0530] {dag.py:3954} INFO - Setting next_dagrun for latest_only to 2025-08-08 08:00:00+00:00, run_after=2025-08-08 12:00:00+00:00
[2025-08-08T19:41:32.638+0530] {processor.py:183} INFO - Processing /Users/piyush.dixit/Desktop/airflow-env/lib/python3.9/site-packages/airflow/example_dags/example_latest_only.py took 0.182 seconds
[2025-08-08T19:51:56.043+0530] {processor.py:161} INFO - Started process (PID=77371) to work on /Users/piyush.dixit/Desktop/airflow-env/lib/python3.9/site-packages/airflow/example_dags/example_latest_only.py
[2025-08-08T19:51:56.048+0530] {processor.py:830} INFO - Processing file /Users/piyush.dixit/Desktop/airflow-env/lib/python3.9/site-packages/airflow/example_dags/example_latest_only.py for tasks to queue
[2025-08-08T19:51:56.048+0530] {logging_mixin.py:188} INFO - [2025-08-08T19:51:56.048+0530] {dagbag.py:545} INFO - Filling up the DagBag from /Users/piyush.dixit/Desktop/airflow-env/lib/python3.9/site-packages/airflow/example_dags/example_latest_only.py
[2025-08-08T19:51:56.057+0530] {processor.py:840} INFO - DAG(s) 'latest_only' retrieved from /Users/piyush.dixit/Desktop/airflow-env/lib/python3.9/site-packages/airflow/example_dags/example_latest_only.py
[2025-08-08T19:51:56.143+0530] {logging_mixin.py:188} INFO - [2025-08-08T19:51:56.142+0530] {dag.py:3096} INFO - Sync 1 DAGs
[2025-08-08T19:51:56.158+0530] {logging_mixin.py:188} INFO - [2025-08-08T19:51:56.158+0530] {dag.py:3954} INFO - Setting next_dagrun for latest_only to 2025-08-08 08:00:00+00:00, run_after=2025-08-08 12:00:00+00:00
[2025-08-08T19:51:56.212+0530] {processor.py:183} INFO - Processing /Users/piyush.dixit/Desktop/airflow-env/lib/python3.9/site-packages/airflow/example_dags/example_latest_only.py took 0.173 seconds
[2025-08-08T20:15:41.627+0530] {processor.py:161} INFO - Started process (PID=77533) to work on /Users/piyush.dixit/Desktop/airflow-env/lib/python3.9/site-packages/airflow/example_dags/example_latest_only.py
[2025-08-08T20:15:41.631+0530] {processor.py:830} INFO - Processing file /Users/piyush.dixit/Desktop/airflow-env/lib/python3.9/site-packages/airflow/example_dags/example_latest_only.py for tasks to queue
[2025-08-08T20:15:41.632+0530] {logging_mixin.py:188} INFO - [2025-08-08T20:15:41.632+0530] {dagbag.py:545} INFO - Filling up the DagBag from /Users/piyush.dixit/Desktop/airflow-env/lib/python3.9/site-packages/airflow/example_dags/example_latest_only.py
[2025-08-08T20:15:41.643+0530] {processor.py:840} INFO - DAG(s) 'latest_only' retrieved from /Users/piyush.dixit/Desktop/airflow-env/lib/python3.9/site-packages/airflow/example_dags/example_latest_only.py
[2025-08-08T20:15:41.741+0530] {logging_mixin.py:188} INFO - [2025-08-08T20:15:41.741+0530] {dag.py:3096} INFO - Sync 1 DAGs
[2025-08-08T20:15:41.759+0530] {logging_mixin.py:188} INFO - [2025-08-08T20:15:41.759+0530] {dag.py:3954} INFO - Setting next_dagrun for latest_only to 2025-08-08 08:00:00+00:00, run_after=2025-08-08 12:00:00+00:00
[2025-08-08T20:15:41.819+0530] {processor.py:183} INFO - Processing /Users/piyush.dixit/Desktop/airflow-env/lib/python3.9/site-packages/airflow/example_dags/example_latest_only.py took 0.196 seconds
[2025-08-08T20:25:00.316+0530] {processor.py:161} INFO - Started process (PID=78197) to work on /Users/piyush.dixit/Desktop/airflow-env/lib/python3.9/site-packages/airflow/example_dags/example_latest_only.py
[2025-08-08T20:25:00.319+0530] {processor.py:830} INFO - Processing file /Users/piyush.dixit/Desktop/airflow-env/lib/python3.9/site-packages/airflow/example_dags/example_latest_only.py for tasks to queue
[2025-08-08T20:25:00.320+0530] {logging_mixin.py:188} INFO - [2025-08-08T20:25:00.320+0530] {dagbag.py:545} INFO - Filling up the DagBag from /Users/piyush.dixit/Desktop/airflow-env/lib/python3.9/site-packages/airflow/example_dags/example_latest_only.py
[2025-08-08T20:25:00.330+0530] {processor.py:840} INFO - DAG(s) 'latest_only' retrieved from /Users/piyush.dixit/Desktop/airflow-env/lib/python3.9/site-packages/airflow/example_dags/example_latest_only.py
[2025-08-08T20:25:00.574+0530] {logging_mixin.py:188} INFO - [2025-08-08T20:25:00.574+0530] {dag.py:3096} INFO - Sync 1 DAGs
[2025-08-08T20:25:00.593+0530] {logging_mixin.py:188} INFO - [2025-08-08T20:25:00.593+0530] {dag.py:3954} INFO - Setting next_dagrun for latest_only to 2025-08-08 08:00:00+00:00, run_after=2025-08-08 12:00:00+00:00
[2025-08-08T20:25:00.612+0530] {processor.py:183} INFO - Processing /Users/piyush.dixit/Desktop/airflow-env/lib/python3.9/site-packages/airflow/example_dags/example_latest_only.py took 0.300 seconds
