[2025-08-08T19:36:06.628+0530] {processor.py:161} INFO - Started process (PID=76942) to work on /Users/piyush.dixit/Desktop/airflow-env/lib/python3.9/site-packages/airflow/example_dags/example_dag_decorator.py
[2025-08-08T19:36:06.631+0530] {processor.py:830} INFO - Processing file /Users/piyush.dixit/Desktop/airflow-env/lib/python3.9/site-packages/airflow/example_dags/example_dag_decorator.py for tasks to queue
[2025-08-08T19:36:06.632+0530] {logging_mixin.py:188} INFO - [2025-08-08T19:36:06.632+0530] {dagbag.py:545} INFO - Filling up the DagBag from /Users/piyush.dixit/Desktop/airflow-env/lib/python3.9/site-packages/airflow/example_dags/example_dag_decorator.py
[2025-08-08T19:36:06.887+0530] {processor.py:840} INFO - DAG(s) 'example_dag_decorator' retrieved from /Users/piyush.dixit/Desktop/airflow-env/lib/python3.9/site-packages/airflow/example_dags/example_dag_decorator.py
[2025-08-08T19:36:07.060+0530] {logging_mixin.py:188} INFO - [2025-08-08T19:36:07.060+0530] {dag.py:3096} INFO - Sync 1 DAGs
[2025-08-08T19:36:07.069+0530] {logging_mixin.py:188} INFO - [2025-08-08T19:36:07.068+0530] {dag.py:3954} INFO - Setting next_dagrun for example_dag_decorator to None, run_after=None
[2025-08-08T19:36:07.084+0530] {processor.py:183} INFO - Processing /Users/piyush.dixit/Desktop/airflow-env/lib/python3.9/site-packages/airflow/example_dags/example_dag_decorator.py took 0.459 seconds
[2025-08-08T19:39:35.183+0530] {processor.py:161} INFO - Started process (PID=77064) to work on /Users/piyush.dixit/Desktop/airflow-env/lib/python3.9/site-packages/airflow/example_dags/example_dag_decorator.py
[2025-08-08T19:39:35.187+0530] {processor.py:830} INFO - Processing file /Users/piyush.dixit/Desktop/airflow-env/lib/python3.9/site-packages/airflow/example_dags/example_dag_decorator.py for tasks to queue
[2025-08-08T19:39:35.188+0530] {logging_mixin.py:188} INFO - [2025-08-08T19:39:35.188+0530] {dagbag.py:545} INFO - Filling up the DagBag from /Users/piyush.dixit/Desktop/airflow-env/lib/python3.9/site-packages/airflow/example_dags/example_dag_decorator.py
[2025-08-08T19:39:35.429+0530] {processor.py:840} INFO - DAG(s) 'example_dag_decorator' retrieved from /Users/piyush.dixit/Desktop/airflow-env/lib/python3.9/site-packages/airflow/example_dags/example_dag_decorator.py
[2025-08-08T19:39:35.638+0530] {logging_mixin.py:188} INFO - [2025-08-08T19:39:35.638+0530] {dag.py:3096} INFO - Sync 1 DAGs
[2025-08-08T19:39:35.646+0530] {logging_mixin.py:188} INFO - [2025-08-08T19:39:35.646+0530] {dag.py:3954} INFO - Setting next_dagrun for example_dag_decorator to None, run_after=None
[2025-08-08T19:39:35.661+0530] {processor.py:183} INFO - Processing /Users/piyush.dixit/Desktop/airflow-env/lib/python3.9/site-packages/airflow/example_dags/example_dag_decorator.py took 0.481 seconds
[2025-08-08T19:43:06.879+0530] {processor.py:161} INFO - Started process (PID=77266) to work on /Users/piyush.dixit/Desktop/airflow-env/lib/python3.9/site-packages/airflow/example_dags/example_dag_decorator.py
[2025-08-08T19:43:06.882+0530] {processor.py:830} INFO - Processing file /Users/piyush.dixit/Desktop/airflow-env/lib/python3.9/site-packages/airflow/example_dags/example_dag_decorator.py for tasks to queue
[2025-08-08T19:43:06.882+0530] {logging_mixin.py:188} INFO - [2025-08-08T19:43:06.882+0530] {dagbag.py:545} INFO - Filling up the DagBag from /Users/piyush.dixit/Desktop/airflow-env/lib/python3.9/site-packages/airflow/example_dags/example_dag_decorator.py
[2025-08-08T19:43:07.091+0530] {processor.py:840} INFO - DAG(s) 'example_dag_decorator' retrieved from /Users/piyush.dixit/Desktop/airflow-env/lib/python3.9/site-packages/airflow/example_dags/example_dag_decorator.py
[2025-08-08T19:43:07.273+0530] {logging_mixin.py:188} INFO - [2025-08-08T19:43:07.273+0530] {dag.py:3096} INFO - Sync 1 DAGs
[2025-08-08T19:43:07.281+0530] {logging_mixin.py:188} INFO - [2025-08-08T19:43:07.281+0530] {dag.py:3954} INFO - Setting next_dagrun for example_dag_decorator to None, run_after=None
[2025-08-08T19:43:07.296+0530] {processor.py:183} INFO - Processing /Users/piyush.dixit/Desktop/airflow-env/lib/python3.9/site-packages/airflow/example_dags/example_dag_decorator.py took 0.421 seconds
[2025-08-08T20:15:49.835+0530] {processor.py:161} INFO - Started process (PID=77536) to work on /Users/piyush.dixit/Desktop/airflow-env/lib/python3.9/site-packages/airflow/example_dags/example_dag_decorator.py
[2025-08-08T20:15:49.839+0530] {processor.py:830} INFO - Processing file /Users/piyush.dixit/Desktop/airflow-env/lib/python3.9/site-packages/airflow/example_dags/example_dag_decorator.py for tasks to queue
[2025-08-08T20:15:49.840+0530] {logging_mixin.py:188} INFO - [2025-08-08T20:15:49.839+0530] {dagbag.py:545} INFO - Filling up the DagBag from /Users/piyush.dixit/Desktop/airflow-env/lib/python3.9/site-packages/airflow/example_dags/example_dag_decorator.py
[2025-08-08T20:15:50.118+0530] {processor.py:840} INFO - DAG(s) 'example_dag_decorator' retrieved from /Users/piyush.dixit/Desktop/airflow-env/lib/python3.9/site-packages/airflow/example_dags/example_dag_decorator.py
[2025-08-08T20:15:50.352+0530] {logging_mixin.py:188} INFO - [2025-08-08T20:15:50.352+0530] {dag.py:3096} INFO - Sync 1 DAGs
[2025-08-08T20:15:50.362+0530] {logging_mixin.py:188} INFO - [2025-08-08T20:15:50.362+0530] {dag.py:3954} INFO - Setting next_dagrun for example_dag_decorator to None, run_after=None
[2025-08-08T20:15:50.379+0530] {processor.py:183} INFO - Processing /Users/piyush.dixit/Desktop/airflow-env/lib/python3.9/site-packages/airflow/example_dags/example_dag_decorator.py took 0.549 seconds
[2025-08-08T20:25:21.350+0530] {processor.py:161} INFO - Started process (PID=78212) to work on /Users/piyush.dixit/Desktop/airflow-env/lib/python3.9/site-packages/airflow/example_dags/example_dag_decorator.py
[2025-08-08T20:25:21.354+0530] {processor.py:830} INFO - Processing file /Users/piyush.dixit/Desktop/airflow-env/lib/python3.9/site-packages/airflow/example_dags/example_dag_decorator.py for tasks to queue
[2025-08-08T20:25:21.354+0530] {logging_mixin.py:188} INFO - [2025-08-08T20:25:21.354+0530] {dagbag.py:545} INFO - Filling up the DagBag from /Users/piyush.dixit/Desktop/airflow-env/lib/python3.9/site-packages/airflow/example_dags/example_dag_decorator.py
[2025-08-08T20:25:21.609+0530] {processor.py:840} INFO - DAG(s) 'example_dag_decorator' retrieved from /Users/piyush.dixit/Desktop/airflow-env/lib/python3.9/site-packages/airflow/example_dags/example_dag_decorator.py
[2025-08-08T20:25:21.837+0530] {logging_mixin.py:188} INFO - [2025-08-08T20:25:21.837+0530] {dag.py:3096} INFO - Sync 1 DAGs
[2025-08-08T20:25:21.849+0530] {logging_mixin.py:188} INFO - [2025-08-08T20:25:21.848+0530] {dag.py:3954} INFO - Setting next_dagrun for example_dag_decorator to None, run_after=None
[2025-08-08T20:25:21.869+0530] {processor.py:183} INFO - Processing /Users/piyush.dixit/Desktop/airflow-env/lib/python3.9/site-packages/airflow/example_dags/example_dag_decorator.py took 0.523 seconds
