[2025-08-08T19:36:17.506+0530] {processor.py:161} INFO - Started process (PID=76947) to work on /Users/piyush.dixit/Desktop/airflow-env/lib/python3.9/site-packages/airflow/example_dags/example_branch_operator.py
[2025-08-08T19:36:17.509+0530] {processor.py:830} INFO - Processing file /Users/piyush.dixit/Desktop/airflow-env/lib/python3.9/site-packages/airflow/example_dags/example_branch_operator.py for tasks to queue
[2025-08-08T19:36:17.510+0530] {logging_mixin.py:188} INFO - [2025-08-08T19:36:17.510+0530] {dagbag.py:545} INFO - Filling up the DagBag from /Users/piyush.dixit/Desktop/airflow-env/lib/python3.9/site-packages/airflow/example_dags/example_branch_operator.py
[2025-08-08T19:36:17.537+0530] {processor.py:842} WARNING - No viable dags retrieved from /Users/piyush.dixit/Desktop/airflow-env/lib/python3.9/site-packages/airflow/example_dags/example_branch_operator.py
[2025-08-08T19:36:17.614+0530] {processor.py:183} INFO - Processing /Users/piyush.dixit/Desktop/airflow-env/lib/python3.9/site-packages/airflow/example_dags/example_branch_operator.py took 0.111 seconds
[2025-08-08T19:39:46.383+0530] {processor.py:161} INFO - Started process (PID=77070) to work on /Users/piyush.dixit/Desktop/airflow-env/lib/python3.9/site-packages/airflow/example_dags/example_branch_operator.py
[2025-08-08T19:39:46.386+0530] {processor.py:830} INFO - Processing file /Users/piyush.dixit/Desktop/airflow-env/lib/python3.9/site-packages/airflow/example_dags/example_branch_operator.py for tasks to queue
[2025-08-08T19:39:46.387+0530] {logging_mixin.py:188} INFO - [2025-08-08T19:39:46.387+0530] {dagbag.py:545} INFO - Filling up the DagBag from /Users/piyush.dixit/Desktop/airflow-env/lib/python3.9/site-packages/airflow/example_dags/example_branch_operator.py
[2025-08-08T19:39:46.416+0530] {processor.py:842} WARNING - No viable dags retrieved from /Users/piyush.dixit/Desktop/airflow-env/lib/python3.9/site-packages/airflow/example_dags/example_branch_operator.py
[2025-08-08T19:39:46.495+0530] {processor.py:183} INFO - Processing /Users/piyush.dixit/Desktop/airflow-env/lib/python3.9/site-packages/airflow/example_dags/example_branch_operator.py took 0.115 seconds
[2025-08-08T19:43:17.883+0530] {processor.py:161} INFO - Started process (PID=77273) to work on /Users/piyush.dixit/Desktop/airflow-env/lib/python3.9/site-packages/airflow/example_dags/example_branch_operator.py
[2025-08-08T19:43:17.886+0530] {processor.py:830} INFO - Processing file /Users/piyush.dixit/Desktop/airflow-env/lib/python3.9/site-packages/airflow/example_dags/example_branch_operator.py for tasks to queue
[2025-08-08T19:43:17.886+0530] {logging_mixin.py:188} INFO - [2025-08-08T19:43:17.886+0530] {dagbag.py:545} INFO - Filling up the DagBag from /Users/piyush.dixit/Desktop/airflow-env/lib/python3.9/site-packages/airflow/example_dags/example_branch_operator.py
[2025-08-08T19:43:17.913+0530] {processor.py:842} WARNING - No viable dags retrieved from /Users/piyush.dixit/Desktop/airflow-env/lib/python3.9/site-packages/airflow/example_dags/example_branch_operator.py
[2025-08-08T19:43:17.990+0530] {processor.py:183} INFO - Processing /Users/piyush.dixit/Desktop/airflow-env/lib/python3.9/site-packages/airflow/example_dags/example_branch_operator.py took 0.110 seconds
[2025-08-08T20:16:01.295+0530] {processor.py:161} INFO - Started process (PID=77553) to work on /Users/piyush.dixit/Desktop/airflow-env/lib/python3.9/site-packages/airflow/example_dags/example_branch_operator.py
[2025-08-08T20:16:01.299+0530] {processor.py:830} INFO - Processing file /Users/piyush.dixit/Desktop/airflow-env/lib/python3.9/site-packages/airflow/example_dags/example_branch_operator.py for tasks to queue
[2025-08-08T20:16:01.300+0530] {logging_mixin.py:188} INFO - [2025-08-08T20:16:01.299+0530] {dagbag.py:545} INFO - Filling up the DagBag from /Users/piyush.dixit/Desktop/airflow-env/lib/python3.9/site-packages/airflow/example_dags/example_branch_operator.py
[2025-08-08T20:16:01.327+0530] {processor.py:842} WARNING - No viable dags retrieved from /Users/piyush.dixit/Desktop/airflow-env/lib/python3.9/site-packages/airflow/example_dags/example_branch_operator.py
[2025-08-08T20:16:01.413+0530] {processor.py:183} INFO - Processing /Users/piyush.dixit/Desktop/airflow-env/lib/python3.9/site-packages/airflow/example_dags/example_branch_operator.py took 0.122 seconds
[2025-08-08T20:25:33.053+0530] {processor.py:161} INFO - Started process (PID=78220) to work on /Users/piyush.dixit/Desktop/airflow-env/lib/python3.9/site-packages/airflow/example_dags/example_branch_operator.py
[2025-08-08T20:25:33.059+0530] {processor.py:830} INFO - Processing file /Users/piyush.dixit/Desktop/airflow-env/lib/python3.9/site-packages/airflow/example_dags/example_branch_operator.py for tasks to queue
[2025-08-08T20:25:33.060+0530] {logging_mixin.py:188} INFO - [2025-08-08T20:25:33.060+0530] {dagbag.py:545} INFO - Filling up the DagBag from /Users/piyush.dixit/Desktop/airflow-env/lib/python3.9/site-packages/airflow/example_dags/example_branch_operator.py
[2025-08-08T20:25:33.089+0530] {processor.py:842} WARNING - No viable dags retrieved from /Users/piyush.dixit/Desktop/airflow-env/lib/python3.9/site-packages/airflow/example_dags/example_branch_operator.py
[2025-08-08T20:25:33.174+0530] {processor.py:183} INFO - Processing /Users/piyush.dixit/Desktop/airflow-env/lib/python3.9/site-packages/airflow/example_dags/example_branch_operator.py took 0.125 seconds
