[2025-08-08T19:35:52.232+0530] {processor.py:161} INFO - Started process (PID=76925) to work on /Users/piyush.dixit/Desktop/airflow-env/lib/python3.9/site-packages/airflow/example_dags/example_external_task_marker_dag.py
[2025-08-08T19:35:52.234+0530] {processor.py:830} INFO - Processing file /Users/piyush.dixit/Desktop/airflow-env/lib/python3.9/site-packages/airflow/example_dags/example_external_task_marker_dag.py for tasks to queue
[2025-08-08T19:35:52.235+0530] {logging_mixin.py:188} INFO - [2025-08-08T19:35:52.235+0530] {dagbag.py:545} INFO - Filling up the DagBag from /Users/piyush.dixit/Desktop/airflow-env/lib/python3.9/site-packages/airflow/example_dags/example_external_task_marker_dag.py
[2025-08-08T19:35:52.252+0530] {processor.py:840} INFO - DAG(s) 'example_external_task_marker_parent', 'example_external_task_marker_child' retrieved from /Users/piyush.dixit/Desktop/airflow-env/lib/python3.9/site-packages/airflow/example_dags/example_external_task_marker_dag.py
[2025-08-08T19:35:52.504+0530] {logging_mixin.py:188} INFO - [2025-08-08T19:35:52.503+0530] {dag.py:3096} INFO - Sync 2 DAGs
[2025-08-08T19:35:52.512+0530] {logging_mixin.py:188} INFO - [2025-08-08T19:35:52.512+0530] {dag.py:3954} INFO - Setting next_dagrun for example_external_task_marker_child to None, run_after=None
[2025-08-08T19:35:52.514+0530] {logging_mixin.py:188} INFO - [2025-08-08T19:35:52.514+0530] {dag.py:3954} INFO - Setting next_dagrun for example_external_task_marker_parent to None, run_after=None
[2025-08-08T19:35:52.530+0530] {processor.py:183} INFO - Processing /Users/piyush.dixit/Desktop/airflow-env/lib/python3.9/site-packages/airflow/example_dags/example_external_task_marker_dag.py took 0.302 seconds
[2025-08-08T19:38:09.940+0530] {processor.py:161} INFO - Started process (PID=77015) to work on /Users/piyush.dixit/Desktop/airflow-env/lib/python3.9/site-packages/airflow/example_dags/example_external_task_marker_dag.py
[2025-08-08T19:38:09.943+0530] {processor.py:830} INFO - Processing file /Users/piyush.dixit/Desktop/airflow-env/lib/python3.9/site-packages/airflow/example_dags/example_external_task_marker_dag.py for tasks to queue
[2025-08-08T19:38:09.944+0530] {logging_mixin.py:188} INFO - [2025-08-08T19:38:09.943+0530] {dagbag.py:545} INFO - Filling up the DagBag from /Users/piyush.dixit/Desktop/airflow-env/lib/python3.9/site-packages/airflow/example_dags/example_external_task_marker_dag.py
[2025-08-08T19:38:09.960+0530] {processor.py:840} INFO - DAG(s) 'example_external_task_marker_child', 'example_external_task_marker_parent' retrieved from /Users/piyush.dixit/Desktop/airflow-env/lib/python3.9/site-packages/airflow/example_dags/example_external_task_marker_dag.py
[2025-08-08T19:38:10.065+0530] {logging_mixin.py:188} INFO - [2025-08-08T19:38:10.065+0530] {dag.py:3096} INFO - Sync 2 DAGs
[2025-08-08T19:38:10.072+0530] {logging_mixin.py:188} INFO - [2025-08-08T19:38:10.072+0530] {dag.py:3954} INFO - Setting next_dagrun for example_external_task_marker_child to None, run_after=None
[2025-08-08T19:38:10.075+0530] {logging_mixin.py:188} INFO - [2025-08-08T19:38:10.074+0530] {dag.py:3954} INFO - Setting next_dagrun for example_external_task_marker_parent to None, run_after=None
[2025-08-08T19:38:10.129+0530] {processor.py:183} INFO - Processing /Users/piyush.dixit/Desktop/airflow-env/lib/python3.9/site-packages/airflow/example_dags/example_external_task_marker_dag.py took 0.194 seconds
[2025-08-08T19:41:37.765+0530] {processor.py:161} INFO - Started process (PID=77139) to work on /Users/piyush.dixit/Desktop/airflow-env/lib/python3.9/site-packages/airflow/example_dags/example_external_task_marker_dag.py
[2025-08-08T19:41:37.769+0530] {processor.py:830} INFO - Processing file /Users/piyush.dixit/Desktop/airflow-env/lib/python3.9/site-packages/airflow/example_dags/example_external_task_marker_dag.py for tasks to queue
[2025-08-08T19:41:37.769+0530] {logging_mixin.py:188} INFO - [2025-08-08T19:41:37.769+0530] {dagbag.py:545} INFO - Filling up the DagBag from /Users/piyush.dixit/Desktop/airflow-env/lib/python3.9/site-packages/airflow/example_dags/example_external_task_marker_dag.py
[2025-08-08T19:41:37.785+0530] {processor.py:840} INFO - DAG(s) 'example_external_task_marker_child', 'example_external_task_marker_parent' retrieved from /Users/piyush.dixit/Desktop/airflow-env/lib/python3.9/site-packages/airflow/example_dags/example_external_task_marker_dag.py
[2025-08-08T19:41:37.888+0530] {logging_mixin.py:188} INFO - [2025-08-08T19:41:37.887+0530] {dag.py:3096} INFO - Sync 2 DAGs
[2025-08-08T19:41:37.895+0530] {logging_mixin.py:188} INFO - [2025-08-08T19:41:37.895+0530] {dag.py:3954} INFO - Setting next_dagrun for example_external_task_marker_child to None, run_after=None
[2025-08-08T19:41:37.898+0530] {logging_mixin.py:188} INFO - [2025-08-08T19:41:37.898+0530] {dag.py:3954} INFO - Setting next_dagrun for example_external_task_marker_parent to None, run_after=None
[2025-08-08T19:41:37.952+0530] {processor.py:183} INFO - Processing /Users/piyush.dixit/Desktop/airflow-env/lib/python3.9/site-packages/airflow/example_dags/example_external_task_marker_dag.py took 0.191 seconds
[2025-08-08T20:13:49.747+0530] {processor.py:161} INFO - Started process (PID=77379) to work on /Users/piyush.dixit/Desktop/airflow-env/lib/python3.9/site-packages/airflow/example_dags/example_external_task_marker_dag.py
[2025-08-08T20:13:49.751+0530] {processor.py:830} INFO - Processing file /Users/piyush.dixit/Desktop/airflow-env/lib/python3.9/site-packages/airflow/example_dags/example_external_task_marker_dag.py for tasks to queue
[2025-08-08T20:13:49.752+0530] {logging_mixin.py:188} INFO - [2025-08-08T20:13:49.751+0530] {dagbag.py:545} INFO - Filling up the DagBag from /Users/piyush.dixit/Desktop/airflow-env/lib/python3.9/site-packages/airflow/example_dags/example_external_task_marker_dag.py
[2025-08-08T20:13:49.778+0530] {processor.py:840} INFO - DAG(s) 'example_external_task_marker_child', 'example_external_task_marker_parent' retrieved from /Users/piyush.dixit/Desktop/airflow-env/lib/python3.9/site-packages/airflow/example_dags/example_external_task_marker_dag.py
[2025-08-08T20:13:49.969+0530] {logging_mixin.py:188} INFO - [2025-08-08T20:13:49.968+0530] {dag.py:3096} INFO - Sync 2 DAGs
[2025-08-08T20:13:49.980+0530] {logging_mixin.py:188} INFO - [2025-08-08T20:13:49.979+0530] {dag.py:3954} INFO - Setting next_dagrun for example_external_task_marker_child to None, run_after=None
[2025-08-08T20:13:49.983+0530] {logging_mixin.py:188} INFO - [2025-08-08T20:13:49.982+0530] {dag.py:3954} INFO - Setting next_dagrun for example_external_task_marker_parent to None, run_after=None
[2025-08-08T20:13:50.042+0530] {processor.py:183} INFO - Processing /Users/piyush.dixit/Desktop/airflow-env/lib/python3.9/site-packages/airflow/example_dags/example_external_task_marker_dag.py took 0.300 seconds
[2025-08-08T20:25:05.680+0530] {processor.py:161} INFO - Started process (PID=78199) to work on /Users/piyush.dixit/Desktop/airflow-env/lib/python3.9/site-packages/airflow/example_dags/example_external_task_marker_dag.py
[2025-08-08T20:25:05.684+0530] {processor.py:830} INFO - Processing file /Users/piyush.dixit/Desktop/airflow-env/lib/python3.9/site-packages/airflow/example_dags/example_external_task_marker_dag.py for tasks to queue
[2025-08-08T20:25:05.685+0530] {logging_mixin.py:188} INFO - [2025-08-08T20:25:05.685+0530] {dagbag.py:545} INFO - Filling up the DagBag from /Users/piyush.dixit/Desktop/airflow-env/lib/python3.9/site-packages/airflow/example_dags/example_external_task_marker_dag.py
[2025-08-08T20:25:05.709+0530] {processor.py:840} INFO - DAG(s) 'example_external_task_marker_child', 'example_external_task_marker_parent' retrieved from /Users/piyush.dixit/Desktop/airflow-env/lib/python3.9/site-packages/airflow/example_dags/example_external_task_marker_dag.py
[2025-08-08T20:25:05.998+0530] {logging_mixin.py:188} INFO - [2025-08-08T20:25:05.998+0530] {dag.py:3096} INFO - Sync 2 DAGs
[2025-08-08T20:25:06.006+0530] {logging_mixin.py:188} INFO - [2025-08-08T20:25:06.006+0530] {dag.py:3954} INFO - Setting next_dagrun for example_external_task_marker_child to None, run_after=None
[2025-08-08T20:25:06.009+0530] {logging_mixin.py:188} INFO - [2025-08-08T20:25:06.008+0530] {dag.py:3954} INFO - Setting next_dagrun for example_external_task_marker_parent to None, run_after=None
[2025-08-08T20:25:06.025+0530] {processor.py:183} INFO - Processing /Users/piyush.dixit/Desktop/airflow-env/lib/python3.9/site-packages/airflow/example_dags/example_external_task_marker_dag.py took 0.350 seconds
