[2025-08-08T19:34:56.152+0530] {processor.py:161} INFO - Started process (PID=76894) to work on /Users/piyush.dixit/Desktop/airflow-env/lib/python3.9/site-packages/airflow/example_dags/example_task_group.py
[2025-08-08T19:34:56.155+0530] {processor.py:830} INFO - Processing file /Users/piyush.dixit/Desktop/airflow-env/lib/python3.9/site-packages/airflow/example_dags/example_task_group.py for tasks to queue
[2025-08-08T19:34:56.156+0530] {logging_mixin.py:188} INFO - [2025-08-08T19:34:56.156+0530] {dagbag.py:545} INFO - Filling up the DagBag from /Users/piyush.dixit/Desktop/airflow-env/lib/python3.9/site-packages/airflow/example_dags/example_task_group.py
[2025-08-08T19:34:56.169+0530] {processor.py:840} INFO - DAG(s) 'example_task_group' retrieved from /Users/piyush.dixit/Desktop/airflow-env/lib/python3.9/site-packages/airflow/example_dags/example_task_group.py
[2025-08-08T19:34:56.419+0530] {logging_mixin.py:188} INFO - [2025-08-08T19:34:56.419+0530] {dag.py:3096} INFO - Sync 1 DAGs
[2025-08-08T19:34:56.438+0530] {logging_mixin.py:188} INFO - [2025-08-08T19:34:56.438+0530] {dag.py:3954} INFO - Setting next_dagrun for example_task_group to 2025-08-07 00:00:00+00:00, run_after=2025-08-08 00:00:00+00:00
[2025-08-08T19:34:56.456+0530] {processor.py:183} INFO - Processing /Users/piyush.dixit/Desktop/airflow-env/lib/python3.9/site-packages/airflow/example_dags/example_task_group.py took 0.307 seconds
[2025-08-08T19:37:16.675+0530] {processor.py:161} INFO - Started process (PID=76977) to work on /Users/piyush.dixit/Desktop/airflow-env/lib/python3.9/site-packages/airflow/example_dags/example_task_group.py
[2025-08-08T19:37:16.677+0530] {processor.py:830} INFO - Processing file /Users/piyush.dixit/Desktop/airflow-env/lib/python3.9/site-packages/airflow/example_dags/example_task_group.py for tasks to queue
[2025-08-08T19:37:16.678+0530] {logging_mixin.py:188} INFO - [2025-08-08T19:37:16.678+0530] {dagbag.py:545} INFO - Filling up the DagBag from /Users/piyush.dixit/Desktop/airflow-env/lib/python3.9/site-packages/airflow/example_dags/example_task_group.py
[2025-08-08T19:37:16.689+0530] {processor.py:840} INFO - DAG(s) 'example_task_group' retrieved from /Users/piyush.dixit/Desktop/airflow-env/lib/python3.9/site-packages/airflow/example_dags/example_task_group.py
[2025-08-08T19:37:16.787+0530] {logging_mixin.py:188} INFO - [2025-08-08T19:37:16.787+0530] {dag.py:3096} INFO - Sync 1 DAGs
[2025-08-08T19:37:16.803+0530] {logging_mixin.py:188} INFO - [2025-08-08T19:37:16.803+0530] {dag.py:3954} INFO - Setting next_dagrun for example_task_group to 2025-08-07 00:00:00+00:00, run_after=2025-08-08 00:00:00+00:00
[2025-08-08T19:37:16.863+0530] {processor.py:183} INFO - Processing /Users/piyush.dixit/Desktop/airflow-env/lib/python3.9/site-packages/airflow/example_dags/example_task_group.py took 0.192 seconds
[2025-08-08T19:38:58.084+0530] {processor.py:161} INFO - Started process (PID=77043) to work on /Users/piyush.dixit/Desktop/airflow-env/lib/python3.9/site-packages/airflow/example_dags/example_task_group.py
[2025-08-08T19:38:58.087+0530] {processor.py:830} INFO - Processing file /Users/piyush.dixit/Desktop/airflow-env/lib/python3.9/site-packages/airflow/example_dags/example_task_group.py for tasks to queue
[2025-08-08T19:38:58.087+0530] {logging_mixin.py:188} INFO - [2025-08-08T19:38:58.087+0530] {dagbag.py:545} INFO - Filling up the DagBag from /Users/piyush.dixit/Desktop/airflow-env/lib/python3.9/site-packages/airflow/example_dags/example_task_group.py
[2025-08-08T19:38:58.098+0530] {processor.py:840} INFO - DAG(s) 'example_task_group' retrieved from /Users/piyush.dixit/Desktop/airflow-env/lib/python3.9/site-packages/airflow/example_dags/example_task_group.py
[2025-08-08T19:38:58.194+0530] {logging_mixin.py:188} INFO - [2025-08-08T19:38:58.194+0530] {dag.py:3096} INFO - Sync 1 DAGs
[2025-08-08T19:38:58.210+0530] {logging_mixin.py:188} INFO - [2025-08-08T19:38:58.210+0530] {dag.py:3954} INFO - Setting next_dagrun for example_task_group to 2025-08-07 00:00:00+00:00, run_after=2025-08-08 00:00:00+00:00
[2025-08-08T19:38:58.268+0530] {processor.py:183} INFO - Processing /Users/piyush.dixit/Desktop/airflow-env/lib/python3.9/site-packages/airflow/example_dags/example_task_group.py took 0.187 seconds
[2025-08-08T19:40:43.996+0530] {processor.py:161} INFO - Started process (PID=77111) to work on /Users/piyush.dixit/Desktop/airflow-env/lib/python3.9/site-packages/airflow/example_dags/example_task_group.py
[2025-08-08T19:40:44.000+0530] {processor.py:830} INFO - Processing file /Users/piyush.dixit/Desktop/airflow-env/lib/python3.9/site-packages/airflow/example_dags/example_task_group.py for tasks to queue
[2025-08-08T19:40:44.000+0530] {logging_mixin.py:188} INFO - [2025-08-08T19:40:44.000+0530] {dagbag.py:545} INFO - Filling up the DagBag from /Users/piyush.dixit/Desktop/airflow-env/lib/python3.9/site-packages/airflow/example_dags/example_task_group.py
[2025-08-08T19:40:44.012+0530] {processor.py:840} INFO - DAG(s) 'example_task_group' retrieved from /Users/piyush.dixit/Desktop/airflow-env/lib/python3.9/site-packages/airflow/example_dags/example_task_group.py
[2025-08-08T19:40:44.108+0530] {logging_mixin.py:188} INFO - [2025-08-08T19:40:44.108+0530] {dag.py:3096} INFO - Sync 1 DAGs
[2025-08-08T19:40:44.124+0530] {logging_mixin.py:188} INFO - [2025-08-08T19:40:44.124+0530] {dag.py:3954} INFO - Setting next_dagrun for example_task_group to 2025-08-07 00:00:00+00:00, run_after=2025-08-08 00:00:00+00:00
[2025-08-08T19:40:44.184+0530] {processor.py:183} INFO - Processing /Users/piyush.dixit/Desktop/airflow-env/lib/python3.9/site-packages/airflow/example_dags/example_task_group.py took 0.191 seconds
[2025-08-08T19:42:28.634+0530] {processor.py:161} INFO - Started process (PID=77178) to work on /Users/piyush.dixit/Desktop/airflow-env/lib/python3.9/site-packages/airflow/example_dags/example_task_group.py
[2025-08-08T19:42:28.637+0530] {processor.py:830} INFO - Processing file /Users/piyush.dixit/Desktop/airflow-env/lib/python3.9/site-packages/airflow/example_dags/example_task_group.py for tasks to queue
[2025-08-08T19:42:28.637+0530] {logging_mixin.py:188} INFO - [2025-08-08T19:42:28.637+0530] {dagbag.py:545} INFO - Filling up the DagBag from /Users/piyush.dixit/Desktop/airflow-env/lib/python3.9/site-packages/airflow/example_dags/example_task_group.py
[2025-08-08T19:42:28.648+0530] {processor.py:840} INFO - DAG(s) 'example_task_group' retrieved from /Users/piyush.dixit/Desktop/airflow-env/lib/python3.9/site-packages/airflow/example_dags/example_task_group.py
[2025-08-08T19:42:28.744+0530] {logging_mixin.py:188} INFO - [2025-08-08T19:42:28.744+0530] {dag.py:3096} INFO - Sync 1 DAGs
[2025-08-08T19:42:28.761+0530] {logging_mixin.py:188} INFO - [2025-08-08T19:42:28.761+0530] {dag.py:3954} INFO - Setting next_dagrun for example_task_group to 2025-08-07 00:00:00+00:00, run_after=2025-08-08 00:00:00+00:00
[2025-08-08T19:42:28.822+0530] {processor.py:183} INFO - Processing /Users/piyush.dixit/Desktop/airflow-env/lib/python3.9/site-packages/airflow/example_dags/example_task_group.py took 0.191 seconds
[2025-08-08T19:44:15.162+0530] {processor.py:161} INFO - Started process (PID=77311) to work on /Users/piyush.dixit/Desktop/airflow-env/lib/python3.9/site-packages/airflow/example_dags/example_task_group.py
[2025-08-08T19:44:15.165+0530] {processor.py:830} INFO - Processing file /Users/piyush.dixit/Desktop/airflow-env/lib/python3.9/site-packages/airflow/example_dags/example_task_group.py for tasks to queue
[2025-08-08T19:44:15.166+0530] {logging_mixin.py:188} INFO - [2025-08-08T19:44:15.166+0530] {dagbag.py:545} INFO - Filling up the DagBag from /Users/piyush.dixit/Desktop/airflow-env/lib/python3.9/site-packages/airflow/example_dags/example_task_group.py
[2025-08-08T19:44:15.177+0530] {processor.py:840} INFO - DAG(s) 'example_task_group' retrieved from /Users/piyush.dixit/Desktop/airflow-env/lib/python3.9/site-packages/airflow/example_dags/example_task_group.py
[2025-08-08T19:44:15.274+0530] {logging_mixin.py:188} INFO - [2025-08-08T19:44:15.273+0530] {dag.py:3096} INFO - Sync 1 DAGs
[2025-08-08T19:44:15.289+0530] {logging_mixin.py:188} INFO - [2025-08-08T19:44:15.289+0530] {dag.py:3954} INFO - Setting next_dagrun for example_task_group to 2025-08-07 00:00:00+00:00, run_after=2025-08-08 00:00:00+00:00
[2025-08-08T19:44:15.348+0530] {processor.py:183} INFO - Processing /Users/piyush.dixit/Desktop/airflow-env/lib/python3.9/site-packages/airflow/example_dags/example_task_group.py took 0.189 seconds
[2025-08-08T20:14:50.335+0530] {processor.py:161} INFO - Started process (PID=77507) to work on /Users/piyush.dixit/Desktop/airflow-env/lib/python3.9/site-packages/airflow/example_dags/example_task_group.py
[2025-08-08T20:14:50.339+0530] {processor.py:830} INFO - Processing file /Users/piyush.dixit/Desktop/airflow-env/lib/python3.9/site-packages/airflow/example_dags/example_task_group.py for tasks to queue
[2025-08-08T20:14:50.339+0530] {logging_mixin.py:188} INFO - [2025-08-08T20:14:50.339+0530] {dagbag.py:545} INFO - Filling up the DagBag from /Users/piyush.dixit/Desktop/airflow-env/lib/python3.9/site-packages/airflow/example_dags/example_task_group.py
[2025-08-08T20:14:50.350+0530] {processor.py:840} INFO - DAG(s) 'example_task_group' retrieved from /Users/piyush.dixit/Desktop/airflow-env/lib/python3.9/site-packages/airflow/example_dags/example_task_group.py
[2025-08-08T20:14:50.445+0530] {logging_mixin.py:188} INFO - [2025-08-08T20:14:50.445+0530] {dag.py:3096} INFO - Sync 1 DAGs
[2025-08-08T20:14:50.462+0530] {logging_mixin.py:188} INFO - [2025-08-08T20:14:50.461+0530] {dag.py:3954} INFO - Setting next_dagrun for example_task_group to 2025-08-07 00:00:00+00:00, run_after=2025-08-08 00:00:00+00:00
[2025-08-08T20:14:50.518+0530] {processor.py:183} INFO - Processing /Users/piyush.dixit/Desktop/airflow-env/lib/python3.9/site-packages/airflow/example_dags/example_task_group.py took 0.186 seconds
[2025-08-08T20:17:05.490+0530] {processor.py:161} INFO - Started process (PID=77599) to work on /Users/piyush.dixit/Desktop/airflow-env/lib/python3.9/site-packages/airflow/example_dags/example_task_group.py
[2025-08-08T20:17:05.494+0530] {processor.py:830} INFO - Processing file /Users/piyush.dixit/Desktop/airflow-env/lib/python3.9/site-packages/airflow/example_dags/example_task_group.py for tasks to queue
[2025-08-08T20:17:05.495+0530] {logging_mixin.py:188} INFO - [2025-08-08T20:17:05.495+0530] {dagbag.py:545} INFO - Filling up the DagBag from /Users/piyush.dixit/Desktop/airflow-env/lib/python3.9/site-packages/airflow/example_dags/example_task_group.py
[2025-08-08T20:17:05.506+0530] {processor.py:840} INFO - DAG(s) 'example_task_group' retrieved from /Users/piyush.dixit/Desktop/airflow-env/lib/python3.9/site-packages/airflow/example_dags/example_task_group.py
[2025-08-08T20:17:05.603+0530] {logging_mixin.py:188} INFO - [2025-08-08T20:17:05.603+0530] {dag.py:3096} INFO - Sync 1 DAGs
[2025-08-08T20:17:05.619+0530] {logging_mixin.py:188} INFO - [2025-08-08T20:17:05.619+0530] {dag.py:3954} INFO - Setting next_dagrun for example_task_group to 2025-08-07 00:00:00+00:00, run_after=2025-08-08 00:00:00+00:00
[2025-08-08T20:17:05.675+0530] {processor.py:183} INFO - Processing /Users/piyush.dixit/Desktop/airflow-env/lib/python3.9/site-packages/airflow/example_dags/example_task_group.py took 0.189 seconds
[2025-08-08T20:24:04.530+0530] {processor.py:161} INFO - Started process (PID=78142) to work on /Users/piyush.dixit/Desktop/airflow-env/lib/python3.9/site-packages/airflow/example_dags/example_task_group.py
[2025-08-08T20:24:04.533+0530] {processor.py:830} INFO - Processing file /Users/piyush.dixit/Desktop/airflow-env/lib/python3.9/site-packages/airflow/example_dags/example_task_group.py for tasks to queue
[2025-08-08T20:24:04.534+0530] {logging_mixin.py:188} INFO - [2025-08-08T20:24:04.534+0530] {dagbag.py:545} INFO - Filling up the DagBag from /Users/piyush.dixit/Desktop/airflow-env/lib/python3.9/site-packages/airflow/example_dags/example_task_group.py
[2025-08-08T20:24:04.546+0530] {processor.py:840} INFO - DAG(s) 'example_task_group' retrieved from /Users/piyush.dixit/Desktop/airflow-env/lib/python3.9/site-packages/airflow/example_dags/example_task_group.py
[2025-08-08T20:24:04.806+0530] {logging_mixin.py:188} INFO - [2025-08-08T20:24:04.806+0530] {dag.py:3096} INFO - Sync 1 DAGs
[2025-08-08T20:24:04.827+0530] {logging_mixin.py:188} INFO - [2025-08-08T20:24:04.826+0530] {dag.py:3954} INFO - Setting next_dagrun for example_task_group to 2025-08-07 00:00:00+00:00, run_after=2025-08-08 00:00:00+00:00
[2025-08-08T20:24:04.845+0530] {processor.py:183} INFO - Processing /Users/piyush.dixit/Desktop/airflow-env/lib/python3.9/site-packages/airflow/example_dags/example_task_group.py took 0.319 seconds
