[2025-08-08T19:36:03.583+0530] {processor.py:161} INFO - Started process (PID=76939) to work on /Users/piyush.dixit/Desktop/airflow-env/lib/python3.9/site-packages/airflow/example_dags/example_datasets.py
[2025-08-08T19:36:03.586+0530] {processor.py:830} INFO - Processing file /Users/piyush.dixit/Desktop/airflow-env/lib/python3.9/site-packages/airflow/example_dags/example_datasets.py for tasks to queue
[2025-08-08T19:36:03.586+0530] {logging_mixin.py:188} INFO - [2025-08-08T19:36:03.586+0530] {dagbag.py:545} INFO - Filling up the DagBag from /Users/piyush.dixit/Desktop/airflow-env/lib/python3.9/site-packages/airflow/example_dags/example_datasets.py
[2025-08-08T19:36:03.691+0530] {processor.py:840} INFO - DAG(s) 'dataset_produces_2', 'consume_1_or_2_with_dataset_expressions', 'dataset_produces_1', 'dataset_consumes_1', 'dataset_consumes_1_and_2', 'consume_1_and_2_with_dataset_expressions', 'consume_1_or_both_2_and_3_with_dataset_expressions', 'dataset_consumes_unknown_never_scheduled', 'dataset_consumes_1_never_scheduled', 'conditional_dataset_and_time_based_timetable' retrieved from /Users/piyush.dixit/Desktop/airflow-env/lib/python3.9/site-packages/airflow/example_dags/example_datasets.py
[2025-08-08T19:36:03.982+0530] {logging_mixin.py:188} INFO - [2025-08-08T19:36:03.982+0530] {dag.py:3096} INFO - Sync 10 DAGs
[2025-08-08T19:36:03.998+0530] {logging_mixin.py:188} INFO - [2025-08-08T19:36:03.997+0530] {dag.py:3954} INFO - Setting next_dagrun for conditional_dataset_and_time_based_timetable to 2025-08-06 01:00:00+00:00, run_after=2025-08-06 01:00:00+00:00
[2025-08-08T19:36:03.999+0530] {logging_mixin.py:188} INFO - [2025-08-08T19:36:03.999+0530] {dag.py:3954} INFO - Setting next_dagrun for consume_1_and_2_with_dataset_expressions to None, run_after=None
[2025-08-08T19:36:04.000+0530] {logging_mixin.py:188} INFO - [2025-08-08T19:36:04.000+0530] {dag.py:3954} INFO - Setting next_dagrun for consume_1_or_2_with_dataset_expressions to None, run_after=None
[2025-08-08T19:36:04.001+0530] {logging_mixin.py:188} INFO - [2025-08-08T19:36:04.001+0530] {dag.py:3954} INFO - Setting next_dagrun for consume_1_or_both_2_and_3_with_dataset_expressions to None, run_after=None
[2025-08-08T19:36:04.002+0530] {logging_mixin.py:188} INFO - [2025-08-08T19:36:04.002+0530] {dag.py:3954} INFO - Setting next_dagrun for dataset_consumes_1 to None, run_after=None
[2025-08-08T19:36:04.002+0530] {logging_mixin.py:188} INFO - [2025-08-08T19:36:04.002+0530] {dag.py:3954} INFO - Setting next_dagrun for dataset_consumes_1_and_2 to None, run_after=None
[2025-08-08T19:36:04.003+0530] {logging_mixin.py:188} INFO - [2025-08-08T19:36:04.003+0530] {dag.py:3954} INFO - Setting next_dagrun for dataset_consumes_1_never_scheduled to None, run_after=None
[2025-08-08T19:36:04.004+0530] {logging_mixin.py:188} INFO - [2025-08-08T19:36:04.004+0530] {dag.py:3954} INFO - Setting next_dagrun for dataset_consumes_unknown_never_scheduled to None, run_after=None
[2025-08-08T19:36:04.006+0530] {logging_mixin.py:188} INFO - [2025-08-08T19:36:04.006+0530] {dag.py:3954} INFO - Setting next_dagrun for dataset_produces_1 to 2025-08-07 00:00:00+00:00, run_after=2025-08-08 00:00:00+00:00
[2025-08-08T19:36:04.007+0530] {logging_mixin.py:188} INFO - [2025-08-08T19:36:04.007+0530] {dag.py:3954} INFO - Setting next_dagrun for dataset_produces_2 to None, run_after=None
[2025-08-08T19:36:04.032+0530] {processor.py:183} INFO - Processing /Users/piyush.dixit/Desktop/airflow-env/lib/python3.9/site-packages/airflow/example_dags/example_datasets.py took 0.453 seconds
[2025-08-08T19:39:32.641+0530] {processor.py:161} INFO - Started process (PID=77062) to work on /Users/piyush.dixit/Desktop/airflow-env/lib/python3.9/site-packages/airflow/example_dags/example_datasets.py
[2025-08-08T19:39:32.645+0530] {processor.py:830} INFO - Processing file /Users/piyush.dixit/Desktop/airflow-env/lib/python3.9/site-packages/airflow/example_dags/example_datasets.py for tasks to queue
[2025-08-08T19:39:32.646+0530] {logging_mixin.py:188} INFO - [2025-08-08T19:39:32.645+0530] {dagbag.py:545} INFO - Filling up the DagBag from /Users/piyush.dixit/Desktop/airflow-env/lib/python3.9/site-packages/airflow/example_dags/example_datasets.py
[2025-08-08T19:39:32.743+0530] {processor.py:840} INFO - DAG(s) 'dataset_consumes_1', 'conditional_dataset_and_time_based_timetable', 'dataset_produces_1', 'dataset_consumes_1_and_2', 'consume_1_or_2_with_dataset_expressions', 'consume_1_or_both_2_and_3_with_dataset_expressions', 'dataset_consumes_1_never_scheduled', 'dataset_consumes_unknown_never_scheduled', 'dataset_produces_2', 'consume_1_and_2_with_dataset_expressions' retrieved from /Users/piyush.dixit/Desktop/airflow-env/lib/python3.9/site-packages/airflow/example_dags/example_datasets.py
[2025-08-08T19:39:32.853+0530] {logging_mixin.py:188} INFO - [2025-08-08T19:39:32.853+0530] {dag.py:3096} INFO - Sync 10 DAGs
[2025-08-08T19:39:32.910+0530] {logging_mixin.py:188} INFO - [2025-08-08T19:39:32.910+0530] {dag.py:3954} INFO - Setting next_dagrun for conditional_dataset_and_time_based_timetable to 2025-08-06 01:00:00+00:00, run_after=2025-08-06 01:00:00+00:00
[2025-08-08T19:39:32.913+0530] {logging_mixin.py:188} INFO - [2025-08-08T19:39:32.913+0530] {dag.py:3954} INFO - Setting next_dagrun for consume_1_and_2_with_dataset_expressions to None, run_after=None
[2025-08-08T19:39:32.914+0530] {logging_mixin.py:188} INFO - [2025-08-08T19:39:32.914+0530] {dag.py:3954} INFO - Setting next_dagrun for consume_1_or_2_with_dataset_expressions to None, run_after=None
[2025-08-08T19:39:32.915+0530] {logging_mixin.py:188} INFO - [2025-08-08T19:39:32.915+0530] {dag.py:3954} INFO - Setting next_dagrun for consume_1_or_both_2_and_3_with_dataset_expressions to None, run_after=None
[2025-08-08T19:39:32.916+0530] {logging_mixin.py:188} INFO - [2025-08-08T19:39:32.916+0530] {dag.py:3954} INFO - Setting next_dagrun for dataset_consumes_1 to None, run_after=None
[2025-08-08T19:39:32.917+0530] {logging_mixin.py:188} INFO - [2025-08-08T19:39:32.917+0530] {dag.py:3954} INFO - Setting next_dagrun for dataset_consumes_1_and_2 to None, run_after=None
[2025-08-08T19:39:32.918+0530] {logging_mixin.py:188} INFO - [2025-08-08T19:39:32.918+0530] {dag.py:3954} INFO - Setting next_dagrun for dataset_consumes_1_never_scheduled to None, run_after=None
[2025-08-08T19:39:32.919+0530] {logging_mixin.py:188} INFO - [2025-08-08T19:39:32.919+0530] {dag.py:3954} INFO - Setting next_dagrun for dataset_consumes_unknown_never_scheduled to None, run_after=None
[2025-08-08T19:39:32.922+0530] {logging_mixin.py:188} INFO - [2025-08-08T19:39:32.922+0530] {dag.py:3954} INFO - Setting next_dagrun for dataset_produces_1 to 2025-08-07 00:00:00+00:00, run_after=2025-08-08 00:00:00+00:00
[2025-08-08T19:39:32.923+0530] {logging_mixin.py:188} INFO - [2025-08-08T19:39:32.923+0530] {dag.py:3954} INFO - Setting next_dagrun for dataset_produces_2 to None, run_after=None
[2025-08-08T19:39:32.951+0530] {processor.py:183} INFO - Processing /Users/piyush.dixit/Desktop/airflow-env/lib/python3.9/site-packages/airflow/example_dags/example_datasets.py took 0.314 seconds
[2025-08-08T19:43:04.082+0530] {processor.py:161} INFO - Started process (PID=77265) to work on /Users/piyush.dixit/Desktop/airflow-env/lib/python3.9/site-packages/airflow/example_dags/example_datasets.py
[2025-08-08T19:43:04.085+0530] {processor.py:830} INFO - Processing file /Users/piyush.dixit/Desktop/airflow-env/lib/python3.9/site-packages/airflow/example_dags/example_datasets.py for tasks to queue
[2025-08-08T19:43:04.085+0530] {logging_mixin.py:188} INFO - [2025-08-08T19:43:04.085+0530] {dagbag.py:545} INFO - Filling up the DagBag from /Users/piyush.dixit/Desktop/airflow-env/lib/python3.9/site-packages/airflow/example_dags/example_datasets.py
[2025-08-08T19:43:04.170+0530] {processor.py:840} INFO - DAG(s) 'consume_1_or_both_2_and_3_with_dataset_expressions', 'dataset_produces_2', 'dataset_consumes_1_and_2', 'conditional_dataset_and_time_based_timetable', 'consume_1_or_2_with_dataset_expressions', 'dataset_consumes_1', 'dataset_produces_1', 'consume_1_and_2_with_dataset_expressions', 'dataset_consumes_unknown_never_scheduled', 'dataset_consumes_1_never_scheduled' retrieved from /Users/piyush.dixit/Desktop/airflow-env/lib/python3.9/site-packages/airflow/example_dags/example_datasets.py
[2025-08-08T19:43:04.279+0530] {logging_mixin.py:188} INFO - [2025-08-08T19:43:04.279+0530] {dag.py:3096} INFO - Sync 10 DAGs
[2025-08-08T19:43:04.334+0530] {logging_mixin.py:188} INFO - [2025-08-08T19:43:04.334+0530] {dag.py:3954} INFO - Setting next_dagrun for conditional_dataset_and_time_based_timetable to 2025-08-06 01:00:00+00:00, run_after=2025-08-06 01:00:00+00:00
[2025-08-08T19:43:04.337+0530] {logging_mixin.py:188} INFO - [2025-08-08T19:43:04.337+0530] {dag.py:3954} INFO - Setting next_dagrun for consume_1_and_2_with_dataset_expressions to None, run_after=None
[2025-08-08T19:43:04.338+0530] {logging_mixin.py:188} INFO - [2025-08-08T19:43:04.338+0530] {dag.py:3954} INFO - Setting next_dagrun for consume_1_or_2_with_dataset_expressions to None, run_after=None
[2025-08-08T19:43:04.339+0530] {logging_mixin.py:188} INFO - [2025-08-08T19:43:04.339+0530] {dag.py:3954} INFO - Setting next_dagrun for consume_1_or_both_2_and_3_with_dataset_expressions to None, run_after=None
[2025-08-08T19:43:04.341+0530] {logging_mixin.py:188} INFO - [2025-08-08T19:43:04.340+0530] {dag.py:3954} INFO - Setting next_dagrun for dataset_consumes_1 to None, run_after=None
[2025-08-08T19:43:04.342+0530] {logging_mixin.py:188} INFO - [2025-08-08T19:43:04.341+0530] {dag.py:3954} INFO - Setting next_dagrun for dataset_consumes_1_and_2 to None, run_after=None
[2025-08-08T19:43:04.343+0530] {logging_mixin.py:188} INFO - [2025-08-08T19:43:04.342+0530] {dag.py:3954} INFO - Setting next_dagrun for dataset_consumes_1_never_scheduled to None, run_after=None
[2025-08-08T19:43:04.344+0530] {logging_mixin.py:188} INFO - [2025-08-08T19:43:04.344+0530] {dag.py:3954} INFO - Setting next_dagrun for dataset_consumes_unknown_never_scheduled to None, run_after=None
[2025-08-08T19:43:04.346+0530] {logging_mixin.py:188} INFO - [2025-08-08T19:43:04.346+0530] {dag.py:3954} INFO - Setting next_dagrun for dataset_produces_1 to 2025-08-07 00:00:00+00:00, run_after=2025-08-08 00:00:00+00:00
[2025-08-08T19:43:04.347+0530] {logging_mixin.py:188} INFO - [2025-08-08T19:43:04.347+0530] {dag.py:3954} INFO - Setting next_dagrun for dataset_produces_2 to None, run_after=None
[2025-08-08T19:43:04.376+0530] {processor.py:183} INFO - Processing /Users/piyush.dixit/Desktop/airflow-env/lib/python3.9/site-packages/airflow/example_dags/example_datasets.py took 0.298 seconds
[2025-08-08T20:15:46.702+0530] {processor.py:161} INFO - Started process (PID=77535) to work on /Users/piyush.dixit/Desktop/airflow-env/lib/python3.9/site-packages/airflow/example_dags/example_datasets.py
[2025-08-08T20:15:46.706+0530] {processor.py:830} INFO - Processing file /Users/piyush.dixit/Desktop/airflow-env/lib/python3.9/site-packages/airflow/example_dags/example_datasets.py for tasks to queue
[2025-08-08T20:15:46.707+0530] {logging_mixin.py:188} INFO - [2025-08-08T20:15:46.707+0530] {dagbag.py:545} INFO - Filling up the DagBag from /Users/piyush.dixit/Desktop/airflow-env/lib/python3.9/site-packages/airflow/example_dags/example_datasets.py
[2025-08-08T20:15:46.816+0530] {processor.py:840} INFO - DAG(s) 'dataset_produces_2', 'consume_1_and_2_with_dataset_expressions', 'dataset_consumes_1', 'consume_1_or_2_with_dataset_expressions', 'consume_1_or_both_2_and_3_with_dataset_expressions', 'dataset_consumes_1_never_scheduled', 'dataset_produces_1', 'dataset_consumes_1_and_2', 'dataset_consumes_unknown_never_scheduled', 'conditional_dataset_and_time_based_timetable' retrieved from /Users/piyush.dixit/Desktop/airflow-env/lib/python3.9/site-packages/airflow/example_dags/example_datasets.py
[2025-08-08T20:15:46.936+0530] {logging_mixin.py:188} INFO - [2025-08-08T20:15:46.936+0530] {dag.py:3096} INFO - Sync 10 DAGs
[2025-08-08T20:15:46.998+0530] {logging_mixin.py:188} INFO - [2025-08-08T20:15:46.998+0530] {dag.py:3954} INFO - Setting next_dagrun for conditional_dataset_and_time_based_timetable to 2025-08-06 01:00:00+00:00, run_after=2025-08-06 01:00:00+00:00
[2025-08-08T20:15:47.001+0530] {logging_mixin.py:188} INFO - [2025-08-08T20:15:47.001+0530] {dag.py:3954} INFO - Setting next_dagrun for consume_1_and_2_with_dataset_expressions to None, run_after=None
[2025-08-08T20:15:47.003+0530] {logging_mixin.py:188} INFO - [2025-08-08T20:15:47.002+0530] {dag.py:3954} INFO - Setting next_dagrun for consume_1_or_2_with_dataset_expressions to None, run_after=None
[2025-08-08T20:15:47.004+0530] {logging_mixin.py:188} INFO - [2025-08-08T20:15:47.003+0530] {dag.py:3954} INFO - Setting next_dagrun for consume_1_or_both_2_and_3_with_dataset_expressions to None, run_after=None
[2025-08-08T20:15:47.005+0530] {logging_mixin.py:188} INFO - [2025-08-08T20:15:47.005+0530] {dag.py:3954} INFO - Setting next_dagrun for dataset_consumes_1 to None, run_after=None
[2025-08-08T20:15:47.006+0530] {logging_mixin.py:188} INFO - [2025-08-08T20:15:47.006+0530] {dag.py:3954} INFO - Setting next_dagrun for dataset_consumes_1_and_2 to None, run_after=None
[2025-08-08T20:15:47.007+0530] {logging_mixin.py:188} INFO - [2025-08-08T20:15:47.007+0530] {dag.py:3954} INFO - Setting next_dagrun for dataset_consumes_1_never_scheduled to None, run_after=None
[2025-08-08T20:15:47.008+0530] {logging_mixin.py:188} INFO - [2025-08-08T20:15:47.008+0530] {dag.py:3954} INFO - Setting next_dagrun for dataset_consumes_unknown_never_scheduled to None, run_after=None
[2025-08-08T20:15:47.011+0530] {logging_mixin.py:188} INFO - [2025-08-08T20:15:47.010+0530] {dag.py:3954} INFO - Setting next_dagrun for dataset_produces_1 to 2025-08-07 00:00:00+00:00, run_after=2025-08-08 00:00:00+00:00
[2025-08-08T20:15:47.012+0530] {logging_mixin.py:188} INFO - [2025-08-08T20:15:47.011+0530] {dag.py:3954} INFO - Setting next_dagrun for dataset_produces_2 to None, run_after=None
[2025-08-08T20:15:47.042+0530] {processor.py:183} INFO - Processing /Users/piyush.dixit/Desktop/airflow-env/lib/python3.9/site-packages/airflow/example_dags/example_datasets.py took 0.343 seconds
[2025-08-08T20:25:17.739+0530] {processor.py:161} INFO - Started process (PID=78211) to work on /Users/piyush.dixit/Desktop/airflow-env/lib/python3.9/site-packages/airflow/example_dags/example_datasets.py
[2025-08-08T20:25:17.743+0530] {processor.py:830} INFO - Processing file /Users/piyush.dixit/Desktop/airflow-env/lib/python3.9/site-packages/airflow/example_dags/example_datasets.py for tasks to queue
[2025-08-08T20:25:17.744+0530] {logging_mixin.py:188} INFO - [2025-08-08T20:25:17.743+0530] {dagbag.py:545} INFO - Filling up the DagBag from /Users/piyush.dixit/Desktop/airflow-env/lib/python3.9/site-packages/airflow/example_dags/example_datasets.py
[2025-08-08T20:25:17.843+0530] {processor.py:840} INFO - DAG(s) 'dataset_produces_1', 'dataset_consumes_unknown_never_scheduled', 'dataset_produces_2', 'dataset_consumes_1_and_2', 'consume_1_or_2_with_dataset_expressions', 'conditional_dataset_and_time_based_timetable', 'consume_1_and_2_with_dataset_expressions', 'dataset_consumes_1', 'consume_1_or_both_2_and_3_with_dataset_expressions', 'dataset_consumes_1_never_scheduled' retrieved from /Users/piyush.dixit/Desktop/airflow-env/lib/python3.9/site-packages/airflow/example_dags/example_datasets.py
[2025-08-08T20:25:18.160+0530] {logging_mixin.py:188} INFO - [2025-08-08T20:25:18.160+0530] {dag.py:3096} INFO - Sync 10 DAGs
[2025-08-08T20:25:18.176+0530] {logging_mixin.py:188} INFO - [2025-08-08T20:25:18.176+0530] {dag.py:3954} INFO - Setting next_dagrun for conditional_dataset_and_time_based_timetable to 2025-08-06 01:00:00+00:00, run_after=2025-08-06 01:00:00+00:00
[2025-08-08T20:25:18.178+0530] {logging_mixin.py:188} INFO - [2025-08-08T20:25:18.178+0530] {dag.py:3954} INFO - Setting next_dagrun for consume_1_and_2_with_dataset_expressions to None, run_after=None
[2025-08-08T20:25:18.179+0530] {logging_mixin.py:188} INFO - [2025-08-08T20:25:18.178+0530] {dag.py:3954} INFO - Setting next_dagrun for consume_1_or_2_with_dataset_expressions to None, run_after=None
[2025-08-08T20:25:18.179+0530] {logging_mixin.py:188} INFO - [2025-08-08T20:25:18.179+0530] {dag.py:3954} INFO - Setting next_dagrun for consume_1_or_both_2_and_3_with_dataset_expressions to None, run_after=None
[2025-08-08T20:25:18.180+0530] {logging_mixin.py:188} INFO - [2025-08-08T20:25:18.180+0530] {dag.py:3954} INFO - Setting next_dagrun for dataset_consumes_1 to None, run_after=None
[2025-08-08T20:25:18.181+0530] {logging_mixin.py:188} INFO - [2025-08-08T20:25:18.181+0530] {dag.py:3954} INFO - Setting next_dagrun for dataset_consumes_1_and_2 to None, run_after=None
[2025-08-08T20:25:18.182+0530] {logging_mixin.py:188} INFO - [2025-08-08T20:25:18.182+0530] {dag.py:3954} INFO - Setting next_dagrun for dataset_consumes_1_never_scheduled to None, run_after=None
[2025-08-08T20:25:18.182+0530] {logging_mixin.py:188} INFO - [2025-08-08T20:25:18.182+0530] {dag.py:3954} INFO - Setting next_dagrun for dataset_consumes_unknown_never_scheduled to None, run_after=None
[2025-08-08T20:25:18.184+0530] {logging_mixin.py:188} INFO - [2025-08-08T20:25:18.184+0530] {dag.py:3954} INFO - Setting next_dagrun for dataset_produces_1 to 2025-08-07 00:00:00+00:00, run_after=2025-08-08 00:00:00+00:00
[2025-08-08T20:25:18.185+0530] {logging_mixin.py:188} INFO - [2025-08-08T20:25:18.185+0530] {dag.py:3954} INFO - Setting next_dagrun for dataset_produces_2 to None, run_after=None
[2025-08-08T20:25:18.223+0530] {processor.py:183} INFO - Processing /Users/piyush.dixit/Desktop/airflow-env/lib/python3.9/site-packages/airflow/example_dags/example_datasets.py took 0.487 seconds
