[2025-08-08T19:36:12.495+0530] {processor.py:161} INFO - Started process (PID=76945) to work on /Users/piyush.dixit/Desktop/airflow-env/lib/python3.9/site-packages/airflow/example_dags/example_branch_python_dop_operator_3.py
[2025-08-08T19:36:12.498+0530] {processor.py:830} INFO - Processing file /Users/piyush.dixit/Desktop/airflow-env/lib/python3.9/site-packages/airflow/example_dags/example_branch_python_dop_operator_3.py for tasks to queue
[2025-08-08T19:36:12.499+0530] {logging_mixin.py:188} INFO - [2025-08-08T19:36:12.499+0530] {dagbag.py:545} INFO - Filling up the DagBag from /Users/piyush.dixit/Desktop/airflow-env/lib/python3.9/site-packages/airflow/example_dags/example_branch_python_dop_operator_3.py
[2025-08-08T19:36:12.549+0530] {processor.py:840} INFO - DAG(s) 'example_branch_dop_operator_v3' retrieved from /Users/piyush.dixit/Desktop/airflow-env/lib/python3.9/site-packages/airflow/example_dags/example_branch_python_dop_operator_3.py
[2025-08-08T19:36:12.782+0530] {logging_mixin.py:188} INFO - [2025-08-08T19:36:12.781+0530] {dag.py:3096} INFO - Sync 1 DAGs
[2025-08-08T19:36:12.805+0530] {logging_mixin.py:188} INFO - [2025-08-08T19:36:12.805+0530] {dag.py:3954} INFO - Setting next_dagrun for example_branch_dop_operator_v3 to 2025-08-08 14:05:00+00:00, run_after=2025-08-08 14:06:00+00:00
[2025-08-08T19:36:12.821+0530] {processor.py:183} INFO - Processing /Users/piyush.dixit/Desktop/airflow-env/lib/python3.9/site-packages/airflow/example_dags/example_branch_python_dop_operator_3.py took 0.330 seconds
[2025-08-08T19:39:41.013+0530] {processor.py:161} INFO - Started process (PID=77068) to work on /Users/piyush.dixit/Desktop/airflow-env/lib/python3.9/site-packages/airflow/example_dags/example_branch_python_dop_operator_3.py
[2025-08-08T19:39:41.017+0530] {processor.py:830} INFO - Processing file /Users/piyush.dixit/Desktop/airflow-env/lib/python3.9/site-packages/airflow/example_dags/example_branch_python_dop_operator_3.py for tasks to queue
[2025-08-08T19:39:41.018+0530] {logging_mixin.py:188} INFO - [2025-08-08T19:39:41.018+0530] {dagbag.py:545} INFO - Filling up the DagBag from /Users/piyush.dixit/Desktop/airflow-env/lib/python3.9/site-packages/airflow/example_dags/example_branch_python_dop_operator_3.py
[2025-08-08T19:39:41.067+0530] {processor.py:840} INFO - DAG(s) 'example_branch_dop_operator_v3' retrieved from /Users/piyush.dixit/Desktop/airflow-env/lib/python3.9/site-packages/airflow/example_dags/example_branch_python_dop_operator_3.py
[2025-08-08T19:39:41.200+0530] {logging_mixin.py:188} INFO - [2025-08-08T19:39:41.200+0530] {dag.py:3096} INFO - Sync 1 DAGs
[2025-08-08T19:39:41.229+0530] {logging_mixin.py:188} INFO - [2025-08-08T19:39:41.229+0530] {dag.py:3954} INFO - Setting next_dagrun for example_branch_dop_operator_v3 to 2025-08-08 14:08:00+00:00, run_after=2025-08-08 14:09:00+00:00
[2025-08-08T19:39:41.248+0530] {processor.py:183} INFO - Processing /Users/piyush.dixit/Desktop/airflow-env/lib/python3.9/site-packages/airflow/example_dags/example_branch_python_dop_operator_3.py took 0.239 seconds
[2025-08-08T19:43:12.481+0530] {processor.py:161} INFO - Started process (PID=77268) to work on /Users/piyush.dixit/Desktop/airflow-env/lib/python3.9/site-packages/airflow/example_dags/example_branch_python_dop_operator_3.py
[2025-08-08T19:43:12.483+0530] {processor.py:830} INFO - Processing file /Users/piyush.dixit/Desktop/airflow-env/lib/python3.9/site-packages/airflow/example_dags/example_branch_python_dop_operator_3.py for tasks to queue
[2025-08-08T19:43:12.484+0530] {logging_mixin.py:188} INFO - [2025-08-08T19:43:12.484+0530] {dagbag.py:545} INFO - Filling up the DagBag from /Users/piyush.dixit/Desktop/airflow-env/lib/python3.9/site-packages/airflow/example_dags/example_branch_python_dop_operator_3.py
[2025-08-08T19:43:12.533+0530] {processor.py:840} INFO - DAG(s) 'example_branch_dop_operator_v3' retrieved from /Users/piyush.dixit/Desktop/airflow-env/lib/python3.9/site-packages/airflow/example_dags/example_branch_python_dop_operator_3.py
[2025-08-08T19:43:12.664+0530] {logging_mixin.py:188} INFO - [2025-08-08T19:43:12.664+0530] {dag.py:3096} INFO - Sync 1 DAGs
[2025-08-08T19:43:12.692+0530] {logging_mixin.py:188} INFO - [2025-08-08T19:43:12.692+0530] {dag.py:3954} INFO - Setting next_dagrun for example_branch_dop_operator_v3 to 2025-08-08 14:12:00+00:00, run_after=2025-08-08 14:13:00+00:00
[2025-08-08T19:43:12.711+0530] {processor.py:183} INFO - Processing /Users/piyush.dixit/Desktop/airflow-env/lib/python3.9/site-packages/airflow/example_dags/example_branch_python_dop_operator_3.py took 0.234 seconds
[2025-08-08T20:15:55.230+0530] {processor.py:161} INFO - Started process (PID=77538) to work on /Users/piyush.dixit/Desktop/airflow-env/lib/python3.9/site-packages/airflow/example_dags/example_branch_python_dop_operator_3.py
[2025-08-08T20:15:55.234+0530] {processor.py:830} INFO - Processing file /Users/piyush.dixit/Desktop/airflow-env/lib/python3.9/site-packages/airflow/example_dags/example_branch_python_dop_operator_3.py for tasks to queue
[2025-08-08T20:15:55.234+0530] {logging_mixin.py:188} INFO - [2025-08-08T20:15:55.234+0530] {dagbag.py:545} INFO - Filling up the DagBag from /Users/piyush.dixit/Desktop/airflow-env/lib/python3.9/site-packages/airflow/example_dags/example_branch_python_dop_operator_3.py
[2025-08-08T20:15:55.286+0530] {processor.py:840} INFO - DAG(s) 'example_branch_dop_operator_v3' retrieved from /Users/piyush.dixit/Desktop/airflow-env/lib/python3.9/site-packages/airflow/example_dags/example_branch_python_dop_operator_3.py
[2025-08-08T20:15:55.423+0530] {logging_mixin.py:188} INFO - [2025-08-08T20:15:55.423+0530] {dag.py:3096} INFO - Sync 1 DAGs
[2025-08-08T20:15:55.452+0530] {logging_mixin.py:188} INFO - [2025-08-08T20:15:55.451+0530] {dag.py:3954} INFO - Setting next_dagrun for example_branch_dop_operator_v3 to 2025-08-08 14:44:00+00:00, run_after=2025-08-08 14:45:00+00:00
[2025-08-08T20:15:55.471+0530] {processor.py:183} INFO - Processing /Users/piyush.dixit/Desktop/airflow-env/lib/python3.9/site-packages/airflow/example_dags/example_branch_python_dop_operator_3.py took 0.246 seconds
[2025-08-08T20:25:27.810+0530] {processor.py:161} INFO - Started process (PID=78215) to work on /Users/piyush.dixit/Desktop/airflow-env/lib/python3.9/site-packages/airflow/example_dags/example_branch_python_dop_operator_3.py
[2025-08-08T20:25:27.814+0530] {processor.py:830} INFO - Processing file /Users/piyush.dixit/Desktop/airflow-env/lib/python3.9/site-packages/airflow/example_dags/example_branch_python_dop_operator_3.py for tasks to queue
[2025-08-08T20:25:27.814+0530] {logging_mixin.py:188} INFO - [2025-08-08T20:25:27.814+0530] {dagbag.py:545} INFO - Filling up the DagBag from /Users/piyush.dixit/Desktop/airflow-env/lib/python3.9/site-packages/airflow/example_dags/example_branch_python_dop_operator_3.py
[2025-08-08T20:25:27.866+0530] {processor.py:840} INFO - DAG(s) 'example_branch_dop_operator_v3' retrieved from /Users/piyush.dixit/Desktop/airflow-env/lib/python3.9/site-packages/airflow/example_dags/example_branch_python_dop_operator_3.py
[2025-08-08T20:25:28.111+0530] {logging_mixin.py:188} INFO - [2025-08-08T20:25:28.111+0530] {dag.py:3096} INFO - Sync 1 DAGs
[2025-08-08T20:25:28.136+0530] {logging_mixin.py:188} INFO - [2025-08-08T20:25:28.136+0530] {dag.py:3954} INFO - Setting next_dagrun for example_branch_dop_operator_v3 to 2025-08-08 14:54:00+00:00, run_after=2025-08-08 14:55:00+00:00
[2025-08-08T20:25:28.154+0530] {processor.py:183} INFO - Processing /Users/piyush.dixit/Desktop/airflow-env/lib/python3.9/site-packages/airflow/example_dags/example_branch_python_dop_operator_3.py took 0.349 seconds
