[2025-08-08T19:35:13.035+0530] {processor.py:161} INFO - Started process (PID=76901) to work on /Users/piyush.dixit/Desktop/airflow-env/lib/python3.9/site-packages/airflow/example_dags/example_setup_teardown_taskflow.py
[2025-08-08T19:35:13.038+0530] {processor.py:830} INFO - Processing file /Users/piyush.dixit/Desktop/airflow-env/lib/python3.9/site-packages/airflow/example_dags/example_setup_teardown_taskflow.py for tasks to queue
[2025-08-08T19:35:13.038+0530] {logging_mixin.py:188} INFO - [2025-08-08T19:35:13.038+0530] {dagbag.py:545} INFO - Filling up the DagBag from /Users/piyush.dixit/Desktop/airflow-env/lib/python3.9/site-packages/airflow/example_dags/example_setup_teardown_taskflow.py
[2025-08-08T19:35:13.089+0530] {processor.py:840} INFO - DAG(s) 'example_setup_teardown_taskflow' retrieved from /Users/piyush.dixit/Desktop/airflow-env/lib/python3.9/site-packages/airflow/example_dags/example_setup_teardown_taskflow.py
[2025-08-08T19:35:13.338+0530] {logging_mixin.py:188} INFO - [2025-08-08T19:35:13.338+0530] {dag.py:3096} INFO - Sync 1 DAGs
[2025-08-08T19:35:13.357+0530] {logging_mixin.py:188} INFO - [2025-08-08T19:35:13.357+0530] {dag.py:3954} INFO - Setting next_dagrun for example_setup_teardown_taskflow to 2025-08-07 00:00:00+00:00, run_after=2025-08-08 00:00:00+00:00
[2025-08-08T19:35:13.375+0530] {processor.py:183} INFO - Processing /Users/piyush.dixit/Desktop/airflow-env/lib/python3.9/site-packages/airflow/example_dags/example_setup_teardown_taskflow.py took 0.344 seconds
[2025-08-08T19:37:33.165+0530] {processor.py:161} INFO - Started process (PID=76983) to work on /Users/piyush.dixit/Desktop/airflow-env/lib/python3.9/site-packages/airflow/example_dags/example_setup_teardown_taskflow.py
[2025-08-08T19:37:33.168+0530] {processor.py:830} INFO - Processing file /Users/piyush.dixit/Desktop/airflow-env/lib/python3.9/site-packages/airflow/example_dags/example_setup_teardown_taskflow.py for tasks to queue
[2025-08-08T19:37:33.168+0530] {logging_mixin.py:188} INFO - [2025-08-08T19:37:33.168+0530] {dagbag.py:545} INFO - Filling up the DagBag from /Users/piyush.dixit/Desktop/airflow-env/lib/python3.9/site-packages/airflow/example_dags/example_setup_teardown_taskflow.py
[2025-08-08T19:37:33.216+0530] {processor.py:840} INFO - DAG(s) 'example_setup_teardown_taskflow' retrieved from /Users/piyush.dixit/Desktop/airflow-env/lib/python3.9/site-packages/airflow/example_dags/example_setup_teardown_taskflow.py
[2025-08-08T19:37:33.348+0530] {logging_mixin.py:188} INFO - [2025-08-08T19:37:33.347+0530] {dag.py:3096} INFO - Sync 1 DAGs
[2025-08-08T19:37:33.369+0530] {logging_mixin.py:188} INFO - [2025-08-08T19:37:33.369+0530] {dag.py:3954} INFO - Setting next_dagrun for example_setup_teardown_taskflow to 2025-08-07 00:00:00+00:00, run_after=2025-08-08 00:00:00+00:00
[2025-08-08T19:37:33.387+0530] {processor.py:183} INFO - Processing /Users/piyush.dixit/Desktop/airflow-env/lib/python3.9/site-packages/airflow/example_dags/example_setup_teardown_taskflow.py took 0.226 seconds
[2025-08-08T19:39:14.380+0530] {processor.py:161} INFO - Started process (PID=77050) to work on /Users/piyush.dixit/Desktop/airflow-env/lib/python3.9/site-packages/airflow/example_dags/example_setup_teardown_taskflow.py
[2025-08-08T19:39:14.382+0530] {processor.py:830} INFO - Processing file /Users/piyush.dixit/Desktop/airflow-env/lib/python3.9/site-packages/airflow/example_dags/example_setup_teardown_taskflow.py for tasks to queue
[2025-08-08T19:39:14.383+0530] {logging_mixin.py:188} INFO - [2025-08-08T19:39:14.383+0530] {dagbag.py:545} INFO - Filling up the DagBag from /Users/piyush.dixit/Desktop/airflow-env/lib/python3.9/site-packages/airflow/example_dags/example_setup_teardown_taskflow.py
[2025-08-08T19:39:14.430+0530] {processor.py:840} INFO - DAG(s) 'example_setup_teardown_taskflow' retrieved from /Users/piyush.dixit/Desktop/airflow-env/lib/python3.9/site-packages/airflow/example_dags/example_setup_teardown_taskflow.py
[2025-08-08T19:39:14.564+0530] {logging_mixin.py:188} INFO - [2025-08-08T19:39:14.564+0530] {dag.py:3096} INFO - Sync 1 DAGs
[2025-08-08T19:39:14.586+0530] {logging_mixin.py:188} INFO - [2025-08-08T19:39:14.585+0530] {dag.py:3954} INFO - Setting next_dagrun for example_setup_teardown_taskflow to 2025-08-07 00:00:00+00:00, run_after=2025-08-08 00:00:00+00:00
[2025-08-08T19:39:14.605+0530] {processor.py:183} INFO - Processing /Users/piyush.dixit/Desktop/airflow-env/lib/python3.9/site-packages/airflow/example_dags/example_setup_teardown_taskflow.py took 0.228 seconds
[2025-08-08T19:41:00.279+0530] {processor.py:161} INFO - Started process (PID=77125) to work on /Users/piyush.dixit/Desktop/airflow-env/lib/python3.9/site-packages/airflow/example_dags/example_setup_teardown_taskflow.py
[2025-08-08T19:41:00.282+0530] {processor.py:830} INFO - Processing file /Users/piyush.dixit/Desktop/airflow-env/lib/python3.9/site-packages/airflow/example_dags/example_setup_teardown_taskflow.py for tasks to queue
[2025-08-08T19:41:00.282+0530] {logging_mixin.py:188} INFO - [2025-08-08T19:41:00.282+0530] {dagbag.py:545} INFO - Filling up the DagBag from /Users/piyush.dixit/Desktop/airflow-env/lib/python3.9/site-packages/airflow/example_dags/example_setup_teardown_taskflow.py
[2025-08-08T19:41:00.330+0530] {processor.py:840} INFO - DAG(s) 'example_setup_teardown_taskflow' retrieved from /Users/piyush.dixit/Desktop/airflow-env/lib/python3.9/site-packages/airflow/example_dags/example_setup_teardown_taskflow.py
[2025-08-08T19:41:00.462+0530] {logging_mixin.py:188} INFO - [2025-08-08T19:41:00.462+0530] {dag.py:3096} INFO - Sync 1 DAGs
[2025-08-08T19:41:00.484+0530] {logging_mixin.py:188} INFO - [2025-08-08T19:41:00.484+0530] {dag.py:3954} INFO - Setting next_dagrun for example_setup_teardown_taskflow to 2025-08-07 00:00:00+00:00, run_after=2025-08-08 00:00:00+00:00
[2025-08-08T19:41:00.503+0530] {processor.py:183} INFO - Processing /Users/piyush.dixit/Desktop/airflow-env/lib/python3.9/site-packages/airflow/example_dags/example_setup_teardown_taskflow.py took 0.227 seconds
[2025-08-08T19:42:45.054+0530] {processor.py:161} INFO - Started process (PID=77243) to work on /Users/piyush.dixit/Desktop/airflow-env/lib/python3.9/site-packages/airflow/example_dags/example_setup_teardown_taskflow.py
[2025-08-08T19:42:45.057+0530] {processor.py:830} INFO - Processing file /Users/piyush.dixit/Desktop/airflow-env/lib/python3.9/site-packages/airflow/example_dags/example_setup_teardown_taskflow.py for tasks to queue
[2025-08-08T19:42:45.058+0530] {logging_mixin.py:188} INFO - [2025-08-08T19:42:45.057+0530] {dagbag.py:545} INFO - Filling up the DagBag from /Users/piyush.dixit/Desktop/airflow-env/lib/python3.9/site-packages/airflow/example_dags/example_setup_teardown_taskflow.py
[2025-08-08T19:42:45.104+0530] {processor.py:840} INFO - DAG(s) 'example_setup_teardown_taskflow' retrieved from /Users/piyush.dixit/Desktop/airflow-env/lib/python3.9/site-packages/airflow/example_dags/example_setup_teardown_taskflow.py
[2025-08-08T19:42:45.237+0530] {logging_mixin.py:188} INFO - [2025-08-08T19:42:45.237+0530] {dag.py:3096} INFO - Sync 1 DAGs
[2025-08-08T19:42:45.259+0530] {logging_mixin.py:188} INFO - [2025-08-08T19:42:45.259+0530] {dag.py:3954} INFO - Setting next_dagrun for example_setup_teardown_taskflow to 2025-08-07 00:00:00+00:00, run_after=2025-08-08 00:00:00+00:00
[2025-08-08T19:42:45.279+0530] {processor.py:183} INFO - Processing /Users/piyush.dixit/Desktop/airflow-env/lib/python3.9/site-packages/airflow/example_dags/example_setup_teardown_taskflow.py took 0.228 seconds
[2025-08-08T19:44:32.315+0530] {processor.py:161} INFO - Started process (PID=77326) to work on /Users/piyush.dixit/Desktop/airflow-env/lib/python3.9/site-packages/airflow/example_dags/example_setup_teardown_taskflow.py
[2025-08-08T19:44:32.318+0530] {processor.py:830} INFO - Processing file /Users/piyush.dixit/Desktop/airflow-env/lib/python3.9/site-packages/airflow/example_dags/example_setup_teardown_taskflow.py for tasks to queue
[2025-08-08T19:44:32.320+0530] {logging_mixin.py:188} INFO - [2025-08-08T19:44:32.319+0530] {dagbag.py:545} INFO - Filling up the DagBag from /Users/piyush.dixit/Desktop/airflow-env/lib/python3.9/site-packages/airflow/example_dags/example_setup_teardown_taskflow.py
[2025-08-08T19:44:32.383+0530] {processor.py:840} INFO - DAG(s) 'example_setup_teardown_taskflow' retrieved from /Users/piyush.dixit/Desktop/airflow-env/lib/python3.9/site-packages/airflow/example_dags/example_setup_teardown_taskflow.py
[2025-08-08T19:44:32.563+0530] {logging_mixin.py:188} INFO - [2025-08-08T19:44:32.563+0530] {dag.py:3096} INFO - Sync 1 DAGs
[2025-08-08T19:44:32.589+0530] {logging_mixin.py:188} INFO - [2025-08-08T19:44:32.589+0530] {dag.py:3954} INFO - Setting next_dagrun for example_setup_teardown_taskflow to 2025-08-07 00:00:00+00:00, run_after=2025-08-08 00:00:00+00:00
[2025-08-08T19:44:32.610+0530] {processor.py:183} INFO - Processing /Users/piyush.dixit/Desktop/airflow-env/lib/python3.9/site-packages/airflow/example_dags/example_setup_teardown_taskflow.py took 0.299 seconds
[2025-08-08T20:15:07.555+0530] {processor.py:161} INFO - Started process (PID=77520) to work on /Users/piyush.dixit/Desktop/airflow-env/lib/python3.9/site-packages/airflow/example_dags/example_setup_teardown_taskflow.py
[2025-08-08T20:15:07.559+0530] {processor.py:830} INFO - Processing file /Users/piyush.dixit/Desktop/airflow-env/lib/python3.9/site-packages/airflow/example_dags/example_setup_teardown_taskflow.py for tasks to queue
[2025-08-08T20:15:07.559+0530] {logging_mixin.py:188} INFO - [2025-08-08T20:15:07.559+0530] {dagbag.py:545} INFO - Filling up the DagBag from /Users/piyush.dixit/Desktop/airflow-env/lib/python3.9/site-packages/airflow/example_dags/example_setup_teardown_taskflow.py
[2025-08-08T20:15:07.610+0530] {processor.py:840} INFO - DAG(s) 'example_setup_teardown_taskflow' retrieved from /Users/piyush.dixit/Desktop/airflow-env/lib/python3.9/site-packages/airflow/example_dags/example_setup_teardown_taskflow.py
[2025-08-08T20:15:07.757+0530] {logging_mixin.py:188} INFO - [2025-08-08T20:15:07.756+0530] {dag.py:3096} INFO - Sync 1 DAGs
[2025-08-08T20:15:07.779+0530] {logging_mixin.py:188} INFO - [2025-08-08T20:15:07.779+0530] {dag.py:3954} INFO - Setting next_dagrun for example_setup_teardown_taskflow to 2025-08-07 00:00:00+00:00, run_after=2025-08-08 00:00:00+00:00
[2025-08-08T20:15:07.798+0530] {processor.py:183} INFO - Processing /Users/piyush.dixit/Desktop/airflow-env/lib/python3.9/site-packages/airflow/example_dags/example_setup_teardown_taskflow.py took 0.248 seconds
[2025-08-08T20:17:22.944+0530] {processor.py:161} INFO - Started process (PID=77605) to work on /Users/piyush.dixit/Desktop/airflow-env/lib/python3.9/site-packages/airflow/example_dags/example_setup_teardown_taskflow.py
[2025-08-08T20:17:22.949+0530] {processor.py:830} INFO - Processing file /Users/piyush.dixit/Desktop/airflow-env/lib/python3.9/site-packages/airflow/example_dags/example_setup_teardown_taskflow.py for tasks to queue
[2025-08-08T20:17:22.950+0530] {logging_mixin.py:188} INFO - [2025-08-08T20:17:22.950+0530] {dagbag.py:545} INFO - Filling up the DagBag from /Users/piyush.dixit/Desktop/airflow-env/lib/python3.9/site-packages/airflow/example_dags/example_setup_teardown_taskflow.py
[2025-08-08T20:17:23.008+0530] {processor.py:840} INFO - DAG(s) 'example_setup_teardown_taskflow' retrieved from /Users/piyush.dixit/Desktop/airflow-env/lib/python3.9/site-packages/airflow/example_dags/example_setup_teardown_taskflow.py
[2025-08-08T20:17:23.190+0530] {logging_mixin.py:188} INFO - [2025-08-08T20:17:23.189+0530] {dag.py:3096} INFO - Sync 1 DAGs
[2025-08-08T20:17:23.212+0530] {logging_mixin.py:188} INFO - [2025-08-08T20:17:23.212+0530] {dag.py:3954} INFO - Setting next_dagrun for example_setup_teardown_taskflow to 2025-08-07 00:00:00+00:00, run_after=2025-08-08 00:00:00+00:00
[2025-08-08T20:17:23.233+0530] {processor.py:183} INFO - Processing /Users/piyush.dixit/Desktop/airflow-env/lib/python3.9/site-packages/airflow/example_dags/example_setup_teardown_taskflow.py took 0.293 seconds
[2025-08-08T20:24:23.097+0530] {processor.py:161} INFO - Started process (PID=78162) to work on /Users/piyush.dixit/Desktop/airflow-env/lib/python3.9/site-packages/airflow/example_dags/example_setup_teardown_taskflow.py
[2025-08-08T20:24:23.101+0530] {processor.py:830} INFO - Processing file /Users/piyush.dixit/Desktop/airflow-env/lib/python3.9/site-packages/airflow/example_dags/example_setup_teardown_taskflow.py for tasks to queue
[2025-08-08T20:24:23.102+0530] {logging_mixin.py:188} INFO - [2025-08-08T20:24:23.102+0530] {dagbag.py:545} INFO - Filling up the DagBag from /Users/piyush.dixit/Desktop/airflow-env/lib/python3.9/site-packages/airflow/example_dags/example_setup_teardown_taskflow.py
[2025-08-08T20:24:23.156+0530] {processor.py:840} INFO - DAG(s) 'example_setup_teardown_taskflow' retrieved from /Users/piyush.dixit/Desktop/airflow-env/lib/python3.9/site-packages/airflow/example_dags/example_setup_teardown_taskflow.py
[2025-08-08T20:24:23.412+0530] {logging_mixin.py:188} INFO - [2025-08-08T20:24:23.412+0530] {dag.py:3096} INFO - Sync 1 DAGs
[2025-08-08T20:24:23.432+0530] {logging_mixin.py:188} INFO - [2025-08-08T20:24:23.432+0530] {dag.py:3954} INFO - Setting next_dagrun for example_setup_teardown_taskflow to 2025-08-07 00:00:00+00:00, run_after=2025-08-08 00:00:00+00:00
[2025-08-08T20:24:23.451+0530] {processor.py:183} INFO - Processing /Users/piyush.dixit/Desktop/airflow-env/lib/python3.9/site-packages/airflow/example_dags/example_setup_teardown_taskflow.py took 0.358 seconds
