[2025-08-08T19:36:24.864+0530] {processor.py:161} INFO - Started process (PID=76950) to work on /Users/piyush.dixit/Desktop/airflow-env/lib/python3.9/site-packages/airflow/example_dags/example_branch_datetime_operator.py
[2025-08-08T19:36:24.867+0530] {processor.py:830} INFO - Processing file /Users/piyush.dixit/Desktop/airflow-env/lib/python3.9/site-packages/airflow/example_dags/example_branch_datetime_operator.py for tasks to queue
[2025-08-08T19:36:24.868+0530] {logging_mixin.py:188} INFO - [2025-08-08T19:36:24.867+0530] {dagbag.py:545} INFO - Filling up the DagBag from /Users/piyush.dixit/Desktop/airflow-env/lib/python3.9/site-packages/airflow/example_dags/example_branch_datetime_operator.py
[2025-08-08T19:36:24.884+0530] {processor.py:840} INFO - DAG(s) 'example_branch_datetime_operator_2', 'example_branch_datetime_operator', 'example_branch_datetime_operator_3' retrieved from /Users/piyush.dixit/Desktop/airflow-env/lib/python3.9/site-packages/airflow/example_dags/example_branch_datetime_operator.py
[2025-08-08T19:36:25.129+0530] {logging_mixin.py:188} INFO - [2025-08-08T19:36:25.128+0530] {dag.py:3096} INFO - Sync 3 DAGs
[2025-08-08T19:36:25.144+0530] {logging_mixin.py:188} INFO - [2025-08-08T19:36:25.144+0530] {dag.py:3954} INFO - Setting next_dagrun for example_branch_datetime_operator to 2025-08-07 00:00:00+00:00, run_after=2025-08-08 00:00:00+00:00
[2025-08-08T19:36:25.148+0530] {logging_mixin.py:188} INFO - [2025-08-08T19:36:25.148+0530] {dag.py:3954} INFO - Setting next_dagrun for example_branch_datetime_operator_2 to 2025-08-07 00:00:00+00:00, run_after=2025-08-08 00:00:00+00:00
[2025-08-08T19:36:25.150+0530] {logging_mixin.py:188} INFO - [2025-08-08T19:36:25.150+0530] {dag.py:3954} INFO - Setting next_dagrun for example_branch_datetime_operator_3 to 2025-08-07 00:00:00+00:00, run_after=2025-08-08 00:00:00+00:00
[2025-08-08T19:36:25.166+0530] {processor.py:183} INFO - Processing /Users/piyush.dixit/Desktop/airflow-env/lib/python3.9/site-packages/airflow/example_dags/example_branch_datetime_operator.py took 0.306 seconds
[2025-08-08T19:39:54.409+0530] {processor.py:161} INFO - Started process (PID=77083) to work on /Users/piyush.dixit/Desktop/airflow-env/lib/python3.9/site-packages/airflow/example_dags/example_branch_datetime_operator.py
[2025-08-08T19:39:54.413+0530] {processor.py:830} INFO - Processing file /Users/piyush.dixit/Desktop/airflow-env/lib/python3.9/site-packages/airflow/example_dags/example_branch_datetime_operator.py for tasks to queue
[2025-08-08T19:39:54.413+0530] {logging_mixin.py:188} INFO - [2025-08-08T19:39:54.413+0530] {dagbag.py:545} INFO - Filling up the DagBag from /Users/piyush.dixit/Desktop/airflow-env/lib/python3.9/site-packages/airflow/example_dags/example_branch_datetime_operator.py
[2025-08-08T19:39:54.429+0530] {processor.py:840} INFO - DAG(s) 'example_branch_datetime_operator', 'example_branch_datetime_operator_2', 'example_branch_datetime_operator_3' retrieved from /Users/piyush.dixit/Desktop/airflow-env/lib/python3.9/site-packages/airflow/example_dags/example_branch_datetime_operator.py
[2025-08-08T19:39:54.532+0530] {logging_mixin.py:188} INFO - [2025-08-08T19:39:54.531+0530] {dag.py:3096} INFO - Sync 3 DAGs
[2025-08-08T19:39:54.549+0530] {logging_mixin.py:188} INFO - [2025-08-08T19:39:54.549+0530] {dag.py:3954} INFO - Setting next_dagrun for example_branch_datetime_operator to 2025-08-07 00:00:00+00:00, run_after=2025-08-08 00:00:00+00:00
[2025-08-08T19:39:54.555+0530] {logging_mixin.py:188} INFO - [2025-08-08T19:39:54.554+0530] {dag.py:3954} INFO - Setting next_dagrun for example_branch_datetime_operator_2 to 2025-08-07 00:00:00+00:00, run_after=2025-08-08 00:00:00+00:00
[2025-08-08T19:39:54.557+0530] {logging_mixin.py:188} INFO - [2025-08-08T19:39:54.557+0530] {dag.py:3954} INFO - Setting next_dagrun for example_branch_datetime_operator_3 to 2025-08-07 00:00:00+00:00, run_after=2025-08-08 00:00:00+00:00
[2025-08-08T19:39:54.614+0530] {processor.py:183} INFO - Processing /Users/piyush.dixit/Desktop/airflow-env/lib/python3.9/site-packages/airflow/example_dags/example_branch_datetime_operator.py took 0.208 seconds
[2025-08-08T19:43:25.935+0530] {processor.py:161} INFO - Started process (PID=77276) to work on /Users/piyush.dixit/Desktop/airflow-env/lib/python3.9/site-packages/airflow/example_dags/example_branch_datetime_operator.py
[2025-08-08T19:43:25.938+0530] {processor.py:830} INFO - Processing file /Users/piyush.dixit/Desktop/airflow-env/lib/python3.9/site-packages/airflow/example_dags/example_branch_datetime_operator.py for tasks to queue
[2025-08-08T19:43:25.939+0530] {logging_mixin.py:188} INFO - [2025-08-08T19:43:25.939+0530] {dagbag.py:545} INFO - Filling up the DagBag from /Users/piyush.dixit/Desktop/airflow-env/lib/python3.9/site-packages/airflow/example_dags/example_branch_datetime_operator.py
[2025-08-08T19:43:25.954+0530] {processor.py:840} INFO - DAG(s) 'example_branch_datetime_operator', 'example_branch_datetime_operator_2', 'example_branch_datetime_operator_3' retrieved from /Users/piyush.dixit/Desktop/airflow-env/lib/python3.9/site-packages/airflow/example_dags/example_branch_datetime_operator.py
[2025-08-08T19:43:26.051+0530] {logging_mixin.py:188} INFO - [2025-08-08T19:43:26.051+0530] {dag.py:3096} INFO - Sync 3 DAGs
[2025-08-08T19:43:26.065+0530] {logging_mixin.py:188} INFO - [2025-08-08T19:43:26.065+0530] {dag.py:3954} INFO - Setting next_dagrun for example_branch_datetime_operator to 2025-08-07 00:00:00+00:00, run_after=2025-08-08 00:00:00+00:00
[2025-08-08T19:43:26.069+0530] {logging_mixin.py:188} INFO - [2025-08-08T19:43:26.069+0530] {dag.py:3954} INFO - Setting next_dagrun for example_branch_datetime_operator_2 to 2025-08-07 00:00:00+00:00, run_after=2025-08-08 00:00:00+00:00
[2025-08-08T19:43:26.071+0530] {logging_mixin.py:188} INFO - [2025-08-08T19:43:26.071+0530] {dag.py:3954} INFO - Setting next_dagrun for example_branch_datetime_operator_3 to 2025-08-07 00:00:00+00:00, run_after=2025-08-08 00:00:00+00:00
[2025-08-08T19:43:26.125+0530] {processor.py:183} INFO - Processing /Users/piyush.dixit/Desktop/airflow-env/lib/python3.9/site-packages/airflow/example_dags/example_branch_datetime_operator.py took 0.193 seconds
[2025-08-08T20:16:10.302+0530] {processor.py:161} INFO - Started process (PID=77559) to work on /Users/piyush.dixit/Desktop/airflow-env/lib/python3.9/site-packages/airflow/example_dags/example_branch_datetime_operator.py
[2025-08-08T20:16:10.306+0530] {processor.py:830} INFO - Processing file /Users/piyush.dixit/Desktop/airflow-env/lib/python3.9/site-packages/airflow/example_dags/example_branch_datetime_operator.py for tasks to queue
[2025-08-08T20:16:10.307+0530] {logging_mixin.py:188} INFO - [2025-08-08T20:16:10.307+0530] {dagbag.py:545} INFO - Filling up the DagBag from /Users/piyush.dixit/Desktop/airflow-env/lib/python3.9/site-packages/airflow/example_dags/example_branch_datetime_operator.py
[2025-08-08T20:16:10.326+0530] {processor.py:840} INFO - DAG(s) 'example_branch_datetime_operator', 'example_branch_datetime_operator_3', 'example_branch_datetime_operator_2' retrieved from /Users/piyush.dixit/Desktop/airflow-env/lib/python3.9/site-packages/airflow/example_dags/example_branch_datetime_operator.py
[2025-08-08T20:16:10.443+0530] {logging_mixin.py:188} INFO - [2025-08-08T20:16:10.443+0530] {dag.py:3096} INFO - Sync 3 DAGs
[2025-08-08T20:16:10.461+0530] {logging_mixin.py:188} INFO - [2025-08-08T20:16:10.461+0530] {dag.py:3954} INFO - Setting next_dagrun for example_branch_datetime_operator to 2025-08-07 00:00:00+00:00, run_after=2025-08-08 00:00:00+00:00
[2025-08-08T20:16:10.468+0530] {logging_mixin.py:188} INFO - [2025-08-08T20:16:10.467+0530] {dag.py:3954} INFO - Setting next_dagrun for example_branch_datetime_operator_2 to 2025-08-07 00:00:00+00:00, run_after=2025-08-08 00:00:00+00:00
[2025-08-08T20:16:10.470+0530] {logging_mixin.py:188} INFO - [2025-08-08T20:16:10.470+0530] {dag.py:3954} INFO - Setting next_dagrun for example_branch_datetime_operator_3 to 2025-08-07 00:00:00+00:00, run_after=2025-08-08 00:00:00+00:00
[2025-08-08T20:16:10.536+0530] {processor.py:183} INFO - Processing /Users/piyush.dixit/Desktop/airflow-env/lib/python3.9/site-packages/airflow/example_dags/example_branch_datetime_operator.py took 0.238 seconds
[2025-08-08T20:25:41.612+0530] {processor.py:161} INFO - Started process (PID=78226) to work on /Users/piyush.dixit/Desktop/airflow-env/lib/python3.9/site-packages/airflow/example_dags/example_branch_datetime_operator.py
[2025-08-08T20:25:41.616+0530] {processor.py:830} INFO - Processing file /Users/piyush.dixit/Desktop/airflow-env/lib/python3.9/site-packages/airflow/example_dags/example_branch_datetime_operator.py for tasks to queue
[2025-08-08T20:25:41.617+0530] {logging_mixin.py:188} INFO - [2025-08-08T20:25:41.616+0530] {dagbag.py:545} INFO - Filling up the DagBag from /Users/piyush.dixit/Desktop/airflow-env/lib/python3.9/site-packages/airflow/example_dags/example_branch_datetime_operator.py
[2025-08-08T20:25:41.634+0530] {processor.py:840} INFO - DAG(s) 'example_branch_datetime_operator_3', 'example_branch_datetime_operator', 'example_branch_datetime_operator_2' retrieved from /Users/piyush.dixit/Desktop/airflow-env/lib/python3.9/site-packages/airflow/example_dags/example_branch_datetime_operator.py
[2025-08-08T20:25:41.928+0530] {logging_mixin.py:188} INFO - [2025-08-08T20:25:41.928+0530] {dag.py:3096} INFO - Sync 3 DAGs
[2025-08-08T20:25:41.948+0530] {logging_mixin.py:188} INFO - [2025-08-08T20:25:41.947+0530] {dag.py:3954} INFO - Setting next_dagrun for example_branch_datetime_operator to 2025-08-07 00:00:00+00:00, run_after=2025-08-08 00:00:00+00:00
[2025-08-08T20:25:41.952+0530] {logging_mixin.py:188} INFO - [2025-08-08T20:25:41.952+0530] {dag.py:3954} INFO - Setting next_dagrun for example_branch_datetime_operator_2 to 2025-08-07 00:00:00+00:00, run_after=2025-08-08 00:00:00+00:00
[2025-08-08T20:25:41.955+0530] {logging_mixin.py:188} INFO - [2025-08-08T20:25:41.954+0530] {dag.py:3954} INFO - Setting next_dagrun for example_branch_datetime_operator_3 to 2025-08-07 00:00:00+00:00, run_after=2025-08-08 00:00:00+00:00
[2025-08-08T20:25:41.974+0530] {processor.py:183} INFO - Processing /Users/piyush.dixit/Desktop/airflow-env/lib/python3.9/site-packages/airflow/example_dags/example_branch_datetime_operator.py took 0.366 seconds
