[2025-08-08T19:35:07.667+0530] {processor.py:161} INFO - Started process (PID=76899) to work on /Users/piyush.dixit/Desktop/airflow-env/lib/python3.9/site-packages/airflow/example_dags/example_short_circuit_operator.py
[2025-08-08T19:35:07.670+0530] {processor.py:830} INFO - Processing file /Users/piyush.dixit/Desktop/airflow-env/lib/python3.9/site-packages/airflow/example_dags/example_short_circuit_operator.py for tasks to queue
[2025-08-08T19:35:07.671+0530] {logging_mixin.py:188} INFO - [2025-08-08T19:35:07.671+0530] {dagbag.py:545} INFO - Filling up the DagBag from /Users/piyush.dixit/Desktop/airflow-env/lib/python3.9/site-packages/airflow/example_dags/example_short_circuit_operator.py
[2025-08-08T19:35:07.705+0530] {processor.py:840} INFO - DAG(s) 'example_short_circuit_operator' retrieved from /Users/piyush.dixit/Desktop/airflow-env/lib/python3.9/site-packages/airflow/example_dags/example_short_circuit_operator.py
[2025-08-08T19:35:07.952+0530] {logging_mixin.py:188} INFO - [2025-08-08T19:35:07.952+0530] {dag.py:3096} INFO - Sync 1 DAGs
[2025-08-08T19:35:07.970+0530] {logging_mixin.py:188} INFO - [2025-08-08T19:35:07.970+0530] {dag.py:3954} INFO - Setting next_dagrun for example_short_circuit_operator to 2025-08-07 00:00:00+00:00, run_after=2025-08-08 00:00:00+00:00
[2025-08-08T19:35:07.990+0530] {processor.py:183} INFO - Processing /Users/piyush.dixit/Desktop/airflow-env/lib/python3.9/site-packages/airflow/example_dags/example_short_circuit_operator.py took 0.327 seconds
[2025-08-08T19:37:27.693+0530] {processor.py:161} INFO - Started process (PID=76981) to work on /Users/piyush.dixit/Desktop/airflow-env/lib/python3.9/site-packages/airflow/example_dags/example_short_circuit_operator.py
[2025-08-08T19:37:27.696+0530] {processor.py:830} INFO - Processing file /Users/piyush.dixit/Desktop/airflow-env/lib/python3.9/site-packages/airflow/example_dags/example_short_circuit_operator.py for tasks to queue
[2025-08-08T19:37:27.696+0530] {logging_mixin.py:188} INFO - [2025-08-08T19:37:27.696+0530] {dagbag.py:545} INFO - Filling up the DagBag from /Users/piyush.dixit/Desktop/airflow-env/lib/python3.9/site-packages/airflow/example_dags/example_short_circuit_operator.py
[2025-08-08T19:37:27.731+0530] {processor.py:840} INFO - DAG(s) 'example_short_circuit_operator' retrieved from /Users/piyush.dixit/Desktop/airflow-env/lib/python3.9/site-packages/airflow/example_dags/example_short_circuit_operator.py
[2025-08-08T19:37:27.827+0530] {logging_mixin.py:188} INFO - [2025-08-08T19:37:27.826+0530] {dag.py:3096} INFO - Sync 1 DAGs
[2025-08-08T19:37:27.888+0530] {logging_mixin.py:188} INFO - [2025-08-08T19:37:27.888+0530] {dag.py:3954} INFO - Setting next_dagrun for example_short_circuit_operator to 2025-08-07 00:00:00+00:00, run_after=2025-08-08 00:00:00+00:00
[2025-08-08T19:37:27.907+0530] {processor.py:183} INFO - Processing /Users/piyush.dixit/Desktop/airflow-env/lib/python3.9/site-packages/airflow/example_dags/example_short_circuit_operator.py took 0.218 seconds
[2025-08-08T19:39:08.960+0530] {processor.py:161} INFO - Started process (PID=77048) to work on /Users/piyush.dixit/Desktop/airflow-env/lib/python3.9/site-packages/airflow/example_dags/example_short_circuit_operator.py
[2025-08-08T19:39:08.984+0530] {processor.py:830} INFO - Processing file /Users/piyush.dixit/Desktop/airflow-env/lib/python3.9/site-packages/airflow/example_dags/example_short_circuit_operator.py for tasks to queue
[2025-08-08T19:39:08.985+0530] {logging_mixin.py:188} INFO - [2025-08-08T19:39:08.985+0530] {dagbag.py:545} INFO - Filling up the DagBag from /Users/piyush.dixit/Desktop/airflow-env/lib/python3.9/site-packages/airflow/example_dags/example_short_circuit_operator.py
[2025-08-08T19:39:09.021+0530] {processor.py:840} INFO - DAG(s) 'example_short_circuit_operator' retrieved from /Users/piyush.dixit/Desktop/airflow-env/lib/python3.9/site-packages/airflow/example_dags/example_short_circuit_operator.py
[2025-08-08T19:39:09.117+0530] {logging_mixin.py:188} INFO - [2025-08-08T19:39:09.116+0530] {dag.py:3096} INFO - Sync 1 DAGs
[2025-08-08T19:39:09.178+0530] {logging_mixin.py:188} INFO - [2025-08-08T19:39:09.178+0530] {dag.py:3954} INFO - Setting next_dagrun for example_short_circuit_operator to 2025-08-07 00:00:00+00:00, run_after=2025-08-08 00:00:00+00:00
[2025-08-08T19:39:09.197+0530] {processor.py:183} INFO - Processing /Users/piyush.dixit/Desktop/airflow-env/lib/python3.9/site-packages/airflow/example_dags/example_short_circuit_operator.py took 0.242 seconds
[2025-08-08T19:40:54.830+0530] {processor.py:161} INFO - Started process (PID=77122) to work on /Users/piyush.dixit/Desktop/airflow-env/lib/python3.9/site-packages/airflow/example_dags/example_short_circuit_operator.py
[2025-08-08T19:40:54.833+0530] {processor.py:830} INFO - Processing file /Users/piyush.dixit/Desktop/airflow-env/lib/python3.9/site-packages/airflow/example_dags/example_short_circuit_operator.py for tasks to queue
[2025-08-08T19:40:54.834+0530] {logging_mixin.py:188} INFO - [2025-08-08T19:40:54.834+0530] {dagbag.py:545} INFO - Filling up the DagBag from /Users/piyush.dixit/Desktop/airflow-env/lib/python3.9/site-packages/airflow/example_dags/example_short_circuit_operator.py
[2025-08-08T19:40:54.867+0530] {processor.py:840} INFO - DAG(s) 'example_short_circuit_operator' retrieved from /Users/piyush.dixit/Desktop/airflow-env/lib/python3.9/site-packages/airflow/example_dags/example_short_circuit_operator.py
[2025-08-08T19:40:54.961+0530] {logging_mixin.py:188} INFO - [2025-08-08T19:40:54.960+0530] {dag.py:3096} INFO - Sync 1 DAGs
[2025-08-08T19:40:55.019+0530] {logging_mixin.py:188} INFO - [2025-08-08T19:40:55.018+0530] {dag.py:3954} INFO - Setting next_dagrun for example_short_circuit_operator to 2025-08-07 00:00:00+00:00, run_after=2025-08-08 00:00:00+00:00
[2025-08-08T19:40:55.037+0530] {processor.py:183} INFO - Processing /Users/piyush.dixit/Desktop/airflow-env/lib/python3.9/site-packages/airflow/example_dags/example_short_circuit_operator.py took 0.210 seconds
[2025-08-08T19:42:39.592+0530] {processor.py:161} INFO - Started process (PID=77190) to work on /Users/piyush.dixit/Desktop/airflow-env/lib/python3.9/site-packages/airflow/example_dags/example_short_circuit_operator.py
[2025-08-08T19:42:39.594+0530] {processor.py:830} INFO - Processing file /Users/piyush.dixit/Desktop/airflow-env/lib/python3.9/site-packages/airflow/example_dags/example_short_circuit_operator.py for tasks to queue
[2025-08-08T19:42:39.595+0530] {logging_mixin.py:188} INFO - [2025-08-08T19:42:39.595+0530] {dagbag.py:545} INFO - Filling up the DagBag from /Users/piyush.dixit/Desktop/airflow-env/lib/python3.9/site-packages/airflow/example_dags/example_short_circuit_operator.py
[2025-08-08T19:42:39.630+0530] {processor.py:840} INFO - DAG(s) 'example_short_circuit_operator' retrieved from /Users/piyush.dixit/Desktop/airflow-env/lib/python3.9/site-packages/airflow/example_dags/example_short_circuit_operator.py
[2025-08-08T19:42:39.731+0530] {logging_mixin.py:188} INFO - [2025-08-08T19:42:39.731+0530] {dag.py:3096} INFO - Sync 1 DAGs
[2025-08-08T19:42:39.792+0530] {logging_mixin.py:188} INFO - [2025-08-08T19:42:39.792+0530] {dag.py:3954} INFO - Setting next_dagrun for example_short_circuit_operator to 2025-08-07 00:00:00+00:00, run_after=2025-08-08 00:00:00+00:00
[2025-08-08T19:42:39.811+0530] {processor.py:183} INFO - Processing /Users/piyush.dixit/Desktop/airflow-env/lib/python3.9/site-packages/airflow/example_dags/example_short_circuit_operator.py took 0.223 seconds
[2025-08-08T19:44:25.516+0530] {processor.py:161} INFO - Started process (PID=77316) to work on /Users/piyush.dixit/Desktop/airflow-env/lib/python3.9/site-packages/airflow/example_dags/example_short_circuit_operator.py
[2025-08-08T19:44:25.520+0530] {processor.py:830} INFO - Processing file /Users/piyush.dixit/Desktop/airflow-env/lib/python3.9/site-packages/airflow/example_dags/example_short_circuit_operator.py for tasks to queue
[2025-08-08T19:44:25.520+0530] {logging_mixin.py:188} INFO - [2025-08-08T19:44:25.520+0530] {dagbag.py:545} INFO - Filling up the DagBag from /Users/piyush.dixit/Desktop/airflow-env/lib/python3.9/site-packages/airflow/example_dags/example_short_circuit_operator.py
[2025-08-08T19:44:25.567+0530] {processor.py:840} INFO - DAG(s) 'example_short_circuit_operator' retrieved from /Users/piyush.dixit/Desktop/airflow-env/lib/python3.9/site-packages/airflow/example_dags/example_short_circuit_operator.py
[2025-08-08T19:44:25.691+0530] {logging_mixin.py:188} INFO - [2025-08-08T19:44:25.690+0530] {dag.py:3096} INFO - Sync 1 DAGs
[2025-08-08T19:44:25.766+0530] {logging_mixin.py:188} INFO - [2025-08-08T19:44:25.766+0530] {dag.py:3954} INFO - Setting next_dagrun for example_short_circuit_operator to 2025-08-07 00:00:00+00:00, run_after=2025-08-08 00:00:00+00:00
[2025-08-08T19:44:25.786+0530] {processor.py:183} INFO - Processing /Users/piyush.dixit/Desktop/airflow-env/lib/python3.9/site-packages/airflow/example_dags/example_short_circuit_operator.py took 0.274 seconds
[2025-08-08T20:15:01.883+0530] {processor.py:161} INFO - Started process (PID=77518) to work on /Users/piyush.dixit/Desktop/airflow-env/lib/python3.9/site-packages/airflow/example_dags/example_short_circuit_operator.py
[2025-08-08T20:15:01.887+0530] {processor.py:830} INFO - Processing file /Users/piyush.dixit/Desktop/airflow-env/lib/python3.9/site-packages/airflow/example_dags/example_short_circuit_operator.py for tasks to queue
[2025-08-08T20:15:01.888+0530] {logging_mixin.py:188} INFO - [2025-08-08T20:15:01.887+0530] {dagbag.py:545} INFO - Filling up the DagBag from /Users/piyush.dixit/Desktop/airflow-env/lib/python3.9/site-packages/airflow/example_dags/example_short_circuit_operator.py
[2025-08-08T20:15:01.921+0530] {processor.py:840} INFO - DAG(s) 'example_short_circuit_operator' retrieved from /Users/piyush.dixit/Desktop/airflow-env/lib/python3.9/site-packages/airflow/example_dags/example_short_circuit_operator.py
[2025-08-08T20:15:02.018+0530] {logging_mixin.py:188} INFO - [2025-08-08T20:15:02.018+0530] {dag.py:3096} INFO - Sync 1 DAGs
[2025-08-08T20:15:02.079+0530] {logging_mixin.py:188} INFO - [2025-08-08T20:15:02.079+0530] {dag.py:3954} INFO - Setting next_dagrun for example_short_circuit_operator to 2025-08-07 00:00:00+00:00, run_after=2025-08-08 00:00:00+00:00
[2025-08-08T20:15:02.099+0530] {processor.py:183} INFO - Processing /Users/piyush.dixit/Desktop/airflow-env/lib/python3.9/site-packages/airflow/example_dags/example_short_circuit_operator.py took 0.220 seconds
[2025-08-08T20:17:16.659+0530] {processor.py:161} INFO - Started process (PID=77603) to work on /Users/piyush.dixit/Desktop/airflow-env/lib/python3.9/site-packages/airflow/example_dags/example_short_circuit_operator.py
[2025-08-08T20:17:16.664+0530] {processor.py:830} INFO - Processing file /Users/piyush.dixit/Desktop/airflow-env/lib/python3.9/site-packages/airflow/example_dags/example_short_circuit_operator.py for tasks to queue
[2025-08-08T20:17:16.664+0530] {logging_mixin.py:188} INFO - [2025-08-08T20:17:16.664+0530] {dagbag.py:545} INFO - Filling up the DagBag from /Users/piyush.dixit/Desktop/airflow-env/lib/python3.9/site-packages/airflow/example_dags/example_short_circuit_operator.py
[2025-08-08T20:17:16.702+0530] {processor.py:840} INFO - DAG(s) 'example_short_circuit_operator' retrieved from /Users/piyush.dixit/Desktop/airflow-env/lib/python3.9/site-packages/airflow/example_dags/example_short_circuit_operator.py
[2025-08-08T20:17:16.804+0530] {logging_mixin.py:188} INFO - [2025-08-08T20:17:16.804+0530] {dag.py:3096} INFO - Sync 1 DAGs
[2025-08-08T20:17:16.868+0530] {logging_mixin.py:188} INFO - [2025-08-08T20:17:16.868+0530] {dag.py:3954} INFO - Setting next_dagrun for example_short_circuit_operator to 2025-08-07 00:00:00+00:00, run_after=2025-08-08 00:00:00+00:00
[2025-08-08T20:17:16.888+0530] {processor.py:183} INFO - Processing /Users/piyush.dixit/Desktop/airflow-env/lib/python3.9/site-packages/airflow/example_dags/example_short_circuit_operator.py took 0.232 seconds
[2025-08-08T20:24:16.560+0530] {processor.py:161} INFO - Started process (PID=78160) to work on /Users/piyush.dixit/Desktop/airflow-env/lib/python3.9/site-packages/airflow/example_dags/example_short_circuit_operator.py
[2025-08-08T20:24:16.565+0530] {processor.py:830} INFO - Processing file /Users/piyush.dixit/Desktop/airflow-env/lib/python3.9/site-packages/airflow/example_dags/example_short_circuit_operator.py for tasks to queue
[2025-08-08T20:24:16.565+0530] {logging_mixin.py:188} INFO - [2025-08-08T20:24:16.565+0530] {dagbag.py:545} INFO - Filling up the DagBag from /Users/piyush.dixit/Desktop/airflow-env/lib/python3.9/site-packages/airflow/example_dags/example_short_circuit_operator.py
[2025-08-08T20:24:16.602+0530] {processor.py:840} INFO - DAG(s) 'example_short_circuit_operator' retrieved from /Users/piyush.dixit/Desktop/airflow-env/lib/python3.9/site-packages/airflow/example_dags/example_short_circuit_operator.py
[2025-08-08T20:24:16.856+0530] {logging_mixin.py:188} INFO - [2025-08-08T20:24:16.856+0530] {dag.py:3096} INFO - Sync 1 DAGs
[2025-08-08T20:24:16.875+0530] {logging_mixin.py:188} INFO - [2025-08-08T20:24:16.874+0530] {dag.py:3954} INFO - Setting next_dagrun for example_short_circuit_operator to 2025-08-07 00:00:00+00:00, run_after=2025-08-08 00:00:00+00:00
[2025-08-08T20:24:16.894+0530] {processor.py:183} INFO - Processing /Users/piyush.dixit/Desktop/airflow-env/lib/python3.9/site-packages/airflow/example_dags/example_short_circuit_operator.py took 0.338 seconds
