[2025-08-08T19:35:38.663+0530] {processor.py:161} INFO - Started process (PID=76910) to work on /Users/piyush.dixit/Desktop/airflow-env/lib/python3.9/site-packages/airflow/example_dags/example_nested_branch_dag.py
[2025-08-08T19:35:38.666+0530] {processor.py:830} INFO - Processing file /Users/piyush.dixit/Desktop/airflow-env/lib/python3.9/site-packages/airflow/example_dags/example_nested_branch_dag.py for tasks to queue
[2025-08-08T19:35:38.666+0530] {logging_mixin.py:188} INFO - [2025-08-08T19:35:38.666+0530] {dagbag.py:545} INFO - Filling up the DagBag from /Users/piyush.dixit/Desktop/airflow-env/lib/python3.9/site-packages/airflow/example_dags/example_nested_branch_dag.py
[2025-08-08T19:35:38.716+0530] {processor.py:840} INFO - DAG(s) 'example_nested_branch_dag' retrieved from /Users/piyush.dixit/Desktop/airflow-env/lib/python3.9/site-packages/airflow/example_dags/example_nested_branch_dag.py
[2025-08-08T19:35:38.979+0530] {logging_mixin.py:188} INFO - [2025-08-08T19:35:38.979+0530] {dag.py:3096} INFO - Sync 1 DAGs
[2025-08-08T19:35:38.997+0530] {logging_mixin.py:188} INFO - [2025-08-08T19:35:38.996+0530] {dag.py:3954} INFO - Setting next_dagrun for example_nested_branch_dag to 2025-08-07 00:00:00+00:00, run_after=2025-08-08 00:00:00+00:00
[2025-08-08T19:35:39.014+0530] {processor.py:183} INFO - Processing /Users/piyush.dixit/Desktop/airflow-env/lib/python3.9/site-packages/airflow/example_dags/example_nested_branch_dag.py took 0.355 seconds
[2025-08-08T19:37:58.205+0530] {processor.py:161} INFO - Started process (PID=77003) to work on /Users/piyush.dixit/Desktop/airflow-env/lib/python3.9/site-packages/airflow/example_dags/example_nested_branch_dag.py
[2025-08-08T19:37:58.209+0530] {processor.py:830} INFO - Processing file /Users/piyush.dixit/Desktop/airflow-env/lib/python3.9/site-packages/airflow/example_dags/example_nested_branch_dag.py for tasks to queue
[2025-08-08T19:37:58.209+0530] {logging_mixin.py:188} INFO - [2025-08-08T19:37:58.209+0530] {dagbag.py:545} INFO - Filling up the DagBag from /Users/piyush.dixit/Desktop/airflow-env/lib/python3.9/site-packages/airflow/example_dags/example_nested_branch_dag.py
[2025-08-08T19:37:58.258+0530] {processor.py:840} INFO - DAG(s) 'example_nested_branch_dag' retrieved from /Users/piyush.dixit/Desktop/airflow-env/lib/python3.9/site-packages/airflow/example_dags/example_nested_branch_dag.py
[2025-08-08T19:37:58.388+0530] {logging_mixin.py:188} INFO - [2025-08-08T19:37:58.388+0530] {dag.py:3096} INFO - Sync 1 DAGs
[2025-08-08T19:37:58.407+0530] {logging_mixin.py:188} INFO - [2025-08-08T19:37:58.406+0530] {dag.py:3954} INFO - Setting next_dagrun for example_nested_branch_dag to 2025-08-07 00:00:00+00:00, run_after=2025-08-08 00:00:00+00:00
[2025-08-08T19:37:58.425+0530] {processor.py:183} INFO - Processing /Users/piyush.dixit/Desktop/airflow-env/lib/python3.9/site-packages/airflow/example_dags/example_nested_branch_dag.py took 0.223 seconds
[2025-08-08T19:41:24.411+0530] {processor.py:161} INFO - Started process (PID=77134) to work on /Users/piyush.dixit/Desktop/airflow-env/lib/python3.9/site-packages/airflow/example_dags/example_nested_branch_dag.py
[2025-08-08T19:41:24.414+0530] {processor.py:830} INFO - Processing file /Users/piyush.dixit/Desktop/airflow-env/lib/python3.9/site-packages/airflow/example_dags/example_nested_branch_dag.py for tasks to queue
[2025-08-08T19:41:24.415+0530] {logging_mixin.py:188} INFO - [2025-08-08T19:41:24.415+0530] {dagbag.py:545} INFO - Filling up the DagBag from /Users/piyush.dixit/Desktop/airflow-env/lib/python3.9/site-packages/airflow/example_dags/example_nested_branch_dag.py
[2025-08-08T19:41:24.463+0530] {processor.py:840} INFO - DAG(s) 'example_nested_branch_dag' retrieved from /Users/piyush.dixit/Desktop/airflow-env/lib/python3.9/site-packages/airflow/example_dags/example_nested_branch_dag.py
[2025-08-08T19:41:24.596+0530] {logging_mixin.py:188} INFO - [2025-08-08T19:41:24.595+0530] {dag.py:3096} INFO - Sync 1 DAGs
[2025-08-08T19:41:24.615+0530] {logging_mixin.py:188} INFO - [2025-08-08T19:41:24.614+0530] {dag.py:3954} INFO - Setting next_dagrun for example_nested_branch_dag to 2025-08-07 00:00:00+00:00, run_after=2025-08-08 00:00:00+00:00
[2025-08-08T19:41:24.634+0530] {processor.py:183} INFO - Processing /Users/piyush.dixit/Desktop/airflow-env/lib/python3.9/site-packages/airflow/example_dags/example_nested_branch_dag.py took 0.228 seconds
[2025-08-08T19:51:48.052+0530] {processor.py:161} INFO - Started process (PID=77355) to work on /Users/piyush.dixit/Desktop/airflow-env/lib/python3.9/site-packages/airflow/example_dags/example_nested_branch_dag.py
[2025-08-08T19:51:48.056+0530] {processor.py:830} INFO - Processing file /Users/piyush.dixit/Desktop/airflow-env/lib/python3.9/site-packages/airflow/example_dags/example_nested_branch_dag.py for tasks to queue
[2025-08-08T19:51:48.057+0530] {logging_mixin.py:188} INFO - [2025-08-08T19:51:48.056+0530] {dagbag.py:545} INFO - Filling up the DagBag from /Users/piyush.dixit/Desktop/airflow-env/lib/python3.9/site-packages/airflow/example_dags/example_nested_branch_dag.py
[2025-08-08T19:51:48.102+0530] {processor.py:840} INFO - DAG(s) 'example_nested_branch_dag' retrieved from /Users/piyush.dixit/Desktop/airflow-env/lib/python3.9/site-packages/airflow/example_dags/example_nested_branch_dag.py
[2025-08-08T19:51:48.223+0530] {logging_mixin.py:188} INFO - [2025-08-08T19:51:48.223+0530] {dag.py:3096} INFO - Sync 1 DAGs
[2025-08-08T19:51:48.241+0530] {logging_mixin.py:188} INFO - [2025-08-08T19:51:48.241+0530] {dag.py:3954} INFO - Setting next_dagrun for example_nested_branch_dag to 2025-08-07 00:00:00+00:00, run_after=2025-08-08 00:00:00+00:00
[2025-08-08T19:51:48.258+0530] {processor.py:183} INFO - Processing /Users/piyush.dixit/Desktop/airflow-env/lib/python3.9/site-packages/airflow/example_dags/example_nested_branch_dag.py took 0.210 seconds
[2025-08-08T20:15:34.628+0530] {processor.py:161} INFO - Started process (PID=77530) to work on /Users/piyush.dixit/Desktop/airflow-env/lib/python3.9/site-packages/airflow/example_dags/example_nested_branch_dag.py
[2025-08-08T20:15:34.632+0530] {processor.py:830} INFO - Processing file /Users/piyush.dixit/Desktop/airflow-env/lib/python3.9/site-packages/airflow/example_dags/example_nested_branch_dag.py for tasks to queue
[2025-08-08T20:15:34.633+0530] {logging_mixin.py:188} INFO - [2025-08-08T20:15:34.633+0530] {dagbag.py:545} INFO - Filling up the DagBag from /Users/piyush.dixit/Desktop/airflow-env/lib/python3.9/site-packages/airflow/example_dags/example_nested_branch_dag.py
[2025-08-08T20:15:34.684+0530] {processor.py:840} INFO - DAG(s) 'example_nested_branch_dag' retrieved from /Users/piyush.dixit/Desktop/airflow-env/lib/python3.9/site-packages/airflow/example_dags/example_nested_branch_dag.py
[2025-08-08T20:15:34.829+0530] {logging_mixin.py:188} INFO - [2025-08-08T20:15:34.829+0530] {dag.py:3096} INFO - Sync 1 DAGs
[2025-08-08T20:15:34.850+0530] {logging_mixin.py:188} INFO - [2025-08-08T20:15:34.849+0530] {dag.py:3954} INFO - Setting next_dagrun for example_nested_branch_dag to 2025-08-07 00:00:00+00:00, run_after=2025-08-08 00:00:00+00:00
[2025-08-08T20:15:34.869+0530] {processor.py:183} INFO - Processing /Users/piyush.dixit/Desktop/airflow-env/lib/python3.9/site-packages/airflow/example_dags/example_nested_branch_dag.py took 0.245 seconds
[2025-08-08T20:24:51.694+0530] {processor.py:161} INFO - Started process (PID=78193) to work on /Users/piyush.dixit/Desktop/airflow-env/lib/python3.9/site-packages/airflow/example_dags/example_nested_branch_dag.py
[2025-08-08T20:24:51.697+0530] {processor.py:830} INFO - Processing file /Users/piyush.dixit/Desktop/airflow-env/lib/python3.9/site-packages/airflow/example_dags/example_nested_branch_dag.py for tasks to queue
[2025-08-08T20:24:51.698+0530] {logging_mixin.py:188} INFO - [2025-08-08T20:24:51.698+0530] {dagbag.py:545} INFO - Filling up the DagBag from /Users/piyush.dixit/Desktop/airflow-env/lib/python3.9/site-packages/airflow/example_dags/example_nested_branch_dag.py
[2025-08-08T20:24:51.752+0530] {processor.py:840} INFO - DAG(s) 'example_nested_branch_dag' retrieved from /Users/piyush.dixit/Desktop/airflow-env/lib/python3.9/site-packages/airflow/example_dags/example_nested_branch_dag.py
[2025-08-08T20:24:52.006+0530] {logging_mixin.py:188} INFO - [2025-08-08T20:24:52.006+0530] {dag.py:3096} INFO - Sync 1 DAGs
[2025-08-08T20:24:52.023+0530] {logging_mixin.py:188} INFO - [2025-08-08T20:24:52.023+0530] {dag.py:3954} INFO - Setting next_dagrun for example_nested_branch_dag to 2025-08-07 00:00:00+00:00, run_after=2025-08-08 00:00:00+00:00
[2025-08-08T20:24:52.040+0530] {processor.py:183} INFO - Processing /Users/piyush.dixit/Desktop/airflow-env/lib/python3.9/site-packages/airflow/example_dags/example_nested_branch_dag.py took 0.349 seconds
