[2025-08-08T19:36:22.028+0530] {processor.py:161} INFO - Started process (PID=76949) to work on /Users/piyush.dixit/Desktop/airflow-env/lib/python3.9/site-packages/airflow/example_dags/example_branch_day_of_week_operator.py
[2025-08-08T19:36:22.031+0530] {processor.py:830} INFO - Processing file /Users/piyush.dixit/Desktop/airflow-env/lib/python3.9/site-packages/airflow/example_dags/example_branch_day_of_week_operator.py for tasks to queue
[2025-08-08T19:36:22.032+0530] {logging_mixin.py:188} INFO - [2025-08-08T19:36:22.031+0530] {dagbag.py:545} INFO - Filling up the DagBag from /Users/piyush.dixit/Desktop/airflow-env/lib/python3.9/site-packages/airflow/example_dags/example_branch_day_of_week_operator.py
[2025-08-08T19:36:22.046+0530] {processor.py:840} INFO - DAG(s) 'example_weekday_branch_operator' retrieved from /Users/piyush.dixit/Desktop/airflow-env/lib/python3.9/site-packages/airflow/example_dags/example_branch_day_of_week_operator.py
[2025-08-08T19:36:22.276+0530] {logging_mixin.py:188} INFO - [2025-08-08T19:36:22.276+0530] {dag.py:3096} INFO - Sync 1 DAGs
[2025-08-08T19:36:22.291+0530] {logging_mixin.py:188} INFO - [2025-08-08T19:36:22.291+0530] {dag.py:3954} INFO - Setting next_dagrun for example_weekday_branch_operator to 2025-08-07 00:00:00+00:00, run_after=2025-08-08 00:00:00+00:00
[2025-08-08T19:36:22.308+0530] {processor.py:183} INFO - Processing /Users/piyush.dixit/Desktop/airflow-env/lib/python3.9/site-packages/airflow/example_dags/example_branch_day_of_week_operator.py took 0.305 seconds
[2025-08-08T19:39:51.729+0530] {processor.py:161} INFO - Started process (PID=77082) to work on /Users/piyush.dixit/Desktop/airflow-env/lib/python3.9/site-packages/airflow/example_dags/example_branch_day_of_week_operator.py
[2025-08-08T19:39:51.732+0530] {processor.py:830} INFO - Processing file /Users/piyush.dixit/Desktop/airflow-env/lib/python3.9/site-packages/airflow/example_dags/example_branch_day_of_week_operator.py for tasks to queue
[2025-08-08T19:39:51.733+0530] {logging_mixin.py:188} INFO - [2025-08-08T19:39:51.733+0530] {dagbag.py:545} INFO - Filling up the DagBag from /Users/piyush.dixit/Desktop/airflow-env/lib/python3.9/site-packages/airflow/example_dags/example_branch_day_of_week_operator.py
[2025-08-08T19:39:51.747+0530] {processor.py:840} INFO - DAG(s) 'example_weekday_branch_operator' retrieved from /Users/piyush.dixit/Desktop/airflow-env/lib/python3.9/site-packages/airflow/example_dags/example_branch_day_of_week_operator.py
[2025-08-08T19:39:51.842+0530] {logging_mixin.py:188} INFO - [2025-08-08T19:39:51.842+0530] {dag.py:3096} INFO - Sync 1 DAGs
[2025-08-08T19:39:51.855+0530] {logging_mixin.py:188} INFO - [2025-08-08T19:39:51.855+0530] {dag.py:3954} INFO - Setting next_dagrun for example_weekday_branch_operator to 2025-08-07 00:00:00+00:00, run_after=2025-08-08 00:00:00+00:00
[2025-08-08T19:39:51.913+0530] {processor.py:183} INFO - Processing /Users/piyush.dixit/Desktop/airflow-env/lib/python3.9/site-packages/airflow/example_dags/example_branch_day_of_week_operator.py took 0.188 seconds
[2025-08-08T19:43:23.237+0530] {processor.py:161} INFO - Started process (PID=77275) to work on /Users/piyush.dixit/Desktop/airflow-env/lib/python3.9/site-packages/airflow/example_dags/example_branch_day_of_week_operator.py
[2025-08-08T19:43:23.240+0530] {processor.py:830} INFO - Processing file /Users/piyush.dixit/Desktop/airflow-env/lib/python3.9/site-packages/airflow/example_dags/example_branch_day_of_week_operator.py for tasks to queue
[2025-08-08T19:43:23.241+0530] {logging_mixin.py:188} INFO - [2025-08-08T19:43:23.241+0530] {dagbag.py:545} INFO - Filling up the DagBag from /Users/piyush.dixit/Desktop/airflow-env/lib/python3.9/site-packages/airflow/example_dags/example_branch_day_of_week_operator.py
[2025-08-08T19:43:23.254+0530] {processor.py:840} INFO - DAG(s) 'example_weekday_branch_operator' retrieved from /Users/piyush.dixit/Desktop/airflow-env/lib/python3.9/site-packages/airflow/example_dags/example_branch_day_of_week_operator.py
[2025-08-08T19:43:23.349+0530] {logging_mixin.py:188} INFO - [2025-08-08T19:43:23.349+0530] {dag.py:3096} INFO - Sync 1 DAGs
[2025-08-08T19:43:23.363+0530] {logging_mixin.py:188} INFO - [2025-08-08T19:43:23.363+0530] {dag.py:3954} INFO - Setting next_dagrun for example_weekday_branch_operator to 2025-08-07 00:00:00+00:00, run_after=2025-08-08 00:00:00+00:00
[2025-08-08T19:43:23.420+0530] {processor.py:183} INFO - Processing /Users/piyush.dixit/Desktop/airflow-env/lib/python3.9/site-packages/airflow/example_dags/example_branch_day_of_week_operator.py took 0.187 seconds
[2025-08-08T20:16:07.167+0530] {processor.py:161} INFO - Started process (PID=77558) to work on /Users/piyush.dixit/Desktop/airflow-env/lib/python3.9/site-packages/airflow/example_dags/example_branch_day_of_week_operator.py
[2025-08-08T20:16:07.172+0530] {processor.py:830} INFO - Processing file /Users/piyush.dixit/Desktop/airflow-env/lib/python3.9/site-packages/airflow/example_dags/example_branch_day_of_week_operator.py for tasks to queue
[2025-08-08T20:16:07.173+0530] {logging_mixin.py:188} INFO - [2025-08-08T20:16:07.172+0530] {dagbag.py:545} INFO - Filling up the DagBag from /Users/piyush.dixit/Desktop/airflow-env/lib/python3.9/site-packages/airflow/example_dags/example_branch_day_of_week_operator.py
[2025-08-08T20:16:07.189+0530] {processor.py:840} INFO - DAG(s) 'example_weekday_branch_operator' retrieved from /Users/piyush.dixit/Desktop/airflow-env/lib/python3.9/site-packages/airflow/example_dags/example_branch_day_of_week_operator.py
[2025-08-08T20:16:07.308+0530] {logging_mixin.py:188} INFO - [2025-08-08T20:16:07.308+0530] {dag.py:3096} INFO - Sync 1 DAGs
[2025-08-08T20:16:07.324+0530] {logging_mixin.py:188} INFO - [2025-08-08T20:16:07.324+0530] {dag.py:3954} INFO - Setting next_dagrun for example_weekday_branch_operator to 2025-08-07 00:00:00+00:00, run_after=2025-08-08 00:00:00+00:00
[2025-08-08T20:16:07.386+0530] {processor.py:183} INFO - Processing /Users/piyush.dixit/Desktop/airflow-env/lib/python3.9/site-packages/airflow/example_dags/example_branch_day_of_week_operator.py took 0.223 seconds
[2025-08-08T20:25:38.392+0530] {processor.py:161} INFO - Started process (PID=78225) to work on /Users/piyush.dixit/Desktop/airflow-env/lib/python3.9/site-packages/airflow/example_dags/example_branch_day_of_week_operator.py
[2025-08-08T20:25:38.395+0530] {processor.py:830} INFO - Processing file /Users/piyush.dixit/Desktop/airflow-env/lib/python3.9/site-packages/airflow/example_dags/example_branch_day_of_week_operator.py for tasks to queue
[2025-08-08T20:25:38.396+0530] {logging_mixin.py:188} INFO - [2025-08-08T20:25:38.396+0530] {dagbag.py:545} INFO - Filling up the DagBag from /Users/piyush.dixit/Desktop/airflow-env/lib/python3.9/site-packages/airflow/example_dags/example_branch_day_of_week_operator.py
[2025-08-08T20:25:38.411+0530] {processor.py:840} INFO - DAG(s) 'example_weekday_branch_operator' retrieved from /Users/piyush.dixit/Desktop/airflow-env/lib/python3.9/site-packages/airflow/example_dags/example_branch_day_of_week_operator.py
[2025-08-08T20:25:38.679+0530] {logging_mixin.py:188} INFO - [2025-08-08T20:25:38.679+0530] {dag.py:3096} INFO - Sync 1 DAGs
[2025-08-08T20:25:38.696+0530] {logging_mixin.py:188} INFO - [2025-08-08T20:25:38.695+0530] {dag.py:3954} INFO - Setting next_dagrun for example_weekday_branch_operator to 2025-08-07 00:00:00+00:00, run_after=2025-08-08 00:00:00+00:00
[2025-08-08T20:25:38.714+0530] {processor.py:183} INFO - Processing /Users/piyush.dixit/Desktop/airflow-env/lib/python3.9/site-packages/airflow/example_dags/example_branch_day_of_week_operator.py took 0.326 seconds
