[2025-08-08T19:35:24.823+0530] {processor.py:161} INFO - Started process (PID=76905) to work on /Users/piyush.dixit/Desktop/airflow-env/lib/python3.9/site-packages/airflow/example_dags/example_python_operator.py
[2025-08-08T19:35:24.826+0530] {processor.py:830} INFO - Processing file /Users/piyush.dixit/Desktop/airflow-env/lib/python3.9/site-packages/airflow/example_dags/example_python_operator.py for tasks to queue
[2025-08-08T19:35:24.826+0530] {logging_mixin.py:188} INFO - [2025-08-08T19:35:24.826+0530] {dagbag.py:545} INFO - Filling up the DagBag from /Users/piyush.dixit/Desktop/airflow-env/lib/python3.9/site-packages/airflow/example_dags/example_python_operator.py
[2025-08-08T19:35:24.856+0530] {logging_mixin.py:188} INFO - [2025-08-08T19:35:24.856+0530] {example_python_operator.py:93} WARNING - The virtalenv_python example task requires virtualenv, please install it.
[2025-08-08T19:35:24.862+0530] {processor.py:840} INFO - DAG(s) 'example_python_operator' retrieved from /Users/piyush.dixit/Desktop/airflow-env/lib/python3.9/site-packages/airflow/example_dags/example_python_operator.py
[2025-08-08T19:35:25.104+0530] {logging_mixin.py:188} INFO - [2025-08-08T19:35:25.104+0530] {dag.py:3096} INFO - Sync 1 DAGs
[2025-08-08T19:35:25.112+0530] {logging_mixin.py:188} INFO - [2025-08-08T19:35:25.112+0530] {dag.py:3954} INFO - Setting next_dagrun for example_python_operator to None, run_after=None
[2025-08-08T19:35:25.132+0530] {processor.py:183} INFO - Processing /Users/piyush.dixit/Desktop/airflow-env/lib/python3.9/site-packages/airflow/example_dags/example_python_operator.py took 0.313 seconds
[2025-08-08T19:37:44.374+0530] {processor.py:161} INFO - Started process (PID=76990) to work on /Users/piyush.dixit/Desktop/airflow-env/lib/python3.9/site-packages/airflow/example_dags/example_python_operator.py
[2025-08-08T19:37:44.377+0530] {processor.py:830} INFO - Processing file /Users/piyush.dixit/Desktop/airflow-env/lib/python3.9/site-packages/airflow/example_dags/example_python_operator.py for tasks to queue
[2025-08-08T19:37:44.377+0530] {logging_mixin.py:188} INFO - [2025-08-08T19:37:44.377+0530] {dagbag.py:545} INFO - Filling up the DagBag from /Users/piyush.dixit/Desktop/airflow-env/lib/python3.9/site-packages/airflow/example_dags/example_python_operator.py
[2025-08-08T19:37:44.406+0530] {logging_mixin.py:188} INFO - [2025-08-08T19:37:44.406+0530] {example_python_operator.py:93} WARNING - The virtalenv_python example task requires virtualenv, please install it.
[2025-08-08T19:37:44.411+0530] {processor.py:840} INFO - DAG(s) 'example_python_operator' retrieved from /Users/piyush.dixit/Desktop/airflow-env/lib/python3.9/site-packages/airflow/example_dags/example_python_operator.py
[2025-08-08T19:37:44.506+0530] {logging_mixin.py:188} INFO - [2025-08-08T19:37:44.505+0530] {dag.py:3096} INFO - Sync 1 DAGs
[2025-08-08T19:37:44.557+0530] {logging_mixin.py:188} INFO - [2025-08-08T19:37:44.556+0530] {dag.py:3954} INFO - Setting next_dagrun for example_python_operator to None, run_after=None
[2025-08-08T19:37:44.576+0530] {processor.py:183} INFO - Processing /Users/piyush.dixit/Desktop/airflow-env/lib/python3.9/site-packages/airflow/example_dags/example_python_operator.py took 0.207 seconds
[2025-08-08T19:39:27.183+0530] {processor.py:161} INFO - Started process (PID=77057) to work on /Users/piyush.dixit/Desktop/airflow-env/lib/python3.9/site-packages/airflow/example_dags/example_python_operator.py
[2025-08-08T19:39:27.186+0530] {processor.py:830} INFO - Processing file /Users/piyush.dixit/Desktop/airflow-env/lib/python3.9/site-packages/airflow/example_dags/example_python_operator.py for tasks to queue
[2025-08-08T19:39:27.186+0530] {logging_mixin.py:188} INFO - [2025-08-08T19:39:27.186+0530] {dagbag.py:545} INFO - Filling up the DagBag from /Users/piyush.dixit/Desktop/airflow-env/lib/python3.9/site-packages/airflow/example_dags/example_python_operator.py
[2025-08-08T19:39:27.216+0530] {logging_mixin.py:188} INFO - [2025-08-08T19:39:27.216+0530] {example_python_operator.py:93} WARNING - The virtalenv_python example task requires virtualenv, please install it.
[2025-08-08T19:39:27.221+0530] {processor.py:840} INFO - DAG(s) 'example_python_operator' retrieved from /Users/piyush.dixit/Desktop/airflow-env/lib/python3.9/site-packages/airflow/example_dags/example_python_operator.py
[2025-08-08T19:39:27.317+0530] {logging_mixin.py:188} INFO - [2025-08-08T19:39:27.317+0530] {dag.py:3096} INFO - Sync 1 DAGs
[2025-08-08T19:39:27.367+0530] {logging_mixin.py:188} INFO - [2025-08-08T19:39:27.366+0530] {dag.py:3954} INFO - Setting next_dagrun for example_python_operator to None, run_after=None
[2025-08-08T19:39:27.386+0530] {processor.py:183} INFO - Processing /Users/piyush.dixit/Desktop/airflow-env/lib/python3.9/site-packages/airflow/example_dags/example_python_operator.py took 0.206 seconds
[2025-08-08T19:41:11.108+0530] {processor.py:161} INFO - Started process (PID=77129) to work on /Users/piyush.dixit/Desktop/airflow-env/lib/python3.9/site-packages/airflow/example_dags/example_python_operator.py
[2025-08-08T19:41:11.111+0530] {processor.py:830} INFO - Processing file /Users/piyush.dixit/Desktop/airflow-env/lib/python3.9/site-packages/airflow/example_dags/example_python_operator.py for tasks to queue
[2025-08-08T19:41:11.112+0530] {logging_mixin.py:188} INFO - [2025-08-08T19:41:11.111+0530] {dagbag.py:545} INFO - Filling up the DagBag from /Users/piyush.dixit/Desktop/airflow-env/lib/python3.9/site-packages/airflow/example_dags/example_python_operator.py
[2025-08-08T19:41:11.139+0530] {logging_mixin.py:188} INFO - [2025-08-08T19:41:11.139+0530] {example_python_operator.py:93} WARNING - The virtalenv_python example task requires virtualenv, please install it.
[2025-08-08T19:41:11.144+0530] {processor.py:840} INFO - DAG(s) 'example_python_operator' retrieved from /Users/piyush.dixit/Desktop/airflow-env/lib/python3.9/site-packages/airflow/example_dags/example_python_operator.py
[2025-08-08T19:41:11.235+0530] {logging_mixin.py:188} INFO - [2025-08-08T19:41:11.235+0530] {dag.py:3096} INFO - Sync 1 DAGs
[2025-08-08T19:41:11.284+0530] {logging_mixin.py:188} INFO - [2025-08-08T19:41:11.283+0530] {dag.py:3954} INFO - Setting next_dagrun for example_python_operator to None, run_after=None
[2025-08-08T19:41:11.303+0530] {processor.py:183} INFO - Processing /Users/piyush.dixit/Desktop/airflow-env/lib/python3.9/site-packages/airflow/example_dags/example_python_operator.py took 0.199 seconds
[2025-08-08T19:42:55.927+0530] {processor.py:161} INFO - Started process (PID=77254) to work on /Users/piyush.dixit/Desktop/airflow-env/lib/python3.9/site-packages/airflow/example_dags/example_python_operator.py
[2025-08-08T19:42:55.929+0530] {processor.py:830} INFO - Processing file /Users/piyush.dixit/Desktop/airflow-env/lib/python3.9/site-packages/airflow/example_dags/example_python_operator.py for tasks to queue
[2025-08-08T19:42:55.930+0530] {logging_mixin.py:188} INFO - [2025-08-08T19:42:55.930+0530] {dagbag.py:545} INFO - Filling up the DagBag from /Users/piyush.dixit/Desktop/airflow-env/lib/python3.9/site-packages/airflow/example_dags/example_python_operator.py
[2025-08-08T19:42:55.959+0530] {logging_mixin.py:188} INFO - [2025-08-08T19:42:55.959+0530] {example_python_operator.py:93} WARNING - The virtalenv_python example task requires virtualenv, please install it.
[2025-08-08T19:42:55.964+0530] {processor.py:840} INFO - DAG(s) 'example_python_operator' retrieved from /Users/piyush.dixit/Desktop/airflow-env/lib/python3.9/site-packages/airflow/example_dags/example_python_operator.py
[2025-08-08T19:42:56.056+0530] {logging_mixin.py:188} INFO - [2025-08-08T19:42:56.056+0530] {dag.py:3096} INFO - Sync 1 DAGs
[2025-08-08T19:42:56.105+0530] {logging_mixin.py:188} INFO - [2025-08-08T19:42:56.105+0530] {dag.py:3954} INFO - Setting next_dagrun for example_python_operator to None, run_after=None
[2025-08-08T19:42:56.125+0530] {processor.py:183} INFO - Processing /Users/piyush.dixit/Desktop/airflow-env/lib/python3.9/site-packages/airflow/example_dags/example_python_operator.py took 0.202 seconds
[2025-08-08T19:44:42.417+0530] {processor.py:161} INFO - Started process (PID=77343) to work on /Users/piyush.dixit/Desktop/airflow-env/lib/python3.9/site-packages/airflow/example_dags/example_python_operator.py
[2025-08-08T19:44:42.420+0530] {processor.py:830} INFO - Processing file /Users/piyush.dixit/Desktop/airflow-env/lib/python3.9/site-packages/airflow/example_dags/example_python_operator.py for tasks to queue
[2025-08-08T19:44:42.420+0530] {logging_mixin.py:188} INFO - [2025-08-08T19:44:42.420+0530] {dagbag.py:545} INFO - Filling up the DagBag from /Users/piyush.dixit/Desktop/airflow-env/lib/python3.9/site-packages/airflow/example_dags/example_python_operator.py
[2025-08-08T19:44:42.452+0530] {logging_mixin.py:188} INFO - [2025-08-08T19:44:42.451+0530] {example_python_operator.py:93} WARNING - The virtalenv_python example task requires virtualenv, please install it.
[2025-08-08T19:44:42.456+0530] {processor.py:840} INFO - DAG(s) 'example_python_operator' retrieved from /Users/piyush.dixit/Desktop/airflow-env/lib/python3.9/site-packages/airflow/example_dags/example_python_operator.py
[2025-08-08T19:44:42.546+0530] {logging_mixin.py:188} INFO - [2025-08-08T19:44:42.545+0530] {dag.py:3096} INFO - Sync 1 DAGs
[2025-08-08T19:44:42.588+0530] {logging_mixin.py:188} INFO - [2025-08-08T19:44:42.588+0530] {dag.py:3954} INFO - Setting next_dagrun for example_python_operator to None, run_after=None
[2025-08-08T19:44:42.607+0530] {processor.py:183} INFO - Processing /Users/piyush.dixit/Desktop/airflow-env/lib/python3.9/site-packages/airflow/example_dags/example_python_operator.py took 0.194 seconds
[2025-08-08T20:15:19.620+0530] {processor.py:161} INFO - Started process (PID=77524) to work on /Users/piyush.dixit/Desktop/airflow-env/lib/python3.9/site-packages/airflow/example_dags/example_python_operator.py
[2025-08-08T20:15:19.624+0530] {processor.py:830} INFO - Processing file /Users/piyush.dixit/Desktop/airflow-env/lib/python3.9/site-packages/airflow/example_dags/example_python_operator.py for tasks to queue
[2025-08-08T20:15:19.625+0530] {logging_mixin.py:188} INFO - [2025-08-08T20:15:19.625+0530] {dagbag.py:545} INFO - Filling up the DagBag from /Users/piyush.dixit/Desktop/airflow-env/lib/python3.9/site-packages/airflow/example_dags/example_python_operator.py
[2025-08-08T20:15:19.667+0530] {logging_mixin.py:188} INFO - [2025-08-08T20:15:19.667+0530] {example_python_operator.py:93} WARNING - The virtalenv_python example task requires virtualenv, please install it.
[2025-08-08T20:15:19.673+0530] {processor.py:840} INFO - DAG(s) 'example_python_operator' retrieved from /Users/piyush.dixit/Desktop/airflow-env/lib/python3.9/site-packages/airflow/example_dags/example_python_operator.py
[2025-08-08T20:15:19.793+0530] {logging_mixin.py:188} INFO - [2025-08-08T20:15:19.793+0530] {dag.py:3096} INFO - Sync 1 DAGs
[2025-08-08T20:15:19.845+0530] {logging_mixin.py:188} INFO - [2025-08-08T20:15:19.845+0530] {dag.py:3954} INFO - Setting next_dagrun for example_python_operator to None, run_after=None
[2025-08-08T20:15:19.866+0530] {processor.py:183} INFO - Processing /Users/piyush.dixit/Desktop/airflow-env/lib/python3.9/site-packages/airflow/example_dags/example_python_operator.py took 0.251 seconds
[2025-08-08T20:24:35.220+0530] {processor.py:161} INFO - Started process (PID=78187) to work on /Users/piyush.dixit/Desktop/airflow-env/lib/python3.9/site-packages/airflow/example_dags/example_python_operator.py
[2025-08-08T20:24:35.224+0530] {processor.py:830} INFO - Processing file /Users/piyush.dixit/Desktop/airflow-env/lib/python3.9/site-packages/airflow/example_dags/example_python_operator.py for tasks to queue
[2025-08-08T20:24:35.224+0530] {logging_mixin.py:188} INFO - [2025-08-08T20:24:35.224+0530] {dagbag.py:545} INFO - Filling up the DagBag from /Users/piyush.dixit/Desktop/airflow-env/lib/python3.9/site-packages/airflow/example_dags/example_python_operator.py
[2025-08-08T20:24:35.255+0530] {logging_mixin.py:188} INFO - [2025-08-08T20:24:35.254+0530] {example_python_operator.py:93} WARNING - The virtalenv_python example task requires virtualenv, please install it.
[2025-08-08T20:24:35.260+0530] {processor.py:840} INFO - DAG(s) 'example_python_operator' retrieved from /Users/piyush.dixit/Desktop/airflow-env/lib/python3.9/site-packages/airflow/example_dags/example_python_operator.py
[2025-08-08T20:24:35.521+0530] {logging_mixin.py:188} INFO - [2025-08-08T20:24:35.521+0530] {dag.py:3096} INFO - Sync 1 DAGs
[2025-08-08T20:24:35.530+0530] {logging_mixin.py:188} INFO - [2025-08-08T20:24:35.530+0530] {dag.py:3954} INFO - Setting next_dagrun for example_python_operator to None, run_after=None
[2025-08-08T20:24:35.548+0530] {processor.py:183} INFO - Processing /Users/piyush.dixit/Desktop/airflow-env/lib/python3.9/site-packages/airflow/example_dags/example_python_operator.py took 0.332 seconds
