[2025-08-08T19:34:59.241+0530] {processor.py:161} INFO - Started process (PID=76896) to work on /Users/piyush.dixit/Desktop/airflow-env/lib/python3.9/site-packages/airflow/example_dags/example_subdag_operator.py
[2025-08-08T19:34:59.244+0530] {processor.py:830} INFO - Processing file /Users/piyush.dixit/Desktop/airflow-env/lib/python3.9/site-packages/airflow/example_dags/example_subdag_operator.py for tasks to queue
[2025-08-08T19:34:59.245+0530] {logging_mixin.py:188} INFO - [2025-08-08T19:34:59.245+0530] {dagbag.py:545} INFO - Filling up the DagBag from /Users/piyush.dixit/Desktop/airflow-env/lib/python3.9/site-packages/airflow/example_dags/example_subdag_operator.py
[2025-08-08T19:34:59.357+0530] {processor.py:840} INFO - DAG(s) 'example_subdag_operator.section-1', 'example_subdag_operator.section-2', 'example_subdag_operator' retrieved from /Users/piyush.dixit/Desktop/airflow-env/lib/python3.9/site-packages/airflow/example_dags/example_subdag_operator.py
[2025-08-08T19:34:59.554+0530] {logging_mixin.py:188} INFO - [2025-08-08T19:34:59.553+0530] {dag.py:3096} INFO - Sync 3 DAGs
[2025-08-08T19:34:59.568+0530] {logging_mixin.py:188} INFO - [2025-08-08T19:34:59.568+0530] {dag.py:3954} INFO - Setting next_dagrun for example_subdag_operator to 2022-01-01 00:00:00+00:00, run_after=2022-01-01 00:00:00+00:00
[2025-08-08T19:34:59.571+0530] {logging_mixin.py:188} INFO - [2025-08-08T19:34:59.570+0530] {dag.py:3954} INFO - Setting next_dagrun for example_subdag_operator.section-1 to None, run_after=None
[2025-08-08T19:34:59.572+0530] {logging_mixin.py:188} INFO - [2025-08-08T19:34:59.572+0530] {dag.py:3954} INFO - Setting next_dagrun for example_subdag_operator.section-2 to None, run_after=None
[2025-08-08T19:34:59.578+0530] {logging_mixin.py:188} INFO - [2025-08-08T19:34:59.578+0530] {dag.py:3096} INFO - Sync 2 DAGs
[2025-08-08T19:34:59.582+0530] {logging_mixin.py:188} INFO - [2025-08-08T19:34:59.582+0530] {dag.py:3954} INFO - Setting next_dagrun for example_subdag_operator.section-1 to None, run_after=None
[2025-08-08T19:34:59.582+0530] {logging_mixin.py:188} INFO - [2025-08-08T19:34:59.582+0530] {dag.py:3954} INFO - Setting next_dagrun for example_subdag_operator.section-2 to None, run_after=None
[2025-08-08T19:34:59.594+0530] {processor.py:183} INFO - Processing /Users/piyush.dixit/Desktop/airflow-env/lib/python3.9/site-packages/airflow/example_dags/example_subdag_operator.py took 0.357 seconds
[2025-08-08T19:37:19.427+0530] {processor.py:161} INFO - Started process (PID=76978) to work on /Users/piyush.dixit/Desktop/airflow-env/lib/python3.9/site-packages/airflow/example_dags/example_subdag_operator.py
[2025-08-08T19:37:19.430+0530] {processor.py:830} INFO - Processing file /Users/piyush.dixit/Desktop/airflow-env/lib/python3.9/site-packages/airflow/example_dags/example_subdag_operator.py for tasks to queue
[2025-08-08T19:37:19.430+0530] {logging_mixin.py:188} INFO - [2025-08-08T19:37:19.430+0530] {dagbag.py:545} INFO - Filling up the DagBag from /Users/piyush.dixit/Desktop/airflow-env/lib/python3.9/site-packages/airflow/example_dags/example_subdag_operator.py
[2025-08-08T19:37:19.527+0530] {processor.py:840} INFO - DAG(s) 'example_subdag_operator.section-1', 'example_subdag_operator.section-2', 'example_subdag_operator' retrieved from /Users/piyush.dixit/Desktop/airflow-env/lib/python3.9/site-packages/airflow/example_dags/example_subdag_operator.py
[2025-08-08T19:37:19.568+0530] {logging_mixin.py:188} INFO - [2025-08-08T19:37:19.568+0530] {dag.py:3096} INFO - Sync 3 DAGs
[2025-08-08T19:37:19.583+0530] {logging_mixin.py:188} INFO - [2025-08-08T19:37:19.583+0530] {dag.py:3954} INFO - Setting next_dagrun for example_subdag_operator to 2022-01-01 00:00:00+00:00, run_after=2022-01-01 00:00:00+00:00
[2025-08-08T19:37:19.626+0530] {logging_mixin.py:188} INFO - [2025-08-08T19:37:19.625+0530] {dag.py:3954} INFO - Setting next_dagrun for example_subdag_operator.section-1 to None, run_after=None
[2025-08-08T19:37:19.627+0530] {logging_mixin.py:188} INFO - [2025-08-08T19:37:19.627+0530] {dag.py:3954} INFO - Setting next_dagrun for example_subdag_operator.section-2 to None, run_after=None
[2025-08-08T19:37:19.633+0530] {logging_mixin.py:188} INFO - [2025-08-08T19:37:19.632+0530] {dag.py:3096} INFO - Sync 2 DAGs
[2025-08-08T19:37:19.637+0530] {logging_mixin.py:188} INFO - [2025-08-08T19:37:19.637+0530] {dag.py:3954} INFO - Setting next_dagrun for example_subdag_operator.section-1 to None, run_after=None
[2025-08-08T19:37:19.637+0530] {logging_mixin.py:188} INFO - [2025-08-08T19:37:19.637+0530] {dag.py:3954} INFO - Setting next_dagrun for example_subdag_operator.section-2 to None, run_after=None
[2025-08-08T19:37:19.650+0530] {processor.py:183} INFO - Processing /Users/piyush.dixit/Desktop/airflow-env/lib/python3.9/site-packages/airflow/example_dags/example_subdag_operator.py took 0.227 seconds
[2025-08-08T19:39:00.771+0530] {processor.py:161} INFO - Started process (PID=77044) to work on /Users/piyush.dixit/Desktop/airflow-env/lib/python3.9/site-packages/airflow/example_dags/example_subdag_operator.py
[2025-08-08T19:39:00.774+0530] {processor.py:830} INFO - Processing file /Users/piyush.dixit/Desktop/airflow-env/lib/python3.9/site-packages/airflow/example_dags/example_subdag_operator.py for tasks to queue
[2025-08-08T19:39:00.775+0530] {logging_mixin.py:188} INFO - [2025-08-08T19:39:00.774+0530] {dagbag.py:545} INFO - Filling up the DagBag from /Users/piyush.dixit/Desktop/airflow-env/lib/python3.9/site-packages/airflow/example_dags/example_subdag_operator.py
[2025-08-08T19:39:00.868+0530] {processor.py:840} INFO - DAG(s) 'example_subdag_operator.section-1', 'example_subdag_operator.section-2', 'example_subdag_operator' retrieved from /Users/piyush.dixit/Desktop/airflow-env/lib/python3.9/site-packages/airflow/example_dags/example_subdag_operator.py
[2025-08-08T19:39:00.904+0530] {logging_mixin.py:188} INFO - [2025-08-08T19:39:00.903+0530] {dag.py:3096} INFO - Sync 3 DAGs
[2025-08-08T19:39:00.917+0530] {logging_mixin.py:188} INFO - [2025-08-08T19:39:00.917+0530] {dag.py:3954} INFO - Setting next_dagrun for example_subdag_operator to 2022-01-01 00:00:00+00:00, run_after=2022-01-01 00:00:00+00:00
[2025-08-08T19:39:00.959+0530] {logging_mixin.py:188} INFO - [2025-08-08T19:39:00.959+0530] {dag.py:3954} INFO - Setting next_dagrun for example_subdag_operator.section-1 to None, run_after=None
[2025-08-08T19:39:00.961+0530] {logging_mixin.py:188} INFO - [2025-08-08T19:39:00.960+0530] {dag.py:3954} INFO - Setting next_dagrun for example_subdag_operator.section-2 to None, run_after=None
[2025-08-08T19:39:00.966+0530] {logging_mixin.py:188} INFO - [2025-08-08T19:39:00.966+0530] {dag.py:3096} INFO - Sync 2 DAGs
[2025-08-08T19:39:00.970+0530] {logging_mixin.py:188} INFO - [2025-08-08T19:39:00.970+0530] {dag.py:3954} INFO - Setting next_dagrun for example_subdag_operator.section-1 to None, run_after=None
[2025-08-08T19:39:00.971+0530] {logging_mixin.py:188} INFO - [2025-08-08T19:39:00.971+0530] {dag.py:3954} INFO - Setting next_dagrun for example_subdag_operator.section-2 to None, run_after=None
[2025-08-08T19:39:00.984+0530] {processor.py:183} INFO - Processing /Users/piyush.dixit/Desktop/airflow-env/lib/python3.9/site-packages/airflow/example_dags/example_subdag_operator.py took 0.217 seconds
[2025-08-08T19:40:46.694+0530] {processor.py:161} INFO - Started process (PID=77112) to work on /Users/piyush.dixit/Desktop/airflow-env/lib/python3.9/site-packages/airflow/example_dags/example_subdag_operator.py
[2025-08-08T19:40:46.698+0530] {processor.py:830} INFO - Processing file /Users/piyush.dixit/Desktop/airflow-env/lib/python3.9/site-packages/airflow/example_dags/example_subdag_operator.py for tasks to queue
[2025-08-08T19:40:46.699+0530] {logging_mixin.py:188} INFO - [2025-08-08T19:40:46.699+0530] {dagbag.py:545} INFO - Filling up the DagBag from /Users/piyush.dixit/Desktop/airflow-env/lib/python3.9/site-packages/airflow/example_dags/example_subdag_operator.py
[2025-08-08T19:40:46.793+0530] {processor.py:840} INFO - DAG(s) 'example_subdag_operator.section-1', 'example_subdag_operator.section-2', 'example_subdag_operator' retrieved from /Users/piyush.dixit/Desktop/airflow-env/lib/python3.9/site-packages/airflow/example_dags/example_subdag_operator.py
[2025-08-08T19:40:46.828+0530] {logging_mixin.py:188} INFO - [2025-08-08T19:40:46.828+0530] {dag.py:3096} INFO - Sync 3 DAGs
[2025-08-08T19:40:46.842+0530] {logging_mixin.py:188} INFO - [2025-08-08T19:40:46.842+0530] {dag.py:3954} INFO - Setting next_dagrun for example_subdag_operator to 2022-01-01 00:00:00+00:00, run_after=2022-01-01 00:00:00+00:00
[2025-08-08T19:40:46.882+0530] {logging_mixin.py:188} INFO - [2025-08-08T19:40:46.882+0530] {dag.py:3954} INFO - Setting next_dagrun for example_subdag_operator.section-1 to None, run_after=None
[2025-08-08T19:40:46.883+0530] {logging_mixin.py:188} INFO - [2025-08-08T19:40:46.883+0530] {dag.py:3954} INFO - Setting next_dagrun for example_subdag_operator.section-2 to None, run_after=None
[2025-08-08T19:40:46.889+0530] {logging_mixin.py:188} INFO - [2025-08-08T19:40:46.889+0530] {dag.py:3096} INFO - Sync 2 DAGs
[2025-08-08T19:40:46.893+0530] {logging_mixin.py:188} INFO - [2025-08-08T19:40:46.893+0530] {dag.py:3954} INFO - Setting next_dagrun for example_subdag_operator.section-1 to None, run_after=None
[2025-08-08T19:40:46.893+0530] {logging_mixin.py:188} INFO - [2025-08-08T19:40:46.893+0530] {dag.py:3954} INFO - Setting next_dagrun for example_subdag_operator.section-2 to None, run_after=None
[2025-08-08T19:40:46.906+0530] {processor.py:183} INFO - Processing /Users/piyush.dixit/Desktop/airflow-env/lib/python3.9/site-packages/airflow/example_dags/example_subdag_operator.py took 0.215 seconds
[2025-08-08T19:42:31.310+0530] {processor.py:161} INFO - Started process (PID=77179) to work on /Users/piyush.dixit/Desktop/airflow-env/lib/python3.9/site-packages/airflow/example_dags/example_subdag_operator.py
[2025-08-08T19:42:31.313+0530] {processor.py:830} INFO - Processing file /Users/piyush.dixit/Desktop/airflow-env/lib/python3.9/site-packages/airflow/example_dags/example_subdag_operator.py for tasks to queue
[2025-08-08T19:42:31.314+0530] {logging_mixin.py:188} INFO - [2025-08-08T19:42:31.314+0530] {dagbag.py:545} INFO - Filling up the DagBag from /Users/piyush.dixit/Desktop/airflow-env/lib/python3.9/site-packages/airflow/example_dags/example_subdag_operator.py
[2025-08-08T19:42:31.407+0530] {processor.py:840} INFO - DAG(s) 'example_subdag_operator.section-1', 'example_subdag_operator.section-2', 'example_subdag_operator' retrieved from /Users/piyush.dixit/Desktop/airflow-env/lib/python3.9/site-packages/airflow/example_dags/example_subdag_operator.py
[2025-08-08T19:42:31.442+0530] {logging_mixin.py:188} INFO - [2025-08-08T19:42:31.442+0530] {dag.py:3096} INFO - Sync 3 DAGs
[2025-08-08T19:42:31.456+0530] {logging_mixin.py:188} INFO - [2025-08-08T19:42:31.456+0530] {dag.py:3954} INFO - Setting next_dagrun for example_subdag_operator to 2022-01-01 00:00:00+00:00, run_after=2022-01-01 00:00:00+00:00
[2025-08-08T19:42:31.496+0530] {logging_mixin.py:188} INFO - [2025-08-08T19:42:31.495+0530] {dag.py:3954} INFO - Setting next_dagrun for example_subdag_operator.section-1 to None, run_after=None
[2025-08-08T19:42:31.497+0530] {logging_mixin.py:188} INFO - [2025-08-08T19:42:31.497+0530] {dag.py:3954} INFO - Setting next_dagrun for example_subdag_operator.section-2 to None, run_after=None
[2025-08-08T19:42:31.502+0530] {logging_mixin.py:188} INFO - [2025-08-08T19:42:31.502+0530] {dag.py:3096} INFO - Sync 2 DAGs
[2025-08-08T19:42:31.507+0530] {logging_mixin.py:188} INFO - [2025-08-08T19:42:31.506+0530] {dag.py:3954} INFO - Setting next_dagrun for example_subdag_operator.section-1 to None, run_after=None
[2025-08-08T19:42:31.507+0530] {logging_mixin.py:188} INFO - [2025-08-08T19:42:31.507+0530] {dag.py:3954} INFO - Setting next_dagrun for example_subdag_operator.section-2 to None, run_after=None
[2025-08-08T19:42:31.520+0530] {processor.py:183} INFO - Processing /Users/piyush.dixit/Desktop/airflow-env/lib/python3.9/site-packages/airflow/example_dags/example_subdag_operator.py took 0.214 seconds
[2025-08-08T19:44:16.957+0530] {processor.py:161} INFO - Started process (PID=77312) to work on /Users/piyush.dixit/Desktop/airflow-env/lib/python3.9/site-packages/airflow/example_dags/example_subdag_operator.py
[2025-08-08T19:44:16.960+0530] {processor.py:830} INFO - Processing file /Users/piyush.dixit/Desktop/airflow-env/lib/python3.9/site-packages/airflow/example_dags/example_subdag_operator.py for tasks to queue
[2025-08-08T19:44:16.961+0530] {logging_mixin.py:188} INFO - [2025-08-08T19:44:16.961+0530] {dagbag.py:545} INFO - Filling up the DagBag from /Users/piyush.dixit/Desktop/airflow-env/lib/python3.9/site-packages/airflow/example_dags/example_subdag_operator.py
[2025-08-08T19:44:17.075+0530] {processor.py:840} INFO - DAG(s) 'example_subdag_operator.section-1', 'example_subdag_operator.section-2', 'example_subdag_operator' retrieved from /Users/piyush.dixit/Desktop/airflow-env/lib/python3.9/site-packages/airflow/example_dags/example_subdag_operator.py
[2025-08-08T19:44:17.111+0530] {logging_mixin.py:188} INFO - [2025-08-08T19:44:17.111+0530] {dag.py:3096} INFO - Sync 3 DAGs
[2025-08-08T19:44:17.125+0530] {logging_mixin.py:188} INFO - [2025-08-08T19:44:17.125+0530] {dag.py:3954} INFO - Setting next_dagrun for example_subdag_operator to 2022-01-01 00:00:00+00:00, run_after=2022-01-01 00:00:00+00:00
[2025-08-08T19:44:17.165+0530] {logging_mixin.py:188} INFO - [2025-08-08T19:44:17.165+0530] {dag.py:3954} INFO - Setting next_dagrun for example_subdag_operator.section-1 to None, run_after=None
[2025-08-08T19:44:17.166+0530] {logging_mixin.py:188} INFO - [2025-08-08T19:44:17.166+0530] {dag.py:3954} INFO - Setting next_dagrun for example_subdag_operator.section-2 to None, run_after=None
[2025-08-08T19:44:17.172+0530] {logging_mixin.py:188} INFO - [2025-08-08T19:44:17.172+0530] {dag.py:3096} INFO - Sync 2 DAGs
[2025-08-08T19:44:17.176+0530] {logging_mixin.py:188} INFO - [2025-08-08T19:44:17.176+0530] {dag.py:3954} INFO - Setting next_dagrun for example_subdag_operator.section-1 to None, run_after=None
[2025-08-08T19:44:17.177+0530] {logging_mixin.py:188} INFO - [2025-08-08T19:44:17.177+0530] {dag.py:3954} INFO - Setting next_dagrun for example_subdag_operator.section-2 to None, run_after=None
[2025-08-08T19:44:17.190+0530] {processor.py:183} INFO - Processing /Users/piyush.dixit/Desktop/airflow-env/lib/python3.9/site-packages/airflow/example_dags/example_subdag_operator.py took 0.236 seconds
[2025-08-08T20:14:53.980+0530] {processor.py:161} INFO - Started process (PID=77515) to work on /Users/piyush.dixit/Desktop/airflow-env/lib/python3.9/site-packages/airflow/example_dags/example_subdag_operator.py
[2025-08-08T20:14:53.985+0530] {processor.py:830} INFO - Processing file /Users/piyush.dixit/Desktop/airflow-env/lib/python3.9/site-packages/airflow/example_dags/example_subdag_operator.py for tasks to queue
[2025-08-08T20:14:53.985+0530] {logging_mixin.py:188} INFO - [2025-08-08T20:14:53.985+0530] {dagbag.py:545} INFO - Filling up the DagBag from /Users/piyush.dixit/Desktop/airflow-env/lib/python3.9/site-packages/airflow/example_dags/example_subdag_operator.py
[2025-08-08T20:14:54.104+0530] {processor.py:840} INFO - DAG(s) 'example_subdag_operator.section-1', 'example_subdag_operator.section-2', 'example_subdag_operator' retrieved from /Users/piyush.dixit/Desktop/airflow-env/lib/python3.9/site-packages/airflow/example_dags/example_subdag_operator.py
[2025-08-08T20:14:54.169+0530] {logging_mixin.py:188} INFO - [2025-08-08T20:14:54.169+0530] {dag.py:3096} INFO - Sync 3 DAGs
[2025-08-08T20:14:54.196+0530] {logging_mixin.py:188} INFO - [2025-08-08T20:14:54.196+0530] {dag.py:3954} INFO - Setting next_dagrun for example_subdag_operator to 2022-01-01 00:00:00+00:00, run_after=2022-01-01 00:00:00+00:00
[2025-08-08T20:14:54.287+0530] {logging_mixin.py:188} INFO - [2025-08-08T20:14:54.286+0530] {dag.py:3954} INFO - Setting next_dagrun for example_subdag_operator.section-1 to None, run_after=None
[2025-08-08T20:14:54.288+0530] {logging_mixin.py:188} INFO - [2025-08-08T20:14:54.288+0530] {dag.py:3954} INFO - Setting next_dagrun for example_subdag_operator.section-2 to None, run_after=None
[2025-08-08T20:14:54.297+0530] {logging_mixin.py:188} INFO - [2025-08-08T20:14:54.297+0530] {dag.py:3096} INFO - Sync 2 DAGs
[2025-08-08T20:14:54.305+0530] {logging_mixin.py:188} INFO - [2025-08-08T20:14:54.304+0530] {dag.py:3954} INFO - Setting next_dagrun for example_subdag_operator.section-1 to None, run_after=None
[2025-08-08T20:14:54.305+0530] {logging_mixin.py:188} INFO - [2025-08-08T20:14:54.305+0530] {dag.py:3954} INFO - Setting next_dagrun for example_subdag_operator.section-2 to None, run_after=None
[2025-08-08T20:14:54.325+0530] {processor.py:183} INFO - Processing /Users/piyush.dixit/Desktop/airflow-env/lib/python3.9/site-packages/airflow/example_dags/example_subdag_operator.py took 0.352 seconds
[2025-08-08T20:17:08.290+0530] {processor.py:161} INFO - Started process (PID=77600) to work on /Users/piyush.dixit/Desktop/airflow-env/lib/python3.9/site-packages/airflow/example_dags/example_subdag_operator.py
[2025-08-08T20:17:08.294+0530] {processor.py:830} INFO - Processing file /Users/piyush.dixit/Desktop/airflow-env/lib/python3.9/site-packages/airflow/example_dags/example_subdag_operator.py for tasks to queue
[2025-08-08T20:17:08.294+0530] {logging_mixin.py:188} INFO - [2025-08-08T20:17:08.294+0530] {dagbag.py:545} INFO - Filling up the DagBag from /Users/piyush.dixit/Desktop/airflow-env/lib/python3.9/site-packages/airflow/example_dags/example_subdag_operator.py
[2025-08-08T20:17:08.399+0530] {processor.py:840} INFO - DAG(s) 'example_subdag_operator.section-1', 'example_subdag_operator.section-2', 'example_subdag_operator' retrieved from /Users/piyush.dixit/Desktop/airflow-env/lib/python3.9/site-packages/airflow/example_dags/example_subdag_operator.py
[2025-08-08T20:17:08.443+0530] {logging_mixin.py:188} INFO - [2025-08-08T20:17:08.443+0530] {dag.py:3096} INFO - Sync 3 DAGs
[2025-08-08T20:17:08.459+0530] {logging_mixin.py:188} INFO - [2025-08-08T20:17:08.459+0530] {dag.py:3954} INFO - Setting next_dagrun for example_subdag_operator to 2022-01-01 00:00:00+00:00, run_after=2022-01-01 00:00:00+00:00
[2025-08-08T20:17:08.504+0530] {logging_mixin.py:188} INFO - [2025-08-08T20:17:08.503+0530] {dag.py:3954} INFO - Setting next_dagrun for example_subdag_operator.section-1 to None, run_after=None
[2025-08-08T20:17:08.505+0530] {logging_mixin.py:188} INFO - [2025-08-08T20:17:08.505+0530] {dag.py:3954} INFO - Setting next_dagrun for example_subdag_operator.section-2 to None, run_after=None
[2025-08-08T20:17:08.511+0530] {logging_mixin.py:188} INFO - [2025-08-08T20:17:08.511+0530] {dag.py:3096} INFO - Sync 2 DAGs
[2025-08-08T20:17:08.515+0530] {logging_mixin.py:188} INFO - [2025-08-08T20:17:08.515+0530] {dag.py:3954} INFO - Setting next_dagrun for example_subdag_operator.section-1 to None, run_after=None
[2025-08-08T20:17:08.515+0530] {logging_mixin.py:188} INFO - [2025-08-08T20:17:08.515+0530] {dag.py:3954} INFO - Setting next_dagrun for example_subdag_operator.section-2 to None, run_after=None
[2025-08-08T20:17:08.529+0530] {processor.py:183} INFO - Processing /Users/piyush.dixit/Desktop/airflow-env/lib/python3.9/site-packages/airflow/example_dags/example_subdag_operator.py took 0.243 seconds
[2025-08-08T20:24:07.806+0530] {processor.py:161} INFO - Started process (PID=78143) to work on /Users/piyush.dixit/Desktop/airflow-env/lib/python3.9/site-packages/airflow/example_dags/example_subdag_operator.py
[2025-08-08T20:24:07.810+0530] {processor.py:830} INFO - Processing file /Users/piyush.dixit/Desktop/airflow-env/lib/python3.9/site-packages/airflow/example_dags/example_subdag_operator.py for tasks to queue
[2025-08-08T20:24:07.811+0530] {logging_mixin.py:188} INFO - [2025-08-08T20:24:07.810+0530] {dagbag.py:545} INFO - Filling up the DagBag from /Users/piyush.dixit/Desktop/airflow-env/lib/python3.9/site-packages/airflow/example_dags/example_subdag_operator.py
[2025-08-08T20:24:07.915+0530] {processor.py:840} INFO - DAG(s) 'example_subdag_operator.section-1', 'example_subdag_operator.section-2', 'example_subdag_operator' retrieved from /Users/piyush.dixit/Desktop/airflow-env/lib/python3.9/site-packages/airflow/example_dags/example_subdag_operator.py
[2025-08-08T20:24:08.112+0530] {logging_mixin.py:188} INFO - [2025-08-08T20:24:08.112+0530] {dag.py:3096} INFO - Sync 3 DAGs
[2025-08-08T20:24:08.127+0530] {logging_mixin.py:188} INFO - [2025-08-08T20:24:08.127+0530] {dag.py:3954} INFO - Setting next_dagrun for example_subdag_operator to 2022-01-01 00:00:00+00:00, run_after=2022-01-01 00:00:00+00:00
[2025-08-08T20:24:08.129+0530] {logging_mixin.py:188} INFO - [2025-08-08T20:24:08.129+0530] {dag.py:3954} INFO - Setting next_dagrun for example_subdag_operator.section-1 to None, run_after=None
[2025-08-08T20:24:08.130+0530] {logging_mixin.py:188} INFO - [2025-08-08T20:24:08.130+0530] {dag.py:3954} INFO - Setting next_dagrun for example_subdag_operator.section-2 to None, run_after=None
[2025-08-08T20:24:08.137+0530] {logging_mixin.py:188} INFO - [2025-08-08T20:24:08.137+0530] {dag.py:3096} INFO - Sync 2 DAGs
[2025-08-08T20:24:08.140+0530] {logging_mixin.py:188} INFO - [2025-08-08T20:24:08.140+0530] {dag.py:3954} INFO - Setting next_dagrun for example_subdag_operator.section-1 to None, run_after=None
[2025-08-08T20:24:08.141+0530] {logging_mixin.py:188} INFO - [2025-08-08T20:24:08.141+0530] {dag.py:3954} INFO - Setting next_dagrun for example_subdag_operator.section-2 to None, run_after=None
[2025-08-08T20:24:08.152+0530] {processor.py:183} INFO - Processing /Users/piyush.dixit/Desktop/airflow-env/lib/python3.9/site-packages/airflow/example_dags/example_subdag_operator.py took 0.350 seconds
