[2025-08-08T19:36:20.119+0530] {processor.py:161} INFO - Started process (PID=76948) to work on /Users/piyush.dixit/Desktop/airflow-env/lib/python3.9/site-packages/airflow/example_dags/example_branch_labels.py
[2025-08-08T19:36:20.122+0530] {processor.py:830} INFO - Processing file /Users/piyush.dixit/Desktop/airflow-env/lib/python3.9/site-packages/airflow/example_dags/example_branch_labels.py for tasks to queue
[2025-08-08T19:36:20.123+0530] {logging_mixin.py:188} INFO - [2025-08-08T19:36:20.123+0530] {dagbag.py:545} INFO - Filling up the DagBag from /Users/piyush.dixit/Desktop/airflow-env/lib/python3.9/site-packages/airflow/example_dags/example_branch_labels.py
[2025-08-08T19:36:20.134+0530] {processor.py:840} INFO - DAG(s) 'example_branch_labels' retrieved from /Users/piyush.dixit/Desktop/airflow-env/lib/python3.9/site-packages/airflow/example_dags/example_branch_labels.py
[2025-08-08T19:36:20.385+0530] {logging_mixin.py:188} INFO - [2025-08-08T19:36:20.384+0530] {dag.py:3096} INFO - Sync 1 DAGs
[2025-08-08T19:36:20.400+0530] {logging_mixin.py:188} INFO - [2025-08-08T19:36:20.399+0530] {dag.py:3954} INFO - Setting next_dagrun for example_branch_labels to 2025-08-07 00:00:00+00:00, run_after=2025-08-08 00:00:00+00:00
[2025-08-08T19:36:20.416+0530] {processor.py:183} INFO - Processing /Users/piyush.dixit/Desktop/airflow-env/lib/python3.9/site-packages/airflow/example_dags/example_branch_labels.py took 0.301 seconds
[2025-08-08T19:39:49.026+0530] {processor.py:161} INFO - Started process (PID=77074) to work on /Users/piyush.dixit/Desktop/airflow-env/lib/python3.9/site-packages/airflow/example_dags/example_branch_labels.py
[2025-08-08T19:39:49.030+0530] {processor.py:830} INFO - Processing file /Users/piyush.dixit/Desktop/airflow-env/lib/python3.9/site-packages/airflow/example_dags/example_branch_labels.py for tasks to queue
[2025-08-08T19:39:49.031+0530] {logging_mixin.py:188} INFO - [2025-08-08T19:39:49.030+0530] {dagbag.py:545} INFO - Filling up the DagBag from /Users/piyush.dixit/Desktop/airflow-env/lib/python3.9/site-packages/airflow/example_dags/example_branch_labels.py
[2025-08-08T19:39:49.042+0530] {processor.py:840} INFO - DAG(s) 'example_branch_labels' retrieved from /Users/piyush.dixit/Desktop/airflow-env/lib/python3.9/site-packages/airflow/example_dags/example_branch_labels.py
[2025-08-08T19:39:49.143+0530] {logging_mixin.py:188} INFO - [2025-08-08T19:39:49.143+0530] {dag.py:3096} INFO - Sync 1 DAGs
[2025-08-08T19:39:49.158+0530] {logging_mixin.py:188} INFO - [2025-08-08T19:39:49.158+0530] {dag.py:3954} INFO - Setting next_dagrun for example_branch_labels to 2025-08-07 00:00:00+00:00, run_after=2025-08-08 00:00:00+00:00
[2025-08-08T19:39:49.221+0530] {processor.py:183} INFO - Processing /Users/piyush.dixit/Desktop/airflow-env/lib/python3.9/site-packages/airflow/example_dags/example_branch_labels.py took 0.198 seconds
[2025-08-08T19:43:20.488+0530] {processor.py:161} INFO - Started process (PID=77274) to work on /Users/piyush.dixit/Desktop/airflow-env/lib/python3.9/site-packages/airflow/example_dags/example_branch_labels.py
[2025-08-08T19:43:20.491+0530] {processor.py:830} INFO - Processing file /Users/piyush.dixit/Desktop/airflow-env/lib/python3.9/site-packages/airflow/example_dags/example_branch_labels.py for tasks to queue
[2025-08-08T19:43:20.492+0530] {logging_mixin.py:188} INFO - [2025-08-08T19:43:20.492+0530] {dagbag.py:545} INFO - Filling up the DagBag from /Users/piyush.dixit/Desktop/airflow-env/lib/python3.9/site-packages/airflow/example_dags/example_branch_labels.py
[2025-08-08T19:43:20.503+0530] {processor.py:840} INFO - DAG(s) 'example_branch_labels' retrieved from /Users/piyush.dixit/Desktop/airflow-env/lib/python3.9/site-packages/airflow/example_dags/example_branch_labels.py
[2025-08-08T19:43:20.598+0530] {logging_mixin.py:188} INFO - [2025-08-08T19:43:20.598+0530] {dag.py:3096} INFO - Sync 1 DAGs
[2025-08-08T19:43:20.612+0530] {logging_mixin.py:188} INFO - [2025-08-08T19:43:20.612+0530] {dag.py:3954} INFO - Setting next_dagrun for example_branch_labels to 2025-08-07 00:00:00+00:00, run_after=2025-08-08 00:00:00+00:00
[2025-08-08T19:43:20.667+0530] {processor.py:183} INFO - Processing /Users/piyush.dixit/Desktop/airflow-env/lib/python3.9/site-packages/airflow/example_dags/example_branch_labels.py took 0.183 seconds
[2025-08-08T20:16:04.365+0530] {processor.py:161} INFO - Started process (PID=77557) to work on /Users/piyush.dixit/Desktop/airflow-env/lib/python3.9/site-packages/airflow/example_dags/example_branch_labels.py
[2025-08-08T20:16:04.368+0530] {processor.py:830} INFO - Processing file /Users/piyush.dixit/Desktop/airflow-env/lib/python3.9/site-packages/airflow/example_dags/example_branch_labels.py for tasks to queue
[2025-08-08T20:16:04.369+0530] {logging_mixin.py:188} INFO - [2025-08-08T20:16:04.369+0530] {dagbag.py:545} INFO - Filling up the DagBag from /Users/piyush.dixit/Desktop/airflow-env/lib/python3.9/site-packages/airflow/example_dags/example_branch_labels.py
[2025-08-08T20:16:04.382+0530] {processor.py:840} INFO - DAG(s) 'example_branch_labels' retrieved from /Users/piyush.dixit/Desktop/airflow-env/lib/python3.9/site-packages/airflow/example_dags/example_branch_labels.py
[2025-08-08T20:16:04.489+0530] {logging_mixin.py:188} INFO - [2025-08-08T20:16:04.488+0530] {dag.py:3096} INFO - Sync 1 DAGs
[2025-08-08T20:16:04.505+0530] {logging_mixin.py:188} INFO - [2025-08-08T20:16:04.504+0530] {dag.py:3954} INFO - Setting next_dagrun for example_branch_labels to 2025-08-07 00:00:00+00:00, run_after=2025-08-08 00:00:00+00:00
[2025-08-08T20:16:04.575+0530] {processor.py:183} INFO - Processing /Users/piyush.dixit/Desktop/airflow-env/lib/python3.9/site-packages/airflow/example_dags/example_branch_labels.py took 0.214 seconds
[2025-08-08T20:25:35.108+0530] {processor.py:161} INFO - Started process (PID=78224) to work on /Users/piyush.dixit/Desktop/airflow-env/lib/python3.9/site-packages/airflow/example_dags/example_branch_labels.py
[2025-08-08T20:25:35.111+0530] {processor.py:830} INFO - Processing file /Users/piyush.dixit/Desktop/airflow-env/lib/python3.9/site-packages/airflow/example_dags/example_branch_labels.py for tasks to queue
[2025-08-08T20:25:35.112+0530] {logging_mixin.py:188} INFO - [2025-08-08T20:25:35.112+0530] {dagbag.py:545} INFO - Filling up the DagBag from /Users/piyush.dixit/Desktop/airflow-env/lib/python3.9/site-packages/airflow/example_dags/example_branch_labels.py
[2025-08-08T20:25:35.127+0530] {processor.py:840} INFO - DAG(s) 'example_branch_labels' retrieved from /Users/piyush.dixit/Desktop/airflow-env/lib/python3.9/site-packages/airflow/example_dags/example_branch_labels.py
[2025-08-08T20:25:35.411+0530] {logging_mixin.py:188} INFO - [2025-08-08T20:25:35.411+0530] {dag.py:3096} INFO - Sync 1 DAGs
[2025-08-08T20:25:35.428+0530] {logging_mixin.py:188} INFO - [2025-08-08T20:25:35.428+0530] {dag.py:3954} INFO - Setting next_dagrun for example_branch_labels to 2025-08-07 00:00:00+00:00, run_after=2025-08-08 00:00:00+00:00
[2025-08-08T20:25:35.446+0530] {processor.py:183} INFO - Processing /Users/piyush.dixit/Desktop/airflow-env/lib/python3.9/site-packages/airflow/example_dags/example_branch_labels.py took 0.343 seconds
