[2025-08-08T19:34:49.362+0530] {processor.py:161} INFO - Started process (PID=76892) to work on /Users/piyush.dixit/Desktop/airflow-env/lib/python3.9/site-packages/airflow/example_dags/example_time_delta_sensor_async.py
[2025-08-08T19:34:49.366+0530] {processor.py:830} INFO - Processing file /Users/piyush.dixit/Desktop/airflow-env/lib/python3.9/site-packages/airflow/example_dags/example_time_delta_sensor_async.py for tasks to queue
[2025-08-08T19:34:49.367+0530] {logging_mixin.py:188} INFO - [2025-08-08T19:34:49.366+0530] {dagbag.py:545} INFO - Filling up the DagBag from /Users/piyush.dixit/Desktop/airflow-env/lib/python3.9/site-packages/airflow/example_dags/example_time_delta_sensor_async.py
[2025-08-08T19:34:49.381+0530] {processor.py:840} INFO - DAG(s) 'example_time_delta_sensor_async' retrieved from /Users/piyush.dixit/Desktop/airflow-env/lib/python3.9/site-packages/airflow/example_dags/example_time_delta_sensor_async.py
[2025-08-08T19:34:49.694+0530] {logging_mixin.py:188} INFO - [2025-08-08T19:34:49.694+0530] {dag.py:3096} INFO - Sync 1 DAGs
[2025-08-08T19:34:49.705+0530] {logging_mixin.py:188} INFO - [2025-08-08T19:34:49.704+0530] {dag.py:3954} INFO - Setting next_dagrun for example_time_delta_sensor_async to None, run_after=None
[2025-08-08T19:34:49.726+0530] {processor.py:183} INFO - Processing /Users/piyush.dixit/Desktop/airflow-env/lib/python3.9/site-packages/airflow/example_dags/example_time_delta_sensor_async.py took 0.370 seconds
[2025-08-08T19:37:11.220+0530] {processor.py:161} INFO - Started process (PID=76975) to work on /Users/piyush.dixit/Desktop/airflow-env/lib/python3.9/site-packages/airflow/example_dags/example_time_delta_sensor_async.py
[2025-08-08T19:37:11.224+0530] {processor.py:830} INFO - Processing file /Users/piyush.dixit/Desktop/airflow-env/lib/python3.9/site-packages/airflow/example_dags/example_time_delta_sensor_async.py for tasks to queue
[2025-08-08T19:37:11.224+0530] {logging_mixin.py:188} INFO - [2025-08-08T19:37:11.224+0530] {dagbag.py:545} INFO - Filling up the DagBag from /Users/piyush.dixit/Desktop/airflow-env/lib/python3.9/site-packages/airflow/example_dags/example_time_delta_sensor_async.py
[2025-08-08T19:37:11.234+0530] {processor.py:840} INFO - DAG(s) 'example_time_delta_sensor_async' retrieved from /Users/piyush.dixit/Desktop/airflow-env/lib/python3.9/site-packages/airflow/example_dags/example_time_delta_sensor_async.py
[2025-08-08T19:37:11.342+0530] {logging_mixin.py:188} INFO - [2025-08-08T19:37:11.342+0530] {dag.py:3096} INFO - Sync 1 DAGs
[2025-08-08T19:37:11.349+0530] {logging_mixin.py:188} INFO - [2025-08-08T19:37:11.349+0530] {dag.py:3954} INFO - Setting next_dagrun for example_time_delta_sensor_async to None, run_after=None
[2025-08-08T19:37:11.365+0530] {processor.py:183} INFO - Processing /Users/piyush.dixit/Desktop/airflow-env/lib/python3.9/site-packages/airflow/example_dags/example_time_delta_sensor_async.py took 0.149 seconds
[2025-08-08T19:38:53.000+0530] {processor.py:161} INFO - Started process (PID=77040) to work on /Users/piyush.dixit/Desktop/airflow-env/lib/python3.9/site-packages/airflow/example_dags/example_time_delta_sensor_async.py
[2025-08-08T19:38:53.002+0530] {processor.py:830} INFO - Processing file /Users/piyush.dixit/Desktop/airflow-env/lib/python3.9/site-packages/airflow/example_dags/example_time_delta_sensor_async.py for tasks to queue
[2025-08-08T19:38:53.003+0530] {logging_mixin.py:188} INFO - [2025-08-08T19:38:53.003+0530] {dagbag.py:545} INFO - Filling up the DagBag from /Users/piyush.dixit/Desktop/airflow-env/lib/python3.9/site-packages/airflow/example_dags/example_time_delta_sensor_async.py
[2025-08-08T19:38:53.014+0530] {processor.py:840} INFO - DAG(s) 'example_time_delta_sensor_async' retrieved from /Users/piyush.dixit/Desktop/airflow-env/lib/python3.9/site-packages/airflow/example_dags/example_time_delta_sensor_async.py
[2025-08-08T19:38:53.121+0530] {logging_mixin.py:188} INFO - [2025-08-08T19:38:53.120+0530] {dag.py:3096} INFO - Sync 1 DAGs
[2025-08-08T19:38:53.128+0530] {logging_mixin.py:188} INFO - [2025-08-08T19:38:53.128+0530] {dag.py:3954} INFO - Setting next_dagrun for example_time_delta_sensor_async to None, run_after=None
[2025-08-08T19:38:53.144+0530] {processor.py:183} INFO - Processing /Users/piyush.dixit/Desktop/airflow-env/lib/python3.9/site-packages/airflow/example_dags/example_time_delta_sensor_async.py took 0.148 seconds
[2025-08-08T19:40:38.623+0530] {processor.py:161} INFO - Started process (PID=77109) to work on /Users/piyush.dixit/Desktop/airflow-env/lib/python3.9/site-packages/airflow/example_dags/example_time_delta_sensor_async.py
[2025-08-08T19:40:38.626+0530] {processor.py:830} INFO - Processing file /Users/piyush.dixit/Desktop/airflow-env/lib/python3.9/site-packages/airflow/example_dags/example_time_delta_sensor_async.py for tasks to queue
[2025-08-08T19:40:38.627+0530] {logging_mixin.py:188} INFO - [2025-08-08T19:40:38.627+0530] {dagbag.py:545} INFO - Filling up the DagBag from /Users/piyush.dixit/Desktop/airflow-env/lib/python3.9/site-packages/airflow/example_dags/example_time_delta_sensor_async.py
[2025-08-08T19:40:38.638+0530] {processor.py:840} INFO - DAG(s) 'example_time_delta_sensor_async' retrieved from /Users/piyush.dixit/Desktop/airflow-env/lib/python3.9/site-packages/airflow/example_dags/example_time_delta_sensor_async.py
[2025-08-08T19:40:38.745+0530] {logging_mixin.py:188} INFO - [2025-08-08T19:40:38.745+0530] {dag.py:3096} INFO - Sync 1 DAGs
[2025-08-08T19:40:38.753+0530] {logging_mixin.py:188} INFO - [2025-08-08T19:40:38.753+0530] {dag.py:3954} INFO - Setting next_dagrun for example_time_delta_sensor_async to None, run_after=None
[2025-08-08T19:40:38.768+0530] {processor.py:183} INFO - Processing /Users/piyush.dixit/Desktop/airflow-env/lib/python3.9/site-packages/airflow/example_dags/example_time_delta_sensor_async.py took 0.148 seconds
[2025-08-08T19:42:23.196+0530] {processor.py:161} INFO - Started process (PID=77176) to work on /Users/piyush.dixit/Desktop/airflow-env/lib/python3.9/site-packages/airflow/example_dags/example_time_delta_sensor_async.py
[2025-08-08T19:42:23.199+0530] {processor.py:830} INFO - Processing file /Users/piyush.dixit/Desktop/airflow-env/lib/python3.9/site-packages/airflow/example_dags/example_time_delta_sensor_async.py for tasks to queue
[2025-08-08T19:42:23.199+0530] {logging_mixin.py:188} INFO - [2025-08-08T19:42:23.199+0530] {dagbag.py:545} INFO - Filling up the DagBag from /Users/piyush.dixit/Desktop/airflow-env/lib/python3.9/site-packages/airflow/example_dags/example_time_delta_sensor_async.py
[2025-08-08T19:42:23.210+0530] {processor.py:840} INFO - DAG(s) 'example_time_delta_sensor_async' retrieved from /Users/piyush.dixit/Desktop/airflow-env/lib/python3.9/site-packages/airflow/example_dags/example_time_delta_sensor_async.py
[2025-08-08T19:42:23.319+0530] {logging_mixin.py:188} INFO - [2025-08-08T19:42:23.319+0530] {dag.py:3096} INFO - Sync 1 DAGs
[2025-08-08T19:42:23.327+0530] {logging_mixin.py:188} INFO - [2025-08-08T19:42:23.327+0530] {dag.py:3954} INFO - Setting next_dagrun for example_time_delta_sensor_async to None, run_after=None
[2025-08-08T19:42:23.343+0530] {processor.py:183} INFO - Processing /Users/piyush.dixit/Desktop/airflow-env/lib/python3.9/site-packages/airflow/example_dags/example_time_delta_sensor_async.py took 0.150 seconds
[2025-08-08T19:44:10.110+0530] {processor.py:161} INFO - Started process (PID=77303) to work on /Users/piyush.dixit/Desktop/airflow-env/lib/python3.9/site-packages/airflow/example_dags/example_time_delta_sensor_async.py
[2025-08-08T19:44:10.113+0530] {processor.py:830} INFO - Processing file /Users/piyush.dixit/Desktop/airflow-env/lib/python3.9/site-packages/airflow/example_dags/example_time_delta_sensor_async.py for tasks to queue
[2025-08-08T19:44:10.113+0530] {logging_mixin.py:188} INFO - [2025-08-08T19:44:10.113+0530] {dagbag.py:545} INFO - Filling up the DagBag from /Users/piyush.dixit/Desktop/airflow-env/lib/python3.9/site-packages/airflow/example_dags/example_time_delta_sensor_async.py
[2025-08-08T19:44:10.123+0530] {processor.py:840} INFO - DAG(s) 'example_time_delta_sensor_async' retrieved from /Users/piyush.dixit/Desktop/airflow-env/lib/python3.9/site-packages/airflow/example_dags/example_time_delta_sensor_async.py
[2025-08-08T19:44:10.229+0530] {logging_mixin.py:188} INFO - [2025-08-08T19:44:10.228+0530] {dag.py:3096} INFO - Sync 1 DAGs
[2025-08-08T19:44:10.236+0530] {logging_mixin.py:188} INFO - [2025-08-08T19:44:10.236+0530] {dag.py:3954} INFO - Setting next_dagrun for example_time_delta_sensor_async to None, run_after=None
[2025-08-08T19:44:10.250+0530] {processor.py:183} INFO - Processing /Users/piyush.dixit/Desktop/airflow-env/lib/python3.9/site-packages/airflow/example_dags/example_time_delta_sensor_async.py took 0.143 seconds
[2025-08-08T20:14:44.447+0530] {processor.py:161} INFO - Started process (PID=77505) to work on /Users/piyush.dixit/Desktop/airflow-env/lib/python3.9/site-packages/airflow/example_dags/example_time_delta_sensor_async.py
[2025-08-08T20:14:44.450+0530] {processor.py:830} INFO - Processing file /Users/piyush.dixit/Desktop/airflow-env/lib/python3.9/site-packages/airflow/example_dags/example_time_delta_sensor_async.py for tasks to queue
[2025-08-08T20:14:44.451+0530] {logging_mixin.py:188} INFO - [2025-08-08T20:14:44.451+0530] {dagbag.py:545} INFO - Filling up the DagBag from /Users/piyush.dixit/Desktop/airflow-env/lib/python3.9/site-packages/airflow/example_dags/example_time_delta_sensor_async.py
[2025-08-08T20:14:44.463+0530] {processor.py:840} INFO - DAG(s) 'example_time_delta_sensor_async' retrieved from /Users/piyush.dixit/Desktop/airflow-env/lib/python3.9/site-packages/airflow/example_dags/example_time_delta_sensor_async.py
[2025-08-08T20:14:44.577+0530] {logging_mixin.py:188} INFO - [2025-08-08T20:14:44.577+0530] {dag.py:3096} INFO - Sync 1 DAGs
[2025-08-08T20:14:44.587+0530] {logging_mixin.py:188} INFO - [2025-08-08T20:14:44.586+0530] {dag.py:3954} INFO - Setting next_dagrun for example_time_delta_sensor_async to None, run_after=None
[2025-08-08T20:14:44.604+0530] {processor.py:183} INFO - Processing /Users/piyush.dixit/Desktop/airflow-env/lib/python3.9/site-packages/airflow/example_dags/example_time_delta_sensor_async.py took 0.161 seconds
[2025-08-08T20:16:59.574+0530] {processor.py:161} INFO - Started process (PID=77597) to work on /Users/piyush.dixit/Desktop/airflow-env/lib/python3.9/site-packages/airflow/example_dags/example_time_delta_sensor_async.py
[2025-08-08T20:16:59.578+0530] {processor.py:830} INFO - Processing file /Users/piyush.dixit/Desktop/airflow-env/lib/python3.9/site-packages/airflow/example_dags/example_time_delta_sensor_async.py for tasks to queue
[2025-08-08T20:16:59.579+0530] {logging_mixin.py:188} INFO - [2025-08-08T20:16:59.578+0530] {dagbag.py:545} INFO - Filling up the DagBag from /Users/piyush.dixit/Desktop/airflow-env/lib/python3.9/site-packages/airflow/example_dags/example_time_delta_sensor_async.py
[2025-08-08T20:16:59.591+0530] {processor.py:840} INFO - DAG(s) 'example_time_delta_sensor_async' retrieved from /Users/piyush.dixit/Desktop/airflow-env/lib/python3.9/site-packages/airflow/example_dags/example_time_delta_sensor_async.py
[2025-08-08T20:16:59.712+0530] {logging_mixin.py:188} INFO - [2025-08-08T20:16:59.711+0530] {dag.py:3096} INFO - Sync 1 DAGs
[2025-08-08T20:16:59.720+0530] {logging_mixin.py:188} INFO - [2025-08-08T20:16:59.720+0530] {dag.py:3954} INFO - Setting next_dagrun for example_time_delta_sensor_async to None, run_after=None
[2025-08-08T20:16:59.738+0530] {processor.py:183} INFO - Processing /Users/piyush.dixit/Desktop/airflow-env/lib/python3.9/site-packages/airflow/example_dags/example_time_delta_sensor_async.py took 0.168 seconds
[2025-08-08T20:23:57.682+0530] {processor.py:161} INFO - Started process (PID=77771) to work on /Users/piyush.dixit/Desktop/airflow-env/lib/python3.9/site-packages/airflow/example_dags/example_time_delta_sensor_async.py
[2025-08-08T20:23:57.685+0530] {processor.py:830} INFO - Processing file /Users/piyush.dixit/Desktop/airflow-env/lib/python3.9/site-packages/airflow/example_dags/example_time_delta_sensor_async.py for tasks to queue
[2025-08-08T20:23:57.686+0530] {logging_mixin.py:188} INFO - [2025-08-08T20:23:57.686+0530] {dagbag.py:545} INFO - Filling up the DagBag from /Users/piyush.dixit/Desktop/airflow-env/lib/python3.9/site-packages/airflow/example_dags/example_time_delta_sensor_async.py
[2025-08-08T20:23:57.696+0530] {processor.py:840} INFO - DAG(s) 'example_time_delta_sensor_async' retrieved from /Users/piyush.dixit/Desktop/airflow-env/lib/python3.9/site-packages/airflow/example_dags/example_time_delta_sensor_async.py
[2025-08-08T20:23:57.965+0530] {logging_mixin.py:188} INFO - [2025-08-08T20:23:57.964+0530] {dag.py:3096} INFO - Sync 1 DAGs
[2025-08-08T20:23:57.974+0530] {logging_mixin.py:188} INFO - [2025-08-08T20:23:57.973+0530] {dag.py:3954} INFO - Setting next_dagrun for example_time_delta_sensor_async to None, run_after=None
[2025-08-08T20:23:57.991+0530] {processor.py:183} INFO - Processing /Users/piyush.dixit/Desktop/airflow-env/lib/python3.9/site-packages/airflow/example_dags/example_time_delta_sensor_async.py took 0.313 seconds
