[2025-08-08T19:34:52.869+0530] {processor.py:161} INFO - Started process (PID=76893) to work on /Users/piyush.dixit/Desktop/airflow-env/lib/python3.9/site-packages/airflow/example_dags/example_task_group_decorator.py
[2025-08-08T19:34:52.874+0530] {processor.py:830} INFO - Processing file /Users/piyush.dixit/Desktop/airflow-env/lib/python3.9/site-packages/airflow/example_dags/example_task_group_decorator.py for tasks to queue
[2025-08-08T19:34:52.876+0530] {logging_mixin.py:188} INFO - [2025-08-08T19:34:52.876+0530] {dagbag.py:545} INFO - Filling up the DagBag from /Users/piyush.dixit/Desktop/airflow-env/lib/python3.9/site-packages/airflow/example_dags/example_task_group_decorator.py
[2025-08-08T19:34:52.939+0530] {processor.py:840} INFO - DAG(s) 'example_task_group_decorator' retrieved from /Users/piyush.dixit/Desktop/airflow-env/lib/python3.9/site-packages/airflow/example_dags/example_task_group_decorator.py
[2025-08-08T19:34:53.203+0530] {logging_mixin.py:188} INFO - [2025-08-08T19:34:53.202+0530] {dag.py:3096} INFO - Sync 1 DAGs
[2025-08-08T19:34:53.223+0530] {logging_mixin.py:188} INFO - [2025-08-08T19:34:53.223+0530] {dag.py:3954} INFO - Setting next_dagrun for example_task_group_decorator to 2025-08-07 00:00:00+00:00, run_after=2025-08-08 00:00:00+00:00
[2025-08-08T19:34:53.241+0530] {processor.py:183} INFO - Processing /Users/piyush.dixit/Desktop/airflow-env/lib/python3.9/site-packages/airflow/example_dags/example_task_group_decorator.py took 0.376 seconds
[2025-08-08T19:37:13.883+0530] {processor.py:161} INFO - Started process (PID=76976) to work on /Users/piyush.dixit/Desktop/airflow-env/lib/python3.9/site-packages/airflow/example_dags/example_task_group_decorator.py
[2025-08-08T19:37:13.886+0530] {processor.py:830} INFO - Processing file /Users/piyush.dixit/Desktop/airflow-env/lib/python3.9/site-packages/airflow/example_dags/example_task_group_decorator.py for tasks to queue
[2025-08-08T19:37:13.887+0530] {logging_mixin.py:188} INFO - [2025-08-08T19:37:13.887+0530] {dagbag.py:545} INFO - Filling up the DagBag from /Users/piyush.dixit/Desktop/airflow-env/lib/python3.9/site-packages/airflow/example_dags/example_task_group_decorator.py
[2025-08-08T19:37:13.940+0530] {processor.py:840} INFO - DAG(s) 'example_task_group_decorator' retrieved from /Users/piyush.dixit/Desktop/airflow-env/lib/python3.9/site-packages/airflow/example_dags/example_task_group_decorator.py
[2025-08-08T19:37:14.076+0530] {logging_mixin.py:188} INFO - [2025-08-08T19:37:14.076+0530] {dag.py:3096} INFO - Sync 1 DAGs
[2025-08-08T19:37:14.098+0530] {logging_mixin.py:188} INFO - [2025-08-08T19:37:14.098+0530] {dag.py:3954} INFO - Setting next_dagrun for example_task_group_decorator to 2025-08-07 00:00:00+00:00, run_after=2025-08-08 00:00:00+00:00
[2025-08-08T19:37:14.117+0530] {processor.py:183} INFO - Processing /Users/piyush.dixit/Desktop/airflow-env/lib/python3.9/site-packages/airflow/example_dags/example_task_group_decorator.py took 0.238 seconds
[2025-08-08T19:38:55.329+0530] {processor.py:161} INFO - Started process (PID=77041) to work on /Users/piyush.dixit/Desktop/airflow-env/lib/python3.9/site-packages/airflow/example_dags/example_task_group_decorator.py
[2025-08-08T19:38:55.332+0530] {processor.py:830} INFO - Processing file /Users/piyush.dixit/Desktop/airflow-env/lib/python3.9/site-packages/airflow/example_dags/example_task_group_decorator.py for tasks to queue
[2025-08-08T19:38:55.333+0530] {logging_mixin.py:188} INFO - [2025-08-08T19:38:55.332+0530] {dagbag.py:545} INFO - Filling up the DagBag from /Users/piyush.dixit/Desktop/airflow-env/lib/python3.9/site-packages/airflow/example_dags/example_task_group_decorator.py
[2025-08-08T19:38:55.387+0530] {processor.py:840} INFO - DAG(s) 'example_task_group_decorator' retrieved from /Users/piyush.dixit/Desktop/airflow-env/lib/python3.9/site-packages/airflow/example_dags/example_task_group_decorator.py
[2025-08-08T19:38:55.528+0530] {logging_mixin.py:188} INFO - [2025-08-08T19:38:55.528+0530] {dag.py:3096} INFO - Sync 1 DAGs
[2025-08-08T19:38:55.550+0530] {logging_mixin.py:188} INFO - [2025-08-08T19:38:55.550+0530] {dag.py:3954} INFO - Setting next_dagrun for example_task_group_decorator to 2025-08-07 00:00:00+00:00, run_after=2025-08-08 00:00:00+00:00
[2025-08-08T19:38:55.569+0530] {processor.py:183} INFO - Processing /Users/piyush.dixit/Desktop/airflow-env/lib/python3.9/site-packages/airflow/example_dags/example_task_group_decorator.py took 0.243 seconds
[2025-08-08T19:40:41.258+0530] {processor.py:161} INFO - Started process (PID=77110) to work on /Users/piyush.dixit/Desktop/airflow-env/lib/python3.9/site-packages/airflow/example_dags/example_task_group_decorator.py
[2025-08-08T19:40:41.262+0530] {processor.py:830} INFO - Processing file /Users/piyush.dixit/Desktop/airflow-env/lib/python3.9/site-packages/airflow/example_dags/example_task_group_decorator.py for tasks to queue
[2025-08-08T19:40:41.263+0530] {logging_mixin.py:188} INFO - [2025-08-08T19:40:41.263+0530] {dagbag.py:545} INFO - Filling up the DagBag from /Users/piyush.dixit/Desktop/airflow-env/lib/python3.9/site-packages/airflow/example_dags/example_task_group_decorator.py
[2025-08-08T19:40:41.315+0530] {processor.py:840} INFO - DAG(s) 'example_task_group_decorator' retrieved from /Users/piyush.dixit/Desktop/airflow-env/lib/python3.9/site-packages/airflow/example_dags/example_task_group_decorator.py
[2025-08-08T19:40:41.448+0530] {logging_mixin.py:188} INFO - [2025-08-08T19:40:41.447+0530] {dag.py:3096} INFO - Sync 1 DAGs
[2025-08-08T19:40:41.469+0530] {logging_mixin.py:188} INFO - [2025-08-08T19:40:41.469+0530] {dag.py:3954} INFO - Setting next_dagrun for example_task_group_decorator to 2025-08-07 00:00:00+00:00, run_after=2025-08-08 00:00:00+00:00
[2025-08-08T19:40:41.488+0530] {processor.py:183} INFO - Processing /Users/piyush.dixit/Desktop/airflow-env/lib/python3.9/site-packages/airflow/example_dags/example_task_group_decorator.py took 0.234 seconds
[2025-08-08T19:42:25.907+0530] {processor.py:161} INFO - Started process (PID=77177) to work on /Users/piyush.dixit/Desktop/airflow-env/lib/python3.9/site-packages/airflow/example_dags/example_task_group_decorator.py
[2025-08-08T19:42:25.910+0530] {processor.py:830} INFO - Processing file /Users/piyush.dixit/Desktop/airflow-env/lib/python3.9/site-packages/airflow/example_dags/example_task_group_decorator.py for tasks to queue
[2025-08-08T19:42:25.911+0530] {logging_mixin.py:188} INFO - [2025-08-08T19:42:25.911+0530] {dagbag.py:545} INFO - Filling up the DagBag from /Users/piyush.dixit/Desktop/airflow-env/lib/python3.9/site-packages/airflow/example_dags/example_task_group_decorator.py
[2025-08-08T19:42:25.964+0530] {processor.py:840} INFO - DAG(s) 'example_task_group_decorator' retrieved from /Users/piyush.dixit/Desktop/airflow-env/lib/python3.9/site-packages/airflow/example_dags/example_task_group_decorator.py
[2025-08-08T19:42:26.102+0530] {logging_mixin.py:188} INFO - [2025-08-08T19:42:26.101+0530] {dag.py:3096} INFO - Sync 1 DAGs
[2025-08-08T19:42:26.123+0530] {logging_mixin.py:188} INFO - [2025-08-08T19:42:26.123+0530] {dag.py:3954} INFO - Setting next_dagrun for example_task_group_decorator to 2025-08-07 00:00:00+00:00, run_after=2025-08-08 00:00:00+00:00
[2025-08-08T19:42:26.143+0530] {processor.py:183} INFO - Processing /Users/piyush.dixit/Desktop/airflow-env/lib/python3.9/site-packages/airflow/example_dags/example_task_group_decorator.py took 0.240 seconds
[2025-08-08T19:44:12.443+0530] {processor.py:161} INFO - Started process (PID=77304) to work on /Users/piyush.dixit/Desktop/airflow-env/lib/python3.9/site-packages/airflow/example_dags/example_task_group_decorator.py
[2025-08-08T19:44:12.446+0530] {processor.py:830} INFO - Processing file /Users/piyush.dixit/Desktop/airflow-env/lib/python3.9/site-packages/airflow/example_dags/example_task_group_decorator.py for tasks to queue
[2025-08-08T19:44:12.447+0530] {logging_mixin.py:188} INFO - [2025-08-08T19:44:12.447+0530] {dagbag.py:545} INFO - Filling up the DagBag from /Users/piyush.dixit/Desktop/airflow-env/lib/python3.9/site-packages/airflow/example_dags/example_task_group_decorator.py
[2025-08-08T19:44:12.498+0530] {processor.py:840} INFO - DAG(s) 'example_task_group_decorator' retrieved from /Users/piyush.dixit/Desktop/airflow-env/lib/python3.9/site-packages/airflow/example_dags/example_task_group_decorator.py
[2025-08-08T19:44:12.634+0530] {logging_mixin.py:188} INFO - [2025-08-08T19:44:12.633+0530] {dag.py:3096} INFO - Sync 1 DAGs
[2025-08-08T19:44:12.655+0530] {logging_mixin.py:188} INFO - [2025-08-08T19:44:12.655+0530] {dag.py:3954} INFO - Setting next_dagrun for example_task_group_decorator to 2025-08-07 00:00:00+00:00, run_after=2025-08-08 00:00:00+00:00
[2025-08-08T19:44:12.674+0530] {processor.py:183} INFO - Processing /Users/piyush.dixit/Desktop/airflow-env/lib/python3.9/site-packages/airflow/example_dags/example_task_group_decorator.py took 0.235 seconds
[2025-08-08T20:14:47.362+0530] {processor.py:161} INFO - Started process (PID=77506) to work on /Users/piyush.dixit/Desktop/airflow-env/lib/python3.9/site-packages/airflow/example_dags/example_task_group_decorator.py
[2025-08-08T20:14:47.366+0530] {processor.py:830} INFO - Processing file /Users/piyush.dixit/Desktop/airflow-env/lib/python3.9/site-packages/airflow/example_dags/example_task_group_decorator.py for tasks to queue
[2025-08-08T20:14:47.366+0530] {logging_mixin.py:188} INFO - [2025-08-08T20:14:47.366+0530] {dagbag.py:545} INFO - Filling up the DagBag from /Users/piyush.dixit/Desktop/airflow-env/lib/python3.9/site-packages/airflow/example_dags/example_task_group_decorator.py
[2025-08-08T20:14:47.422+0530] {processor.py:840} INFO - DAG(s) 'example_task_group_decorator' retrieved from /Users/piyush.dixit/Desktop/airflow-env/lib/python3.9/site-packages/airflow/example_dags/example_task_group_decorator.py
[2025-08-08T20:14:47.576+0530] {logging_mixin.py:188} INFO - [2025-08-08T20:14:47.575+0530] {dag.py:3096} INFO - Sync 1 DAGs
[2025-08-08T20:14:47.616+0530] {logging_mixin.py:188} INFO - [2025-08-08T20:14:47.615+0530] {dag.py:3954} INFO - Setting next_dagrun for example_task_group_decorator to 2025-08-07 00:00:00+00:00, run_after=2025-08-08 00:00:00+00:00
[2025-08-08T20:14:47.639+0530] {processor.py:183} INFO - Processing /Users/piyush.dixit/Desktop/airflow-env/lib/python3.9/site-packages/airflow/example_dags/example_task_group_decorator.py took 0.281 seconds
[2025-08-08T20:17:02.572+0530] {processor.py:161} INFO - Started process (PID=77598) to work on /Users/piyush.dixit/Desktop/airflow-env/lib/python3.9/site-packages/airflow/example_dags/example_task_group_decorator.py
[2025-08-08T20:17:02.576+0530] {processor.py:830} INFO - Processing file /Users/piyush.dixit/Desktop/airflow-env/lib/python3.9/site-packages/airflow/example_dags/example_task_group_decorator.py for tasks to queue
[2025-08-08T20:17:02.577+0530] {logging_mixin.py:188} INFO - [2025-08-08T20:17:02.577+0530] {dagbag.py:545} INFO - Filling up the DagBag from /Users/piyush.dixit/Desktop/airflow-env/lib/python3.9/site-packages/airflow/example_dags/example_task_group_decorator.py
[2025-08-08T20:17:02.639+0530] {processor.py:840} INFO - DAG(s) 'example_task_group_decorator' retrieved from /Users/piyush.dixit/Desktop/airflow-env/lib/python3.9/site-packages/airflow/example_dags/example_task_group_decorator.py
[2025-08-08T20:17:02.799+0530] {logging_mixin.py:188} INFO - [2025-08-08T20:17:02.799+0530] {dag.py:3096} INFO - Sync 1 DAGs
[2025-08-08T20:17:02.821+0530] {logging_mixin.py:188} INFO - [2025-08-08T20:17:02.821+0530] {dag.py:3954} INFO - Setting next_dagrun for example_task_group_decorator to 2025-08-07 00:00:00+00:00, run_after=2025-08-08 00:00:00+00:00
[2025-08-08T20:17:02.840+0530] {processor.py:183} INFO - Processing /Users/piyush.dixit/Desktop/airflow-env/lib/python3.9/site-packages/airflow/example_dags/example_task_group_decorator.py took 0.274 seconds
[2025-08-08T20:24:01.143+0530] {processor.py:161} INFO - Started process (PID=77938) to work on /Users/piyush.dixit/Desktop/airflow-env/lib/python3.9/site-packages/airflow/example_dags/example_task_group_decorator.py
[2025-08-08T20:24:01.147+0530] {processor.py:830} INFO - Processing file /Users/piyush.dixit/Desktop/airflow-env/lib/python3.9/site-packages/airflow/example_dags/example_task_group_decorator.py for tasks to queue
[2025-08-08T20:24:01.148+0530] {logging_mixin.py:188} INFO - [2025-08-08T20:24:01.147+0530] {dagbag.py:545} INFO - Filling up the DagBag from /Users/piyush.dixit/Desktop/airflow-env/lib/python3.9/site-packages/airflow/example_dags/example_task_group_decorator.py
[2025-08-08T20:24:01.213+0530] {processor.py:840} INFO - DAG(s) 'example_task_group_decorator' retrieved from /Users/piyush.dixit/Desktop/airflow-env/lib/python3.9/site-packages/airflow/example_dags/example_task_group_decorator.py
[2025-08-08T20:24:01.481+0530] {logging_mixin.py:188} INFO - [2025-08-08T20:24:01.481+0530] {dag.py:3096} INFO - Sync 1 DAGs
[2025-08-08T20:24:01.501+0530] {logging_mixin.py:188} INFO - [2025-08-08T20:24:01.500+0530] {dag.py:3954} INFO - Setting next_dagrun for example_task_group_decorator to 2025-08-07 00:00:00+00:00, run_after=2025-08-08 00:00:00+00:00
[2025-08-08T20:24:01.519+0530] {processor.py:183} INFO - Processing /Users/piyush.dixit/Desktop/airflow-env/lib/python3.9/site-packages/airflow/example_dags/example_task_group_decorator.py took 0.381 seconds
