[2025-08-08T19:35:16.006+0530] {processor.py:161} INFO - Started process (PID=76902) to work on /Users/piyush.dixit/Desktop/airflow-env/lib/python3.9/site-packages/airflow/example_dags/example_setup_teardown.py
[2025-08-08T19:35:16.010+0530] {processor.py:830} INFO - Processing file /Users/piyush.dixit/Desktop/airflow-env/lib/python3.9/site-packages/airflow/example_dags/example_setup_teardown.py for tasks to queue
[2025-08-08T19:35:16.011+0530] {logging_mixin.py:188} INFO - [2025-08-08T19:35:16.011+0530] {dagbag.py:545} INFO - Filling up the DagBag from /Users/piyush.dixit/Desktop/airflow-env/lib/python3.9/site-packages/airflow/example_dags/example_setup_teardown.py
[2025-08-08T19:35:16.023+0530] {processor.py:840} INFO - DAG(s) 'example_setup_teardown' retrieved from /Users/piyush.dixit/Desktop/airflow-env/lib/python3.9/site-packages/airflow/example_dags/example_setup_teardown.py
[2025-08-08T19:35:16.264+0530] {logging_mixin.py:188} INFO - [2025-08-08T19:35:16.264+0530] {dag.py:3096} INFO - Sync 1 DAGs
[2025-08-08T19:35:16.282+0530] {logging_mixin.py:188} INFO - [2025-08-08T19:35:16.282+0530] {dag.py:3954} INFO - Setting next_dagrun for example_setup_teardown to 2025-08-07 00:00:00+00:00, run_after=2025-08-08 00:00:00+00:00
[2025-08-08T19:35:16.300+0530] {processor.py:183} INFO - Processing /Users/piyush.dixit/Desktop/airflow-env/lib/python3.9/site-packages/airflow/example_dags/example_setup_teardown.py took 0.298 seconds
[2025-08-08T19:37:36.084+0530] {processor.py:161} INFO - Started process (PID=76987) to work on /Users/piyush.dixit/Desktop/airflow-env/lib/python3.9/site-packages/airflow/example_dags/example_setup_teardown.py
[2025-08-08T19:37:36.087+0530] {processor.py:830} INFO - Processing file /Users/piyush.dixit/Desktop/airflow-env/lib/python3.9/site-packages/airflow/example_dags/example_setup_teardown.py for tasks to queue
[2025-08-08T19:37:36.088+0530] {logging_mixin.py:188} INFO - [2025-08-08T19:37:36.087+0530] {dagbag.py:545} INFO - Filling up the DagBag from /Users/piyush.dixit/Desktop/airflow-env/lib/python3.9/site-packages/airflow/example_dags/example_setup_teardown.py
[2025-08-08T19:37:36.098+0530] {processor.py:840} INFO - DAG(s) 'example_setup_teardown' retrieved from /Users/piyush.dixit/Desktop/airflow-env/lib/python3.9/site-packages/airflow/example_dags/example_setup_teardown.py
[2025-08-08T19:37:36.195+0530] {logging_mixin.py:188} INFO - [2025-08-08T19:37:36.195+0530] {dag.py:3096} INFO - Sync 1 DAGs
[2025-08-08T19:37:36.214+0530] {logging_mixin.py:188} INFO - [2025-08-08T19:37:36.214+0530] {dag.py:3954} INFO - Setting next_dagrun for example_setup_teardown to 2025-08-07 00:00:00+00:00, run_after=2025-08-08 00:00:00+00:00
[2025-08-08T19:37:36.278+0530] {processor.py:183} INFO - Processing /Users/piyush.dixit/Desktop/airflow-env/lib/python3.9/site-packages/airflow/example_dags/example_setup_teardown.py took 0.198 seconds
[2025-08-08T19:39:18.366+0530] {processor.py:161} INFO - Started process (PID=77051) to work on /Users/piyush.dixit/Desktop/airflow-env/lib/python3.9/site-packages/airflow/example_dags/example_setup_teardown.py
[2025-08-08T19:39:18.372+0530] {processor.py:830} INFO - Processing file /Users/piyush.dixit/Desktop/airflow-env/lib/python3.9/site-packages/airflow/example_dags/example_setup_teardown.py for tasks to queue
[2025-08-08T19:39:18.373+0530] {logging_mixin.py:188} INFO - [2025-08-08T19:39:18.373+0530] {dagbag.py:545} INFO - Filling up the DagBag from /Users/piyush.dixit/Desktop/airflow-env/lib/python3.9/site-packages/airflow/example_dags/example_setup_teardown.py
[2025-08-08T19:39:18.385+0530] {processor.py:840} INFO - DAG(s) 'example_setup_teardown' retrieved from /Users/piyush.dixit/Desktop/airflow-env/lib/python3.9/site-packages/airflow/example_dags/example_setup_teardown.py
[2025-08-08T19:39:18.526+0530] {logging_mixin.py:188} INFO - [2025-08-08T19:39:18.526+0530] {dag.py:3096} INFO - Sync 1 DAGs
[2025-08-08T19:39:18.555+0530] {logging_mixin.py:188} INFO - [2025-08-08T19:39:18.555+0530] {dag.py:3954} INFO - Setting next_dagrun for example_setup_teardown to 2025-08-07 00:00:00+00:00, run_after=2025-08-08 00:00:00+00:00
[2025-08-08T19:39:18.630+0530] {processor.py:183} INFO - Processing /Users/piyush.dixit/Desktop/airflow-env/lib/python3.9/site-packages/airflow/example_dags/example_setup_teardown.py took 0.270 seconds
[2025-08-08T19:41:02.994+0530] {processor.py:161} INFO - Started process (PID=77126) to work on /Users/piyush.dixit/Desktop/airflow-env/lib/python3.9/site-packages/airflow/example_dags/example_setup_teardown.py
[2025-08-08T19:41:02.997+0530] {processor.py:830} INFO - Processing file /Users/piyush.dixit/Desktop/airflow-env/lib/python3.9/site-packages/airflow/example_dags/example_setup_teardown.py for tasks to queue
[2025-08-08T19:41:02.997+0530] {logging_mixin.py:188} INFO - [2025-08-08T19:41:02.997+0530] {dagbag.py:545} INFO - Filling up the DagBag from /Users/piyush.dixit/Desktop/airflow-env/lib/python3.9/site-packages/airflow/example_dags/example_setup_teardown.py
[2025-08-08T19:41:03.007+0530] {processor.py:840} INFO - DAG(s) 'example_setup_teardown' retrieved from /Users/piyush.dixit/Desktop/airflow-env/lib/python3.9/site-packages/airflow/example_dags/example_setup_teardown.py
[2025-08-08T19:41:03.102+0530] {logging_mixin.py:188} INFO - [2025-08-08T19:41:03.102+0530] {dag.py:3096} INFO - Sync 1 DAGs
[2025-08-08T19:41:03.119+0530] {logging_mixin.py:188} INFO - [2025-08-08T19:41:03.118+0530] {dag.py:3954} INFO - Setting next_dagrun for example_setup_teardown to 2025-08-07 00:00:00+00:00, run_after=2025-08-08 00:00:00+00:00
[2025-08-08T19:41:03.178+0530] {processor.py:183} INFO - Processing /Users/piyush.dixit/Desktop/airflow-env/lib/python3.9/site-packages/airflow/example_dags/example_setup_teardown.py took 0.187 seconds
[2025-08-08T19:42:47.815+0530] {processor.py:161} INFO - Started process (PID=77251) to work on /Users/piyush.dixit/Desktop/airflow-env/lib/python3.9/site-packages/airflow/example_dags/example_setup_teardown.py
[2025-08-08T19:42:47.818+0530] {processor.py:830} INFO - Processing file /Users/piyush.dixit/Desktop/airflow-env/lib/python3.9/site-packages/airflow/example_dags/example_setup_teardown.py for tasks to queue
[2025-08-08T19:42:47.819+0530] {logging_mixin.py:188} INFO - [2025-08-08T19:42:47.819+0530] {dagbag.py:545} INFO - Filling up the DagBag from /Users/piyush.dixit/Desktop/airflow-env/lib/python3.9/site-packages/airflow/example_dags/example_setup_teardown.py
[2025-08-08T19:42:47.829+0530] {processor.py:840} INFO - DAG(s) 'example_setup_teardown' retrieved from /Users/piyush.dixit/Desktop/airflow-env/lib/python3.9/site-packages/airflow/example_dags/example_setup_teardown.py
[2025-08-08T19:42:47.924+0530] {logging_mixin.py:188} INFO - [2025-08-08T19:42:47.923+0530] {dag.py:3096} INFO - Sync 1 DAGs
[2025-08-08T19:42:47.940+0530] {logging_mixin.py:188} INFO - [2025-08-08T19:42:47.940+0530] {dag.py:3954} INFO - Setting next_dagrun for example_setup_teardown to 2025-08-07 00:00:00+00:00, run_after=2025-08-08 00:00:00+00:00
[2025-08-08T19:42:47.998+0530] {processor.py:183} INFO - Processing /Users/piyush.dixit/Desktop/airflow-env/lib/python3.9/site-packages/airflow/example_dags/example_setup_teardown.py took 0.186 seconds
[2025-08-08T19:44:35.035+0530] {processor.py:161} INFO - Started process (PID=77327) to work on /Users/piyush.dixit/Desktop/airflow-env/lib/python3.9/site-packages/airflow/example_dags/example_setup_teardown.py
[2025-08-08T19:44:35.040+0530] {processor.py:830} INFO - Processing file /Users/piyush.dixit/Desktop/airflow-env/lib/python3.9/site-packages/airflow/example_dags/example_setup_teardown.py for tasks to queue
[2025-08-08T19:44:35.041+0530] {logging_mixin.py:188} INFO - [2025-08-08T19:44:35.041+0530] {dagbag.py:545} INFO - Filling up the DagBag from /Users/piyush.dixit/Desktop/airflow-env/lib/python3.9/site-packages/airflow/example_dags/example_setup_teardown.py
[2025-08-08T19:44:35.053+0530] {processor.py:840} INFO - DAG(s) 'example_setup_teardown' retrieved from /Users/piyush.dixit/Desktop/airflow-env/lib/python3.9/site-packages/airflow/example_dags/example_setup_teardown.py
[2025-08-08T19:44:35.178+0530] {logging_mixin.py:188} INFO - [2025-08-08T19:44:35.178+0530] {dag.py:3096} INFO - Sync 1 DAGs
[2025-08-08T19:44:35.201+0530] {logging_mixin.py:188} INFO - [2025-08-08T19:44:35.201+0530] {dag.py:3954} INFO - Setting next_dagrun for example_setup_teardown to 2025-08-07 00:00:00+00:00, run_after=2025-08-08 00:00:00+00:00
[2025-08-08T19:44:35.267+0530] {processor.py:183} INFO - Processing /Users/piyush.dixit/Desktop/airflow-env/lib/python3.9/site-packages/airflow/example_dags/example_setup_teardown.py took 0.236 seconds
[2025-08-08T20:15:10.764+0530] {processor.py:161} INFO - Started process (PID=77521) to work on /Users/piyush.dixit/Desktop/airflow-env/lib/python3.9/site-packages/airflow/example_dags/example_setup_teardown.py
[2025-08-08T20:15:10.768+0530] {processor.py:830} INFO - Processing file /Users/piyush.dixit/Desktop/airflow-env/lib/python3.9/site-packages/airflow/example_dags/example_setup_teardown.py for tasks to queue
[2025-08-08T20:15:10.769+0530] {logging_mixin.py:188} INFO - [2025-08-08T20:15:10.769+0530] {dagbag.py:545} INFO - Filling up the DagBag from /Users/piyush.dixit/Desktop/airflow-env/lib/python3.9/site-packages/airflow/example_dags/example_setup_teardown.py
[2025-08-08T20:15:10.781+0530] {processor.py:840} INFO - DAG(s) 'example_setup_teardown' retrieved from /Users/piyush.dixit/Desktop/airflow-env/lib/python3.9/site-packages/airflow/example_dags/example_setup_teardown.py
[2025-08-08T20:15:10.890+0530] {logging_mixin.py:188} INFO - [2025-08-08T20:15:10.890+0530] {dag.py:3096} INFO - Sync 1 DAGs
[2025-08-08T20:15:10.911+0530] {logging_mixin.py:188} INFO - [2025-08-08T20:15:10.910+0530] {dag.py:3954} INFO - Setting next_dagrun for example_setup_teardown to 2025-08-07 00:00:00+00:00, run_after=2025-08-08 00:00:00+00:00
[2025-08-08T20:15:10.972+0530] {processor.py:183} INFO - Processing /Users/piyush.dixit/Desktop/airflow-env/lib/python3.9/site-packages/airflow/example_dags/example_setup_teardown.py took 0.213 seconds
[2025-08-08T20:17:26.194+0530] {processor.py:161} INFO - Started process (PID=77606) to work on /Users/piyush.dixit/Desktop/airflow-env/lib/python3.9/site-packages/airflow/example_dags/example_setup_teardown.py
[2025-08-08T20:17:26.198+0530] {processor.py:830} INFO - Processing file /Users/piyush.dixit/Desktop/airflow-env/lib/python3.9/site-packages/airflow/example_dags/example_setup_teardown.py for tasks to queue
[2025-08-08T20:17:26.199+0530] {logging_mixin.py:188} INFO - [2025-08-08T20:17:26.198+0530] {dagbag.py:545} INFO - Filling up the DagBag from /Users/piyush.dixit/Desktop/airflow-env/lib/python3.9/site-packages/airflow/example_dags/example_setup_teardown.py
[2025-08-08T20:17:26.211+0530] {processor.py:840} INFO - DAG(s) 'example_setup_teardown' retrieved from /Users/piyush.dixit/Desktop/airflow-env/lib/python3.9/site-packages/airflow/example_dags/example_setup_teardown.py
[2025-08-08T20:17:26.324+0530] {logging_mixin.py:188} INFO - [2025-08-08T20:17:26.323+0530] {dag.py:3096} INFO - Sync 1 DAGs
[2025-08-08T20:17:26.360+0530] {logging_mixin.py:188} INFO - [2025-08-08T20:17:26.359+0530] {dag.py:3954} INFO - Setting next_dagrun for example_setup_teardown to 2025-08-07 00:00:00+00:00, run_after=2025-08-08 00:00:00+00:00
[2025-08-08T20:17:26.427+0530] {processor.py:183} INFO - Processing /Users/piyush.dixit/Desktop/airflow-env/lib/python3.9/site-packages/airflow/example_dags/example_setup_teardown.py took 0.238 seconds
[2025-08-08T20:24:26.160+0530] {processor.py:161} INFO - Started process (PID=78170) to work on /Users/piyush.dixit/Desktop/airflow-env/lib/python3.9/site-packages/airflow/example_dags/example_setup_teardown.py
[2025-08-08T20:24:26.164+0530] {processor.py:830} INFO - Processing file /Users/piyush.dixit/Desktop/airflow-env/lib/python3.9/site-packages/airflow/example_dags/example_setup_teardown.py for tasks to queue
[2025-08-08T20:24:26.165+0530] {logging_mixin.py:188} INFO - [2025-08-08T20:24:26.164+0530] {dagbag.py:545} INFO - Filling up the DagBag from /Users/piyush.dixit/Desktop/airflow-env/lib/python3.9/site-packages/airflow/example_dags/example_setup_teardown.py
[2025-08-08T20:24:26.175+0530] {processor.py:840} INFO - DAG(s) 'example_setup_teardown' retrieved from /Users/piyush.dixit/Desktop/airflow-env/lib/python3.9/site-packages/airflow/example_dags/example_setup_teardown.py
[2025-08-08T20:24:26.438+0530] {logging_mixin.py:188} INFO - [2025-08-08T20:24:26.437+0530] {dag.py:3096} INFO - Sync 1 DAGs
[2025-08-08T20:24:26.458+0530] {logging_mixin.py:188} INFO - [2025-08-08T20:24:26.457+0530] {dag.py:3954} INFO - Setting next_dagrun for example_setup_teardown to 2025-08-07 00:00:00+00:00, run_after=2025-08-08 00:00:00+00:00
[2025-08-08T20:24:26.480+0530] {processor.py:183} INFO - Processing /Users/piyush.dixit/Desktop/airflow-env/lib/python3.9/site-packages/airflow/example_dags/example_setup_teardown.py took 0.325 seconds
