[2025-08-08T19:35:32.799+0530] {processor.py:161} INFO - Started process (PID=76908) to work on /Users/piyush.dixit/Desktop/airflow-env/lib/python3.9/site-packages/airflow/example_dags/example_params_ui_tutorial.py
[2025-08-08T19:35:32.802+0530] {processor.py:830} INFO - Processing file /Users/piyush.dixit/Desktop/airflow-env/lib/python3.9/site-packages/airflow/example_dags/example_params_ui_tutorial.py for tasks to queue
[2025-08-08T19:35:32.803+0530] {logging_mixin.py:188} INFO - [2025-08-08T19:35:32.803+0530] {dagbag.py:545} INFO - Filling up the DagBag from /Users/piyush.dixit/Desktop/airflow-env/lib/python3.9/site-packages/airflow/example_dags/example_params_ui_tutorial.py
[2025-08-08T19:35:32.854+0530] {processor.py:840} INFO - DAG(s) 'example_params_ui_tutorial' retrieved from /Users/piyush.dixit/Desktop/airflow-env/lib/python3.9/site-packages/airflow/example_dags/example_params_ui_tutorial.py
[2025-08-08T19:35:33.125+0530] {logging_mixin.py:188} INFO - [2025-08-08T19:35:33.125+0530] {dag.py:3096} INFO - Sync 1 DAGs
[2025-08-08T19:35:33.133+0530] {logging_mixin.py:188} INFO - [2025-08-08T19:35:33.133+0530] {dag.py:3954} INFO - Setting next_dagrun for example_params_ui_tutorial to None, run_after=None
[2025-08-08T19:35:33.151+0530] {processor.py:183} INFO - Processing /Users/piyush.dixit/Desktop/airflow-env/lib/python3.9/site-packages/airflow/example_dags/example_params_ui_tutorial.py took 0.355 seconds
[2025-08-08T19:37:52.574+0530] {processor.py:161} INFO - Started process (PID=77000) to work on /Users/piyush.dixit/Desktop/airflow-env/lib/python3.9/site-packages/airflow/example_dags/example_params_ui_tutorial.py
[2025-08-08T19:37:52.577+0530] {processor.py:830} INFO - Processing file /Users/piyush.dixit/Desktop/airflow-env/lib/python3.9/site-packages/airflow/example_dags/example_params_ui_tutorial.py for tasks to queue
[2025-08-08T19:37:52.578+0530] {logging_mixin.py:188} INFO - [2025-08-08T19:37:52.577+0530] {dagbag.py:545} INFO - Filling up the DagBag from /Users/piyush.dixit/Desktop/airflow-env/lib/python3.9/site-packages/airflow/example_dags/example_params_ui_tutorial.py
[2025-08-08T19:37:52.626+0530] {processor.py:840} INFO - DAG(s) 'example_params_ui_tutorial' retrieved from /Users/piyush.dixit/Desktop/airflow-env/lib/python3.9/site-packages/airflow/example_dags/example_params_ui_tutorial.py
[2025-08-08T19:37:52.791+0530] {logging_mixin.py:188} INFO - [2025-08-08T19:37:52.791+0530] {dag.py:3096} INFO - Sync 1 DAGs
[2025-08-08T19:37:52.801+0530] {logging_mixin.py:188} INFO - [2025-08-08T19:37:52.801+0530] {dag.py:3954} INFO - Setting next_dagrun for example_params_ui_tutorial to None, run_after=None
[2025-08-08T19:37:52.821+0530] {processor.py:183} INFO - Processing /Users/piyush.dixit/Desktop/airflow-env/lib/python3.9/site-packages/airflow/example_dags/example_params_ui_tutorial.py took 0.250 seconds
[2025-08-08T19:41:18.847+0530] {processor.py:161} INFO - Started process (PID=77132) to work on /Users/piyush.dixit/Desktop/airflow-env/lib/python3.9/site-packages/airflow/example_dags/example_params_ui_tutorial.py
[2025-08-08T19:41:18.850+0530] {processor.py:830} INFO - Processing file /Users/piyush.dixit/Desktop/airflow-env/lib/python3.9/site-packages/airflow/example_dags/example_params_ui_tutorial.py for tasks to queue
[2025-08-08T19:41:18.851+0530] {logging_mixin.py:188} INFO - [2025-08-08T19:41:18.851+0530] {dagbag.py:545} INFO - Filling up the DagBag from /Users/piyush.dixit/Desktop/airflow-env/lib/python3.9/site-packages/airflow/example_dags/example_params_ui_tutorial.py
[2025-08-08T19:41:18.900+0530] {processor.py:840} INFO - DAG(s) 'example_params_ui_tutorial' retrieved from /Users/piyush.dixit/Desktop/airflow-env/lib/python3.9/site-packages/airflow/example_dags/example_params_ui_tutorial.py
[2025-08-08T19:41:19.063+0530] {logging_mixin.py:188} INFO - [2025-08-08T19:41:19.063+0530] {dag.py:3096} INFO - Sync 1 DAGs
[2025-08-08T19:41:19.073+0530] {logging_mixin.py:188} INFO - [2025-08-08T19:41:19.073+0530] {dag.py:3954} INFO - Setting next_dagrun for example_params_ui_tutorial to None, run_after=None
[2025-08-08T19:41:19.092+0530] {processor.py:183} INFO - Processing /Users/piyush.dixit/Desktop/airflow-env/lib/python3.9/site-packages/airflow/example_dags/example_params_ui_tutorial.py took 0.248 seconds
[2025-08-08T19:44:49.492+0530] {processor.py:161} INFO - Started process (PID=77346) to work on /Users/piyush.dixit/Desktop/airflow-env/lib/python3.9/site-packages/airflow/example_dags/example_params_ui_tutorial.py
[2025-08-08T19:44:49.495+0530] {processor.py:830} INFO - Processing file /Users/piyush.dixit/Desktop/airflow-env/lib/python3.9/site-packages/airflow/example_dags/example_params_ui_tutorial.py for tasks to queue
[2025-08-08T19:44:49.496+0530] {logging_mixin.py:188} INFO - [2025-08-08T19:44:49.496+0530] {dagbag.py:545} INFO - Filling up the DagBag from /Users/piyush.dixit/Desktop/airflow-env/lib/python3.9/site-packages/airflow/example_dags/example_params_ui_tutorial.py
[2025-08-08T19:44:49.540+0530] {processor.py:840} INFO - DAG(s) 'example_params_ui_tutorial' retrieved from /Users/piyush.dixit/Desktop/airflow-env/lib/python3.9/site-packages/airflow/example_dags/example_params_ui_tutorial.py
[2025-08-08T19:44:49.690+0530] {logging_mixin.py:188} INFO - [2025-08-08T19:44:49.690+0530] {dag.py:3096} INFO - Sync 1 DAGs
[2025-08-08T19:44:49.700+0530] {logging_mixin.py:188} INFO - [2025-08-08T19:44:49.699+0530] {dag.py:3954} INFO - Setting next_dagrun for example_params_ui_tutorial to None, run_after=None
[2025-08-08T19:44:49.718+0530] {processor.py:183} INFO - Processing /Users/piyush.dixit/Desktop/airflow-env/lib/python3.9/site-packages/airflow/example_dags/example_params_ui_tutorial.py took 0.229 seconds
[2025-08-08T20:15:29.144+0530] {processor.py:161} INFO - Started process (PID=77528) to work on /Users/piyush.dixit/Desktop/airflow-env/lib/python3.9/site-packages/airflow/example_dags/example_params_ui_tutorial.py
[2025-08-08T20:15:29.150+0530] {processor.py:830} INFO - Processing file /Users/piyush.dixit/Desktop/airflow-env/lib/python3.9/site-packages/airflow/example_dags/example_params_ui_tutorial.py for tasks to queue
[2025-08-08T20:15:29.151+0530] {logging_mixin.py:188} INFO - [2025-08-08T20:15:29.150+0530] {dagbag.py:545} INFO - Filling up the DagBag from /Users/piyush.dixit/Desktop/airflow-env/lib/python3.9/site-packages/airflow/example_dags/example_params_ui_tutorial.py
[2025-08-08T20:15:29.206+0530] {processor.py:840} INFO - DAG(s) 'example_params_ui_tutorial' retrieved from /Users/piyush.dixit/Desktop/airflow-env/lib/python3.9/site-packages/airflow/example_dags/example_params_ui_tutorial.py
[2025-08-08T20:15:29.389+0530] {logging_mixin.py:188} INFO - [2025-08-08T20:15:29.389+0530] {dag.py:3096} INFO - Sync 1 DAGs
[2025-08-08T20:15:29.399+0530] {logging_mixin.py:188} INFO - [2025-08-08T20:15:29.399+0530] {dag.py:3954} INFO - Setting next_dagrun for example_params_ui_tutorial to None, run_after=None
[2025-08-08T20:15:29.419+0530] {processor.py:183} INFO - Processing /Users/piyush.dixit/Desktop/airflow-env/lib/python3.9/site-packages/airflow/example_dags/example_params_ui_tutorial.py took 0.278 seconds
[2025-08-08T20:24:45.316+0530] {processor.py:161} INFO - Started process (PID=78190) to work on /Users/piyush.dixit/Desktop/airflow-env/lib/python3.9/site-packages/airflow/example_dags/example_params_ui_tutorial.py
[2025-08-08T20:24:45.320+0530] {processor.py:830} INFO - Processing file /Users/piyush.dixit/Desktop/airflow-env/lib/python3.9/site-packages/airflow/example_dags/example_params_ui_tutorial.py for tasks to queue
[2025-08-08T20:24:45.321+0530] {logging_mixin.py:188} INFO - [2025-08-08T20:24:45.321+0530] {dagbag.py:545} INFO - Filling up the DagBag from /Users/piyush.dixit/Desktop/airflow-env/lib/python3.9/site-packages/airflow/example_dags/example_params_ui_tutorial.py
[2025-08-08T20:24:45.375+0530] {processor.py:840} INFO - DAG(s) 'example_params_ui_tutorial' retrieved from /Users/piyush.dixit/Desktop/airflow-env/lib/python3.9/site-packages/airflow/example_dags/example_params_ui_tutorial.py
[2025-08-08T20:24:45.664+0530] {logging_mixin.py:188} INFO - [2025-08-08T20:24:45.664+0530] {dag.py:3096} INFO - Sync 1 DAGs
[2025-08-08T20:24:45.674+0530] {logging_mixin.py:188} INFO - [2025-08-08T20:24:45.673+0530] {dag.py:3954} INFO - Setting next_dagrun for example_params_ui_tutorial to None, run_after=None
[2025-08-08T20:24:45.692+0530] {processor.py:183} INFO - Processing /Users/piyush.dixit/Desktop/airflow-env/lib/python3.9/site-packages/airflow/example_dags/example_params_ui_tutorial.py took 0.380 seconds
