[2025-08-08T19:35:35.729+0530] {processor.py:161} INFO - Started process (PID=76909) to work on /Users/piyush.dixit/Desktop/airflow-env/lib/python3.9/site-packages/airflow/example_dags/example_params_trigger_ui.py
[2025-08-08T19:35:35.732+0530] {processor.py:830} INFO - Processing file /Users/piyush.dixit/Desktop/airflow-env/lib/python3.9/site-packages/airflow/example_dags/example_params_trigger_ui.py for tasks to queue
[2025-08-08T19:35:35.733+0530] {logging_mixin.py:188} INFO - [2025-08-08T19:35:35.732+0530] {dagbag.py:545} INFO - Filling up the DagBag from /Users/piyush.dixit/Desktop/airflow-env/lib/python3.9/site-packages/airflow/example_dags/example_params_trigger_ui.py
[2025-08-08T19:35:35.785+0530] {processor.py:840} INFO - DAG(s) 'example_params_trigger_ui' retrieved from /Users/piyush.dixit/Desktop/airflow-env/lib/python3.9/site-packages/airflow/example_dags/example_params_trigger_ui.py
[2025-08-08T19:35:36.051+0530] {logging_mixin.py:188} INFO - [2025-08-08T19:35:36.051+0530] {dag.py:3096} INFO - Sync 1 DAGs
[2025-08-08T19:35:36.059+0530] {logging_mixin.py:188} INFO - [2025-08-08T19:35:36.059+0530] {dag.py:3954} INFO - Setting next_dagrun for example_params_trigger_ui to None, run_after=None
[2025-08-08T19:35:36.075+0530] {processor.py:183} INFO - Processing /Users/piyush.dixit/Desktop/airflow-env/lib/python3.9/site-packages/airflow/example_dags/example_params_trigger_ui.py took 0.349 seconds
[2025-08-08T19:37:55.427+0530] {processor.py:161} INFO - Started process (PID=77001) to work on /Users/piyush.dixit/Desktop/airflow-env/lib/python3.9/site-packages/airflow/example_dags/example_params_trigger_ui.py
[2025-08-08T19:37:55.430+0530] {processor.py:830} INFO - Processing file /Users/piyush.dixit/Desktop/airflow-env/lib/python3.9/site-packages/airflow/example_dags/example_params_trigger_ui.py for tasks to queue
[2025-08-08T19:37:55.431+0530] {logging_mixin.py:188} INFO - [2025-08-08T19:37:55.431+0530] {dagbag.py:545} INFO - Filling up the DagBag from /Users/piyush.dixit/Desktop/airflow-env/lib/python3.9/site-packages/airflow/example_dags/example_params_trigger_ui.py
[2025-08-08T19:37:55.484+0530] {processor.py:840} INFO - DAG(s) 'example_params_trigger_ui' retrieved from /Users/piyush.dixit/Desktop/airflow-env/lib/python3.9/site-packages/airflow/example_dags/example_params_trigger_ui.py
[2025-08-08T19:37:55.661+0530] {logging_mixin.py:188} INFO - [2025-08-08T19:37:55.661+0530] {dag.py:3096} INFO - Sync 1 DAGs
[2025-08-08T19:37:55.671+0530] {logging_mixin.py:188} INFO - [2025-08-08T19:37:55.671+0530] {dag.py:3954} INFO - Setting next_dagrun for example_params_trigger_ui to None, run_after=None
[2025-08-08T19:37:55.691+0530] {processor.py:183} INFO - Processing /Users/piyush.dixit/Desktop/airflow-env/lib/python3.9/site-packages/airflow/example_dags/example_params_trigger_ui.py took 0.268 seconds
[2025-08-08T19:41:21.599+0530] {processor.py:161} INFO - Started process (PID=77133) to work on /Users/piyush.dixit/Desktop/airflow-env/lib/python3.9/site-packages/airflow/example_dags/example_params_trigger_ui.py
[2025-08-08T19:41:21.603+0530] {processor.py:830} INFO - Processing file /Users/piyush.dixit/Desktop/airflow-env/lib/python3.9/site-packages/airflow/example_dags/example_params_trigger_ui.py for tasks to queue
[2025-08-08T19:41:21.603+0530] {logging_mixin.py:188} INFO - [2025-08-08T19:41:21.603+0530] {dagbag.py:545} INFO - Filling up the DagBag from /Users/piyush.dixit/Desktop/airflow-env/lib/python3.9/site-packages/airflow/example_dags/example_params_trigger_ui.py
[2025-08-08T19:41:21.656+0530] {processor.py:840} INFO - DAG(s) 'example_params_trigger_ui' retrieved from /Users/piyush.dixit/Desktop/airflow-env/lib/python3.9/site-packages/airflow/example_dags/example_params_trigger_ui.py
[2025-08-08T19:41:21.813+0530] {logging_mixin.py:188} INFO - [2025-08-08T19:41:21.813+0530] {dag.py:3096} INFO - Sync 1 DAGs
[2025-08-08T19:41:21.824+0530] {logging_mixin.py:188} INFO - [2025-08-08T19:41:21.824+0530] {dag.py:3954} INFO - Setting next_dagrun for example_params_trigger_ui to None, run_after=None
[2025-08-08T19:41:21.842+0530] {processor.py:183} INFO - Processing /Users/piyush.dixit/Desktop/airflow-env/lib/python3.9/site-packages/airflow/example_dags/example_params_trigger_ui.py took 0.247 seconds
[2025-08-08T19:44:52.292+0530] {processor.py:161} INFO - Started process (PID=77347) to work on /Users/piyush.dixit/Desktop/airflow-env/lib/python3.9/site-packages/airflow/example_dags/example_params_trigger_ui.py
[2025-08-08T19:44:52.296+0530] {processor.py:830} INFO - Processing file /Users/piyush.dixit/Desktop/airflow-env/lib/python3.9/site-packages/airflow/example_dags/example_params_trigger_ui.py for tasks to queue
[2025-08-08T19:44:52.297+0530] {logging_mixin.py:188} INFO - [2025-08-08T19:44:52.297+0530] {dagbag.py:545} INFO - Filling up the DagBag from /Users/piyush.dixit/Desktop/airflow-env/lib/python3.9/site-packages/airflow/example_dags/example_params_trigger_ui.py
[2025-08-08T19:44:52.354+0530] {processor.py:840} INFO - DAG(s) 'example_params_trigger_ui' retrieved from /Users/piyush.dixit/Desktop/airflow-env/lib/python3.9/site-packages/airflow/example_dags/example_params_trigger_ui.py
[2025-08-08T19:44:52.520+0530] {logging_mixin.py:188} INFO - [2025-08-08T19:44:52.519+0530] {dag.py:3096} INFO - Sync 1 DAGs
[2025-08-08T19:44:52.530+0530] {logging_mixin.py:188} INFO - [2025-08-08T19:44:52.530+0530] {dag.py:3954} INFO - Setting next_dagrun for example_params_trigger_ui to None, run_after=None
[2025-08-08T19:44:52.548+0530] {processor.py:183} INFO - Processing /Users/piyush.dixit/Desktop/airflow-env/lib/python3.9/site-packages/airflow/example_dags/example_params_trigger_ui.py took 0.260 seconds
[2025-08-08T20:15:31.622+0530] {processor.py:161} INFO - Started process (PID=77529) to work on /Users/piyush.dixit/Desktop/airflow-env/lib/python3.9/site-packages/airflow/example_dags/example_params_trigger_ui.py
[2025-08-08T20:15:31.626+0530] {processor.py:830} INFO - Processing file /Users/piyush.dixit/Desktop/airflow-env/lib/python3.9/site-packages/airflow/example_dags/example_params_trigger_ui.py for tasks to queue
[2025-08-08T20:15:31.627+0530] {logging_mixin.py:188} INFO - [2025-08-08T20:15:31.626+0530] {dagbag.py:545} INFO - Filling up the DagBag from /Users/piyush.dixit/Desktop/airflow-env/lib/python3.9/site-packages/airflow/example_dags/example_params_trigger_ui.py
[2025-08-08T20:15:31.680+0530] {processor.py:840} INFO - DAG(s) 'example_params_trigger_ui' retrieved from /Users/piyush.dixit/Desktop/airflow-env/lib/python3.9/site-packages/airflow/example_dags/example_params_trigger_ui.py
[2025-08-08T20:15:31.856+0530] {logging_mixin.py:188} INFO - [2025-08-08T20:15:31.856+0530] {dag.py:3096} INFO - Sync 1 DAGs
[2025-08-08T20:15:31.867+0530] {logging_mixin.py:188} INFO - [2025-08-08T20:15:31.866+0530] {dag.py:3954} INFO - Setting next_dagrun for example_params_trigger_ui to None, run_after=None
[2025-08-08T20:15:31.887+0530] {processor.py:183} INFO - Processing /Users/piyush.dixit/Desktop/airflow-env/lib/python3.9/site-packages/airflow/example_dags/example_params_trigger_ui.py took 0.269 seconds
[2025-08-08T20:24:48.510+0530] {processor.py:161} INFO - Started process (PID=78191) to work on /Users/piyush.dixit/Desktop/airflow-env/lib/python3.9/site-packages/airflow/example_dags/example_params_trigger_ui.py
[2025-08-08T20:24:48.514+0530] {processor.py:830} INFO - Processing file /Users/piyush.dixit/Desktop/airflow-env/lib/python3.9/site-packages/airflow/example_dags/example_params_trigger_ui.py for tasks to queue
[2025-08-08T20:24:48.514+0530] {logging_mixin.py:188} INFO - [2025-08-08T20:24:48.514+0530] {dagbag.py:545} INFO - Filling up the DagBag from /Users/piyush.dixit/Desktop/airflow-env/lib/python3.9/site-packages/airflow/example_dags/example_params_trigger_ui.py
[2025-08-08T20:24:48.566+0530] {processor.py:840} INFO - DAG(s) 'example_params_trigger_ui' retrieved from /Users/piyush.dixit/Desktop/airflow-env/lib/python3.9/site-packages/airflow/example_dags/example_params_trigger_ui.py
[2025-08-08T20:24:48.834+0530] {logging_mixin.py:188} INFO - [2025-08-08T20:24:48.834+0530] {dag.py:3096} INFO - Sync 1 DAGs
[2025-08-08T20:24:48.843+0530] {logging_mixin.py:188} INFO - [2025-08-08T20:24:48.843+0530] {dag.py:3954} INFO - Setting next_dagrun for example_params_trigger_ui to None, run_after=None
[2025-08-08T20:24:48.861+0530] {processor.py:183} INFO - Processing /Users/piyush.dixit/Desktop/airflow-env/lib/python3.9/site-packages/airflow/example_dags/example_params_trigger_ui.py took 0.355 seconds
