[2025-08-08T19:34:43.172+0530] {processor.py:161} INFO - Started process (PID=76890) to work on /Users/piyush.dixit/Desktop/airflow-env/lib/python3.9/site-packages/airflow/example_dags/example_trigger_target_dag.py
[2025-08-08T19:34:43.175+0530] {processor.py:830} INFO - Processing file /Users/piyush.dixit/Desktop/airflow-env/lib/python3.9/site-packages/airflow/example_dags/example_trigger_target_dag.py for tasks to queue
[2025-08-08T19:34:43.176+0530] {logging_mixin.py:188} INFO - [2025-08-08T19:34:43.176+0530] {dagbag.py:545} INFO - Filling up the DagBag from /Users/piyush.dixit/Desktop/airflow-env/lib/python3.9/site-packages/airflow/example_dags/example_trigger_target_dag.py
[2025-08-08T19:34:43.222+0530] {processor.py:840} INFO - DAG(s) 'example_trigger_target_dag' retrieved from /Users/piyush.dixit/Desktop/airflow-env/lib/python3.9/site-packages/airflow/example_dags/example_trigger_target_dag.py
[2025-08-08T19:34:43.461+0530] {logging_mixin.py:188} INFO - [2025-08-08T19:34:43.460+0530] {dag.py:3096} INFO - Sync 1 DAGs
[2025-08-08T19:34:43.470+0530] {logging_mixin.py:188} INFO - [2025-08-08T19:34:43.470+0530] {dag.py:3954} INFO - Setting next_dagrun for example_trigger_target_dag to None, run_after=None
[2025-08-08T19:34:43.488+0530] {processor.py:183} INFO - Processing /Users/piyush.dixit/Desktop/airflow-env/lib/python3.9/site-packages/airflow/example_dags/example_trigger_target_dag.py took 0.319 seconds
[2025-08-08T19:37:05.784+0530] {processor.py:161} INFO - Started process (PID=76973) to work on /Users/piyush.dixit/Desktop/airflow-env/lib/python3.9/site-packages/airflow/example_dags/example_trigger_target_dag.py
[2025-08-08T19:37:05.787+0530] {processor.py:830} INFO - Processing file /Users/piyush.dixit/Desktop/airflow-env/lib/python3.9/site-packages/airflow/example_dags/example_trigger_target_dag.py for tasks to queue
[2025-08-08T19:37:05.788+0530] {logging_mixin.py:188} INFO - [2025-08-08T19:37:05.788+0530] {dagbag.py:545} INFO - Filling up the DagBag from /Users/piyush.dixit/Desktop/airflow-env/lib/python3.9/site-packages/airflow/example_dags/example_trigger_target_dag.py
[2025-08-08T19:37:05.833+0530] {processor.py:840} INFO - DAG(s) 'example_trigger_target_dag' retrieved from /Users/piyush.dixit/Desktop/airflow-env/lib/python3.9/site-packages/airflow/example_dags/example_trigger_target_dag.py
[2025-08-08T19:37:05.972+0530] {logging_mixin.py:188} INFO - [2025-08-08T19:37:05.972+0530] {dag.py:3096} INFO - Sync 1 DAGs
[2025-08-08T19:37:05.983+0530] {logging_mixin.py:188} INFO - [2025-08-08T19:37:05.983+0530] {dag.py:3954} INFO - Setting next_dagrun for example_trigger_target_dag to None, run_after=None
[2025-08-08T19:37:06.002+0530] {processor.py:183} INFO - Processing /Users/piyush.dixit/Desktop/airflow-env/lib/python3.9/site-packages/airflow/example_dags/example_trigger_target_dag.py took 0.222 seconds
[2025-08-08T19:38:48.241+0530] {processor.py:161} INFO - Started process (PID=77031) to work on /Users/piyush.dixit/Desktop/airflow-env/lib/python3.9/site-packages/airflow/example_dags/example_trigger_target_dag.py
[2025-08-08T19:38:48.244+0530] {processor.py:830} INFO - Processing file /Users/piyush.dixit/Desktop/airflow-env/lib/python3.9/site-packages/airflow/example_dags/example_trigger_target_dag.py for tasks to queue
[2025-08-08T19:38:48.245+0530] {logging_mixin.py:188} INFO - [2025-08-08T19:38:48.245+0530] {dagbag.py:545} INFO - Filling up the DagBag from /Users/piyush.dixit/Desktop/airflow-env/lib/python3.9/site-packages/airflow/example_dags/example_trigger_target_dag.py
[2025-08-08T19:38:48.293+0530] {processor.py:840} INFO - DAG(s) 'example_trigger_target_dag' retrieved from /Users/piyush.dixit/Desktop/airflow-env/lib/python3.9/site-packages/airflow/example_dags/example_trigger_target_dag.py
[2025-08-08T19:38:48.429+0530] {logging_mixin.py:188} INFO - [2025-08-08T19:38:48.428+0530] {dag.py:3096} INFO - Sync 1 DAGs
[2025-08-08T19:38:48.440+0530] {logging_mixin.py:188} INFO - [2025-08-08T19:38:48.440+0530] {dag.py:3954} INFO - Setting next_dagrun for example_trigger_target_dag to None, run_after=None
[2025-08-08T19:38:48.460+0530] {processor.py:183} INFO - Processing /Users/piyush.dixit/Desktop/airflow-env/lib/python3.9/site-packages/airflow/example_dags/example_trigger_target_dag.py took 0.222 seconds
[2025-08-08T19:40:33.234+0530] {processor.py:161} INFO - Started process (PID=77107) to work on /Users/piyush.dixit/Desktop/airflow-env/lib/python3.9/site-packages/airflow/example_dags/example_trigger_target_dag.py
[2025-08-08T19:40:33.238+0530] {processor.py:830} INFO - Processing file /Users/piyush.dixit/Desktop/airflow-env/lib/python3.9/site-packages/airflow/example_dags/example_trigger_target_dag.py for tasks to queue
[2025-08-08T19:40:33.238+0530] {logging_mixin.py:188} INFO - [2025-08-08T19:40:33.238+0530] {dagbag.py:545} INFO - Filling up the DagBag from /Users/piyush.dixit/Desktop/airflow-env/lib/python3.9/site-packages/airflow/example_dags/example_trigger_target_dag.py
[2025-08-08T19:40:33.284+0530] {processor.py:840} INFO - DAG(s) 'example_trigger_target_dag' retrieved from /Users/piyush.dixit/Desktop/airflow-env/lib/python3.9/site-packages/airflow/example_dags/example_trigger_target_dag.py
[2025-08-08T19:40:33.412+0530] {logging_mixin.py:188} INFO - [2025-08-08T19:40:33.412+0530] {dag.py:3096} INFO - Sync 1 DAGs
[2025-08-08T19:40:33.422+0530] {logging_mixin.py:188} INFO - [2025-08-08T19:40:33.422+0530] {dag.py:3954} INFO - Setting next_dagrun for example_trigger_target_dag to None, run_after=None
[2025-08-08T19:40:33.442+0530] {processor.py:183} INFO - Processing /Users/piyush.dixit/Desktop/airflow-env/lib/python3.9/site-packages/airflow/example_dags/example_trigger_target_dag.py took 0.211 seconds
[2025-08-08T19:42:18.276+0530] {processor.py:161} INFO - Started process (PID=77174) to work on /Users/piyush.dixit/Desktop/airflow-env/lib/python3.9/site-packages/airflow/example_dags/example_trigger_target_dag.py
[2025-08-08T19:42:18.279+0530] {processor.py:830} INFO - Processing file /Users/piyush.dixit/Desktop/airflow-env/lib/python3.9/site-packages/airflow/example_dags/example_trigger_target_dag.py for tasks to queue
[2025-08-08T19:42:18.279+0530] {logging_mixin.py:188} INFO - [2025-08-08T19:42:18.279+0530] {dagbag.py:545} INFO - Filling up the DagBag from /Users/piyush.dixit/Desktop/airflow-env/lib/python3.9/site-packages/airflow/example_dags/example_trigger_target_dag.py
[2025-08-08T19:42:18.324+0530] {processor.py:840} INFO - DAG(s) 'example_trigger_target_dag' retrieved from /Users/piyush.dixit/Desktop/airflow-env/lib/python3.9/site-packages/airflow/example_dags/example_trigger_target_dag.py
[2025-08-08T19:42:18.453+0530] {logging_mixin.py:188} INFO - [2025-08-08T19:42:18.453+0530] {dag.py:3096} INFO - Sync 1 DAGs
[2025-08-08T19:42:18.463+0530] {logging_mixin.py:188} INFO - [2025-08-08T19:42:18.463+0530] {dag.py:3954} INFO - Setting next_dagrun for example_trigger_target_dag to None, run_after=None
[2025-08-08T19:42:18.482+0530] {processor.py:183} INFO - Processing /Users/piyush.dixit/Desktop/airflow-env/lib/python3.9/site-packages/airflow/example_dags/example_trigger_target_dag.py took 0.209 seconds
[2025-08-08T19:44:05.212+0530] {processor.py:161} INFO - Started process (PID=77301) to work on /Users/piyush.dixit/Desktop/airflow-env/lib/python3.9/site-packages/airflow/example_dags/example_trigger_target_dag.py
[2025-08-08T19:44:05.214+0530] {processor.py:830} INFO - Processing file /Users/piyush.dixit/Desktop/airflow-env/lib/python3.9/site-packages/airflow/example_dags/example_trigger_target_dag.py for tasks to queue
[2025-08-08T19:44:05.215+0530] {logging_mixin.py:188} INFO - [2025-08-08T19:44:05.215+0530] {dagbag.py:545} INFO - Filling up the DagBag from /Users/piyush.dixit/Desktop/airflow-env/lib/python3.9/site-packages/airflow/example_dags/example_trigger_target_dag.py
[2025-08-08T19:44:05.260+0530] {processor.py:840} INFO - DAG(s) 'example_trigger_target_dag' retrieved from /Users/piyush.dixit/Desktop/airflow-env/lib/python3.9/site-packages/airflow/example_dags/example_trigger_target_dag.py
[2025-08-08T19:44:05.388+0530] {logging_mixin.py:188} INFO - [2025-08-08T19:44:05.388+0530] {dag.py:3096} INFO - Sync 1 DAGs
[2025-08-08T19:44:05.399+0530] {logging_mixin.py:188} INFO - [2025-08-08T19:44:05.398+0530] {dag.py:3954} INFO - Setting next_dagrun for example_trigger_target_dag to None, run_after=None
[2025-08-08T19:44:05.417+0530] {processor.py:183} INFO - Processing /Users/piyush.dixit/Desktop/airflow-env/lib/python3.9/site-packages/airflow/example_dags/example_trigger_target_dag.py took 0.209 seconds
[2025-08-08T20:14:38.884+0530] {processor.py:161} INFO - Started process (PID=77503) to work on /Users/piyush.dixit/Desktop/airflow-env/lib/python3.9/site-packages/airflow/example_dags/example_trigger_target_dag.py
[2025-08-08T20:14:38.888+0530] {processor.py:830} INFO - Processing file /Users/piyush.dixit/Desktop/airflow-env/lib/python3.9/site-packages/airflow/example_dags/example_trigger_target_dag.py for tasks to queue
[2025-08-08T20:14:38.889+0530] {logging_mixin.py:188} INFO - [2025-08-08T20:14:38.889+0530] {dagbag.py:545} INFO - Filling up the DagBag from /Users/piyush.dixit/Desktop/airflow-env/lib/python3.9/site-packages/airflow/example_dags/example_trigger_target_dag.py
[2025-08-08T20:14:38.934+0530] {processor.py:840} INFO - DAG(s) 'example_trigger_target_dag' retrieved from /Users/piyush.dixit/Desktop/airflow-env/lib/python3.9/site-packages/airflow/example_dags/example_trigger_target_dag.py
[2025-08-08T20:14:39.063+0530] {logging_mixin.py:188} INFO - [2025-08-08T20:14:39.063+0530] {dag.py:3096} INFO - Sync 1 DAGs
[2025-08-08T20:14:39.074+0530] {logging_mixin.py:188} INFO - [2025-08-08T20:14:39.074+0530] {dag.py:3954} INFO - Setting next_dagrun for example_trigger_target_dag to None, run_after=None
[2025-08-08T20:14:39.093+0530] {processor.py:183} INFO - Processing /Users/piyush.dixit/Desktop/airflow-env/lib/python3.9/site-packages/airflow/example_dags/example_trigger_target_dag.py took 0.212 seconds
[2025-08-08T20:16:54.158+0530] {processor.py:161} INFO - Started process (PID=77588) to work on /Users/piyush.dixit/Desktop/airflow-env/lib/python3.9/site-packages/airflow/example_dags/example_trigger_target_dag.py
[2025-08-08T20:16:54.166+0530] {processor.py:830} INFO - Processing file /Users/piyush.dixit/Desktop/airflow-env/lib/python3.9/site-packages/airflow/example_dags/example_trigger_target_dag.py for tasks to queue
[2025-08-08T20:16:54.167+0530] {logging_mixin.py:188} INFO - [2025-08-08T20:16:54.167+0530] {dagbag.py:545} INFO - Filling up the DagBag from /Users/piyush.dixit/Desktop/airflow-env/lib/python3.9/site-packages/airflow/example_dags/example_trigger_target_dag.py
[2025-08-08T20:16:54.226+0530] {processor.py:840} INFO - DAG(s) 'example_trigger_target_dag' retrieved from /Users/piyush.dixit/Desktop/airflow-env/lib/python3.9/site-packages/airflow/example_dags/example_trigger_target_dag.py
[2025-08-08T20:16:54.379+0530] {logging_mixin.py:188} INFO - [2025-08-08T20:16:54.378+0530] {dag.py:3096} INFO - Sync 1 DAGs
[2025-08-08T20:16:54.390+0530] {logging_mixin.py:188} INFO - [2025-08-08T20:16:54.390+0530] {dag.py:3954} INFO - Setting next_dagrun for example_trigger_target_dag to None, run_after=None
[2025-08-08T20:16:54.410+0530] {processor.py:183} INFO - Processing /Users/piyush.dixit/Desktop/airflow-env/lib/python3.9/site-packages/airflow/example_dags/example_trigger_target_dag.py took 0.258 seconds
[2025-08-08T20:23:52.009+0530] {processor.py:161} INFO - Started process (PID=77769) to work on /Users/piyush.dixit/Desktop/airflow-env/lib/python3.9/site-packages/airflow/example_dags/example_trigger_target_dag.py
[2025-08-08T20:23:52.013+0530] {processor.py:830} INFO - Processing file /Users/piyush.dixit/Desktop/airflow-env/lib/python3.9/site-packages/airflow/example_dags/example_trigger_target_dag.py for tasks to queue
[2025-08-08T20:23:52.014+0530] {logging_mixin.py:188} INFO - [2025-08-08T20:23:52.014+0530] {dagbag.py:545} INFO - Filling up the DagBag from /Users/piyush.dixit/Desktop/airflow-env/lib/python3.9/site-packages/airflow/example_dags/example_trigger_target_dag.py
[2025-08-08T20:23:52.063+0530] {processor.py:840} INFO - DAG(s) 'example_trigger_target_dag' retrieved from /Users/piyush.dixit/Desktop/airflow-env/lib/python3.9/site-packages/airflow/example_dags/example_trigger_target_dag.py
[2025-08-08T20:23:52.319+0530] {logging_mixin.py:188} INFO - [2025-08-08T20:23:52.319+0530] {dag.py:3096} INFO - Sync 1 DAGs
[2025-08-08T20:23:52.329+0530] {logging_mixin.py:188} INFO - [2025-08-08T20:23:52.328+0530] {dag.py:3954} INFO - Setting next_dagrun for example_trigger_target_dag to None, run_after=None
[2025-08-08T20:23:52.346+0530] {processor.py:183} INFO - Processing /Users/piyush.dixit/Desktop/airflow-env/lib/python3.9/site-packages/airflow/example_dags/example_trigger_target_dag.py took 0.341 seconds
