[2025-08-08T19:35:26.903+0530] {processor.py:161} INFO - Started process (PID=76906) to work on /Users/piyush.dixit/Desktop/airflow-env/lib/python3.9/site-packages/airflow/example_dags/example_python_decorator.py
[2025-08-08T19:35:26.906+0530] {processor.py:830} INFO - Processing file /Users/piyush.dixit/Desktop/airflow-env/lib/python3.9/site-packages/airflow/example_dags/example_python_decorator.py for tasks to queue
[2025-08-08T19:35:26.907+0530] {logging_mixin.py:188} INFO - [2025-08-08T19:35:26.907+0530] {dagbag.py:545} INFO - Filling up the DagBag from /Users/piyush.dixit/Desktop/airflow-env/lib/python3.9/site-packages/airflow/example_dags/example_python_decorator.py
[2025-08-08T19:35:26.954+0530] {logging_mixin.py:188} INFO - [2025-08-08T19:35:26.954+0530] {example_python_decorator.py:80} WARNING - The virtalenv_python example task requires virtualenv, please install it.
[2025-08-08T19:35:26.958+0530] {processor.py:840} INFO - DAG(s) 'example_python_decorator' retrieved from /Users/piyush.dixit/Desktop/airflow-env/lib/python3.9/site-packages/airflow/example_dags/example_python_decorator.py
[2025-08-08T19:35:27.197+0530] {logging_mixin.py:188} INFO - [2025-08-08T19:35:27.197+0530] {dag.py:3096} INFO - Sync 1 DAGs
[2025-08-08T19:35:27.207+0530] {logging_mixin.py:188} INFO - [2025-08-08T19:35:27.206+0530] {dag.py:3954} INFO - Setting next_dagrun for example_python_decorator to None, run_after=None
[2025-08-08T19:35:27.225+0530] {processor.py:183} INFO - Processing /Users/piyush.dixit/Desktop/airflow-env/lib/python3.9/site-packages/airflow/example_dags/example_python_decorator.py took 0.325 seconds
[2025-08-08T19:37:47.099+0530] {processor.py:161} INFO - Started process (PID=76991) to work on /Users/piyush.dixit/Desktop/airflow-env/lib/python3.9/site-packages/airflow/example_dags/example_python_decorator.py
[2025-08-08T19:37:47.102+0530] {processor.py:830} INFO - Processing file /Users/piyush.dixit/Desktop/airflow-env/lib/python3.9/site-packages/airflow/example_dags/example_python_decorator.py for tasks to queue
[2025-08-08T19:37:47.102+0530] {logging_mixin.py:188} INFO - [2025-08-08T19:37:47.102+0530] {dagbag.py:545} INFO - Filling up the DagBag from /Users/piyush.dixit/Desktop/airflow-env/lib/python3.9/site-packages/airflow/example_dags/example_python_decorator.py
[2025-08-08T19:37:47.147+0530] {logging_mixin.py:188} INFO - [2025-08-08T19:37:47.147+0530] {example_python_decorator.py:80} WARNING - The virtalenv_python example task requires virtualenv, please install it.
[2025-08-08T19:37:47.151+0530] {processor.py:840} INFO - DAG(s) 'example_python_decorator' retrieved from /Users/piyush.dixit/Desktop/airflow-env/lib/python3.9/site-packages/airflow/example_dags/example_python_decorator.py
[2025-08-08T19:37:47.284+0530] {logging_mixin.py:188} INFO - [2025-08-08T19:37:47.284+0530] {dag.py:3096} INFO - Sync 1 DAGs
[2025-08-08T19:37:47.294+0530] {logging_mixin.py:188} INFO - [2025-08-08T19:37:47.294+0530] {dag.py:3954} INFO - Setting next_dagrun for example_python_decorator to None, run_after=None
[2025-08-08T19:37:47.314+0530] {processor.py:183} INFO - Processing /Users/piyush.dixit/Desktop/airflow-env/lib/python3.9/site-packages/airflow/example_dags/example_python_decorator.py took 0.219 seconds
[2025-08-08T19:39:29.883+0530] {processor.py:161} INFO - Started process (PID=77060) to work on /Users/piyush.dixit/Desktop/airflow-env/lib/python3.9/site-packages/airflow/example_dags/example_python_decorator.py
[2025-08-08T19:39:29.887+0530] {processor.py:830} INFO - Processing file /Users/piyush.dixit/Desktop/airflow-env/lib/python3.9/site-packages/airflow/example_dags/example_python_decorator.py for tasks to queue
[2025-08-08T19:39:29.888+0530] {logging_mixin.py:188} INFO - [2025-08-08T19:39:29.887+0530] {dagbag.py:545} INFO - Filling up the DagBag from /Users/piyush.dixit/Desktop/airflow-env/lib/python3.9/site-packages/airflow/example_dags/example_python_decorator.py
[2025-08-08T19:39:29.934+0530] {logging_mixin.py:188} INFO - [2025-08-08T19:39:29.934+0530] {example_python_decorator.py:80} WARNING - The virtalenv_python example task requires virtualenv, please install it.
[2025-08-08T19:39:29.937+0530] {processor.py:840} INFO - DAG(s) 'example_python_decorator' retrieved from /Users/piyush.dixit/Desktop/airflow-env/lib/python3.9/site-packages/airflow/example_dags/example_python_decorator.py
[2025-08-08T19:39:30.069+0530] {logging_mixin.py:188} INFO - [2025-08-08T19:39:30.068+0530] {dag.py:3096} INFO - Sync 1 DAGs
[2025-08-08T19:39:30.079+0530] {logging_mixin.py:188} INFO - [2025-08-08T19:39:30.079+0530] {dag.py:3954} INFO - Setting next_dagrun for example_python_decorator to None, run_after=None
[2025-08-08T19:39:30.097+0530] {processor.py:183} INFO - Processing /Users/piyush.dixit/Desktop/airflow-env/lib/python3.9/site-packages/airflow/example_dags/example_python_decorator.py took 0.218 seconds
[2025-08-08T19:41:13.407+0530] {processor.py:161} INFO - Started process (PID=77130) to work on /Users/piyush.dixit/Desktop/airflow-env/lib/python3.9/site-packages/airflow/example_dags/example_python_decorator.py
[2025-08-08T19:41:13.410+0530] {processor.py:830} INFO - Processing file /Users/piyush.dixit/Desktop/airflow-env/lib/python3.9/site-packages/airflow/example_dags/example_python_decorator.py for tasks to queue
[2025-08-08T19:41:13.411+0530] {logging_mixin.py:188} INFO - [2025-08-08T19:41:13.411+0530] {dagbag.py:545} INFO - Filling up the DagBag from /Users/piyush.dixit/Desktop/airflow-env/lib/python3.9/site-packages/airflow/example_dags/example_python_decorator.py
[2025-08-08T19:41:13.455+0530] {logging_mixin.py:188} INFO - [2025-08-08T19:41:13.455+0530] {example_python_decorator.py:80} WARNING - The virtalenv_python example task requires virtualenv, please install it.
[2025-08-08T19:41:13.458+0530] {processor.py:840} INFO - DAG(s) 'example_python_decorator' retrieved from /Users/piyush.dixit/Desktop/airflow-env/lib/python3.9/site-packages/airflow/example_dags/example_python_decorator.py
[2025-08-08T19:41:13.589+0530] {logging_mixin.py:188} INFO - [2025-08-08T19:41:13.588+0530] {dag.py:3096} INFO - Sync 1 DAGs
[2025-08-08T19:41:13.599+0530] {logging_mixin.py:188} INFO - [2025-08-08T19:41:13.599+0530] {dag.py:3954} INFO - Setting next_dagrun for example_python_decorator to None, run_after=None
[2025-08-08T19:41:13.618+0530] {processor.py:183} INFO - Processing /Users/piyush.dixit/Desktop/airflow-env/lib/python3.9/site-packages/airflow/example_dags/example_python_decorator.py took 0.214 seconds
[2025-08-08T19:42:58.642+0530] {processor.py:161} INFO - Started process (PID=77263) to work on /Users/piyush.dixit/Desktop/airflow-env/lib/python3.9/site-packages/airflow/example_dags/example_python_decorator.py
[2025-08-08T19:42:58.645+0530] {processor.py:830} INFO - Processing file /Users/piyush.dixit/Desktop/airflow-env/lib/python3.9/site-packages/airflow/example_dags/example_python_decorator.py for tasks to queue
[2025-08-08T19:42:58.646+0530] {logging_mixin.py:188} INFO - [2025-08-08T19:42:58.646+0530] {dagbag.py:545} INFO - Filling up the DagBag from /Users/piyush.dixit/Desktop/airflow-env/lib/python3.9/site-packages/airflow/example_dags/example_python_decorator.py
[2025-08-08T19:42:58.691+0530] {logging_mixin.py:188} INFO - [2025-08-08T19:42:58.690+0530] {example_python_decorator.py:80} WARNING - The virtalenv_python example task requires virtualenv, please install it.
[2025-08-08T19:42:58.694+0530] {processor.py:840} INFO - DAG(s) 'example_python_decorator' retrieved from /Users/piyush.dixit/Desktop/airflow-env/lib/python3.9/site-packages/airflow/example_dags/example_python_decorator.py
[2025-08-08T19:42:58.827+0530] {logging_mixin.py:188} INFO - [2025-08-08T19:42:58.827+0530] {dag.py:3096} INFO - Sync 1 DAGs
[2025-08-08T19:42:58.838+0530] {logging_mixin.py:188} INFO - [2025-08-08T19:42:58.838+0530] {dag.py:3954} INFO - Setting next_dagrun for example_python_decorator to None, run_after=None
[2025-08-08T19:42:58.857+0530] {processor.py:183} INFO - Processing /Users/piyush.dixit/Desktop/airflow-env/lib/python3.9/site-packages/airflow/example_dags/example_python_decorator.py took 0.219 seconds
[2025-08-08T19:44:45.076+0530] {processor.py:161} INFO - Started process (PID=77344) to work on /Users/piyush.dixit/Desktop/airflow-env/lib/python3.9/site-packages/airflow/example_dags/example_python_decorator.py
[2025-08-08T19:44:45.079+0530] {processor.py:830} INFO - Processing file /Users/piyush.dixit/Desktop/airflow-env/lib/python3.9/site-packages/airflow/example_dags/example_python_decorator.py for tasks to queue
[2025-08-08T19:44:45.080+0530] {logging_mixin.py:188} INFO - [2025-08-08T19:44:45.080+0530] {dagbag.py:545} INFO - Filling up the DagBag from /Users/piyush.dixit/Desktop/airflow-env/lib/python3.9/site-packages/airflow/example_dags/example_python_decorator.py
[2025-08-08T19:44:45.120+0530] {logging_mixin.py:188} INFO - [2025-08-08T19:44:45.120+0530] {example_python_decorator.py:80} WARNING - The virtalenv_python example task requires virtualenv, please install it.
[2025-08-08T19:44:45.123+0530] {processor.py:840} INFO - DAG(s) 'example_python_decorator' retrieved from /Users/piyush.dixit/Desktop/airflow-env/lib/python3.9/site-packages/airflow/example_dags/example_python_decorator.py
[2025-08-08T19:44:45.244+0530] {logging_mixin.py:188} INFO - [2025-08-08T19:44:45.243+0530] {dag.py:3096} INFO - Sync 1 DAGs
[2025-08-08T19:44:45.254+0530] {logging_mixin.py:188} INFO - [2025-08-08T19:44:45.254+0530] {dag.py:3954} INFO - Setting next_dagrun for example_python_decorator to None, run_after=None
[2025-08-08T19:44:45.276+0530] {processor.py:183} INFO - Processing /Users/piyush.dixit/Desktop/airflow-env/lib/python3.9/site-packages/airflow/example_dags/example_python_decorator.py took 0.204 seconds
[2025-08-08T20:15:22.669+0530] {processor.py:161} INFO - Started process (PID=77525) to work on /Users/piyush.dixit/Desktop/airflow-env/lib/python3.9/site-packages/airflow/example_dags/example_python_decorator.py
[2025-08-08T20:15:22.672+0530] {processor.py:830} INFO - Processing file /Users/piyush.dixit/Desktop/airflow-env/lib/python3.9/site-packages/airflow/example_dags/example_python_decorator.py for tasks to queue
[2025-08-08T20:15:22.673+0530] {logging_mixin.py:188} INFO - [2025-08-08T20:15:22.673+0530] {dagbag.py:545} INFO - Filling up the DagBag from /Users/piyush.dixit/Desktop/airflow-env/lib/python3.9/site-packages/airflow/example_dags/example_python_decorator.py
[2025-08-08T20:15:22.721+0530] {logging_mixin.py:188} INFO - [2025-08-08T20:15:22.721+0530] {example_python_decorator.py:80} WARNING - The virtalenv_python example task requires virtualenv, please install it.
[2025-08-08T20:15:22.724+0530] {processor.py:840} INFO - DAG(s) 'example_python_decorator' retrieved from /Users/piyush.dixit/Desktop/airflow-env/lib/python3.9/site-packages/airflow/example_dags/example_python_decorator.py
[2025-08-08T20:15:22.868+0530] {logging_mixin.py:188} INFO - [2025-08-08T20:15:22.868+0530] {dag.py:3096} INFO - Sync 1 DAGs
[2025-08-08T20:15:22.879+0530] {logging_mixin.py:188} INFO - [2025-08-08T20:15:22.879+0530] {dag.py:3954} INFO - Setting next_dagrun for example_python_decorator to None, run_after=None
[2025-08-08T20:15:22.898+0530] {processor.py:183} INFO - Processing /Users/piyush.dixit/Desktop/airflow-env/lib/python3.9/site-packages/airflow/example_dags/example_python_decorator.py took 0.233 seconds
[2025-08-08T20:24:38.591+0530] {processor.py:161} INFO - Started process (PID=78188) to work on /Users/piyush.dixit/Desktop/airflow-env/lib/python3.9/site-packages/airflow/example_dags/example_python_decorator.py
[2025-08-08T20:24:38.596+0530] {processor.py:830} INFO - Processing file /Users/piyush.dixit/Desktop/airflow-env/lib/python3.9/site-packages/airflow/example_dags/example_python_decorator.py for tasks to queue
[2025-08-08T20:24:38.596+0530] {logging_mixin.py:188} INFO - [2025-08-08T20:24:38.596+0530] {dagbag.py:545} INFO - Filling up the DagBag from /Users/piyush.dixit/Desktop/airflow-env/lib/python3.9/site-packages/airflow/example_dags/example_python_decorator.py
[2025-08-08T20:24:38.649+0530] {logging_mixin.py:188} INFO - [2025-08-08T20:24:38.649+0530] {example_python_decorator.py:80} WARNING - The virtalenv_python example task requires virtualenv, please install it.
[2025-08-08T20:24:38.652+0530] {processor.py:840} INFO - DAG(s) 'example_python_decorator' retrieved from /Users/piyush.dixit/Desktop/airflow-env/lib/python3.9/site-packages/airflow/example_dags/example_python_decorator.py
[2025-08-08T20:24:38.950+0530] {logging_mixin.py:188} INFO - [2025-08-08T20:24:38.950+0530] {dag.py:3096} INFO - Sync 1 DAGs
[2025-08-08T20:24:38.960+0530] {logging_mixin.py:188} INFO - [2025-08-08T20:24:38.960+0530] {dag.py:3954} INFO - Setting next_dagrun for example_python_decorator to None, run_after=None
[2025-08-08T20:24:38.979+0530] {processor.py:183} INFO - Processing /Users/piyush.dixit/Desktop/airflow-env/lib/python3.9/site-packages/airflow/example_dags/example_python_decorator.py took 0.393 seconds
