[2025-08-08T19:34:22.721+0530] {processor.py:161} INFO - Started process (PID=76876) to work on /Users/piyush.dixit/Desktop/airflow-env/lib/python3.9/site-packages/airflow/example_dags/tutorial_taskflow_api.py
[2025-08-08T19:34:22.725+0530] {processor.py:830} INFO - Processing file /Users/piyush.dixit/Desktop/airflow-env/lib/python3.9/site-packages/airflow/example_dags/tutorial_taskflow_api.py for tasks to queue
[2025-08-08T19:34:22.726+0530] {logging_mixin.py:188} INFO - [2025-08-08T19:34:22.726+0530] {dagbag.py:545} INFO - Filling up the DagBag from /Users/piyush.dixit/Desktop/airflow-env/lib/python3.9/site-packages/airflow/example_dags/tutorial_taskflow_api.py
[2025-08-08T19:34:22.801+0530] {processor.py:840} INFO - DAG(s) 'tutorial_taskflow_api' retrieved from /Users/piyush.dixit/Desktop/airflow-env/lib/python3.9/site-packages/airflow/example_dags/tutorial_taskflow_api.py
[2025-08-08T19:34:22.838+0530] {logging_mixin.py:188} INFO - [2025-08-08T19:34:22.837+0530] {dag.py:3096} INFO - Sync 1 DAGs
[2025-08-08T19:34:22.998+0530] {logging_mixin.py:188} INFO - [2025-08-08T19:34:22.998+0530] {dag.py:3954} INFO - Setting next_dagrun for tutorial_taskflow_api to None, run_after=None
[2025-08-08T19:34:23.017+0530] {processor.py:183} INFO - Processing /Users/piyush.dixit/Desktop/airflow-env/lib/python3.9/site-packages/airflow/example_dags/tutorial_taskflow_api.py took 0.301 seconds
[2025-08-08T19:36:49.029+0530] {processor.py:161} INFO - Started process (PID=76966) to work on /Users/piyush.dixit/Desktop/airflow-env/lib/python3.9/site-packages/airflow/example_dags/tutorial_taskflow_api.py
[2025-08-08T19:36:49.033+0530] {processor.py:830} INFO - Processing file /Users/piyush.dixit/Desktop/airflow-env/lib/python3.9/site-packages/airflow/example_dags/tutorial_taskflow_api.py for tasks to queue
[2025-08-08T19:36:49.034+0530] {logging_mixin.py:188} INFO - [2025-08-08T19:36:49.033+0530] {dagbag.py:545} INFO - Filling up the DagBag from /Users/piyush.dixit/Desktop/airflow-env/lib/python3.9/site-packages/airflow/example_dags/tutorial_taskflow_api.py
[2025-08-08T19:36:49.088+0530] {processor.py:840} INFO - DAG(s) 'tutorial_taskflow_api' retrieved from /Users/piyush.dixit/Desktop/airflow-env/lib/python3.9/site-packages/airflow/example_dags/tutorial_taskflow_api.py
[2025-08-08T19:36:49.335+0530] {logging_mixin.py:188} INFO - [2025-08-08T19:36:49.335+0530] {dag.py:3096} INFO - Sync 1 DAGs
[2025-08-08T19:36:49.344+0530] {logging_mixin.py:188} INFO - [2025-08-08T19:36:49.344+0530] {dag.py:3954} INFO - Setting next_dagrun for tutorial_taskflow_api to None, run_after=None
[2025-08-08T19:36:49.358+0530] {processor.py:183} INFO - Processing /Users/piyush.dixit/Desktop/airflow-env/lib/python3.9/site-packages/airflow/example_dags/tutorial_taskflow_api.py took 0.333 seconds
[2025-08-08T19:38:33.269+0530] {processor.py:161} INFO - Started process (PID=77025) to work on /Users/piyush.dixit/Desktop/airflow-env/lib/python3.9/site-packages/airflow/example_dags/tutorial_taskflow_api.py
[2025-08-08T19:38:33.272+0530] {processor.py:830} INFO - Processing file /Users/piyush.dixit/Desktop/airflow-env/lib/python3.9/site-packages/airflow/example_dags/tutorial_taskflow_api.py for tasks to queue
[2025-08-08T19:38:33.272+0530] {logging_mixin.py:188} INFO - [2025-08-08T19:38:33.272+0530] {dagbag.py:545} INFO - Filling up the DagBag from /Users/piyush.dixit/Desktop/airflow-env/lib/python3.9/site-packages/airflow/example_dags/tutorial_taskflow_api.py
[2025-08-08T19:38:33.318+0530] {processor.py:840} INFO - DAG(s) 'tutorial_taskflow_api' retrieved from /Users/piyush.dixit/Desktop/airflow-env/lib/python3.9/site-packages/airflow/example_dags/tutorial_taskflow_api.py
[2025-08-08T19:38:33.448+0530] {logging_mixin.py:188} INFO - [2025-08-08T19:38:33.447+0530] {dag.py:3096} INFO - Sync 1 DAGs
[2025-08-08T19:38:33.458+0530] {logging_mixin.py:188} INFO - [2025-08-08T19:38:33.458+0530] {dag.py:3954} INFO - Setting next_dagrun for tutorial_taskflow_api to None, run_after=None
[2025-08-08T19:38:33.476+0530] {processor.py:183} INFO - Processing /Users/piyush.dixit/Desktop/airflow-env/lib/python3.9/site-packages/airflow/example_dags/tutorial_taskflow_api.py took 0.211 seconds
[2025-08-08T19:40:16.861+0530] {processor.py:161} INFO - Started process (PID=77100) to work on /Users/piyush.dixit/Desktop/airflow-env/lib/python3.9/site-packages/airflow/example_dags/tutorial_taskflow_api.py
[2025-08-08T19:40:16.865+0530] {processor.py:830} INFO - Processing file /Users/piyush.dixit/Desktop/airflow-env/lib/python3.9/site-packages/airflow/example_dags/tutorial_taskflow_api.py for tasks to queue
[2025-08-08T19:40:16.866+0530] {logging_mixin.py:188} INFO - [2025-08-08T19:40:16.866+0530] {dagbag.py:545} INFO - Filling up the DagBag from /Users/piyush.dixit/Desktop/airflow-env/lib/python3.9/site-packages/airflow/example_dags/tutorial_taskflow_api.py
[2025-08-08T19:40:16.910+0530] {processor.py:840} INFO - DAG(s) 'tutorial_taskflow_api' retrieved from /Users/piyush.dixit/Desktop/airflow-env/lib/python3.9/site-packages/airflow/example_dags/tutorial_taskflow_api.py
[2025-08-08T19:40:17.039+0530] {logging_mixin.py:188} INFO - [2025-08-08T19:40:17.039+0530] {dag.py:3096} INFO - Sync 1 DAGs
[2025-08-08T19:40:17.049+0530] {logging_mixin.py:188} INFO - [2025-08-08T19:40:17.049+0530] {dag.py:3954} INFO - Setting next_dagrun for tutorial_taskflow_api to None, run_after=None
[2025-08-08T19:40:17.068+0530] {processor.py:183} INFO - Processing /Users/piyush.dixit/Desktop/airflow-env/lib/python3.9/site-packages/airflow/example_dags/tutorial_taskflow_api.py took 0.211 seconds
[2025-08-08T19:42:04.196+0530] {processor.py:161} INFO - Started process (PID=77158) to work on /Users/piyush.dixit/Desktop/airflow-env/lib/python3.9/site-packages/airflow/example_dags/tutorial_taskflow_api.py
[2025-08-08T19:42:04.199+0530] {processor.py:830} INFO - Processing file /Users/piyush.dixit/Desktop/airflow-env/lib/python3.9/site-packages/airflow/example_dags/tutorial_taskflow_api.py for tasks to queue
[2025-08-08T19:42:04.199+0530] {logging_mixin.py:188} INFO - [2025-08-08T19:42:04.199+0530] {dagbag.py:545} INFO - Filling up the DagBag from /Users/piyush.dixit/Desktop/airflow-env/lib/python3.9/site-packages/airflow/example_dags/tutorial_taskflow_api.py
[2025-08-08T19:42:04.247+0530] {processor.py:840} INFO - DAG(s) 'tutorial_taskflow_api' retrieved from /Users/piyush.dixit/Desktop/airflow-env/lib/python3.9/site-packages/airflow/example_dags/tutorial_taskflow_api.py
[2025-08-08T19:42:04.388+0530] {logging_mixin.py:188} INFO - [2025-08-08T19:42:04.388+0530] {dag.py:3096} INFO - Sync 1 DAGs
[2025-08-08T19:42:04.399+0530] {logging_mixin.py:188} INFO - [2025-08-08T19:42:04.398+0530] {dag.py:3954} INFO - Setting next_dagrun for tutorial_taskflow_api to None, run_after=None
[2025-08-08T19:42:04.417+0530] {processor.py:183} INFO - Processing /Users/piyush.dixit/Desktop/airflow-env/lib/python3.9/site-packages/airflow/example_dags/tutorial_taskflow_api.py took 0.224 seconds
[2025-08-08T19:43:49.704+0530] {processor.py:161} INFO - Started process (PID=77285) to work on /Users/piyush.dixit/Desktop/airflow-env/lib/python3.9/site-packages/airflow/example_dags/tutorial_taskflow_api.py
[2025-08-08T19:43:49.706+0530] {processor.py:830} INFO - Processing file /Users/piyush.dixit/Desktop/airflow-env/lib/python3.9/site-packages/airflow/example_dags/tutorial_taskflow_api.py for tasks to queue
[2025-08-08T19:43:49.707+0530] {logging_mixin.py:188} INFO - [2025-08-08T19:43:49.707+0530] {dagbag.py:545} INFO - Filling up the DagBag from /Users/piyush.dixit/Desktop/airflow-env/lib/python3.9/site-packages/airflow/example_dags/tutorial_taskflow_api.py
[2025-08-08T19:43:49.752+0530] {processor.py:840} INFO - DAG(s) 'tutorial_taskflow_api' retrieved from /Users/piyush.dixit/Desktop/airflow-env/lib/python3.9/site-packages/airflow/example_dags/tutorial_taskflow_api.py
[2025-08-08T19:43:49.881+0530] {logging_mixin.py:188} INFO - [2025-08-08T19:43:49.881+0530] {dag.py:3096} INFO - Sync 1 DAGs
[2025-08-08T19:43:49.891+0530] {logging_mixin.py:188} INFO - [2025-08-08T19:43:49.891+0530] {dag.py:3954} INFO - Setting next_dagrun for tutorial_taskflow_api to None, run_after=None
[2025-08-08T19:43:49.910+0530] {processor.py:183} INFO - Processing /Users/piyush.dixit/Desktop/airflow-env/lib/python3.9/site-packages/airflow/example_dags/tutorial_taskflow_api.py took 0.210 seconds
[2025-08-08T20:14:21.001+0530] {processor.py:161} INFO - Started process (PID=77493) to work on /Users/piyush.dixit/Desktop/airflow-env/lib/python3.9/site-packages/airflow/example_dags/tutorial_taskflow_api.py
[2025-08-08T20:14:21.007+0530] {processor.py:830} INFO - Processing file /Users/piyush.dixit/Desktop/airflow-env/lib/python3.9/site-packages/airflow/example_dags/tutorial_taskflow_api.py for tasks to queue
[2025-08-08T20:14:21.008+0530] {logging_mixin.py:188} INFO - [2025-08-08T20:14:21.008+0530] {dagbag.py:545} INFO - Filling up the DagBag from /Users/piyush.dixit/Desktop/airflow-env/lib/python3.9/site-packages/airflow/example_dags/tutorial_taskflow_api.py
[2025-08-08T20:14:21.111+0530] {processor.py:840} INFO - DAG(s) 'tutorial_taskflow_api' retrieved from /Users/piyush.dixit/Desktop/airflow-env/lib/python3.9/site-packages/airflow/example_dags/tutorial_taskflow_api.py
[2025-08-08T20:14:21.385+0530] {logging_mixin.py:188} INFO - [2025-08-08T20:14:21.385+0530] {dag.py:3096} INFO - Sync 1 DAGs
[2025-08-08T20:14:21.397+0530] {logging_mixin.py:188} INFO - [2025-08-08T20:14:21.397+0530] {dag.py:3954} INFO - Setting next_dagrun for tutorial_taskflow_api to None, run_after=None
[2025-08-08T20:14:21.420+0530] {processor.py:183} INFO - Processing /Users/piyush.dixit/Desktop/airflow-env/lib/python3.9/site-packages/airflow/example_dags/tutorial_taskflow_api.py took 0.427 seconds
[2025-08-08T20:16:36.355+0530] {processor.py:161} INFO - Started process (PID=77579) to work on /Users/piyush.dixit/Desktop/airflow-env/lib/python3.9/site-packages/airflow/example_dags/tutorial_taskflow_api.py
[2025-08-08T20:16:36.358+0530] {processor.py:830} INFO - Processing file /Users/piyush.dixit/Desktop/airflow-env/lib/python3.9/site-packages/airflow/example_dags/tutorial_taskflow_api.py for tasks to queue
[2025-08-08T20:16:36.359+0530] {logging_mixin.py:188} INFO - [2025-08-08T20:16:36.359+0530] {dagbag.py:545} INFO - Filling up the DagBag from /Users/piyush.dixit/Desktop/airflow-env/lib/python3.9/site-packages/airflow/example_dags/tutorial_taskflow_api.py
[2025-08-08T20:16:36.406+0530] {processor.py:840} INFO - DAG(s) 'tutorial_taskflow_api' retrieved from /Users/piyush.dixit/Desktop/airflow-env/lib/python3.9/site-packages/airflow/example_dags/tutorial_taskflow_api.py
[2025-08-08T20:16:36.550+0530] {logging_mixin.py:188} INFO - [2025-08-08T20:16:36.549+0530] {dag.py:3096} INFO - Sync 1 DAGs
[2025-08-08T20:16:36.561+0530] {logging_mixin.py:188} INFO - [2025-08-08T20:16:36.561+0530] {dag.py:3954} INFO - Setting next_dagrun for tutorial_taskflow_api to None, run_after=None
[2025-08-08T20:16:36.580+0530] {processor.py:183} INFO - Processing /Users/piyush.dixit/Desktop/airflow-env/lib/python3.9/site-packages/airflow/example_dags/tutorial_taskflow_api.py took 0.230 seconds
[2025-08-08T20:23:33.268+0530] {processor.py:161} INFO - Started process (PID=77760) to work on /Users/piyush.dixit/Desktop/airflow-env/lib/python3.9/site-packages/airflow/example_dags/tutorial_taskflow_api.py
[2025-08-08T20:23:33.272+0530] {processor.py:830} INFO - Processing file /Users/piyush.dixit/Desktop/airflow-env/lib/python3.9/site-packages/airflow/example_dags/tutorial_taskflow_api.py for tasks to queue
[2025-08-08T20:23:33.272+0530] {logging_mixin.py:188} INFO - [2025-08-08T20:23:33.272+0530] {dagbag.py:545} INFO - Filling up the DagBag from /Users/piyush.dixit/Desktop/airflow-env/lib/python3.9/site-packages/airflow/example_dags/tutorial_taskflow_api.py
[2025-08-08T20:23:33.320+0530] {processor.py:840} INFO - DAG(s) 'tutorial_taskflow_api' retrieved from /Users/piyush.dixit/Desktop/airflow-env/lib/python3.9/site-packages/airflow/example_dags/tutorial_taskflow_api.py
[2025-08-08T20:23:33.333+0530] {logging_mixin.py:188} INFO - [2025-08-08T20:23:33.332+0530] {dag.py:3096} INFO - Sync 1 DAGs
[2025-08-08T20:23:33.452+0530] {logging_mixin.py:188} INFO - [2025-08-08T20:23:33.451+0530] {dag.py:3954} INFO - Setting next_dagrun for tutorial_taskflow_api to None, run_after=None
[2025-08-08T20:23:33.472+0530] {processor.py:183} INFO - Processing /Users/piyush.dixit/Desktop/airflow-env/lib/python3.9/site-packages/airflow/example_dags/tutorial_taskflow_api.py took 0.207 seconds
[2025-08-08T20:27:23.061+0530] {processor.py:161} INFO - Started process (PID=78294) to work on /Users/piyush.dixit/Desktop/airflow-env/lib/python3.9/site-packages/airflow/example_dags/tutorial_taskflow_api.py
[2025-08-08T20:27:23.065+0530] {processor.py:830} INFO - Processing file /Users/piyush.dixit/Desktop/airflow-env/lib/python3.9/site-packages/airflow/example_dags/tutorial_taskflow_api.py for tasks to queue
[2025-08-08T20:27:23.066+0530] {logging_mixin.py:188} INFO - [2025-08-08T20:27:23.066+0530] {dagbag.py:545} INFO - Filling up the DagBag from /Users/piyush.dixit/Desktop/airflow-env/lib/python3.9/site-packages/airflow/example_dags/tutorial_taskflow_api.py
[2025-08-08T20:27:23.114+0530] {processor.py:840} INFO - DAG(s) 'tutorial_taskflow_api' retrieved from /Users/piyush.dixit/Desktop/airflow-env/lib/python3.9/site-packages/airflow/example_dags/tutorial_taskflow_api.py
[2025-08-08T20:27:23.126+0530] {logging_mixin.py:188} INFO - [2025-08-08T20:27:23.125+0530] {dag.py:3096} INFO - Sync 1 DAGs
[2025-08-08T20:27:23.246+0530] {logging_mixin.py:188} INFO - [2025-08-08T20:27:23.246+0530] {dag.py:3954} INFO - Setting next_dagrun for tutorial_taskflow_api to None, run_after=None
[2025-08-08T20:27:23.266+0530] {processor.py:183} INFO - Processing /Users/piyush.dixit/Desktop/airflow-env/lib/python3.9/site-packages/airflow/example_dags/tutorial_taskflow_api.py took 0.210 seconds
