[2025-08-08T19:34:14.373+0530] {processor.py:161} INFO - Started process (PID=76873) to work on /Users/piyush.dixit/Desktop/airflow-env/lib/python3.9/site-packages/airflow/example_dags/plugins/event_listener.py
[2025-08-08T19:34:14.376+0530] {processor.py:830} INFO - Processing file /Users/piyush.dixit/Desktop/airflow-env/lib/python3.9/site-packages/airflow/example_dags/plugins/event_listener.py for tasks to queue
[2025-08-08T19:34:14.377+0530] {logging_mixin.py:188} INFO - [2025-08-08T19:34:14.377+0530] {dagbag.py:545} INFO - Filling up the DagBag from /Users/piyush.dixit/Desktop/airflow-env/lib/python3.9/site-packages/airflow/example_dags/plugins/event_listener.py
[2025-08-08T19:34:14.378+0530] {processor.py:842} WARNING - No viable dags retrieved from /Users/piyush.dixit/Desktop/airflow-env/lib/python3.9/site-packages/airflow/example_dags/plugins/event_listener.py
[2025-08-08T19:34:14.468+0530] {processor.py:183} INFO - Processing /Users/piyush.dixit/Desktop/airflow-env/lib/python3.9/site-packages/airflow/example_dags/plugins/event_listener.py took 0.099 seconds
[2025-08-08T19:36:41.210+0530] {processor.py:161} INFO - Started process (PID=76956) to work on /Users/piyush.dixit/Desktop/airflow-env/lib/python3.9/site-packages/airflow/example_dags/plugins/event_listener.py
[2025-08-08T19:36:41.214+0530] {processor.py:830} INFO - Processing file /Users/piyush.dixit/Desktop/airflow-env/lib/python3.9/site-packages/airflow/example_dags/plugins/event_listener.py for tasks to queue
[2025-08-08T19:36:41.214+0530] {logging_mixin.py:188} INFO - [2025-08-08T19:36:41.214+0530] {dagbag.py:545} INFO - Filling up the DagBag from /Users/piyush.dixit/Desktop/airflow-env/lib/python3.9/site-packages/airflow/example_dags/plugins/event_listener.py
[2025-08-08T19:36:41.216+0530] {processor.py:842} WARNING - No viable dags retrieved from /Users/piyush.dixit/Desktop/airflow-env/lib/python3.9/site-packages/airflow/example_dags/plugins/event_listener.py
[2025-08-08T19:36:41.296+0530] {processor.py:183} INFO - Processing /Users/piyush.dixit/Desktop/airflow-env/lib/python3.9/site-packages/airflow/example_dags/plugins/event_listener.py took 0.090 seconds
[2025-08-08T19:38:26.359+0530] {processor.py:161} INFO - Started process (PID=77022) to work on /Users/piyush.dixit/Desktop/airflow-env/lib/python3.9/site-packages/airflow/example_dags/plugins/event_listener.py
[2025-08-08T19:38:26.362+0530] {processor.py:830} INFO - Processing file /Users/piyush.dixit/Desktop/airflow-env/lib/python3.9/site-packages/airflow/example_dags/plugins/event_listener.py for tasks to queue
[2025-08-08T19:38:26.363+0530] {logging_mixin.py:188} INFO - [2025-08-08T19:38:26.363+0530] {dagbag.py:545} INFO - Filling up the DagBag from /Users/piyush.dixit/Desktop/airflow-env/lib/python3.9/site-packages/airflow/example_dags/plugins/event_listener.py
[2025-08-08T19:38:26.365+0530] {processor.py:842} WARNING - No viable dags retrieved from /Users/piyush.dixit/Desktop/airflow-env/lib/python3.9/site-packages/airflow/example_dags/plugins/event_listener.py
[2025-08-08T19:38:26.442+0530] {processor.py:183} INFO - Processing /Users/piyush.dixit/Desktop/airflow-env/lib/python3.9/site-packages/airflow/example_dags/plugins/event_listener.py took 0.087 seconds
[2025-08-08T19:40:09.252+0530] {processor.py:161} INFO - Started process (PID=77097) to work on /Users/piyush.dixit/Desktop/airflow-env/lib/python3.9/site-packages/airflow/example_dags/plugins/event_listener.py
[2025-08-08T19:40:09.255+0530] {processor.py:830} INFO - Processing file /Users/piyush.dixit/Desktop/airflow-env/lib/python3.9/site-packages/airflow/example_dags/plugins/event_listener.py for tasks to queue
[2025-08-08T19:40:09.256+0530] {logging_mixin.py:188} INFO - [2025-08-08T19:40:09.256+0530] {dagbag.py:545} INFO - Filling up the DagBag from /Users/piyush.dixit/Desktop/airflow-env/lib/python3.9/site-packages/airflow/example_dags/plugins/event_listener.py
[2025-08-08T19:40:09.257+0530] {processor.py:842} WARNING - No viable dags retrieved from /Users/piyush.dixit/Desktop/airflow-env/lib/python3.9/site-packages/airflow/example_dags/plugins/event_listener.py
[2025-08-08T19:40:09.336+0530] {processor.py:183} INFO - Processing /Users/piyush.dixit/Desktop/airflow-env/lib/python3.9/site-packages/airflow/example_dags/plugins/event_listener.py took 0.088 seconds
[2025-08-08T19:41:56.379+0530] {processor.py:161} INFO - Started process (PID=77153) to work on /Users/piyush.dixit/Desktop/airflow-env/lib/python3.9/site-packages/airflow/example_dags/plugins/event_listener.py
[2025-08-08T19:41:56.382+0530] {processor.py:830} INFO - Processing file /Users/piyush.dixit/Desktop/airflow-env/lib/python3.9/site-packages/airflow/example_dags/plugins/event_listener.py for tasks to queue
[2025-08-08T19:41:56.383+0530] {logging_mixin.py:188} INFO - [2025-08-08T19:41:56.383+0530] {dagbag.py:545} INFO - Filling up the DagBag from /Users/piyush.dixit/Desktop/airflow-env/lib/python3.9/site-packages/airflow/example_dags/plugins/event_listener.py
[2025-08-08T19:41:56.384+0530] {processor.py:842} WARNING - No viable dags retrieved from /Users/piyush.dixit/Desktop/airflow-env/lib/python3.9/site-packages/airflow/example_dags/plugins/event_listener.py
[2025-08-08T19:41:56.472+0530] {processor.py:183} INFO - Processing /Users/piyush.dixit/Desktop/airflow-env/lib/python3.9/site-packages/airflow/example_dags/plugins/event_listener.py took 0.096 seconds
[2025-08-08T19:43:41.912+0530] {processor.py:161} INFO - Started process (PID=77282) to work on /Users/piyush.dixit/Desktop/airflow-env/lib/python3.9/site-packages/airflow/example_dags/plugins/event_listener.py
[2025-08-08T19:43:41.915+0530] {processor.py:830} INFO - Processing file /Users/piyush.dixit/Desktop/airflow-env/lib/python3.9/site-packages/airflow/example_dags/plugins/event_listener.py for tasks to queue
[2025-08-08T19:43:41.915+0530] {logging_mixin.py:188} INFO - [2025-08-08T19:43:41.915+0530] {dagbag.py:545} INFO - Filling up the DagBag from /Users/piyush.dixit/Desktop/airflow-env/lib/python3.9/site-packages/airflow/example_dags/plugins/event_listener.py
[2025-08-08T19:43:41.917+0530] {processor.py:842} WARNING - No viable dags retrieved from /Users/piyush.dixit/Desktop/airflow-env/lib/python3.9/site-packages/airflow/example_dags/plugins/event_listener.py
[2025-08-08T19:43:41.995+0530] {processor.py:183} INFO - Processing /Users/piyush.dixit/Desktop/airflow-env/lib/python3.9/site-packages/airflow/example_dags/plugins/event_listener.py took 0.087 seconds
[2025-08-08T20:14:12.063+0530] {processor.py:161} INFO - Started process (PID=77487) to work on /Users/piyush.dixit/Desktop/airflow-env/lib/python3.9/site-packages/airflow/example_dags/plugins/event_listener.py
[2025-08-08T20:14:12.067+0530] {processor.py:830} INFO - Processing file /Users/piyush.dixit/Desktop/airflow-env/lib/python3.9/site-packages/airflow/example_dags/plugins/event_listener.py for tasks to queue
[2025-08-08T20:14:12.068+0530] {logging_mixin.py:188} INFO - [2025-08-08T20:14:12.068+0530] {dagbag.py:545} INFO - Filling up the DagBag from /Users/piyush.dixit/Desktop/airflow-env/lib/python3.9/site-packages/airflow/example_dags/plugins/event_listener.py
[2025-08-08T20:14:12.091+0530] {processor.py:842} WARNING - No viable dags retrieved from /Users/piyush.dixit/Desktop/airflow-env/lib/python3.9/site-packages/airflow/example_dags/plugins/event_listener.py
[2025-08-08T20:14:12.195+0530] {processor.py:183} INFO - Processing /Users/piyush.dixit/Desktop/airflow-env/lib/python3.9/site-packages/airflow/example_dags/plugins/event_listener.py took 0.138 seconds
[2025-08-08T20:16:27.459+0530] {processor.py:161} INFO - Started process (PID=77565) to work on /Users/piyush.dixit/Desktop/airflow-env/lib/python3.9/site-packages/airflow/example_dags/plugins/event_listener.py
[2025-08-08T20:16:27.464+0530] {processor.py:830} INFO - Processing file /Users/piyush.dixit/Desktop/airflow-env/lib/python3.9/site-packages/airflow/example_dags/plugins/event_listener.py for tasks to queue
[2025-08-08T20:16:27.465+0530] {logging_mixin.py:188} INFO - [2025-08-08T20:16:27.464+0530] {dagbag.py:545} INFO - Filling up the DagBag from /Users/piyush.dixit/Desktop/airflow-env/lib/python3.9/site-packages/airflow/example_dags/plugins/event_listener.py
[2025-08-08T20:16:27.467+0530] {processor.py:842} WARNING - No viable dags retrieved from /Users/piyush.dixit/Desktop/airflow-env/lib/python3.9/site-packages/airflow/example_dags/plugins/event_listener.py
[2025-08-08T20:16:27.566+0530] {processor.py:183} INFO - Processing /Users/piyush.dixit/Desktop/airflow-env/lib/python3.9/site-packages/airflow/example_dags/plugins/event_listener.py took 0.113 seconds
[2025-08-08T20:23:24.647+0530] {processor.py:161} INFO - Started process (PID=77752) to work on /Users/piyush.dixit/Desktop/airflow-env/lib/python3.9/site-packages/airflow/example_dags/plugins/event_listener.py
[2025-08-08T20:23:24.650+0530] {processor.py:830} INFO - Processing file /Users/piyush.dixit/Desktop/airflow-env/lib/python3.9/site-packages/airflow/example_dags/plugins/event_listener.py for tasks to queue
[2025-08-08T20:23:24.651+0530] {logging_mixin.py:188} INFO - [2025-08-08T20:23:24.651+0530] {dagbag.py:545} INFO - Filling up the DagBag from /Users/piyush.dixit/Desktop/airflow-env/lib/python3.9/site-packages/airflow/example_dags/plugins/event_listener.py
[2025-08-08T20:23:24.653+0530] {processor.py:842} WARNING - No viable dags retrieved from /Users/piyush.dixit/Desktop/airflow-env/lib/python3.9/site-packages/airflow/example_dags/plugins/event_listener.py
[2025-08-08T20:23:24.738+0530] {processor.py:183} INFO - Processing /Users/piyush.dixit/Desktop/airflow-env/lib/python3.9/site-packages/airflow/example_dags/plugins/event_listener.py took 0.095 seconds
[2025-08-08T20:27:14.589+0530] {processor.py:161} INFO - Started process (PID=78284) to work on /Users/piyush.dixit/Desktop/airflow-env/lib/python3.9/site-packages/airflow/example_dags/plugins/event_listener.py
[2025-08-08T20:27:14.593+0530] {processor.py:830} INFO - Processing file /Users/piyush.dixit/Desktop/airflow-env/lib/python3.9/site-packages/airflow/example_dags/plugins/event_listener.py for tasks to queue
[2025-08-08T20:27:14.593+0530] {logging_mixin.py:188} INFO - [2025-08-08T20:27:14.593+0530] {dagbag.py:545} INFO - Filling up the DagBag from /Users/piyush.dixit/Desktop/airflow-env/lib/python3.9/site-packages/airflow/example_dags/plugins/event_listener.py
[2025-08-08T20:27:14.595+0530] {processor.py:842} WARNING - No viable dags retrieved from /Users/piyush.dixit/Desktop/airflow-env/lib/python3.9/site-packages/airflow/example_dags/plugins/event_listener.py
[2025-08-08T20:27:14.683+0530] {processor.py:183} INFO - Processing /Users/piyush.dixit/Desktop/airflow-env/lib/python3.9/site-packages/airflow/example_dags/plugins/event_listener.py took 0.097 seconds
