[2025-08-08T19:34:12.388+0530] {processor.py:161} INFO - Started process (PID=76872) to work on /Users/piyush.dixit/Desktop/airflow-env/lib/python3.9/site-packages/airflow/example_dags/plugins/listener_plugin.py
[2025-08-08T19:34:12.392+0530] {processor.py:830} INFO - Processing file /Users/piyush.dixit/Desktop/airflow-env/lib/python3.9/site-packages/airflow/example_dags/plugins/listener_plugin.py for tasks to queue
[2025-08-08T19:34:12.393+0530] {logging_mixin.py:188} INFO - [2025-08-08T19:34:12.393+0530] {dagbag.py:545} INFO - Filling up the DagBag from /Users/piyush.dixit/Desktop/airflow-env/lib/python3.9/site-packages/airflow/example_dags/plugins/listener_plugin.py
[2025-08-08T19:34:12.396+0530] {processor.py:842} WARNING - No viable dags retrieved from /Users/piyush.dixit/Desktop/airflow-env/lib/python3.9/site-packages/airflow/example_dags/plugins/listener_plugin.py
[2025-08-08T19:34:12.505+0530] {processor.py:183} INFO - Processing /Users/piyush.dixit/Desktop/airflow-env/lib/python3.9/site-packages/airflow/example_dags/plugins/listener_plugin.py took 0.120 seconds
[2025-08-08T19:36:38.612+0530] {processor.py:161} INFO - Started process (PID=76955) to work on /Users/piyush.dixit/Desktop/airflow-env/lib/python3.9/site-packages/airflow/example_dags/plugins/listener_plugin.py
[2025-08-08T19:36:38.616+0530] {processor.py:830} INFO - Processing file /Users/piyush.dixit/Desktop/airflow-env/lib/python3.9/site-packages/airflow/example_dags/plugins/listener_plugin.py for tasks to queue
[2025-08-08T19:36:38.616+0530] {logging_mixin.py:188} INFO - [2025-08-08T19:36:38.616+0530] {dagbag.py:545} INFO - Filling up the DagBag from /Users/piyush.dixit/Desktop/airflow-env/lib/python3.9/site-packages/airflow/example_dags/plugins/listener_plugin.py
[2025-08-08T19:36:38.619+0530] {processor.py:842} WARNING - No viable dags retrieved from /Users/piyush.dixit/Desktop/airflow-env/lib/python3.9/site-packages/airflow/example_dags/plugins/listener_plugin.py
[2025-08-08T19:36:38.698+0530] {processor.py:183} INFO - Processing /Users/piyush.dixit/Desktop/airflow-env/lib/python3.9/site-packages/airflow/example_dags/plugins/listener_plugin.py took 0.090 seconds
[2025-08-08T19:38:24.272+0530] {processor.py:161} INFO - Started process (PID=77021) to work on /Users/piyush.dixit/Desktop/airflow-env/lib/python3.9/site-packages/airflow/example_dags/plugins/listener_plugin.py
[2025-08-08T19:38:24.276+0530] {processor.py:830} INFO - Processing file /Users/piyush.dixit/Desktop/airflow-env/lib/python3.9/site-packages/airflow/example_dags/plugins/listener_plugin.py for tasks to queue
[2025-08-08T19:38:24.276+0530] {logging_mixin.py:188} INFO - [2025-08-08T19:38:24.276+0530] {dagbag.py:545} INFO - Filling up the DagBag from /Users/piyush.dixit/Desktop/airflow-env/lib/python3.9/site-packages/airflow/example_dags/plugins/listener_plugin.py
[2025-08-08T19:38:24.280+0530] {processor.py:842} WARNING - No viable dags retrieved from /Users/piyush.dixit/Desktop/airflow-env/lib/python3.9/site-packages/airflow/example_dags/plugins/listener_plugin.py
[2025-08-08T19:38:24.370+0530] {processor.py:183} INFO - Processing /Users/piyush.dixit/Desktop/airflow-env/lib/python3.9/site-packages/airflow/example_dags/plugins/listener_plugin.py took 0.101 seconds
[2025-08-08T19:40:07.294+0530] {processor.py:161} INFO - Started process (PID=77090) to work on /Users/piyush.dixit/Desktop/airflow-env/lib/python3.9/site-packages/airflow/example_dags/plugins/listener_plugin.py
[2025-08-08T19:40:07.298+0530] {processor.py:830} INFO - Processing file /Users/piyush.dixit/Desktop/airflow-env/lib/python3.9/site-packages/airflow/example_dags/plugins/listener_plugin.py for tasks to queue
[2025-08-08T19:40:07.298+0530] {logging_mixin.py:188} INFO - [2025-08-08T19:40:07.298+0530] {dagbag.py:545} INFO - Filling up the DagBag from /Users/piyush.dixit/Desktop/airflow-env/lib/python3.9/site-packages/airflow/example_dags/plugins/listener_plugin.py
[2025-08-08T19:40:07.302+0530] {processor.py:842} WARNING - No viable dags retrieved from /Users/piyush.dixit/Desktop/airflow-env/lib/python3.9/site-packages/airflow/example_dags/plugins/listener_plugin.py
[2025-08-08T19:40:07.381+0530] {processor.py:183} INFO - Processing /Users/piyush.dixit/Desktop/airflow-env/lib/python3.9/site-packages/airflow/example_dags/plugins/listener_plugin.py took 0.090 seconds
[2025-08-08T19:41:53.802+0530] {processor.py:161} INFO - Started process (PID=77145) to work on /Users/piyush.dixit/Desktop/airflow-env/lib/python3.9/site-packages/airflow/example_dags/plugins/listener_plugin.py
[2025-08-08T19:41:53.805+0530] {processor.py:830} INFO - Processing file /Users/piyush.dixit/Desktop/airflow-env/lib/python3.9/site-packages/airflow/example_dags/plugins/listener_plugin.py for tasks to queue
[2025-08-08T19:41:53.806+0530] {logging_mixin.py:188} INFO - [2025-08-08T19:41:53.805+0530] {dagbag.py:545} INFO - Filling up the DagBag from /Users/piyush.dixit/Desktop/airflow-env/lib/python3.9/site-packages/airflow/example_dags/plugins/listener_plugin.py
[2025-08-08T19:41:53.809+0530] {processor.py:842} WARNING - No viable dags retrieved from /Users/piyush.dixit/Desktop/airflow-env/lib/python3.9/site-packages/airflow/example_dags/plugins/listener_plugin.py
[2025-08-08T19:41:53.888+0530] {processor.py:183} INFO - Processing /Users/piyush.dixit/Desktop/airflow-env/lib/python3.9/site-packages/airflow/example_dags/plugins/listener_plugin.py took 0.090 seconds
[2025-08-08T19:43:39.330+0530] {processor.py:161} INFO - Started process (PID=77281) to work on /Users/piyush.dixit/Desktop/airflow-env/lib/python3.9/site-packages/airflow/example_dags/plugins/listener_plugin.py
[2025-08-08T19:43:39.333+0530] {processor.py:830} INFO - Processing file /Users/piyush.dixit/Desktop/airflow-env/lib/python3.9/site-packages/airflow/example_dags/plugins/listener_plugin.py for tasks to queue
[2025-08-08T19:43:39.333+0530] {logging_mixin.py:188} INFO - [2025-08-08T19:43:39.333+0530] {dagbag.py:545} INFO - Filling up the DagBag from /Users/piyush.dixit/Desktop/airflow-env/lib/python3.9/site-packages/airflow/example_dags/plugins/listener_plugin.py
[2025-08-08T19:43:39.336+0530] {processor.py:842} WARNING - No viable dags retrieved from /Users/piyush.dixit/Desktop/airflow-env/lib/python3.9/site-packages/airflow/example_dags/plugins/listener_plugin.py
[2025-08-08T19:43:39.416+0530] {processor.py:183} INFO - Processing /Users/piyush.dixit/Desktop/airflow-env/lib/python3.9/site-packages/airflow/example_dags/plugins/listener_plugin.py took 0.090 seconds
[2025-08-08T20:14:08.941+0530] {processor.py:161} INFO - Started process (PID=77474) to work on /Users/piyush.dixit/Desktop/airflow-env/lib/python3.9/site-packages/airflow/example_dags/plugins/listener_plugin.py
[2025-08-08T20:14:08.945+0530] {processor.py:830} INFO - Processing file /Users/piyush.dixit/Desktop/airflow-env/lib/python3.9/site-packages/airflow/example_dags/plugins/listener_plugin.py for tasks to queue
[2025-08-08T20:14:08.947+0530] {logging_mixin.py:188} INFO - [2025-08-08T20:14:08.946+0530] {dagbag.py:545} INFO - Filling up the DagBag from /Users/piyush.dixit/Desktop/airflow-env/lib/python3.9/site-packages/airflow/example_dags/plugins/listener_plugin.py
[2025-08-08T20:14:08.952+0530] {processor.py:842} WARNING - No viable dags retrieved from /Users/piyush.dixit/Desktop/airflow-env/lib/python3.9/site-packages/airflow/example_dags/plugins/listener_plugin.py
[2025-08-08T20:14:09.053+0530] {processor.py:183} INFO - Processing /Users/piyush.dixit/Desktop/airflow-env/lib/python3.9/site-packages/airflow/example_dags/plugins/listener_plugin.py took 0.116 seconds
[2025-08-08T20:16:24.317+0530] {processor.py:161} INFO - Started process (PID=77564) to work on /Users/piyush.dixit/Desktop/airflow-env/lib/python3.9/site-packages/airflow/example_dags/plugins/listener_plugin.py
[2025-08-08T20:16:24.321+0530] {processor.py:830} INFO - Processing file /Users/piyush.dixit/Desktop/airflow-env/lib/python3.9/site-packages/airflow/example_dags/plugins/listener_plugin.py for tasks to queue
[2025-08-08T20:16:24.322+0530] {logging_mixin.py:188} INFO - [2025-08-08T20:16:24.322+0530] {dagbag.py:545} INFO - Filling up the DagBag from /Users/piyush.dixit/Desktop/airflow-env/lib/python3.9/site-packages/airflow/example_dags/plugins/listener_plugin.py
[2025-08-08T20:16:24.326+0530] {processor.py:842} WARNING - No viable dags retrieved from /Users/piyush.dixit/Desktop/airflow-env/lib/python3.9/site-packages/airflow/example_dags/plugins/listener_plugin.py
[2025-08-08T20:16:24.419+0530] {processor.py:183} INFO - Processing /Users/piyush.dixit/Desktop/airflow-env/lib/python3.9/site-packages/airflow/example_dags/plugins/listener_plugin.py took 0.106 seconds
[2025-08-08T20:23:21.510+0530] {processor.py:161} INFO - Started process (PID=77750) to work on /Users/piyush.dixit/Desktop/airflow-env/lib/python3.9/site-packages/airflow/example_dags/plugins/listener_plugin.py
[2025-08-08T20:23:21.514+0530] {processor.py:830} INFO - Processing file /Users/piyush.dixit/Desktop/airflow-env/lib/python3.9/site-packages/airflow/example_dags/plugins/listener_plugin.py for tasks to queue
[2025-08-08T20:23:21.514+0530] {logging_mixin.py:188} INFO - [2025-08-08T20:23:21.514+0530] {dagbag.py:545} INFO - Filling up the DagBag from /Users/piyush.dixit/Desktop/airflow-env/lib/python3.9/site-packages/airflow/example_dags/plugins/listener_plugin.py
[2025-08-08T20:23:21.518+0530] {processor.py:842} WARNING - No viable dags retrieved from /Users/piyush.dixit/Desktop/airflow-env/lib/python3.9/site-packages/airflow/example_dags/plugins/listener_plugin.py
[2025-08-08T20:23:21.601+0530] {processor.py:183} INFO - Processing /Users/piyush.dixit/Desktop/airflow-env/lib/python3.9/site-packages/airflow/example_dags/plugins/listener_plugin.py took 0.095 seconds
[2025-08-08T20:27:12.343+0530] {processor.py:161} INFO - Started process (PID=78279) to work on /Users/piyush.dixit/Desktop/airflow-env/lib/python3.9/site-packages/airflow/example_dags/plugins/listener_plugin.py
[2025-08-08T20:27:12.347+0530] {processor.py:830} INFO - Processing file /Users/piyush.dixit/Desktop/airflow-env/lib/python3.9/site-packages/airflow/example_dags/plugins/listener_plugin.py for tasks to queue
[2025-08-08T20:27:12.348+0530] {logging_mixin.py:188} INFO - [2025-08-08T20:27:12.347+0530] {dagbag.py:545} INFO - Filling up the DagBag from /Users/piyush.dixit/Desktop/airflow-env/lib/python3.9/site-packages/airflow/example_dags/plugins/listener_plugin.py
[2025-08-08T20:27:12.351+0530] {processor.py:842} WARNING - No viable dags retrieved from /Users/piyush.dixit/Desktop/airflow-env/lib/python3.9/site-packages/airflow/example_dags/plugins/listener_plugin.py
[2025-08-08T20:27:12.439+0530] {processor.py:183} INFO - Processing /Users/piyush.dixit/Desktop/airflow-env/lib/python3.9/site-packages/airflow/example_dags/plugins/listener_plugin.py took 0.099 seconds
