[2025-08-08T19:34:09.463+0530] {processor.py:161} INFO - Started process (PID=76867) to work on /Users/piyush.dixit/Desktop/airflow-env/lib/python3.9/site-packages/airflow/example_dags/plugins/workday.py
[2025-08-08T19:34:09.466+0530] {processor.py:830} INFO - Processing file /Users/piyush.dixit/Desktop/airflow-env/lib/python3.9/site-packages/airflow/example_dags/plugins/workday.py for tasks to queue
[2025-08-08T19:34:09.467+0530] {logging_mixin.py:188} INFO - [2025-08-08T19:34:09.467+0530] {dagbag.py:545} INFO - Filling up the DagBag from /Users/piyush.dixit/Desktop/airflow-env/lib/python3.9/site-packages/airflow/example_dags/plugins/workday.py
[2025-08-08T19:34:09.469+0530] {logging_mixin.py:188} INFO - [2025-08-08T19:34:09.469+0530] {workday.py:41} WARNING - Could not import pandas. Holidays will not be considered.
[2025-08-08T19:34:09.469+0530] {processor.py:842} WARNING - No viable dags retrieved from /Users/piyush.dixit/Desktop/airflow-env/lib/python3.9/site-packages/airflow/example_dags/plugins/workday.py
[2025-08-08T19:34:09.559+0530] {processor.py:183} INFO - Processing /Users/piyush.dixit/Desktop/airflow-env/lib/python3.9/site-packages/airflow/example_dags/plugins/workday.py took 0.100 seconds
[2025-08-08T19:36:36.032+0530] {processor.py:161} INFO - Started process (PID=76954) to work on /Users/piyush.dixit/Desktop/airflow-env/lib/python3.9/site-packages/airflow/example_dags/plugins/workday.py
[2025-08-08T19:36:36.036+0530] {processor.py:830} INFO - Processing file /Users/piyush.dixit/Desktop/airflow-env/lib/python3.9/site-packages/airflow/example_dags/plugins/workday.py for tasks to queue
[2025-08-08T19:36:36.037+0530] {logging_mixin.py:188} INFO - [2025-08-08T19:36:36.036+0530] {dagbag.py:545} INFO - Filling up the DagBag from /Users/piyush.dixit/Desktop/airflow-env/lib/python3.9/site-packages/airflow/example_dags/plugins/workday.py
[2025-08-08T19:36:36.038+0530] {logging_mixin.py:188} INFO - [2025-08-08T19:36:36.038+0530] {workday.py:41} WARNING - Could not import pandas. Holidays will not be considered.
[2025-08-08T19:36:36.039+0530] {processor.py:842} WARNING - No viable dags retrieved from /Users/piyush.dixit/Desktop/airflow-env/lib/python3.9/site-packages/airflow/example_dags/plugins/workday.py
[2025-08-08T19:36:36.119+0530] {processor.py:183} INFO - Processing /Users/piyush.dixit/Desktop/airflow-env/lib/python3.9/site-packages/airflow/example_dags/plugins/workday.py took 0.090 seconds
[2025-08-08T19:38:21.657+0530] {processor.py:161} INFO - Started process (PID=77020) to work on /Users/piyush.dixit/Desktop/airflow-env/lib/python3.9/site-packages/airflow/example_dags/plugins/workday.py
[2025-08-08T19:38:21.660+0530] {processor.py:830} INFO - Processing file /Users/piyush.dixit/Desktop/airflow-env/lib/python3.9/site-packages/airflow/example_dags/plugins/workday.py for tasks to queue
[2025-08-08T19:38:21.661+0530] {logging_mixin.py:188} INFO - [2025-08-08T19:38:21.661+0530] {dagbag.py:545} INFO - Filling up the DagBag from /Users/piyush.dixit/Desktop/airflow-env/lib/python3.9/site-packages/airflow/example_dags/plugins/workday.py
[2025-08-08T19:38:21.663+0530] {logging_mixin.py:188} INFO - [2025-08-08T19:38:21.662+0530] {workday.py:41} WARNING - Could not import pandas. Holidays will not be considered.
[2025-08-08T19:38:21.663+0530] {processor.py:842} WARNING - No viable dags retrieved from /Users/piyush.dixit/Desktop/airflow-env/lib/python3.9/site-packages/airflow/example_dags/plugins/workday.py
[2025-08-08T19:38:21.741+0530] {processor.py:183} INFO - Processing /Users/piyush.dixit/Desktop/airflow-env/lib/python3.9/site-packages/airflow/example_dags/plugins/workday.py took 0.088 seconds
[2025-08-08T19:40:05.273+0530] {processor.py:161} INFO - Started process (PID=77089) to work on /Users/piyush.dixit/Desktop/airflow-env/lib/python3.9/site-packages/airflow/example_dags/plugins/workday.py
[2025-08-08T19:40:05.277+0530] {processor.py:830} INFO - Processing file /Users/piyush.dixit/Desktop/airflow-env/lib/python3.9/site-packages/airflow/example_dags/plugins/workday.py for tasks to queue
[2025-08-08T19:40:05.277+0530] {logging_mixin.py:188} INFO - [2025-08-08T19:40:05.277+0530] {dagbag.py:545} INFO - Filling up the DagBag from /Users/piyush.dixit/Desktop/airflow-env/lib/python3.9/site-packages/airflow/example_dags/plugins/workday.py
[2025-08-08T19:40:05.279+0530] {logging_mixin.py:188} INFO - [2025-08-08T19:40:05.279+0530] {workday.py:41} WARNING - Could not import pandas. Holidays will not be considered.
[2025-08-08T19:40:05.280+0530] {processor.py:842} WARNING - No viable dags retrieved from /Users/piyush.dixit/Desktop/airflow-env/lib/python3.9/site-packages/airflow/example_dags/plugins/workday.py
[2025-08-08T19:40:05.360+0530] {processor.py:183} INFO - Processing /Users/piyush.dixit/Desktop/airflow-env/lib/python3.9/site-packages/airflow/example_dags/plugins/workday.py took 0.090 seconds
[2025-08-08T19:41:51.211+0530] {processor.py:161} INFO - Started process (PID=77144) to work on /Users/piyush.dixit/Desktop/airflow-env/lib/python3.9/site-packages/airflow/example_dags/plugins/workday.py
[2025-08-08T19:41:51.214+0530] {processor.py:830} INFO - Processing file /Users/piyush.dixit/Desktop/airflow-env/lib/python3.9/site-packages/airflow/example_dags/plugins/workday.py for tasks to queue
[2025-08-08T19:41:51.214+0530] {logging_mixin.py:188} INFO - [2025-08-08T19:41:51.214+0530] {dagbag.py:545} INFO - Filling up the DagBag from /Users/piyush.dixit/Desktop/airflow-env/lib/python3.9/site-packages/airflow/example_dags/plugins/workday.py
[2025-08-08T19:41:51.216+0530] {logging_mixin.py:188} INFO - [2025-08-08T19:41:51.216+0530] {workday.py:41} WARNING - Could not import pandas. Holidays will not be considered.
[2025-08-08T19:41:51.216+0530] {processor.py:842} WARNING - No viable dags retrieved from /Users/piyush.dixit/Desktop/airflow-env/lib/python3.9/site-packages/airflow/example_dags/plugins/workday.py
[2025-08-08T19:41:51.294+0530] {processor.py:183} INFO - Processing /Users/piyush.dixit/Desktop/airflow-env/lib/python3.9/site-packages/airflow/example_dags/plugins/workday.py took 0.088 seconds
[2025-08-08T19:43:36.747+0530] {processor.py:161} INFO - Started process (PID=77280) to work on /Users/piyush.dixit/Desktop/airflow-env/lib/python3.9/site-packages/airflow/example_dags/plugins/workday.py
[2025-08-08T19:43:36.750+0530] {processor.py:830} INFO - Processing file /Users/piyush.dixit/Desktop/airflow-env/lib/python3.9/site-packages/airflow/example_dags/plugins/workday.py for tasks to queue
[2025-08-08T19:43:36.750+0530] {logging_mixin.py:188} INFO - [2025-08-08T19:43:36.750+0530] {dagbag.py:545} INFO - Filling up the DagBag from /Users/piyush.dixit/Desktop/airflow-env/lib/python3.9/site-packages/airflow/example_dags/plugins/workday.py
[2025-08-08T19:43:36.752+0530] {logging_mixin.py:188} INFO - [2025-08-08T19:43:36.752+0530] {workday.py:41} WARNING - Could not import pandas. Holidays will not be considered.
[2025-08-08T19:43:36.752+0530] {processor.py:842} WARNING - No viable dags retrieved from /Users/piyush.dixit/Desktop/airflow-env/lib/python3.9/site-packages/airflow/example_dags/plugins/workday.py
[2025-08-08T19:43:36.831+0530] {processor.py:183} INFO - Processing /Users/piyush.dixit/Desktop/airflow-env/lib/python3.9/site-packages/airflow/example_dags/plugins/workday.py took 0.088 seconds
[2025-08-08T20:14:06.776+0530] {processor.py:161} INFO - Started process (PID=77470) to work on /Users/piyush.dixit/Desktop/airflow-env/lib/python3.9/site-packages/airflow/example_dags/plugins/workday.py
[2025-08-08T20:14:06.784+0530] {processor.py:830} INFO - Processing file /Users/piyush.dixit/Desktop/airflow-env/lib/python3.9/site-packages/airflow/example_dags/plugins/workday.py for tasks to queue
[2025-08-08T20:14:06.785+0530] {logging_mixin.py:188} INFO - [2025-08-08T20:14:06.785+0530] {dagbag.py:545} INFO - Filling up the DagBag from /Users/piyush.dixit/Desktop/airflow-env/lib/python3.9/site-packages/airflow/example_dags/plugins/workday.py
[2025-08-08T20:14:06.787+0530] {logging_mixin.py:188} INFO - [2025-08-08T20:14:06.787+0530] {workday.py:41} WARNING - Could not import pandas. Holidays will not be considered.
[2025-08-08T20:14:06.788+0530] {processor.py:842} WARNING - No viable dags retrieved from /Users/piyush.dixit/Desktop/airflow-env/lib/python3.9/site-packages/airflow/example_dags/plugins/workday.py
[2025-08-08T20:14:06.892+0530] {processor.py:183} INFO - Processing /Users/piyush.dixit/Desktop/airflow-env/lib/python3.9/site-packages/airflow/example_dags/plugins/workday.py took 0.122 seconds
[2025-08-08T20:16:22.269+0530] {processor.py:161} INFO - Started process (PID=77563) to work on /Users/piyush.dixit/Desktop/airflow-env/lib/python3.9/site-packages/airflow/example_dags/plugins/workday.py
[2025-08-08T20:16:22.273+0530] {processor.py:830} INFO - Processing file /Users/piyush.dixit/Desktop/airflow-env/lib/python3.9/site-packages/airflow/example_dags/plugins/workday.py for tasks to queue
[2025-08-08T20:16:22.274+0530] {logging_mixin.py:188} INFO - [2025-08-08T20:16:22.274+0530] {dagbag.py:545} INFO - Filling up the DagBag from /Users/piyush.dixit/Desktop/airflow-env/lib/python3.9/site-packages/airflow/example_dags/plugins/workday.py
[2025-08-08T20:16:22.276+0530] {logging_mixin.py:188} INFO - [2025-08-08T20:16:22.276+0530] {workday.py:41} WARNING - Could not import pandas. Holidays will not be considered.
[2025-08-08T20:16:22.277+0530] {processor.py:842} WARNING - No viable dags retrieved from /Users/piyush.dixit/Desktop/airflow-env/lib/python3.9/site-packages/airflow/example_dags/plugins/workday.py
[2025-08-08T20:16:22.365+0530] {processor.py:183} INFO - Processing /Users/piyush.dixit/Desktop/airflow-env/lib/python3.9/site-packages/airflow/example_dags/plugins/workday.py took 0.100 seconds
[2025-08-08T20:23:18.562+0530] {processor.py:161} INFO - Started process (PID=77748) to work on /Users/piyush.dixit/Desktop/airflow-env/lib/python3.9/site-packages/airflow/example_dags/plugins/workday.py
[2025-08-08T20:23:18.566+0530] {processor.py:830} INFO - Processing file /Users/piyush.dixit/Desktop/airflow-env/lib/python3.9/site-packages/airflow/example_dags/plugins/workday.py for tasks to queue
[2025-08-08T20:23:18.567+0530] {logging_mixin.py:188} INFO - [2025-08-08T20:23:18.567+0530] {dagbag.py:545} INFO - Filling up the DagBag from /Users/piyush.dixit/Desktop/airflow-env/lib/python3.9/site-packages/airflow/example_dags/plugins/workday.py
[2025-08-08T20:23:18.569+0530] {logging_mixin.py:188} INFO - [2025-08-08T20:23:18.569+0530] {workday.py:41} WARNING - Could not import pandas. Holidays will not be considered.
[2025-08-08T20:23:18.570+0530] {processor.py:842} WARNING - No viable dags retrieved from /Users/piyush.dixit/Desktop/airflow-env/lib/python3.9/site-packages/airflow/example_dags/plugins/workday.py
[2025-08-08T20:23:18.669+0530] {processor.py:183} INFO - Processing /Users/piyush.dixit/Desktop/airflow-env/lib/python3.9/site-packages/airflow/example_dags/plugins/workday.py took 0.112 seconds
[2025-08-08T20:25:54.135+0530] {processor.py:161} INFO - Started process (PID=78230) to work on /Users/piyush.dixit/Desktop/airflow-env/lib/python3.9/site-packages/airflow/example_dags/plugins/workday.py
[2025-08-08T20:25:54.146+0530] {processor.py:830} INFO - Processing file /Users/piyush.dixit/Desktop/airflow-env/lib/python3.9/site-packages/airflow/example_dags/plugins/workday.py for tasks to queue
[2025-08-08T20:25:54.148+0530] {logging_mixin.py:188} INFO - [2025-08-08T20:25:54.148+0530] {dagbag.py:545} INFO - Filling up the DagBag from /Users/piyush.dixit/Desktop/airflow-env/lib/python3.9/site-packages/airflow/example_dags/plugins/workday.py
[2025-08-08T20:25:54.155+0530] {logging_mixin.py:188} INFO - [2025-08-08T20:25:54.154+0530] {workday.py:41} WARNING - Could not import pandas. Holidays will not be considered.
[2025-08-08T20:25:54.156+0530] {processor.py:842} WARNING - No viable dags retrieved from /Users/piyush.dixit/Desktop/airflow-env/lib/python3.9/site-packages/airflow/example_dags/plugins/workday.py
[2025-08-08T20:25:54.448+0530] {processor.py:183} INFO - Processing /Users/piyush.dixit/Desktop/airflow-env/lib/python3.9/site-packages/airflow/example_dags/plugins/workday.py took 0.322 seconds
[2025-08-08T20:27:09.352+0530] {processor.py:161} INFO - Started process (PID=78277) to work on /Users/piyush.dixit/Desktop/airflow-env/lib/python3.9/site-packages/airflow/example_dags/plugins/workday.py
[2025-08-08T20:27:09.355+0530] {processor.py:830} INFO - Processing file /Users/piyush.dixit/Desktop/airflow-env/lib/python3.9/site-packages/airflow/example_dags/plugins/workday.py for tasks to queue
[2025-08-08T20:27:09.356+0530] {logging_mixin.py:188} INFO - [2025-08-08T20:27:09.355+0530] {dagbag.py:545} INFO - Filling up the DagBag from /Users/piyush.dixit/Desktop/airflow-env/lib/python3.9/site-packages/airflow/example_dags/plugins/workday.py
[2025-08-08T20:27:09.357+0530] {logging_mixin.py:188} INFO - [2025-08-08T20:27:09.357+0530] {workday.py:41} WARNING - Could not import pandas. Holidays will not be considered.
[2025-08-08T20:27:09.358+0530] {processor.py:842} WARNING - No viable dags retrieved from /Users/piyush.dixit/Desktop/airflow-env/lib/python3.9/site-packages/airflow/example_dags/plugins/workday.py
[2025-08-08T20:27:09.437+0530] {processor.py:183} INFO - Processing /Users/piyush.dixit/Desktop/airflow-env/lib/python3.9/site-packages/airflow/example_dags/plugins/workday.py took 0.089 seconds
