[2025-08-08T19:34:06.763+0530] {processor.py:161} INFO - Started process (PID=76866) to work on /Users/piyush.dixit/Desktop/airflow-env/lib/python3.9/site-packages/airflow/example_dags/subdags/subdag.py
[2025-08-08T19:34:06.766+0530] {processor.py:830} INFO - Processing file /Users/piyush.dixit/Desktop/airflow-env/lib/python3.9/site-packages/airflow/example_dags/subdags/subdag.py for tasks to queue
[2025-08-08T19:34:06.767+0530] {logging_mixin.py:188} INFO - [2025-08-08T19:34:06.767+0530] {dagbag.py:545} INFO - Filling up the DagBag from /Users/piyush.dixit/Desktop/airflow-env/lib/python3.9/site-packages/airflow/example_dags/subdags/subdag.py
[2025-08-08T19:34:06.770+0530] {processor.py:842} WARNING - No viable dags retrieved from /Users/piyush.dixit/Desktop/airflow-env/lib/python3.9/site-packages/airflow/example_dags/subdags/subdag.py
[2025-08-08T19:34:06.864+0530] {processor.py:183} INFO - Processing /Users/piyush.dixit/Desktop/airflow-env/lib/python3.9/site-packages/airflow/example_dags/subdags/subdag.py took 0.105 seconds
[2025-08-08T19:36:33.326+0530] {processor.py:161} INFO - Started process (PID=76953) to work on /Users/piyush.dixit/Desktop/airflow-env/lib/python3.9/site-packages/airflow/example_dags/subdags/subdag.py
[2025-08-08T19:36:33.329+0530] {processor.py:830} INFO - Processing file /Users/piyush.dixit/Desktop/airflow-env/lib/python3.9/site-packages/airflow/example_dags/subdags/subdag.py for tasks to queue
[2025-08-08T19:36:33.330+0530] {logging_mixin.py:188} INFO - [2025-08-08T19:36:33.330+0530] {dagbag.py:545} INFO - Filling up the DagBag from /Users/piyush.dixit/Desktop/airflow-env/lib/python3.9/site-packages/airflow/example_dags/subdags/subdag.py
[2025-08-08T19:36:33.333+0530] {processor.py:842} WARNING - No viable dags retrieved from /Users/piyush.dixit/Desktop/airflow-env/lib/python3.9/site-packages/airflow/example_dags/subdags/subdag.py
[2025-08-08T19:36:33.416+0530] {processor.py:183} INFO - Processing /Users/piyush.dixit/Desktop/airflow-env/lib/python3.9/site-packages/airflow/example_dags/subdags/subdag.py took 0.093 seconds
[2025-08-08T19:38:19.733+0530] {processor.py:161} INFO - Started process (PID=77019) to work on /Users/piyush.dixit/Desktop/airflow-env/lib/python3.9/site-packages/airflow/example_dags/subdags/subdag.py
[2025-08-08T19:38:19.736+0530] {processor.py:830} INFO - Processing file /Users/piyush.dixit/Desktop/airflow-env/lib/python3.9/site-packages/airflow/example_dags/subdags/subdag.py for tasks to queue
[2025-08-08T19:38:19.736+0530] {logging_mixin.py:188} INFO - [2025-08-08T19:38:19.736+0530] {dagbag.py:545} INFO - Filling up the DagBag from /Users/piyush.dixit/Desktop/airflow-env/lib/python3.9/site-packages/airflow/example_dags/subdags/subdag.py
[2025-08-08T19:38:19.739+0530] {processor.py:842} WARNING - No viable dags retrieved from /Users/piyush.dixit/Desktop/airflow-env/lib/python3.9/site-packages/airflow/example_dags/subdags/subdag.py
[2025-08-08T19:38:19.820+0530] {processor.py:183} INFO - Processing /Users/piyush.dixit/Desktop/airflow-env/lib/python3.9/site-packages/airflow/example_dags/subdags/subdag.py took 0.091 seconds
[2025-08-08T19:40:02.671+0530] {processor.py:161} INFO - Started process (PID=77088) to work on /Users/piyush.dixit/Desktop/airflow-env/lib/python3.9/site-packages/airflow/example_dags/subdags/subdag.py
[2025-08-08T19:40:02.675+0530] {processor.py:830} INFO - Processing file /Users/piyush.dixit/Desktop/airflow-env/lib/python3.9/site-packages/airflow/example_dags/subdags/subdag.py for tasks to queue
[2025-08-08T19:40:02.676+0530] {logging_mixin.py:188} INFO - [2025-08-08T19:40:02.676+0530] {dagbag.py:545} INFO - Filling up the DagBag from /Users/piyush.dixit/Desktop/airflow-env/lib/python3.9/site-packages/airflow/example_dags/subdags/subdag.py
[2025-08-08T19:40:02.679+0530] {processor.py:842} WARNING - No viable dags retrieved from /Users/piyush.dixit/Desktop/airflow-env/lib/python3.9/site-packages/airflow/example_dags/subdags/subdag.py
[2025-08-08T19:40:02.760+0530] {processor.py:183} INFO - Processing /Users/piyush.dixit/Desktop/airflow-env/lib/python3.9/site-packages/airflow/example_dags/subdags/subdag.py took 0.093 seconds
[2025-08-08T19:41:48.631+0530] {processor.py:161} INFO - Started process (PID=77143) to work on /Users/piyush.dixit/Desktop/airflow-env/lib/python3.9/site-packages/airflow/example_dags/subdags/subdag.py
[2025-08-08T19:41:48.634+0530] {processor.py:830} INFO - Processing file /Users/piyush.dixit/Desktop/airflow-env/lib/python3.9/site-packages/airflow/example_dags/subdags/subdag.py for tasks to queue
[2025-08-08T19:41:48.634+0530] {logging_mixin.py:188} INFO - [2025-08-08T19:41:48.634+0530] {dagbag.py:545} INFO - Filling up the DagBag from /Users/piyush.dixit/Desktop/airflow-env/lib/python3.9/site-packages/airflow/example_dags/subdags/subdag.py
[2025-08-08T19:41:48.637+0530] {processor.py:842} WARNING - No viable dags retrieved from /Users/piyush.dixit/Desktop/airflow-env/lib/python3.9/site-packages/airflow/example_dags/subdags/subdag.py
[2025-08-08T19:41:48.721+0530] {processor.py:183} INFO - Processing /Users/piyush.dixit/Desktop/airflow-env/lib/python3.9/site-packages/airflow/example_dags/subdags/subdag.py took 0.094 seconds
[2025-08-08T19:43:34.167+0530] {processor.py:161} INFO - Started process (PID=77279) to work on /Users/piyush.dixit/Desktop/airflow-env/lib/python3.9/site-packages/airflow/example_dags/subdags/subdag.py
[2025-08-08T19:43:34.170+0530] {processor.py:830} INFO - Processing file /Users/piyush.dixit/Desktop/airflow-env/lib/python3.9/site-packages/airflow/example_dags/subdags/subdag.py for tasks to queue
[2025-08-08T19:43:34.171+0530] {logging_mixin.py:188} INFO - [2025-08-08T19:43:34.171+0530] {dagbag.py:545} INFO - Filling up the DagBag from /Users/piyush.dixit/Desktop/airflow-env/lib/python3.9/site-packages/airflow/example_dags/subdags/subdag.py
[2025-08-08T19:43:34.174+0530] {processor.py:842} WARNING - No viable dags retrieved from /Users/piyush.dixit/Desktop/airflow-env/lib/python3.9/site-packages/airflow/example_dags/subdags/subdag.py
[2025-08-08T19:43:34.252+0530] {processor.py:183} INFO - Processing /Users/piyush.dixit/Desktop/airflow-env/lib/python3.9/site-packages/airflow/example_dags/subdags/subdag.py took 0.088 seconds
[2025-08-08T20:14:03.466+0530] {processor.py:161} INFO - Started process (PID=77418) to work on /Users/piyush.dixit/Desktop/airflow-env/lib/python3.9/site-packages/airflow/example_dags/subdags/subdag.py
[2025-08-08T20:14:03.470+0530] {processor.py:830} INFO - Processing file /Users/piyush.dixit/Desktop/airflow-env/lib/python3.9/site-packages/airflow/example_dags/subdags/subdag.py for tasks to queue
[2025-08-08T20:14:03.471+0530] {logging_mixin.py:188} INFO - [2025-08-08T20:14:03.471+0530] {dagbag.py:545} INFO - Filling up the DagBag from /Users/piyush.dixit/Desktop/airflow-env/lib/python3.9/site-packages/airflow/example_dags/subdags/subdag.py
[2025-08-08T20:14:03.475+0530] {processor.py:842} WARNING - No viable dags retrieved from /Users/piyush.dixit/Desktop/airflow-env/lib/python3.9/site-packages/airflow/example_dags/subdags/subdag.py
[2025-08-08T20:14:03.587+0530] {processor.py:183} INFO - Processing /Users/piyush.dixit/Desktop/airflow-env/lib/python3.9/site-packages/airflow/example_dags/subdags/subdag.py took 0.125 seconds
[2025-08-08T20:16:19.283+0530] {processor.py:161} INFO - Started process (PID=77562) to work on /Users/piyush.dixit/Desktop/airflow-env/lib/python3.9/site-packages/airflow/example_dags/subdags/subdag.py
[2025-08-08T20:16:19.287+0530] {processor.py:830} INFO - Processing file /Users/piyush.dixit/Desktop/airflow-env/lib/python3.9/site-packages/airflow/example_dags/subdags/subdag.py for tasks to queue
[2025-08-08T20:16:19.288+0530] {logging_mixin.py:188} INFO - [2025-08-08T20:16:19.287+0530] {dagbag.py:545} INFO - Filling up the DagBag from /Users/piyush.dixit/Desktop/airflow-env/lib/python3.9/site-packages/airflow/example_dags/subdags/subdag.py
[2025-08-08T20:16:19.291+0530] {processor.py:842} WARNING - No viable dags retrieved from /Users/piyush.dixit/Desktop/airflow-env/lib/python3.9/site-packages/airflow/example_dags/subdags/subdag.py
[2025-08-08T20:16:19.382+0530] {processor.py:183} INFO - Processing /Users/piyush.dixit/Desktop/airflow-env/lib/python3.9/site-packages/airflow/example_dags/subdags/subdag.py took 0.104 seconds
[2025-08-08T20:23:15.493+0530] {processor.py:161} INFO - Started process (PID=77732) to work on /Users/piyush.dixit/Desktop/airflow-env/lib/python3.9/site-packages/airflow/example_dags/subdags/subdag.py
[2025-08-08T20:23:15.499+0530] {processor.py:830} INFO - Processing file /Users/piyush.dixit/Desktop/airflow-env/lib/python3.9/site-packages/airflow/example_dags/subdags/subdag.py for tasks to queue
[2025-08-08T20:23:15.501+0530] {logging_mixin.py:188} INFO - [2025-08-08T20:23:15.500+0530] {dagbag.py:545} INFO - Filling up the DagBag from /Users/piyush.dixit/Desktop/airflow-env/lib/python3.9/site-packages/airflow/example_dags/subdags/subdag.py
[2025-08-08T20:23:15.504+0530] {processor.py:842} WARNING - No viable dags retrieved from /Users/piyush.dixit/Desktop/airflow-env/lib/python3.9/site-packages/airflow/example_dags/subdags/subdag.py
[2025-08-08T20:23:15.601+0530] {processor.py:183} INFO - Processing /Users/piyush.dixit/Desktop/airflow-env/lib/python3.9/site-packages/airflow/example_dags/subdags/subdag.py took 0.114 seconds
[2025-08-08T20:25:51.485+0530] {processor.py:161} INFO - Started process (PID=78229) to work on /Users/piyush.dixit/Desktop/airflow-env/lib/python3.9/site-packages/airflow/example_dags/subdags/subdag.py
[2025-08-08T20:25:51.489+0530] {processor.py:830} INFO - Processing file /Users/piyush.dixit/Desktop/airflow-env/lib/python3.9/site-packages/airflow/example_dags/subdags/subdag.py for tasks to queue
[2025-08-08T20:25:51.490+0530] {logging_mixin.py:188} INFO - [2025-08-08T20:25:51.490+0530] {dagbag.py:545} INFO - Filling up the DagBag from /Users/piyush.dixit/Desktop/airflow-env/lib/python3.9/site-packages/airflow/example_dags/subdags/subdag.py
[2025-08-08T20:25:51.494+0530] {processor.py:842} WARNING - No viable dags retrieved from /Users/piyush.dixit/Desktop/airflow-env/lib/python3.9/site-packages/airflow/example_dags/subdags/subdag.py
[2025-08-08T20:25:51.616+0530] {processor.py:183} INFO - Processing /Users/piyush.dixit/Desktop/airflow-env/lib/python3.9/site-packages/airflow/example_dags/subdags/subdag.py took 0.135 seconds
[2025-08-08T20:27:07.148+0530] {processor.py:161} INFO - Started process (PID=78269) to work on /Users/piyush.dixit/Desktop/airflow-env/lib/python3.9/site-packages/airflow/example_dags/subdags/subdag.py
[2025-08-08T20:27:07.153+0530] {processor.py:830} INFO - Processing file /Users/piyush.dixit/Desktop/airflow-env/lib/python3.9/site-packages/airflow/example_dags/subdags/subdag.py for tasks to queue
[2025-08-08T20:27:07.154+0530] {logging_mixin.py:188} INFO - [2025-08-08T20:27:07.153+0530] {dagbag.py:545} INFO - Filling up the DagBag from /Users/piyush.dixit/Desktop/airflow-env/lib/python3.9/site-packages/airflow/example_dags/subdags/subdag.py
[2025-08-08T20:27:07.157+0530] {processor.py:842} WARNING - No viable dags retrieved from /Users/piyush.dixit/Desktop/airflow-env/lib/python3.9/site-packages/airflow/example_dags/subdags/subdag.py
[2025-08-08T20:27:07.252+0530] {processor.py:183} INFO - Processing /Users/piyush.dixit/Desktop/airflow-env/lib/python3.9/site-packages/airflow/example_dags/subdags/subdag.py took 0.108 seconds
